[35m[Appium][39m Welcome to Appium v1.22.0
[35m[Appium][39m Non-default server args:
[35m[Appium][39m   port: 50730
[35m[Appium][39m   loglevel: info
[35m[Appium][39m   tmpDir: C:\Users\Dell\AppData\Local\Temp\\Katalon\Appium\Temp1677571771195
[35m[Appium][39m   chromedriverPort: 50731
[35m[Appium][39m Deprecated server args:
[35m[Appium][39m   [31m--chromedriver-port[39m => --default-capabilities
[35m[Appium][39m Default capabilities, which will be added to each request unless overridden by desired capabilities:
[35m[Appium][39m   chromedriverPort: 50731
[35m[Appium][39m Appium REST http interface listener started on 0.0.0.0:50730
[35m[HTTP][39m [37m-->[39m [37mGET[39m [37m/wd/hub/status[39m
[35m[HTTP][39m [90m{}[39m
[35m[HTTP][39m [37m<-- GET /wd/hub/status [39m[32m200[39m [90m14 ms - 68[39m
[35m[HTTP][39m [90m[39m
[35m[HTTP][39m [37m-->[39m [37mPOST[39m [37m/wd/hub/session[39m
[35m[HTTP][39m [90m{"desiredCapabilities":{"appActivity":".Settings","appPackage":"com.android.settings","newCommandTimeout":1800,"platformVersion":"12","automationName":"uiautomator2","autoGrantPermissions":true,"platformName":"Android","udid":"b76dcbe1","deviceName":"Xiaomi Redmi Note 9 Pro (Android 12)","platform":"ANDROID","systemPort":8221},"capabilities":{"firstMatch":[{"appium:appActivity":".Settings","appium:appPackage":"com.android.settings","appium:autoGrantPermissions":true,"appium:automationName":"uiautomator2","appium:deviceName":"Xiaomi Redmi Note 9 Pro (Android 12)","appium:newCommandTimeout":1800,"platform":"ANDROID","platformName":"android","appium:platformVersion":"12","appium:systemPort":8221,"appium:udid":"b76dcbe1"}]}}[39m
[35m[BaseDriver][39m The following capabilities are not standard capabilities and should have an extension prefix:
[35m[BaseDriver][39m   platform
[35m[BaseDriver][39m   chromedriverPort
[35m[Appium][39m Appium v1.22.0 creating new AndroidUiautomator2Driver (v1.69.0) session
[35m[BaseDriver][39m The following capabilities were provided, but are not recognized by Appium:
[35m[BaseDriver][39m   platform
[35m[BaseDriver][39m Session created with session id: 3acba941-2eda-42f4-9ed3-3369142b8124
[35m[UiAutomator2][39m Starting 'com.android.settings' directly on the device
[35m[ADB][39m Found 1 'build-tools' folders under 'C:\Users\Dell\AppData\Local\Android\Sdk' (newest first):
[35m[ADB][39m     C:/Users/Dell/AppData/Local/Android/Sdk/build-tools/31.0.0
[35m[ADB][39m Using 'adb.exe' from 'C:\Users\Dell\AppData\Local\Android\Sdk\platform-tools\adb.exe'
[35m[AndroidDriver][39m Retrieving device list
[35m[AndroidDriver][39m Using device: b76dcbe1
[35m[ADB][39m Using 'adb.exe' from 'C:\Users\Dell\AppData\Local\Android\Sdk\platform-tools\adb.exe'
[35m[ADB][39m Getting device platform version
[35m[UiAutomator2][39m Relaxing hidden api policy
[35m[AndroidDriver][39m No app sent in, not parsing package/activity
[35m[ADB][39m Using 'apksigner.jar' from 'C:\Users\Dell\AppData\Local\Android\Sdk\build-tools\31.0.0\lib\apksigner.jar'
[35m[ADB][39m 'C:\Users\Dell\AppData\Roaming\npm\node_modules\appium\node_modules\appium-uiautomator2-server\apks\appium-uiautomator2-server-v4.24.0.apk' is signed with the default certificate
[35m[ADB][39m 'C:\Users\Dell\AppData\Roaming\npm\node_modules\appium\node_modules\appium-uiautomator2-server\apks\appium-uiautomator2-server-debug-androidTest.apk' is signed with the default certificate
[35m[UiAutomator2][39m Server packages are not going to be (re)installed
[35m[ADB][39m Adding packages ["io.appium.settings","io.appium.uiautomator2.server","io.appium.uiautomator2.server.test"] to Doze whitelist
[35m[UiAutomator2][39m Starting UIAutomator2 server 4.24.0
[35m[UiAutomator2][39m Using UIAutomator2 server from 'C:\Users\Dell\AppData\Roaming\npm\node_modules\appium\node_modules\appium-uiautomator2-server\apks\appium-uiautomator2-server-v4.24.0.apk' and test from 'C:\Users\Dell\AppData\Roaming\npm\node_modules\appium\node_modules\appium-uiautomator2-server\apks\appium-uiautomator2-server-debug-androidTest.apk'
[35m[UiAutomator2][39m Waiting up to 30000ms for UiAutomator2 to be online...
[35m[WD Proxy][39m socket hang up
[35m[WD Proxy][39m socket hang up
[35m[WD Proxy][39m socket hang up
[35m[WD Proxy][39m socket hang up
[35m[WD Proxy][39m socket hang up
[35m[WD Proxy][39m socket hang up
[35m[WD Proxy][39m Determined the downstream protocol as 'W3C'
[35m[AndroidDriver][39m Screen already unlocked, doing nothing
[35m[UiAutomator2][39m Starting 'com.android.settings/.Settings and waiting for 'com.android.settings/.Settings'
[35m[Appium][39m New AndroidUiautomator2Driver session created successfully, session 3acba941-2eda-42f4-9ed3-3369142b8124 added to master session list
[35m[HTTP][39m [37m<-- POST /wd/hub/session [39m[32m200[39m [90m14713 ms - 1161[39m
[35m[HTTP][39m [90m[39m
[35m[HTTP][39m [37m-->[39m [37mGET[39m [37m/wd/hub/session/3acba941-2eda-42f4-9ed3-3369142b8124[39m
[35m[HTTP][39m [90m{}[39m
[35m[HTTP][39m [37m<-- GET /wd/hub/session/3acba941-2eda-42f4-9ed3-3369142b8124 [39m[32m200[39m [90m15 ms - 1115[39m
[35m[HTTP][39m [90m[39m
[35m[HTTP][39m [37m-->[39m [37mGET[39m [37m/wd/hub/session/3acba941-2eda-42f4-9ed3-3369142b8124[39m
[35m[HTTP][39m [90m{}[39m
[35m[HTTP][39m [37m<-- GET /wd/hub/session/3acba941-2eda-42f4-9ed3-3369142b8124 [39m[32m200[39m [90m12 ms - 1115[39m
[35m[HTTP][39m [90m[39m
[35m[HTTP][39m [37m-->[39m [37mGET[39m [37m/wd/hub/status[39m
[35m[HTTP][39m [90m{}[39m
[35m[HTTP][39m [37m<-- GET /wd/hub/status [39m[32m200[39m [90m1 ms - 68[39m
[35m[HTTP][39m [90m[39m
[35m[HTTP][39m [37m-->[39m [37mPOST[39m [37m/wd/hub/session/3acba941-2eda-42f4-9ed3-3369142b8124/timeouts[39m
[35m[HTTP][39m [90m{"implicit":30000}[39m
[35m[HTTP][39m [37m<-- POST /wd/hub/session/3acba941-2eda-42f4-9ed3-3369142b8124/timeouts [39m[32m200[39m [90m5 ms - 14[39m
[35m[HTTP][39m [90m[39m
[35m[HTTP][39m [37m-->[39m [37mGET[39m [37m/wd/hub/session/3acba941-2eda-42f4-9ed3-3369142b8124/screenshot[39m
[35m[HTTP][39m [90m{}[39m
[35m[HTTP][39m [37m<-- GET /wd/hub/session/3acba941-2eda-42f4-9ed3-3369142b8124/screenshot [39m[32m200[39m [90m626 ms - 187530[39m
[35m[HTTP][39m [90m[39m
[35m[HTTP][39m [37m-->[39m [37mGET[39m [37m/wd/hub/session/3acba941-2eda-42f4-9ed3-3369142b8124/window/rect[39m
[35m[HTTP][39m [90m{}[39m
[35m[HTTP][39m [37m<-- GET /wd/hub/session/3acba941-2eda-42f4-9ed3-3369142b8124/window/rect [39m[32m200[39m [90m19 ms - 50[39m
[35m[HTTP][39m [90m[39m
[35m[HTTP][39m [37m-->[39m [37mGET[39m [37m/wd/hub/session/3acba941-2eda-42f4-9ed3-3369142b8124/appium/device/system_bars[39m
[35m[HTTP][39m [90m{}[39m
[35m[HTTP][39m [37m<-- GET /wd/hub/session/3acba941-2eda-42f4-9ed3-3369142b8124/appium/device/system_bars [39m[32m200[39m [90m120 ms - 145[39m
[35m[HTTP][39m [90m[39m
[35m[HTTP][39m [37m-->[39m [37mPOST[39m [37m/wd/hub/session/3acba941-2eda-42f4-9ed3-3369142b8124/appium/device/activate_app[39m
[35m[HTTP][39m [90m{"bundleId":"com.cbt.ajmandigital"}[39m
[35m[HTTP][39m [37m<-- POST /wd/hub/session/3acba941-2eda-42f4-9ed3-3369142b8124/appium/device/activate_app [39m[32m200[39m [90m4081 ms - 14[39m
[35m[HTTP][39m [90m[39m
[35m[HTTP][39m [37m-->[39m [37mPOST[39m [37m/wd/hub/session/3acba941-2eda-42f4-9ed3-3369142b8124/timeouts[39m
[35m[HTTP][39m [90m{"implicit":50}[39m
[35m[HTTP][39m [37m<-- POST /wd/hub/session/3acba941-2eda-42f4-9ed3-3369142b8124/timeouts [39m[32m200[39m [90m3 ms - 14[39m
[35m[HTTP][39m [90m[39m
[35m[HTTP][39m [37m-->[39m [37mGET[39m [37m/wd/hub/session/3acba941-2eda-42f4-9ed3-3369142b8124/window/rect[39m
[35m[HTTP][39m [90m{}[39m
[35m[HTTP][39m [37m<-- GET /wd/hub/session/3acba941-2eda-42f4-9ed3-3369142b8124/window/rect [39m[32m200[39m [90m15 ms - 50[39m
[35m[HTTP][39m [90m[39m
[35m[HTTP][39m [37m-->[39m [37mPOST[39m [37m/wd/hub/session/3acba941-2eda-42f4-9ed3-3369142b8124/elements[39m
[35m[HTTP][39m [90m{"using":"accessibility id","value":"Forgot mPIN?"}[39m
[35m[HTTP][39m [37m<-- POST /wd/hub/session/3acba941-2eda-42f4-9ed3-3369142b8124/elements [39m[32m200[39m [90m427 ms - 139[39m
[35m[HTTP][39m [90m[39m
[35m[HTTP][39m [37m-->[39m [37mGET[39m [37m/wd/hub/session/3acba941-2eda-42f4-9ed3-3369142b8124/element/00000000-0000-1061-0000-034900000004/location[39m
[35m[HTTP][39m [90m{}[39m
[35m[W3C (3acba941)][39m Driver proxy active, passing request on via HTTP proxy
[35m[WD Proxy][39m Replacing sessionId cb8a2c3a-fdd2-4310-810b-484b5622a049 with 3acba941-2eda-42f4-9ed3-3369142b8124
[35m[HTTP][39m [37m<-- GET /wd/hub/session/3acba941-2eda-42f4-9ed3-3369142b8124/element/00000000-0000-1061-0000-034900000004/location [39m[32m200[39m [90m29 ms - 79[39m
[35m[HTTP][39m [90m[39m
[35m[HTTP][39m [37m-->[39m [37mPOST[39m [37m/wd/hub/session/3acba941-2eda-42f4-9ed3-3369142b8124/timeouts[39m
[35m[HTTP][39m [90m{"implicit":30000}[39m
[35m[HTTP][39m [37m<-- POST /wd/hub/session/3acba941-2eda-42f4-9ed3-3369142b8124/timeouts [39m[32m200[39m [90m1 ms - 14[39m
[35m[HTTP][39m [90m[39m
[35m[HTTP][39m [37m-->[39m [37mPOST[39m [37m/wd/hub/session/3acba941-2eda-42f4-9ed3-3369142b8124/appium/device/press_keycode[39m
[35m[HTTP][39m [90m{"keycode":8}[39m
[35m[HTTP][39m [37m<-- POST /wd/hub/session/3acba941-2eda-42f4-9ed3-3369142b8124/appium/device/press_keycode [39m[32m200[39m [90m166 ms - 14[39m
[35m[HTTP][39m [90m[39m
[35m[HTTP][39m [37m-->[39m [37mPOST[39m [37m/wd/hub/session/3acba941-2eda-42f4-9ed3-3369142b8124/appium/device/press_keycode[39m
[35m[HTTP][39m [90m{"keycode":7}[39m
[35m[HTTP][39m [37m<-- POST /wd/hub/session/3acba941-2eda-42f4-9ed3-3369142b8124/appium/device/press_keycode [39m[32m200[39m [90m1071 ms - 14[39m
[35m[HTTP][39m [90m[39m
[35m[HTTP][39m [37m-->[39m [37mPOST[39m [37m/wd/hub/session/3acba941-2eda-42f4-9ed3-3369142b8124/appium/device/press_keycode[39m
[35m[HTTP][39m [90m{"keycode":9}[39m
[35m[HTTP][39m [37m<-- POST /wd/hub/session/3acba941-2eda-42f4-9ed3-3369142b8124/appium/device/press_keycode [39m[32m200[39m [90m529 ms - 14[39m
[35m[HTTP][39m [90m[39m
[35m[HTTP][39m [37m-->[39m [37mPOST[39m [37m/wd/hub/session/3acba941-2eda-42f4-9ed3-3369142b8124/appium/device/press_keycode[39m
[35m[HTTP][39m [90m{"keycode":7}[39m
[35m[HTTP][39m [37m<-- POST /wd/hub/session/3acba941-2eda-42f4-9ed3-3369142b8124/appium/device/press_keycode [39m[32m200[39m [90m518 ms - 14[39m
[35m[HTTP][39m [90m[39m
[35m[HTTP][39m [37m-->[39m [37mPOST[39m [37m/wd/hub/session/3acba941-2eda-42f4-9ed3-3369142b8124/appium/device/press_keycode[39m
[35m[HTTP][39m [90m{"keycode":10}[39m
[35m[HTTP][39m [37m<-- POST /wd/hub/session/3acba941-2eda-42f4-9ed3-3369142b8124/appium/device/press_keycode [39m[32m200[39m [90m518 ms - 14[39m
[35m[HTTP][39m [90m[39m
[35m[HTTP][39m [37m-->[39m [37mPOST[39m [37m/wd/hub/session/3acba941-2eda-42f4-9ed3-3369142b8124/appium/device/press_keycode[39m
[35m[HTTP][39m [90m{"keycode":7}[39m
[35m[HTTP][39m [37m<-- POST /wd/hub/session/3acba941-2eda-42f4-9ed3-3369142b8124/appium/device/press_keycode [39m[32m200[39m [90m509 ms - 14[39m
[35m[HTTP][39m [90m[39m
[35m[HTTP][39m [37m-->[39m [37mPOST[39m [37m/wd/hub/session/3acba941-2eda-42f4-9ed3-3369142b8124/appium/device/press_keycode[39m
[35m[HTTP][39m [90m{"keycode":66}[39m
[35m[HTTP][39m [37m<-- POST /wd/hub/session/3acba941-2eda-42f4-9ed3-3369142b8124/appium/device/press_keycode [39m[32m200[39m [90m1503 ms - 14[39m
[35m[HTTP][39m [90m[39m
[35m[HTTP][39m [37m-->[39m [37mPOST[39m [37m/wd/hub/session/3acba941-2eda-42f4-9ed3-3369142b8124/timeouts[39m
[35m[HTTP][39m [90m{"implicit":50}[39m
[35m[HTTP][39m [37m<-- POST /wd/hub/session/3acba941-2eda-42f4-9ed3-3369142b8124/timeouts [39m[32m200[39m [90m3 ms - 14[39m
[35m[HTTP][39m [90m[39m
[35m[HTTP][39m [37m-->[39m [37mGET[39m [37m/wd/hub/session/3acba941-2eda-42f4-9ed3-3369142b8124/window/rect[39m
[35m[HTTP][39m [90m{}[39m
[35m[HTTP][39m [37m<-- GET /wd/hub/session/3acba941-2eda-42f4-9ed3-3369142b8124/window/rect [39m[32m200[39m [90m19 ms - 50[39m
[35m[HTTP][39m [90m[39m
[35m[HTTP][39m [37m-->[39m [37mPOST[39m [37m/wd/hub/session/3acba941-2eda-42f4-9ed3-3369142b8124/elements[39m
[35m[HTTP][39m [90m{"using":"xpath","value":"//android.view.View[contains(@content-desc, 'Available Balance')]"}[39m
[35m[HTTP][39m [37m<-- POST /wd/hub/session/3acba941-2eda-42f4-9ed3-3369142b8124/elements [39m[32m200[39m [90m91 ms - 12[39m
[35m[HTTP][39m [90m[39m
[35m[HTTP][39m [37m-->[39m [37mPOST[39m [37m/wd/hub/session/3acba941-2eda-42f4-9ed3-3369142b8124/elements[39m
[35m[HTTP][39m [90m{"using":"xpath","value":"//android.view.View[contains(@content-desc, 'Available Balance')]"}[39m
[35m[HTTP][39m [37m<-- POST /wd/hub/session/3acba941-2eda-42f4-9ed3-3369142b8124/elements [39m[32m200[39m [90m98 ms - 12[39m
[35m[HTTP][39m [90m[39m
[35m[HTTP][39m [37m-->[39m [37mPOST[39m [37m/wd/hub/session/3acba941-2eda-42f4-9ed3-3369142b8124/elements[39m
[35m[HTTP][39m [90m{"using":"xpath","value":"//android.view.View[contains(@content-desc, 'Available Balance')]"}[39m
[35m[HTTP][39m [37m<-- POST /wd/hub/session/3acba941-2eda-42f4-9ed3-3369142b8124/elements [39m[32m200[39m [90m113 ms - 12[39m
[35m[HTTP][39m [90m[39m
[35m[HTTP][39m [37m-->[39m [37mPOST[39m [37m/wd/hub/session/3acba941-2eda-42f4-9ed3-3369142b8124/elements[39m
[35m[HTTP][39m [90m{"using":"xpath","value":"//android.view.View[contains(@content-desc, 'Available Balance')]"}[39m
[35m[HTTP][39m [37m<-- POST /wd/hub/session/3acba941-2eda-42f4-9ed3-3369142b8124/elements [39m[32m200[39m [90m98 ms - 12[39m
[35m[HTTP][39m [90m[39m
[35m[HTTP][39m [37m-->[39m [37mPOST[39m [37m/wd/hub/session/3acba941-2eda-42f4-9ed3-3369142b8124/elements[39m
[35m[HTTP][39m [90m{"using":"xpath","value":"//android.view.View[contains(@content-desc, 'Available Balance')]"}[39m
[35m[HTTP][39m [37m<-- POST /wd/hub/session/3acba941-2eda-42f4-9ed3-3369142b8124/elements [39m[32m200[39m [90m122 ms - 12[39m
[35m[HTTP][39m [90m[39m
[35m[HTTP][39m [37m-->[39m [37mPOST[39m [37m/wd/hub/session/3acba941-2eda-42f4-9ed3-3369142b8124/elements[39m
[35m[HTTP][39m [90m{"using":"xpath","value":"//android.view.View[contains(@content-desc, 'Available Balance')]"}[39m
[35m[HTTP][39m [37m<-- POST /wd/hub/session/3acba941-2eda-42f4-9ed3-3369142b8124/elements [39m[32m200[39m [90m94 ms - 12[39m
[35m[HTTP][39m [90m[39m
[35m[HTTP][39m [37m-->[39m [37mPOST[39m [37m/wd/hub/session/3acba941-2eda-42f4-9ed3-3369142b8124/elements[39m
[35m[HTTP][39m [90m{"using":"xpath","value":"//android.view.View[contains(@content-desc, 'Available Balance')]"}[39m
[35m[HTTP][39m [37m<-- POST /wd/hub/session/3acba941-2eda-42f4-9ed3-3369142b8124/elements [39m[32m200[39m [90m588 ms - 12[39m
[35m[HTTP][39m [90m[39m
[35m[HTTP][39m [37m-->[39m [37mPOST[39m [37m/wd/hub/session/3acba941-2eda-42f4-9ed3-3369142b8124/elements[39m
[35m[HTTP][39m [90m{"using":"xpath","value":"//android.view.View[contains(@content-desc, 'Available Balance')]"}[39m
[35m[HTTP][39m [37m<-- POST /wd/hub/session/3acba941-2eda-42f4-9ed3-3369142b8124/elements [39m[32m200[39m [90m92 ms - 12[39m
[35m[HTTP][39m [90m[39m
[35m[HTTP][39m [37m-->[39m [37mPOST[39m [37m/wd/hub/session/3acba941-2eda-42f4-9ed3-3369142b8124/elements[39m
[35m[HTTP][39m [90m{"using":"xpath","value":"//android.view.View[contains(@content-desc, 'Available Balance')]"}[39m
[35m[HTTP][39m [37m<-- POST /wd/hub/session/3acba941-2eda-42f4-9ed3-3369142b8124/elements [39m[32m200[39m [90m110 ms - 12[39m
[35m[HTTP][39m [90m[39m
[35m[HTTP][39m [37m-->[39m [37mPOST[39m [37m/wd/hub/session/3acba941-2eda-42f4-9ed3-3369142b8124/elements[39m
[35m[HTTP][39m [90m{"using":"xpath","value":"//android.view.View[contains(@content-desc, 'Available Balance')]"}[39m
[35m[HTTP][39m [37m<-- POST /wd/hub/session/3acba941-2eda-42f4-9ed3-3369142b8124/elements [39m[32m200[39m [90m76 ms - 12[39m
[35m[HTTP][39m [90m[39m
[35m[HTTP][39m [37m-->[39m [37mPOST[39m [37m/wd/hub/session/3acba941-2eda-42f4-9ed3-3369142b8124/elements[39m
[35m[HTTP][39m [90m{"using":"xpath","value":"//android.view.View[contains(@content-desc, 'Available Balance')]"}[39m
[35m[HTTP][39m [37m<-- POST /wd/hub/session/3acba941-2eda-42f4-9ed3-3369142b8124/elements [39m[32m200[39m [90m95 ms - 12[39m
[35m[HTTP][39m [90m[39m
[35m[HTTP][39m [37m-->[39m [37mPOST[39m [37m/wd/hub/session/3acba941-2eda-42f4-9ed3-3369142b8124/elements[39m
[35m[HTTP][39m [90m{"using":"xpath","value":"//android.view.View[contains(@content-desc, 'Available Balance')]"}[39m
[35m[HTTP][39m [37m<-- POST /wd/hub/session/3acba941-2eda-42f4-9ed3-3369142b8124/elements [39m[32m200[39m [90m97 ms - 12[39m
[35m[HTTP][39m [90m[39m
[35m[HTTP][39m [37m-->[39m [37mPOST[39m [37m/wd/hub/session/3acba941-2eda-42f4-9ed3-3369142b8124/elements[39m
[35m[HTTP][39m [90m{"using":"xpath","value":"//android.view.View[contains(@content-desc, 'Available Balance')]"}[39m
[35m[HTTP][39m [37m<-- POST /wd/hub/session/3acba941-2eda-42f4-9ed3-3369142b8124/elements [39m[32m200[39m [90m112 ms - 12[39m
[35m[HTTP][39m [90m[39m
[35m[HTTP][39m [37m-->[39m [37mPOST[39m [37m/wd/hub/session/3acba941-2eda-42f4-9ed3-3369142b8124/elements[39m
[35m[HTTP][39m [90m{"using":"xpath","value":"//android.view.View[contains(@content-desc, 'Available Balance')]"}[39m
[35m[HTTP][39m [37m<-- POST /wd/hub/session/3acba941-2eda-42f4-9ed3-3369142b8124/elements [39m[32m200[39m [90m93 ms - 12[39m
[35m[HTTP][39m [90m[39m
[35m[HTTP][39m [37m-->[39m [37mPOST[39m [37m/wd/hub/session/3acba941-2eda-42f4-9ed3-3369142b8124/elements[39m
[35m[HTTP][39m [90m{"using":"xpath","value":"//android.view.View[contains(@content-desc, 'Available Balance')]"}[39m
[35m[HTTP][39m [37m<-- POST /wd/hub/session/3acba941-2eda-42f4-9ed3-3369142b8124/elements [39m[32m200[39m [90m109 ms - 12[39m
[35m[HTTP][39m [90m[39m
[35m[HTTP][39m [37m-->[39m [37mPOST[39m [37m/wd/hub/session/3acba941-2eda-42f4-9ed3-3369142b8124/elements[39m
[35m[HTTP][39m [90m{"using":"xpath","value":"//android.view.View[contains(@content-desc, 'Available Balance')]"}[39m
[35m[HTTP][39m [37m<-- POST /wd/hub/session/3acba941-2eda-42f4-9ed3-3369142b8124/elements [39m[32m200[39m [90m95 ms - 12[39m
[35m[HTTP][39m [90m[39m
[35m[HTTP][39m [37m-->[39m [37mPOST[39m [37m/wd/hub/session/3acba941-2eda-42f4-9ed3-3369142b8124/elements[39m
[35m[HTTP][39m [90m{"using":"xpath","value":"//android.view.View[contains(@content-desc, 'Available Balance')]"}[39m
[35m[HTTP][39m [37m<-- POST /wd/hub/session/3acba941-2eda-42f4-9ed3-3369142b8124/elements [39m[32m200[39m [90m95 ms - 12[39m
[35m[HTTP][39m [90m[39m
[35m[HTTP][39m [37m-->[39m [37mPOST[39m [37m/wd/hub/session/3acba941-2eda-42f4-9ed3-3369142b8124/elements[39m
[35m[HTTP][39m [90m{"using":"xpath","value":"//android.view.View[contains(@content-desc, 'Available Balance')]"}[39m
[35m[HTTP][39m [37m<-- POST /wd/hub/session/3acba941-2eda-42f4-9ed3-3369142b8124/elements [39m[32m200[39m [90m94 ms - 12[39m
[35m[HTTP][39m [90m[39m
[35m[HTTP][39m [37m-->[39m [37mPOST[39m [37m/wd/hub/session/3acba941-2eda-42f4-9ed3-3369142b8124/elements[39m
[35m[HTTP][39m [90m{"using":"xpath","value":"//android.view.View[contains(@content-desc, 'Available Balance')]"}[39m
[35m[HTTP][39m [37m<-- POST /wd/hub/session/3acba941-2eda-42f4-9ed3-3369142b8124/elements [39m[32m200[39m [90m666 ms - 267[39m
[35m[HTTP][39m [90m[39m
[35m[HTTP][39m [37m-->[39m [37mGET[39m [37m/wd/hub/session/3acba941-2eda-42f4-9ed3-3369142b8124/element/00000000-0000-1061-0000-038600000004/location[39m
[35m[HTTP][39m [90m{}[39m
[35m[W3C (3acba941)][39m Driver proxy active, passing request on via HTTP proxy
[35m[WD Proxy][39m Replacing sessionId cb8a2c3a-fdd2-4310-810b-484b5622a049 with 3acba941-2eda-42f4-9ed3-3369142b8124
[35m[HTTP][39m [37m<-- GET /wd/hub/session/3acba941-2eda-42f4-9ed3-3369142b8124/element/00000000-0000-1061-0000-038600000004/location [39m[32m200[39m [90m39 ms - 77[39m
[35m[HTTP][39m [90m[39m
[35m[HTTP][39m [37m-->[39m [37mPOST[39m [37m/wd/hub/session/3acba941-2eda-42f4-9ed3-3369142b8124/timeouts[39m
[35m[HTTP][39m [90m{"implicit":30000}[39m
[35m[HTTP][39m [37m<-- POST /wd/hub/session/3acba941-2eda-42f4-9ed3-3369142b8124/timeouts [39m[32m200[39m [90m2 ms - 14[39m
[35m[HTTP][39m [90m[39m
[35m[HTTP][39m [37m-->[39m [37mPOST[39m [37m/wd/hub/session/3acba941-2eda-42f4-9ed3-3369142b8124/timeouts[39m
[35m[HTTP][39m [90m{"implicit":50}[39m
[35m[HTTP][39m [37m<-- POST /wd/hub/session/3acba941-2eda-42f4-9ed3-3369142b8124/timeouts [39m[32m200[39m [90m2 ms - 14[39m
[35m[HTTP][39m [90m[39m
[35m[HTTP][39m [37m-->[39m [37mGET[39m [37m/wd/hub/session/3acba941-2eda-42f4-9ed3-3369142b8124/window/rect[39m
[35m[HTTP][39m [90m{}[39m
[35m[HTTP][39m [37m<-- GET /wd/hub/session/3acba941-2eda-42f4-9ed3-3369142b8124/window/rect [39m[32m200[39m [90m28 ms - 50[39m
[35m[HTTP][39m [90m[39m
[35m[HTTP][39m [37m-->[39m [37mPOST[39m [37m/wd/hub/session/3acba941-2eda-42f4-9ed3-3369142b8124/elements[39m
[35m[HTTP][39m [90m{"using":"accessibility id","value":"PAY\nTab 2 of 3"}[39m
[35m[HTTP][39m [37m<-- POST /wd/hub/session/3acba941-2eda-42f4-9ed3-3369142b8124/elements [39m[32m200[39m [90m54 ms - 139[39m
[35m[HTTP][39m [90m[39m
[35m[HTTP][39m [37m-->[39m [37mGET[39m [37m/wd/hub/session/3acba941-2eda-42f4-9ed3-3369142b8124/element/00000000-0000-1061-0000-037700000004/location[39m
[35m[HTTP][39m [90m{}[39m
[35m[W3C (3acba941)][39m Driver proxy active, passing request on via HTTP proxy
[35m[WD Proxy][39m Replacing sessionId cb8a2c3a-fdd2-4310-810b-484b5622a049 with 3acba941-2eda-42f4-9ed3-3369142b8124
[35m[HTTP][39m [37m<-- GET /wd/hub/session/3acba941-2eda-42f4-9ed3-3369142b8124/element/00000000-0000-1061-0000-037700000004/location [39m[32m200[39m [90m25 ms - 79[39m
[35m[HTTP][39m [90m[39m
[35m[HTTP][39m [37m-->[39m [37mPOST[39m [37m/wd/hub/session/3acba941-2eda-42f4-9ed3-3369142b8124/timeouts[39m
[35m[HTTP][39m [90m{"implicit":30000}[39m
[35m[HTTP][39m [37m<-- POST /wd/hub/session/3acba941-2eda-42f4-9ed3-3369142b8124/timeouts [39m[32m200[39m [90m1 ms - 14[39m
[35m[HTTP][39m [90m[39m
[35m[HTTP][39m [37m-->[39m [37mPOST[39m [37m/wd/hub/session/3acba941-2eda-42f4-9ed3-3369142b8124/element/00000000-0000-1061-0000-037700000004/click[39m
[35m[HTTP][39m [90m{"id":"00000000-0000-1061-0000-037700000004"}[39m
[35m[HTTP][39m [37m<-- POST /wd/hub/session/3acba941-2eda-42f4-9ed3-3369142b8124/element/00000000-0000-1061-0000-037700000004/click [39m[32m200[39m [90m671 ms - 14[39m
[35m[HTTP][39m [90m[39m
[35m[HTTP][39m [37m-->[39m [37mPOST[39m [37m/wd/hub/session/3acba941-2eda-42f4-9ed3-3369142b8124/timeouts[39m
[35m[HTTP][39m [90m{"implicit":50}[39m
[35m[HTTP][39m [37m<-- POST /wd/hub/session/3acba941-2eda-42f4-9ed3-3369142b8124/timeouts [39m[32m200[39m [90m2 ms - 14[39m
[35m[HTTP][39m [90m[39m
[35m[HTTP][39m [37m-->[39m [37mGET[39m [37m/wd/hub/session/3acba941-2eda-42f4-9ed3-3369142b8124/window/rect[39m
[35m[HTTP][39m [90m{}[39m
[35m[HTTP][39m [37m<-- GET /wd/hub/session/3acba941-2eda-42f4-9ed3-3369142b8124/window/rect [39m[32m200[39m [90m22 ms - 50[39m
[35m[HTTP][39m [90m[39m
[35m[HTTP][39m [37m-->[39m [37mPOST[39m [37m/wd/hub/session/3acba941-2eda-42f4-9ed3-3369142b8124/elements[39m
[35m[HTTP][39m [90m{"using":"accessibility id","value":"Bills"}[39m
[35m[HTTP][39m [37m<-- POST /wd/hub/session/3acba941-2eda-42f4-9ed3-3369142b8124/elements [39m[32m200[39m [90m92 ms - 12[39m
[35m[HTTP][39m [90m[39m
[35m[HTTP][39m [37m-->[39m [37mPOST[39m [37m/wd/hub/session/3acba941-2eda-42f4-9ed3-3369142b8124/elements[39m
[35m[HTTP][39m [90m{"using":"accessibility id","value":"Bills"}[39m
[35m[HTTP][39m [37m<-- POST /wd/hub/session/3acba941-2eda-42f4-9ed3-3369142b8124/elements [39m[32m200[39m [90m91 ms - 12[39m
[35m[HTTP][39m [90m[39m
[35m[HTTP][39m [37m-->[39m [37mPOST[39m [37m/wd/hub/session/3acba941-2eda-42f4-9ed3-3369142b8124/elements[39m
[35m[HTTP][39m [90m{"using":"accessibility id","value":"Bills"}[39m
[35m[HTTP][39m [37m<-- POST /wd/hub/session/3acba941-2eda-42f4-9ed3-3369142b8124/elements [39m[32m200[39m [90m82 ms - 12[39m
[35m[HTTP][39m [90m[39m
[35m[HTTP][39m [37m-->[39m [37mPOST[39m [37m/wd/hub/session/3acba941-2eda-42f4-9ed3-3369142b8124/elements[39m
[35m[HTTP][39m [90m{"using":"accessibility id","value":"Bills"}[39m
[35m[HTTP][39m [37m<-- POST /wd/hub/session/3acba941-2eda-42f4-9ed3-3369142b8124/elements [39m[32m200[39m [90m88 ms - 12[39m
[35m[HTTP][39m [90m[39m
[35m[HTTP][39m [37m-->[39m [37mPOST[39m [37m/wd/hub/session/3acba941-2eda-42f4-9ed3-3369142b8124/elements[39m
[35m[HTTP][39m [90m{"using":"accessibility id","value":"Bills"}[39m
[35m[HTTP][39m [37m<-- POST /wd/hub/session/3acba941-2eda-42f4-9ed3-3369142b8124/elements [39m[32m200[39m [90m94 ms - 12[39m
[35m[HTTP][39m [90m[39m
[35m[HTTP][39m [37m-->[39m [37mPOST[39m [37m/wd/hub/session/3acba941-2eda-42f4-9ed3-3369142b8124/elements[39m
[35m[HTTP][39m [90m{"using":"accessibility id","value":"Bills"}[39m
[35m[HTTP][39m [37m<-- POST /wd/hub/session/3acba941-2eda-42f4-9ed3-3369142b8124/elements [39m[32m200[39m [90m646 ms - 139[39m
[35m[HTTP][39m [90m[39m
[35m[HTTP][39m [37m-->[39m [37mGET[39m [37m/wd/hub/session/3acba941-2eda-42f4-9ed3-3369142b8124/element/00000000-0000-1061-0000-039b00000004/location[39m
[35m[HTTP][39m [90m{}[39m
[35m[W3C (3acba941)][39m Driver proxy active, passing request on via HTTP proxy
[35m[WD Proxy][39m Replacing sessionId cb8a2c3a-fdd2-4310-810b-484b5622a049 with 3acba941-2eda-42f4-9ed3-3369142b8124
[35m[HTTP][39m [37m<-- GET /wd/hub/session/3acba941-2eda-42f4-9ed3-3369142b8124/element/00000000-0000-1061-0000-039b00000004/location [39m[32m200[39m [90m654 ms - 78[39m
[35m[HTTP][39m [90m[39m
[35m[HTTP][39m [37m-->[39m [37mPOST[39m [37m/wd/hub/session/3acba941-2eda-42f4-9ed3-3369142b8124/timeouts[39m
[35m[HTTP][39m [90m{"implicit":30000}[39m
[35m[HTTP][39m [37m<-- POST /wd/hub/session/3acba941-2eda-42f4-9ed3-3369142b8124/timeouts [39m[32m200[39m [90m2 ms - 14[39m
[35m[HTTP][39m [90m[39m
[35m[HTTP][39m [37m-->[39m [37mPOST[39m [37m/wd/hub/session/3acba941-2eda-42f4-9ed3-3369142b8124/element/00000000-0000-1061-0000-039b00000004/click[39m
[35m[HTTP][39m [90m{"id":"00000000-0000-1061-0000-039b00000004"}[39m
[35m[HTTP][39m [37m<-- POST /wd/hub/session/3acba941-2eda-42f4-9ed3-3369142b8124/element/00000000-0000-1061-0000-039b00000004/click [39m[32m200[39m [90m638 ms - 14[39m
[35m[HTTP][39m [90m[39m
[35m[HTTP][39m [37m-->[39m [37mPOST[39m [37m/wd/hub/session/3acba941-2eda-42f4-9ed3-3369142b8124/timeouts[39m
[35m[HTTP][39m [90m{"implicit":50}[39m
[35m[HTTP][39m [37m<-- POST /wd/hub/session/3acba941-2eda-42f4-9ed3-3369142b8124/timeouts [39m[32m200[39m [90m2 ms - 14[39m
[35m[HTTP][39m [90m[39m
[35m[HTTP][39m [37m-->[39m [37mGET[39m [37m/wd/hub/session/3acba941-2eda-42f4-9ed3-3369142b8124/window/rect[39m
[35m[HTTP][39m [90m{}[39m
[35m[HTTP][39m [37m<-- GET /wd/hub/session/3acba941-2eda-42f4-9ed3-3369142b8124/window/rect [39m[32m200[39m [90m28 ms - 50[39m
[35m[HTTP][39m [90m[39m
[35m[HTTP][39m [37m-->[39m [37mPOST[39m [37m/wd/hub/session/3acba941-2eda-42f4-9ed3-3369142b8124/elements[39m
[35m[HTTP][39m [90m{"using":"accessibility id","value":"New Bill"}[39m
[35m[HTTP][39m [37m<-- POST /wd/hub/session/3acba941-2eda-42f4-9ed3-3369142b8124/elements [39m[32m200[39m [90m90 ms - 12[39m
[35m[HTTP][39m [90m[39m
[35m[HTTP][39m [37m-->[39m [37mPOST[39m [37m/wd/hub/session/3acba941-2eda-42f4-9ed3-3369142b8124/elements[39m
[35m[HTTP][39m [90m{"using":"accessibility id","value":"New Bill"}[39m
[35m[HTTP][39m [37m<-- POST /wd/hub/session/3acba941-2eda-42f4-9ed3-3369142b8124/elements [39m[32m200[39m [90m97 ms - 12[39m
[35m[HTTP][39m [90m[39m
[35m[HTTP][39m [37m-->[39m [37mPOST[39m [37m/wd/hub/session/3acba941-2eda-42f4-9ed3-3369142b8124/elements[39m
[35m[HTTP][39m [90m{"using":"accessibility id","value":"New Bill"}[39m
[35m[HTTP][39m [37m<-- POST /wd/hub/session/3acba941-2eda-42f4-9ed3-3369142b8124/elements [39m[32m200[39m [90m93 ms - 12[39m
[35m[HTTP][39m [90m[39m
[35m[HTTP][39m [37m-->[39m [37mPOST[39m [37m/wd/hub/session/3acba941-2eda-42f4-9ed3-3369142b8124/elements[39m
[35m[HTTP][39m [90m{"using":"accessibility id","value":"New Bill"}[39m
[35m[HTTP][39m [37m<-- POST /wd/hub/session/3acba941-2eda-42f4-9ed3-3369142b8124/elements [39m[32m200[39m [90m93 ms - 12[39m
[35m[HTTP][39m [90m[39m
[35m[HTTP][39m [37m-->[39m [37mPOST[39m [37m/wd/hub/session/3acba941-2eda-42f4-9ed3-3369142b8124/elements[39m
[35m[HTTP][39m [90m{"using":"accessibility id","value":"New Bill"}[39m
[35m[HTTP][39m [37m<-- POST /wd/hub/session/3acba941-2eda-42f4-9ed3-3369142b8124/elements [39m[32m200[39m [90m93 ms - 12[39m
[35m[HTTP][39m [90m[39m
[35m[HTTP][39m [37m-->[39m [37mPOST[39m [37m/wd/hub/session/3acba941-2eda-42f4-9ed3-3369142b8124/elements[39m
[35m[HTTP][39m [90m{"using":"accessibility id","value":"New Bill"}[39m
[35m[HTTP][39m [37m<-- POST /wd/hub/session/3acba941-2eda-42f4-9ed3-3369142b8124/elements [39m[32m200[39m [90m94 ms - 12[39m
[35m[HTTP][39m [90m[39m
[35m[HTTP][39m [37m-->[39m [37mPOST[39m [37m/wd/hub/session/3acba941-2eda-42f4-9ed3-3369142b8124/elements[39m
[35m[HTTP][39m [90m{"using":"accessibility id","value":"New Bill"}[39m
[35m[HTTP][39m [37m<-- POST /wd/hub/session/3acba941-2eda-42f4-9ed3-3369142b8124/elements [39m[32m200[39m [90m92 ms - 12[39m
[35m[HTTP][39m [90m[39m
[35m[HTTP][39m [37m-->[39m [37mPOST[39m [37m/wd/hub/session/3acba941-2eda-42f4-9ed3-3369142b8124/elements[39m
[35m[HTTP][39m [90m{"using":"accessibility id","value":"New Bill"}[39m
[35m[HTTP][39m [37m<-- POST /wd/hub/session/3acba941-2eda-42f4-9ed3-3369142b8124/elements [39m[32m200[39m [90m86 ms - 12[39m
[35m[HTTP][39m [90m[39m
[35m[HTTP][39m [37m-->[39m [37mPOST[39m [37m/wd/hub/session/3acba941-2eda-42f4-9ed3-3369142b8124/elements[39m
[35m[HTTP][39m [90m{"using":"accessibility id","value":"New Bill"}[39m
[35m[HTTP][39m [37m<-- POST /wd/hub/session/3acba941-2eda-42f4-9ed3-3369142b8124/elements [39m[32m200[39m [90m90 ms - 12[39m
[35m[HTTP][39m [90m[39m
[35m[HTTP][39m [37m-->[39m [37mPOST[39m [37m/wd/hub/session/3acba941-2eda-42f4-9ed3-3369142b8124/elements[39m
[35m[HTTP][39m [90m{"using":"accessibility id","value":"New Bill"}[39m
[35m[HTTP][39m [37m<-- POST /wd/hub/session/3acba941-2eda-42f4-9ed3-3369142b8124/elements [39m[32m200[39m [90m85 ms - 12[39m
[35m[HTTP][39m [90m[39m
[35m[HTTP][39m [37m-->[39m [37mPOST[39m [37m/wd/hub/session/3acba941-2eda-42f4-9ed3-3369142b8124/elements[39m
[35m[HTTP][39m [90m{"using":"accessibility id","value":"New Bill"}[39m
[35m[HTTP][39m [37m<-- POST /wd/hub/session/3acba941-2eda-42f4-9ed3-3369142b8124/elements [39m[32m200[39m [90m89 ms - 12[39m
[35m[HTTP][39m [90m[39m
[35m[HTTP][39m [37m-->[39m [37mPOST[39m [37m/wd/hub/session/3acba941-2eda-42f4-9ed3-3369142b8124/elements[39m
[35m[HTTP][39m [90m{"using":"accessibility id","value":"New Bill"}[39m
[35m[HTTP][39m [37m<-- POST /wd/hub/session/3acba941-2eda-42f4-9ed3-3369142b8124/elements [39m[32m200[39m [90m90 ms - 12[39m
[35m[HTTP][39m [90m[39m
[35m[HTTP][39m [37m-->[39m [37mPOST[39m [37m/wd/hub/session/3acba941-2eda-42f4-9ed3-3369142b8124/elements[39m
[35m[HTTP][39m [90m{"using":"accessibility id","value":"New Bill"}[39m
[35m[HTTP][39m [37m<-- POST /wd/hub/session/3acba941-2eda-42f4-9ed3-3369142b8124/elements [39m[32m200[39m [90m95 ms - 12[39m
[35m[HTTP][39m [90m[39m
[35m[HTTP][39m [37m-->[39m [37mPOST[39m [37m/wd/hub/session/3acba941-2eda-42f4-9ed3-3369142b8124/elements[39m
[35m[HTTP][39m [90m{"using":"accessibility id","value":"New Bill"}[39m
[35m[HTTP][39m [37m<-- POST /wd/hub/session/3acba941-2eda-42f4-9ed3-3369142b8124/elements [39m[32m200[39m [90m94 ms - 12[39m
[35m[HTTP][39m [90m[39m
[35m[HTTP][39m [37m-->[39m [37mPOST[39m [37m/wd/hub/session/3acba941-2eda-42f4-9ed3-3369142b8124/elements[39m
[35m[HTTP][39m [90m{"using":"accessibility id","value":"New Bill"}[39m
[35m[HTTP][39m [37m<-- POST /wd/hub/session/3acba941-2eda-42f4-9ed3-3369142b8124/elements [39m[32m200[39m [90m88 ms - 12[39m
[35m[HTTP][39m [90m[39m
[35m[HTTP][39m [37m-->[39m [37mPOST[39m [37m/wd/hub/session/3acba941-2eda-42f4-9ed3-3369142b8124/elements[39m
[35m[HTTP][39m [90m{"using":"accessibility id","value":"New Bill"}[39m
[35m[HTTP][39m [37m<-- POST /wd/hub/session/3acba941-2eda-42f4-9ed3-3369142b8124/elements [39m[32m200[39m [90m93 ms - 12[39m
[35m[HTTP][39m [90m[39m
[35m[HTTP][39m [37m-->[39m [37mPOST[39m [37m/wd/hub/session/3acba941-2eda-42f4-9ed3-3369142b8124/elements[39m
[35m[HTTP][39m [90m{"using":"accessibility id","value":"New Bill"}[39m
[35m[HTTP][39m [37m<-- POST /wd/hub/session/3acba941-2eda-42f4-9ed3-3369142b8124/elements [39m[32m200[39m [90m96 ms - 12[39m
[35m[HTTP][39m [90m[39m
[35m[HTTP][39m [37m-->[39m [37mPOST[39m [37m/wd/hub/session/3acba941-2eda-42f4-9ed3-3369142b8124/elements[39m
[35m[HTTP][39m [90m{"using":"accessibility id","value":"New Bill"}[39m
[35m[HTTP][39m [37m<-- POST /wd/hub/session/3acba941-2eda-42f4-9ed3-3369142b8124/elements [39m[32m200[39m [90m95 ms - 12[39m
[35m[HTTP][39m [90m[39m
[35m[HTTP][39m [37m-->[39m [37mPOST[39m [37m/wd/hub/session/3acba941-2eda-42f4-9ed3-3369142b8124/elements[39m
[35m[HTTP][39m [90m{"using":"accessibility id","value":"New Bill"}[39m
[35m[HTTP][39m [37m<-- POST /wd/hub/session/3acba941-2eda-42f4-9ed3-3369142b8124/elements [39m[32m200[39m [90m89 ms - 12[39m
[35m[HTTP][39m [90m[39m
[35m[HTTP][39m [37m-->[39m [37mPOST[39m [37m/wd/hub/session/3acba941-2eda-42f4-9ed3-3369142b8124/elements[39m
[35m[HTTP][39m [90m{"using":"accessibility id","value":"New Bill"}[39m
[35m[HTTP][39m [37m<-- POST /wd/hub/session/3acba941-2eda-42f4-9ed3-3369142b8124/elements [39m[32m200[39m [90m81 ms - 12[39m
[35m[HTTP][39m [90m[39m
[35m[HTTP][39m [37m-->[39m [37mPOST[39m [37m/wd/hub/session/3acba941-2eda-42f4-9ed3-3369142b8124/elements[39m
[35m[HTTP][39m [90m{"using":"accessibility id","value":"New Bill"}[39m
[35m[HTTP][39m [37m<-- POST /wd/hub/session/3acba941-2eda-42f4-9ed3-3369142b8124/elements [39m[32m200[39m [90m76 ms - 12[39m
[35m[HTTP][39m [90m[39m
[35m[HTTP][39m [37m-->[39m [37mPOST[39m [37m/wd/hub/session/3acba941-2eda-42f4-9ed3-3369142b8124/elements[39m
[35m[HTTP][39m [90m{"using":"accessibility id","value":"New Bill"}[39m
[35m[HTTP][39m [37m<-- POST /wd/hub/session/3acba941-2eda-42f4-9ed3-3369142b8124/elements [39m[32m200[39m [90m91 ms - 12[39m
[35m[HTTP][39m [90m[39m
[35m[HTTP][39m [37m-->[39m [37mPOST[39m [37m/wd/hub/session/3acba941-2eda-42f4-9ed3-3369142b8124/elements[39m
[35m[HTTP][39m [90m{"using":"accessibility id","value":"New Bill"}[39m
[35m[HTTP][39m [37m<-- POST /wd/hub/session/3acba941-2eda-42f4-9ed3-3369142b8124/elements [39m[32m200[39m [90m169 ms - 12[39m
[35m[HTTP][39m [90m[39m
[35m[HTTP][39m [37m-->[39m [37mPOST[39m [37m/wd/hub/session/3acba941-2eda-42f4-9ed3-3369142b8124/elements[39m
[35m[HTTP][39m [90m{"using":"accessibility id","value":"New Bill"}[39m
[35m[HTTP][39m [37m<-- POST /wd/hub/session/3acba941-2eda-42f4-9ed3-3369142b8124/elements [39m[32m200[39m [90m947 ms - 12[39m
[35m[HTTP][39m [90m[39m
[35m[HTTP][39m [37m-->[39m [37mPOST[39m [37m/wd/hub/session/3acba941-2eda-42f4-9ed3-3369142b8124/elements[39m
[35m[HTTP][39m [90m{"using":"accessibility id","value":"New Bill"}[39m
[35m[HTTP][39m [37m<-- POST /wd/hub/session/3acba941-2eda-42f4-9ed3-3369142b8124/elements [39m[32m200[39m [90m106 ms - 12[39m
[35m[HTTP][39m [90m[39m
[35m[HTTP][39m [37m-->[39m [37mPOST[39m [37m/wd/hub/session/3acba941-2eda-42f4-9ed3-3369142b8124/elements[39m
[35m[HTTP][39m [90m{"using":"accessibility id","value":"New Bill"}[39m
[35m[HTTP][39m [37m<-- POST /wd/hub/session/3acba941-2eda-42f4-9ed3-3369142b8124/elements [39m[32m200[39m [90m109 ms - 12[39m
[35m[HTTP][39m [90m[39m
[35m[HTTP][39m [37m-->[39m [37mPOST[39m [37m/wd/hub/session/3acba941-2eda-42f4-9ed3-3369142b8124/elements[39m
[35m[HTTP][39m [90m{"using":"accessibility id","value":"New Bill"}[39m
[35m[HTTP][39m [37m<-- POST /wd/hub/session/3acba941-2eda-42f4-9ed3-3369142b8124/elements [39m[32m200[39m [90m103 ms - 12[39m
[35m[HTTP][39m [90m[39m
[35m[HTTP][39m [37m-->[39m [37mPOST[39m [37m/wd/hub/session/3acba941-2eda-42f4-9ed3-3369142b8124/elements[39m
[35m[HTTP][39m [90m{"using":"accessibility id","value":"New Bill"}[39m
[35m[HTTP][39m [37m<-- POST /wd/hub/session/3acba941-2eda-42f4-9ed3-3369142b8124/elements [39m[32m200[39m [90m94 ms - 12[39m
[35m[HTTP][39m [90m[39m
[35m[HTTP][39m [37m-->[39m [37mPOST[39m [37m/wd/hub/session/3acba941-2eda-42f4-9ed3-3369142b8124/elements[39m
[35m[HTTP][39m [90m{"using":"accessibility id","value":"New Bill"}[39m
[35m[HTTP][39m [37m<-- POST /wd/hub/session/3acba941-2eda-42f4-9ed3-3369142b8124/elements [39m[32m200[39m [90m101 ms - 12[39m
[35m[HTTP][39m [90m[39m
[35m[HTTP][39m [37m-->[39m [37mPOST[39m [37m/wd/hub/session/3acba941-2eda-42f4-9ed3-3369142b8124/elements[39m
[35m[HTTP][39m [90m{"using":"accessibility id","value":"New Bill"}[39m
[35m[HTTP][39m [37m<-- POST /wd/hub/session/3acba941-2eda-42f4-9ed3-3369142b8124/elements [39m[32m200[39m [90m109 ms - 12[39m
[35m[HTTP][39m [90m[39m
[35m[HTTP][39m [37m-->[39m [37mPOST[39m [37m/wd/hub/session/3acba941-2eda-42f4-9ed3-3369142b8124/elements[39m
[35m[HTTP][39m [90m{"using":"accessibility id","value":"New Bill"}[39m
[35m[HTTP][39m [37m<-- POST /wd/hub/session/3acba941-2eda-42f4-9ed3-3369142b8124/elements [39m[32m200[39m [90m110 ms - 12[39m
[35m[HTTP][39m [90m[39m
[35m[HTTP][39m [37m-->[39m [37mPOST[39m [37m/wd/hub/session/3acba941-2eda-42f4-9ed3-3369142b8124/elements[39m
[35m[HTTP][39m [90m{"using":"accessibility id","value":"New Bill"}[39m
[35m[HTTP][39m [37m<-- POST /wd/hub/session/3acba941-2eda-42f4-9ed3-3369142b8124/elements [39m[32m200[39m [90m105 ms - 12[39m
[35m[HTTP][39m [90m[39m
[35m[HTTP][39m [37m-->[39m [37mPOST[39m [37m/wd/hub/session/3acba941-2eda-42f4-9ed3-3369142b8124/elements[39m
[35m[HTTP][39m [90m{"using":"accessibility id","value":"New Bill"}[39m
[35m[HTTP][39m [37m<-- POST /wd/hub/session/3acba941-2eda-42f4-9ed3-3369142b8124/elements [39m[32m200[39m [90m107 ms - 12[39m
[35m[HTTP][39m [90m[39m
[35m[HTTP][39m [37m-->[39m [37mPOST[39m [37m/wd/hub/session/3acba941-2eda-42f4-9ed3-3369142b8124/elements[39m
[35m[HTTP][39m [90m{"using":"accessibility id","value":"New Bill"}[39m
[35m[HTTP][39m [37m<-- POST /wd/hub/session/3acba941-2eda-42f4-9ed3-3369142b8124/elements [39m[32m200[39m [90m104 ms - 12[39m
[35m[HTTP][39m [90m[39m
[35m[HTTP][39m [37m-->[39m [37mPOST[39m [37m/wd/hub/session/3acba941-2eda-42f4-9ed3-3369142b8124/elements[39m
[35m[HTTP][39m [90m{"using":"accessibility id","value":"New Bill"}[39m
[35m[HTTP][39m [37m<-- POST /wd/hub/session/3acba941-2eda-42f4-9ed3-3369142b8124/elements [39m[32m200[39m [90m102 ms - 12[39m
[35m[HTTP][39m [90m[39m
[35m[HTTP][39m [37m-->[39m [37mPOST[39m [37m/wd/hub/session/3acba941-2eda-42f4-9ed3-3369142b8124/elements[39m
[35m[HTTP][39m [90m{"using":"accessibility id","value":"New Bill"}[39m
[35m[HTTP][39m [37m<-- POST /wd/hub/session/3acba941-2eda-42f4-9ed3-3369142b8124/elements [39m[32m200[39m [90m114 ms - 12[39m
[35m[HTTP][39m [90m[39m
[35m[HTTP][39m [37m-->[39m [37mPOST[39m [37m/wd/hub/session/3acba941-2eda-42f4-9ed3-3369142b8124/elements[39m
[35m[HTTP][39m [90m{"using":"accessibility id","value":"New Bill"}[39m
[35m[HTTP][39m [37m<-- POST /wd/hub/session/3acba941-2eda-42f4-9ed3-3369142b8124/elements [39m[32m200[39m [90m106 ms - 12[39m
[35m[HTTP][39m [90m[39m
[35m[HTTP][39m [37m-->[39m [37mPOST[39m [37m/wd/hub/session/3acba941-2eda-42f4-9ed3-3369142b8124/elements[39m
[35m[HTTP][39m [90m{"using":"accessibility id","value":"New Bill"}[39m
[35m[HTTP][39m [37m<-- POST /wd/hub/session/3acba941-2eda-42f4-9ed3-3369142b8124/elements [39m[32m200[39m [90m106 ms - 12[39m
[35m[HTTP][39m [90m[39m
[35m[HTTP][39m [37m-->[39m [37mPOST[39m [37m/wd/hub/session/3acba941-2eda-42f4-9ed3-3369142b8124/elements[39m
[35m[HTTP][39m [90m{"using":"accessibility id","value":"New Bill"}[39m
[35m[HTTP][39m [37m<-- POST /wd/hub/session/3acba941-2eda-42f4-9ed3-3369142b8124/elements [39m[32m200[39m [90m86 ms - 12[39m
[35m[HTTP][39m [90m[39m
[35m[HTTP][39m [37m-->[39m [37mPOST[39m [37m/wd/hub/session/3acba941-2eda-42f4-9ed3-3369142b8124/elements[39m
[35m[HTTP][39m [90m{"using":"accessibility id","value":"New Bill"}[39m
[35m[HTTP][39m [37m<-- POST /wd/hub/session/3acba941-2eda-42f4-9ed3-3369142b8124/elements [39m[32m200[39m [90m114 ms - 12[39m
[35m[HTTP][39m [90m[39m
[35m[HTTP][39m [37m-->[39m [37mPOST[39m [37m/wd/hub/session/3acba941-2eda-42f4-9ed3-3369142b8124/elements[39m
[35m[HTTP][39m [90m{"using":"accessibility id","value":"New Bill"}[39m
[35m[HTTP][39m [37m<-- POST /wd/hub/session/3acba941-2eda-42f4-9ed3-3369142b8124/elements [39m[32m200[39m [90m55 ms - 12[39m
[35m[HTTP][39m [90m[39m
[35m[HTTP][39m [37m-->[39m [37mPOST[39m [37m/wd/hub/session/3acba941-2eda-42f4-9ed3-3369142b8124/elements[39m
[35m[HTTP][39m [90m{"using":"accessibility id","value":"New Bill"}[39m
[35m[HTTP][39m [37m<-- POST /wd/hub/session/3acba941-2eda-42f4-9ed3-3369142b8124/elements [39m[32m200[39m [90m112 ms - 12[39m
[35m[HTTP][39m [90m[39m
[35m[HTTP][39m [37m-->[39m [37mPOST[39m [37m/wd/hub/session/3acba941-2eda-42f4-9ed3-3369142b8124/elements[39m
[35m[HTTP][39m [90m{"using":"accessibility id","value":"New Bill"}[39m
[35m[HTTP][39m [37m<-- POST /wd/hub/session/3acba941-2eda-42f4-9ed3-3369142b8124/elements [39m[32m200[39m [90m95 ms - 12[39m
[35m[HTTP][39m [90m[39m
[35m[HTTP][39m [37m-->[39m [37mPOST[39m [37m/wd/hub/session/3acba941-2eda-42f4-9ed3-3369142b8124/elements[39m
[35m[HTTP][39m [90m{"using":"accessibility id","value":"New Bill"}[39m
[35m[HTTP][39m [37m<-- POST /wd/hub/session/3acba941-2eda-42f4-9ed3-3369142b8124/elements [39m[32m200[39m [90m101 ms - 12[39m
[35m[HTTP][39m [90m[39m
[35m[HTTP][39m [37m-->[39m [37mPOST[39m [37m/wd/hub/session/3acba941-2eda-42f4-9ed3-3369142b8124/elements[39m
[35m[HTTP][39m [90m{"using":"accessibility id","value":"New Bill"}[39m
[35m[HTTP][39m [37m<-- POST /wd/hub/session/3acba941-2eda-42f4-9ed3-3369142b8124/elements [39m[32m200[39m [90m104 ms - 12[39m
[35m[HTTP][39m [90m[39m
[35m[HTTP][39m [37m-->[39m [37mPOST[39m [37m/wd/hub/session/3acba941-2eda-42f4-9ed3-3369142b8124/elements[39m
[35m[HTTP][39m [90m{"using":"accessibility id","value":"New Bill"}[39m
[35m[HTTP][39m [37m<-- POST /wd/hub/session/3acba941-2eda-42f4-9ed3-3369142b8124/elements [39m[32m200[39m [90m106 ms - 12[39m
[35m[HTTP][39m [90m[39m
[35m[HTTP][39m [37m-->[39m [37mPOST[39m [37m/wd/hub/session/3acba941-2eda-42f4-9ed3-3369142b8124/elements[39m
[35m[HTTP][39m [90m{"using":"accessibility id","value":"New Bill"}[39m
[35m[HTTP][39m [37m<-- POST /wd/hub/session/3acba941-2eda-42f4-9ed3-3369142b8124/elements [39m[32m200[39m [90m95 ms - 12[39m
[35m[HTTP][39m [90m[39m
[35m[HTTP][39m [37m-->[39m [37mPOST[39m [37m/wd/hub/session/3acba941-2eda-42f4-9ed3-3369142b8124/elements[39m
[35m[HTTP][39m [90m{"using":"accessibility id","value":"New Bill"}[39m
[35m[HTTP][39m [37m<-- POST /wd/hub/session/3acba941-2eda-42f4-9ed3-3369142b8124/elements [39m[32m200[39m [90m107 ms - 12[39m
[35m[HTTP][39m [90m[39m
[35m[HTTP][39m [37m-->[39m [37mPOST[39m [37m/wd/hub/session/3acba941-2eda-42f4-9ed3-3369142b8124/elements[39m
[35m[HTTP][39m [90m{"using":"accessibility id","value":"New Bill"}[39m
[35m[HTTP][39m [37m<-- POST /wd/hub/session/3acba941-2eda-42f4-9ed3-3369142b8124/elements [39m[32m200[39m [90m105 ms - 12[39m
[35m[HTTP][39m [90m[39m
[35m[HTTP][39m [37m-->[39m [37mPOST[39m [37m/wd/hub/session/3acba941-2eda-42f4-9ed3-3369142b8124/elements[39m
[35m[HTTP][39m [90m{"using":"accessibility id","value":"New Bill"}[39m
[35m[HTTP][39m [37m<-- POST /wd/hub/session/3acba941-2eda-42f4-9ed3-3369142b8124/elements [39m[32m200[39m [90m105 ms - 12[39m
[35m[HTTP][39m [90m[39m
[35m[HTTP][39m [37m-->[39m [37mPOST[39m [37m/wd/hub/session/3acba941-2eda-42f4-9ed3-3369142b8124/elements[39m
[35m[HTTP][39m [90m{"using":"accessibility id","value":"New Bill"}[39m
[35m[HTTP][39m [37m<-- POST /wd/hub/session/3acba941-2eda-42f4-9ed3-3369142b8124/elements [39m[32m200[39m [90m104 ms - 12[39m
[35m[HTTP][39m [90m[39m
[35m[HTTP][39m [37m-->[39m [37mPOST[39m [37m/wd/hub/session/3acba941-2eda-42f4-9ed3-3369142b8124/elements[39m
[35m[HTTP][39m [90m{"using":"accessibility id","value":"New Bill"}[39m
[35m[HTTP][39m [37m<-- POST /wd/hub/session/3acba941-2eda-42f4-9ed3-3369142b8124/elements [39m[32m200[39m [90m110 ms - 12[39m
[35m[HTTP][39m [90m[39m
[35m[HTTP][39m [37m-->[39m [37mPOST[39m [37m/wd/hub/session/3acba941-2eda-42f4-9ed3-3369142b8124/elements[39m
[35m[HTTP][39m [90m{"using":"accessibility id","value":"New Bill"}[39m
[35m[HTTP][39m [37m<-- POST /wd/hub/session/3acba941-2eda-42f4-9ed3-3369142b8124/elements [39m[32m200[39m [90m109 ms - 12[39m
[35m[HTTP][39m [90m[39m
[35m[HTTP][39m [37m-->[39m [37mPOST[39m [37m/wd/hub/session/3acba941-2eda-42f4-9ed3-3369142b8124/elements[39m
[35m[HTTP][39m [90m{"using":"accessibility id","value":"New Bill"}[39m
[35m[HTTP][39m [37m<-- POST /wd/hub/session/3acba941-2eda-42f4-9ed3-3369142b8124/elements [39m[32m200[39m [90m88 ms - 12[39m
[35m[HTTP][39m [90m[39m
[35m[HTTP][39m [37m-->[39m [37mPOST[39m [37m/wd/hub/session/3acba941-2eda-42f4-9ed3-3369142b8124/elements[39m
[35m[HTTP][39m [90m{"using":"accessibility id","value":"New Bill"}[39m
[35m[HTTP][39m [37m<-- POST /wd/hub/session/3acba941-2eda-42f4-9ed3-3369142b8124/elements [39m[32m200[39m [90m103 ms - 12[39m
[35m[HTTP][39m [90m[39m
[35m[HTTP][39m [37m-->[39m [37mPOST[39m [37m/wd/hub/session/3acba941-2eda-42f4-9ed3-3369142b8124/elements[39m
[35m[HTTP][39m [90m{"using":"accessibility id","value":"New Bill"}[39m
[35m[HTTP][39m [37m<-- POST /wd/hub/session/3acba941-2eda-42f4-9ed3-3369142b8124/elements [39m[32m200[39m [90m113 ms - 12[39m
[35m[HTTP][39m [90m[39m
[35m[HTTP][39m [37m-->[39m [37mPOST[39m [37m/wd/hub/session/3acba941-2eda-42f4-9ed3-3369142b8124/elements[39m
[35m[HTTP][39m [90m{"using":"accessibility id","value":"New Bill"}[39m
[35m[HTTP][39m [37m<-- POST /wd/hub/session/3acba941-2eda-42f4-9ed3-3369142b8124/elements [39m[32m200[39m [90m103 ms - 12[39m
[35m[HTTP][39m [90m[39m
[35m[HTTP][39m [37m-->[39m [37mPOST[39m [37m/wd/hub/session/3acba941-2eda-42f4-9ed3-3369142b8124/elements[39m
[35m[HTTP][39m [90m{"using":"accessibility id","value":"New Bill"}[39m
[35m[HTTP][39m [37m<-- POST /wd/hub/session/3acba941-2eda-42f4-9ed3-3369142b8124/elements [39m[32m200[39m [90m98 ms - 12[39m
[35m[HTTP][39m [90m[39m
[35m[HTTP][39m [37m-->[39m [37mPOST[39m [37m/wd/hub/session/3acba941-2eda-42f4-9ed3-3369142b8124/elements[39m
[35m[HTTP][39m [90m{"using":"accessibility id","value":"New Bill"}[39m
[35m[HTTP][39m [37m<-- POST /wd/hub/session/3acba941-2eda-42f4-9ed3-3369142b8124/elements [39m[32m200[39m [90m100 ms - 12[39m
[35m[HTTP][39m [90m[39m
[35m[HTTP][39m [37m-->[39m [37mPOST[39m [37m/wd/hub/session/3acba941-2eda-42f4-9ed3-3369142b8124/elements[39m
[35m[HTTP][39m [90m{"using":"accessibility id","value":"New Bill"}[39m
[35m[HTTP][39m [37m<-- POST /wd/hub/session/3acba941-2eda-42f4-9ed3-3369142b8124/elements [39m[32m200[39m [90m111 ms - 12[39m
[35m[HTTP][39m [90m[39m
[35m[HTTP][39m [37m-->[39m [37mPOST[39m [37m/wd/hub/session/3acba941-2eda-42f4-9ed3-3369142b8124/elements[39m
[35m[HTTP][39m [90m{"using":"accessibility id","value":"New Bill"}[39m
[35m[HTTP][39m [37m<-- POST /wd/hub/session/3acba941-2eda-42f4-9ed3-3369142b8124/elements [39m[32m200[39m [90m103 ms - 12[39m
[35m[HTTP][39m [90m[39m
[35m[HTTP][39m [37m-->[39m [37mPOST[39m [37m/wd/hub/session/3acba941-2eda-42f4-9ed3-3369142b8124/elements[39m
[35m[HTTP][39m [90m{"using":"accessibility id","value":"New Bill"}[39m
[35m[HTTP][39m [37m<-- POST /wd/hub/session/3acba941-2eda-42f4-9ed3-3369142b8124/elements [39m[32m200[39m [90m112 ms - 12[39m
[35m[HTTP][39m [90m[39m
[35m[HTTP][39m [37m-->[39m [37mPOST[39m [37m/wd/hub/session/3acba941-2eda-42f4-9ed3-3369142b8124/elements[39m
[35m[HTTP][39m [90m{"using":"accessibility id","value":"New Bill"}[39m
[35m[HTTP][39m [37m<-- POST /wd/hub/session/3acba941-2eda-42f4-9ed3-3369142b8124/elements [39m[32m200[39m [90m93 ms - 12[39m
[35m[HTTP][39m [90m[39m
[35m[HTTP][39m [37m-->[39m [37mPOST[39m [37m/wd/hub/session/3acba941-2eda-42f4-9ed3-3369142b8124/elements[39m
[35m[HTTP][39m [90m{"using":"accessibility id","value":"New Bill"}[39m
[35m[HTTP][39m [37m<-- POST /wd/hub/session/3acba941-2eda-42f4-9ed3-3369142b8124/elements [39m[32m200[39m [90m129 ms - 12[39m
[35m[HTTP][39m [90m[39m
[35m[HTTP][39m [37m-->[39m [37mPOST[39m [37m/wd/hub/session/3acba941-2eda-42f4-9ed3-3369142b8124/elements[39m
[35m[HTTP][39m [90m{"using":"accessibility id","value":"New Bill"}[39m
[35m[HTTP][39m [37m<-- POST /wd/hub/session/3acba941-2eda-42f4-9ed3-3369142b8124/elements [39m[32m200[39m [90m100 ms - 12[39m
[35m[HTTP][39m [90m[39m
[35m[HTTP][39m [37m-->[39m [37mPOST[39m [37m/wd/hub/session/3acba941-2eda-42f4-9ed3-3369142b8124/elements[39m
[35m[HTTP][39m [90m{"using":"accessibility id","value":"New Bill"}[39m
[35m[HTTP][39m [37m<-- POST /wd/hub/session/3acba941-2eda-42f4-9ed3-3369142b8124/elements [39m[32m200[39m [90m100 ms - 12[39m
[35m[HTTP][39m [90m[39m
[35m[HTTP][39m [37m-->[39m [37mPOST[39m [37m/wd/hub/session/3acba941-2eda-42f4-9ed3-3369142b8124/elements[39m
[35m[HTTP][39m [90m{"using":"accessibility id","value":"New Bill"}[39m
[35m[HTTP][39m [37m<-- POST /wd/hub/session/3acba941-2eda-42f4-9ed3-3369142b8124/elements [39m[32m200[39m [90m92 ms - 12[39m
[35m[HTTP][39m [90m[39m
[35m[HTTP][39m [37m-->[39m [37mPOST[39m [37m/wd/hub/session/3acba941-2eda-42f4-9ed3-3369142b8124/elements[39m
[35m[HTTP][39m [90m{"using":"accessibility id","value":"New Bill"}[39m
[35m[HTTP][39m [37m<-- POST /wd/hub/session/3acba941-2eda-42f4-9ed3-3369142b8124/elements [39m[32m200[39m [90m107 ms - 12[39m
[35m[HTTP][39m [90m[39m
[35m[HTTP][39m [37m-->[39m [37mPOST[39m [37m/wd/hub/session/3acba941-2eda-42f4-9ed3-3369142b8124/elements[39m
[35m[HTTP][39m [90m{"using":"accessibility id","value":"New Bill"}[39m
[35m[HTTP][39m [37m<-- POST /wd/hub/session/3acba941-2eda-42f4-9ed3-3369142b8124/elements [39m[32m200[39m [90m109 ms - 12[39m
[35m[HTTP][39m [90m[39m
[35m[HTTP][39m [37m-->[39m [37mPOST[39m [37m/wd/hub/session/3acba941-2eda-42f4-9ed3-3369142b8124/elements[39m
[35m[HTTP][39m [90m{"using":"accessibility id","value":"New Bill"}[39m
[35m[HTTP][39m [37m<-- POST /wd/hub/session/3acba941-2eda-42f4-9ed3-3369142b8124/elements [39m[32m200[39m [90m92 ms - 12[39m
[35m[HTTP][39m [90m[39m
[35m[HTTP][39m [37m-->[39m [37mPOST[39m [37m/wd/hub/session/3acba941-2eda-42f4-9ed3-3369142b8124/elements[39m
[35m[HTTP][39m [90m{"using":"accessibility id","value":"New Bill"}[39m
[35m[HTTP][39m [37m<-- POST /wd/hub/session/3acba941-2eda-42f4-9ed3-3369142b8124/elements [39m[32m200[39m [90m108 ms - 12[39m
[35m[HTTP][39m [90m[39m
[35m[HTTP][39m [37m-->[39m [37mPOST[39m [37m/wd/hub/session/3acba941-2eda-42f4-9ed3-3369142b8124/elements[39m
[35m[HTTP][39m [90m{"using":"accessibility id","value":"New Bill"}[39m
[35m[HTTP][39m [37m<-- POST /wd/hub/session/3acba941-2eda-42f4-9ed3-3369142b8124/elements [39m[32m200[39m [90m100 ms - 12[39m
[35m[HTTP][39m [90m[39m
[35m[HTTP][39m [37m-->[39m [37mPOST[39m [37m/wd/hub/session/3acba941-2eda-42f4-9ed3-3369142b8124/elements[39m
[35m[HTTP][39m [90m{"using":"accessibility id","value":"New Bill"}[39m
[35m[HTTP][39m [37m<-- POST /wd/hub/session/3acba941-2eda-42f4-9ed3-3369142b8124/elements [39m[32m200[39m [90m105 ms - 12[39m
[35m[HTTP][39m [90m[39m
[35m[HTTP][39m [37m-->[39m [37mPOST[39m [37m/wd/hub/session/3acba941-2eda-42f4-9ed3-3369142b8124/elements[39m
[35m[HTTP][39m [90m{"using":"accessibility id","value":"New Bill"}[39m
[35m[HTTP][39m [37m<-- POST /wd/hub/session/3acba941-2eda-42f4-9ed3-3369142b8124/elements [39m[32m200[39m [90m103 ms - 12[39m
[35m[HTTP][39m [90m[39m
[35m[HTTP][39m [37m-->[39m [37mPOST[39m [37m/wd/hub/session/3acba941-2eda-42f4-9ed3-3369142b8124/elements[39m
[35m[HTTP][39m [90m{"using":"accessibility id","value":"New Bill"}[39m
[35m[HTTP][39m [37m<-- POST /wd/hub/session/3acba941-2eda-42f4-9ed3-3369142b8124/elements [39m[32m200[39m [90m90 ms - 12[39m
[35m[HTTP][39m [90m[39m
[35m[HTTP][39m [37m-->[39m [37mPOST[39m [37m/wd/hub/session/3acba941-2eda-42f4-9ed3-3369142b8124/elements[39m
[35m[HTTP][39m [90m{"using":"accessibility id","value":"New Bill"}[39m
[35m[HTTP][39m [37m<-- POST /wd/hub/session/3acba941-2eda-42f4-9ed3-3369142b8124/elements [39m[32m200[39m [90m106 ms - 12[39m
[35m[HTTP][39m [90m[39m
[35m[HTTP][39m [37m-->[39m [37mPOST[39m [37m/wd/hub/session/3acba941-2eda-42f4-9ed3-3369142b8124/elements[39m
[35m[HTTP][39m [90m{"using":"accessibility id","value":"New Bill"}[39m
[35m[HTTP][39m [37m<-- POST /wd/hub/session/3acba941-2eda-42f4-9ed3-3369142b8124/elements [39m[32m200[39m [90m108 ms - 12[39m
[35m[HTTP][39m [90m[39m
[35m[HTTP][39m [37m-->[39m [37mPOST[39m [37m/wd/hub/session/3acba941-2eda-42f4-9ed3-3369142b8124/elements[39m
[35m[HTTP][39m [90m{"using":"accessibility id","value":"New Bill"}[39m
[35m[HTTP][39m [37m<-- POST /wd/hub/session/3acba941-2eda-42f4-9ed3-3369142b8124/elements [39m[32m200[39m [90m116 ms - 12[39m
[35m[HTTP][39m [90m[39m
[35m[HTTP][39m [37m-->[39m [37mPOST[39m [37m/wd/hub/session/3acba941-2eda-42f4-9ed3-3369142b8124/elements[39m
[35m[HTTP][39m [90m{"using":"accessibility id","value":"New Bill"}[39m
[35m[HTTP][39m [37m<-- POST /wd/hub/session/3acba941-2eda-42f4-9ed3-3369142b8124/elements [39m[32m200[39m [90m88 ms - 12[39m
[35m[HTTP][39m [90m[39m
[35m[HTTP][39m [37m-->[39m [37mPOST[39m [37m/wd/hub/session/3acba941-2eda-42f4-9ed3-3369142b8124/elements[39m
[35m[HTTP][39m [90m{"using":"accessibility id","value":"New Bill"}[39m
[35m[HTTP][39m [37m<-- POST /wd/hub/session/3acba941-2eda-42f4-9ed3-3369142b8124/elements [39m[32m200[39m [90m107 ms - 12[39m
[35m[HTTP][39m [90m[39m
[35m[HTTP][39m [37m-->[39m [37mPOST[39m [37m/wd/hub/session/3acba941-2eda-42f4-9ed3-3369142b8124/elements[39m
[35m[HTTP][39m [90m{"using":"accessibility id","value":"New Bill"}[39m
[35m[HTTP][39m [37m<-- POST /wd/hub/session/3acba941-2eda-42f4-9ed3-3369142b8124/elements [39m[32m200[39m [90m109 ms - 12[39m
[35m[HTTP][39m [90m[39m
[35m[HTTP][39m [37m-->[39m [37mPOST[39m [37m/wd/hub/session/3acba941-2eda-42f4-9ed3-3369142b8124/elements[39m
[35m[HTTP][39m [90m{"using":"accessibility id","value":"New Bill"}[39m
[35m[HTTP][39m [37m<-- POST /wd/hub/session/3acba941-2eda-42f4-9ed3-3369142b8124/elements [39m[32m200[39m [90m101 ms - 12[39m
[35m[HTTP][39m [90m[39m
[35m[HTTP][39m [37m-->[39m [37mPOST[39m [37m/wd/hub/session/3acba941-2eda-42f4-9ed3-3369142b8124/elements[39m
[35m[HTTP][39m [90m{"using":"accessibility id","value":"New Bill"}[39m
[35m[HTTP][39m [37m<-- POST /wd/hub/session/3acba941-2eda-42f4-9ed3-3369142b8124/elements [39m[32m200[39m [90m108 ms - 12[39m
[35m[HTTP][39m [90m[39m
[35m[HTTP][39m [37m-->[39m [37mPOST[39m [37m/wd/hub/session/3acba941-2eda-42f4-9ed3-3369142b8124/elements[39m
[35m[HTTP][39m [90m{"using":"accessibility id","value":"New Bill"}[39m
[35m[HTTP][39m [37m<-- POST /wd/hub/session/3acba941-2eda-42f4-9ed3-3369142b8124/elements [39m[32m200[39m [90m98 ms - 12[39m
[35m[HTTP][39m [90m[39m
[35m[HTTP][39m [37m-->[39m [37mPOST[39m [37m/wd/hub/session/3acba941-2eda-42f4-9ed3-3369142b8124/elements[39m
[35m[HTTP][39m [90m{"using":"accessibility id","value":"New Bill"}[39m
[35m[HTTP][39m [37m<-- POST /wd/hub/session/3acba941-2eda-42f4-9ed3-3369142b8124/elements [39m[32m200[39m [90m108 ms - 12[39m
[35m[HTTP][39m [90m[39m
[35m[HTTP][39m [37m-->[39m [37mPOST[39m [37m/wd/hub/session/3acba941-2eda-42f4-9ed3-3369142b8124/elements[39m
[35m[HTTP][39m [90m{"using":"accessibility id","value":"New Bill"}[39m
[35m[HTTP][39m [37m<-- POST /wd/hub/session/3acba941-2eda-42f4-9ed3-3369142b8124/elements [39m[32m200[39m [90m110 ms - 12[39m
[35m[HTTP][39m [90m[39m
[35m[HTTP][39m [37m-->[39m [37mPOST[39m [37m/wd/hub/session/3acba941-2eda-42f4-9ed3-3369142b8124/elements[39m
[35m[HTTP][39m [90m{"using":"accessibility id","value":"New Bill"}[39m
[35m[HTTP][39m [37m<-- POST /wd/hub/session/3acba941-2eda-42f4-9ed3-3369142b8124/elements [39m[32m200[39m [90m104 ms - 12[39m
[35m[HTTP][39m [90m[39m
[35m[HTTP][39m [37m-->[39m [37mPOST[39m [37m/wd/hub/session/3acba941-2eda-42f4-9ed3-3369142b8124/elements[39m
[35m[HTTP][39m [90m{"using":"accessibility id","value":"New Bill"}[39m
[35m[HTTP][39m [37m<-- POST /wd/hub/session/3acba941-2eda-42f4-9ed3-3369142b8124/elements [39m[32m200[39m [90m107 ms - 12[39m
[35m[HTTP][39m [90m[39m
[35m[HTTP][39m [37m-->[39m [37mPOST[39m [37m/wd/hub/session/3acba941-2eda-42f4-9ed3-3369142b8124/elements[39m
[35m[HTTP][39m [90m{"using":"accessibility id","value":"New Bill"}[39m
[35m[HTTP][39m [37m<-- POST /wd/hub/session/3acba941-2eda-42f4-9ed3-3369142b8124/elements [39m[32m200[39m [90m109 ms - 12[39m
[35m[HTTP][39m [90m[39m
[35m[HTTP][39m [37m-->[39m [37mPOST[39m [37m/wd/hub/session/3acba941-2eda-42f4-9ed3-3369142b8124/elements[39m
[35m[HTTP][39m [90m{"using":"accessibility id","value":"New Bill"}[39m
[35m[HTTP][39m [37m<-- POST /wd/hub/session/3acba941-2eda-42f4-9ed3-3369142b8124/elements [39m[32m200[39m [90m104 ms - 12[39m
[35m[HTTP][39m [90m[39m
[35m[HTTP][39m [37m-->[39m [37mPOST[39m [37m/wd/hub/session/3acba941-2eda-42f4-9ed3-3369142b8124/elements[39m
[35m[HTTP][39m [90m{"using":"accessibility id","value":"New Bill"}[39m
[35m[HTTP][39m [37m<-- POST /wd/hub/session/3acba941-2eda-42f4-9ed3-3369142b8124/elements [39m[32m200[39m [90m96 ms - 12[39m
[35m[HTTP][39m [90m[39m
[35m[HTTP][39m [37m-->[39m [37mPOST[39m [37m/wd/hub/session/3acba941-2eda-42f4-9ed3-3369142b8124/elements[39m
[35m[HTTP][39m [90m{"using":"accessibility id","value":"New Bill"}[39m
[35m[HTTP][39m [37m<-- POST /wd/hub/session/3acba941-2eda-42f4-9ed3-3369142b8124/elements [39m[32m200[39m [90m108 ms - 12[39m
[35m[HTTP][39m [90m[39m
[35m[HTTP][39m [37m-->[39m [37mPOST[39m [37m/wd/hub/session/3acba941-2eda-42f4-9ed3-3369142b8124/elements[39m
[35m[HTTP][39m [90m{"using":"accessibility id","value":"New Bill"}[39m
[35m[HTTP][39m [37m<-- POST /wd/hub/session/3acba941-2eda-42f4-9ed3-3369142b8124/elements [39m[32m200[39m [90m106 ms - 12[39m
[35m[HTTP][39m [90m[39m
[35m[HTTP][39m [37m-->[39m [37mPOST[39m [37m/wd/hub/session/3acba941-2eda-42f4-9ed3-3369142b8124/elements[39m
[35m[HTTP][39m [90m{"using":"accessibility id","value":"New Bill"}[39m
[35m[HTTP][39m [37m<-- POST /wd/hub/session/3acba941-2eda-42f4-9ed3-3369142b8124/elements [39m[32m200[39m [90m108 ms - 12[39m
[35m[HTTP][39m [90m[39m
[35m[HTTP][39m [37m-->[39m [37mPOST[39m [37m/wd/hub/session/3acba941-2eda-42f4-9ed3-3369142b8124/elements[39m
[35m[HTTP][39m [90m{"using":"accessibility id","value":"New Bill"}[39m
[35m[HTTP][39m [37m<-- POST /wd/hub/session/3acba941-2eda-42f4-9ed3-3369142b8124/elements [39m[32m200[39m [90m97 ms - 12[39m
[35m[HTTP][39m [90m[39m
[35m[HTTP][39m [37m-->[39m [37mPOST[39m [37m/wd/hub/session/3acba941-2eda-42f4-9ed3-3369142b8124/elements[39m
[35m[HTTP][39m [90m{"using":"accessibility id","value":"New Bill"}[39m
[35m[HTTP][39m [37m<-- POST /wd/hub/session/3acba941-2eda-42f4-9ed3-3369142b8124/elements [39m[32m200[39m [90m51 ms - 12[39m
[35m[HTTP][39m [90m[39m
[35m[HTTP][39m [37m-->[39m [37mPOST[39m [37m/wd/hub/session/3acba941-2eda-42f4-9ed3-3369142b8124/elements[39m
[35m[HTTP][39m [90m{"using":"accessibility id","value":"New Bill"}[39m
[35m[HTTP][39m [37m<-- POST /wd/hub/session/3acba941-2eda-42f4-9ed3-3369142b8124/elements [39m[32m200[39m [90m103 ms - 12[39m
[35m[HTTP][39m [90m[39m
[35m[HTTP][39m [37m-->[39m [37mPOST[39m [37m/wd/hub/session/3acba941-2eda-42f4-9ed3-3369142b8124/elements[39m
[35m[HTTP][39m [90m{"using":"accessibility id","value":"New Bill"}[39m
[35m[HTTP][39m [37m<-- POST /wd/hub/session/3acba941-2eda-42f4-9ed3-3369142b8124/elements [39m[32m200[39m [90m108 ms - 12[39m
[35m[HTTP][39m [90m[39m
[35m[HTTP][39m [37m-->[39m [37mPOST[39m [37m/wd/hub/session/3acba941-2eda-42f4-9ed3-3369142b8124/elements[39m
[35m[HTTP][39m [90m{"using":"accessibility id","value":"New Bill"}[39m
[35m[HTTP][39m [37m<-- POST /wd/hub/session/3acba941-2eda-42f4-9ed3-3369142b8124/elements [39m[32m200[39m [90m92 ms - 12[39m
[35m[HTTP][39m [90m[39m
[35m[HTTP][39m [37m-->[39m [37mPOST[39m [37m/wd/hub/session/3acba941-2eda-42f4-9ed3-3369142b8124/elements[39m
[35m[HTTP][39m [90m{"using":"accessibility id","value":"New Bill"}[39m
[35m[HTTP][39m [37m<-- POST /wd/hub/session/3acba941-2eda-42f4-9ed3-3369142b8124/elements [39m[32m200[39m [90m112 ms - 12[39m
[35m[HTTP][39m [90m[39m
[35m[HTTP][39m [37m-->[39m [37mPOST[39m [37m/wd/hub/session/3acba941-2eda-42f4-9ed3-3369142b8124/elements[39m
[35m[HTTP][39m [90m{"using":"accessibility id","value":"New Bill"}[39m
[35m[HTTP][39m [37m<-- POST /wd/hub/session/3acba941-2eda-42f4-9ed3-3369142b8124/elements [39m[32m200[39m [90m102 ms - 12[39m
[35m[HTTP][39m [90m[39m
[35m[HTTP][39m [37m-->[39m [37mPOST[39m [37m/wd/hub/session/3acba941-2eda-42f4-9ed3-3369142b8124/elements[39m
[35m[HTTP][39m [90m{"using":"accessibility id","value":"New Bill"}[39m
[35m[HTTP][39m [37m<-- POST /wd/hub/session/3acba941-2eda-42f4-9ed3-3369142b8124/elements [39m[32m200[39m [90m101 ms - 12[39m
[35m[HTTP][39m [90m[39m
[35m[HTTP][39m [37m-->[39m [37mPOST[39m [37m/wd/hub/session/3acba941-2eda-42f4-9ed3-3369142b8124/elements[39m
[35m[HTTP][39m [90m{"using":"accessibility id","value":"New Bill"}[39m
[35m[HTTP][39m [37m<-- POST /wd/hub/session/3acba941-2eda-42f4-9ed3-3369142b8124/elements [39m[32m200[39m [90m105 ms - 12[39m
[35m[HTTP][39m [90m[39m
[35m[HTTP][39m [37m-->[39m [37mPOST[39m [37m/wd/hub/session/3acba941-2eda-42f4-9ed3-3369142b8124/elements[39m
[35m[HTTP][39m [90m{"using":"accessibility id","value":"New Bill"}[39m
[35m[HTTP][39m [37m<-- POST /wd/hub/session/3acba941-2eda-42f4-9ed3-3369142b8124/elements [39m[32m200[39m [90m107 ms - 12[39m
[35m[HTTP][39m [90m[39m
[35m[HTTP][39m [37m-->[39m [37mPOST[39m [37m/wd/hub/session/3acba941-2eda-42f4-9ed3-3369142b8124/elements[39m
[35m[HTTP][39m [90m{"using":"accessibility id","value":"New Bill"}[39m
[35m[HTTP][39m [37m<-- POST /wd/hub/session/3acba941-2eda-42f4-9ed3-3369142b8124/elements [39m[32m200[39m [90m104 ms - 12[39m
[35m[HTTP][39m [90m[39m
[35m[HTTP][39m [37m-->[39m [37mPOST[39m [37m/wd/hub/session/3acba941-2eda-42f4-9ed3-3369142b8124/elements[39m
[35m[HTTP][39m [90m{"using":"accessibility id","value":"New Bill"}[39m
[35m[HTTP][39m [37m<-- POST /wd/hub/session/3acba941-2eda-42f4-9ed3-3369142b8124/elements [39m[32m200[39m [90m103 ms - 12[39m
[35m[HTTP][39m [90m[39m
[35m[HTTP][39m [37m-->[39m [37mPOST[39m [37m/wd/hub/session/3acba941-2eda-42f4-9ed3-3369142b8124/elements[39m
[35m[HTTP][39m [90m{"using":"accessibility id","value":"New Bill"}[39m
[35m[HTTP][39m [37m<-- POST /wd/hub/session/3acba941-2eda-42f4-9ed3-3369142b8124/elements [39m[32m200[39m [90m102 ms - 12[39m
[35m[HTTP][39m [90m[39m
[35m[HTTP][39m [37m-->[39m [37mPOST[39m [37m/wd/hub/session/3acba941-2eda-42f4-9ed3-3369142b8124/elements[39m
[35m[HTTP][39m [90m{"using":"accessibility id","value":"New Bill"}[39m
[35m[HTTP][39m [37m<-- POST /wd/hub/session/3acba941-2eda-42f4-9ed3-3369142b8124/elements [39m[32m200[39m [90m103 ms - 12[39m
[35m[HTTP][39m [90m[39m
[35m[HTTP][39m [37m-->[39m [37mPOST[39m [37m/wd/hub/session/3acba941-2eda-42f4-9ed3-3369142b8124/elements[39m
[35m[HTTP][39m [90m{"using":"accessibility id","value":"New Bill"}[39m
[35m[HTTP][39m [37m<-- POST /wd/hub/session/3acba941-2eda-42f4-9ed3-3369142b8124/elements [39m[32m200[39m [90m103 ms - 12[39m
[35m[HTTP][39m [90m[39m
[35m[HTTP][39m [37m-->[39m [37mPOST[39m [37m/wd/hub/session/3acba941-2eda-42f4-9ed3-3369142b8124/elements[39m
[35m[HTTP][39m [90m{"using":"accessibility id","value":"New Bill"}[39m
[35m[HTTP][39m [37m<-- POST /wd/hub/session/3acba941-2eda-42f4-9ed3-3369142b8124/elements [39m[32m200[39m [90m105 ms - 12[39m
[35m[HTTP][39m [90m[39m
[35m[HTTP][39m [37m-->[39m [37mPOST[39m [37m/wd/hub/session/3acba941-2eda-42f4-9ed3-3369142b8124/elements[39m
[35m[HTTP][39m [90m{"using":"accessibility id","value":"New Bill"}[39m
[35m[HTTP][39m [37m<-- POST /wd/hub/session/3acba941-2eda-42f4-9ed3-3369142b8124/elements [39m[32m200[39m [90m99 ms - 12[39m
[35m[HTTP][39m [90m[39m
[35m[HTTP][39m [37m-->[39m [37mPOST[39m [37m/wd/hub/session/3acba941-2eda-42f4-9ed3-3369142b8124/elements[39m
[35m[HTTP][39m [90m{"using":"accessibility id","value":"New Bill"}[39m
[35m[HTTP][39m [37m<-- POST /wd/hub/session/3acba941-2eda-42f4-9ed3-3369142b8124/elements [39m[32m200[39m [90m106 ms - 12[39m
[35m[HTTP][39m [90m[39m
[35m[HTTP][39m [37m-->[39m [37mPOST[39m [37m/wd/hub/session/3acba941-2eda-42f4-9ed3-3369142b8124/elements[39m
[35m[HTTP][39m [90m{"using":"accessibility id","value":"New Bill"}[39m
[35m[HTTP][39m [37m<-- POST /wd/hub/session/3acba941-2eda-42f4-9ed3-3369142b8124/elements [39m[32m200[39m [90m87 ms - 12[39m
[35m[HTTP][39m [90m[39m
[35m[HTTP][39m [37m-->[39m [37mPOST[39m [37m/wd/hub/session/3acba941-2eda-42f4-9ed3-3369142b8124/elements[39m
[35m[HTTP][39m [90m{"using":"accessibility id","value":"New Bill"}[39m
[35m[HTTP][39m [37m<-- POST /wd/hub/session/3acba941-2eda-42f4-9ed3-3369142b8124/elements [39m[32m200[39m [90m2115 ms - 12[39m
[35m[HTTP][39m [90m[39m
[35m[HTTP][39m [37m-->[39m [37mPOST[39m [37m/wd/hub/session/3acba941-2eda-42f4-9ed3-3369142b8124/elements[39m
[35m[HTTP][39m [90m{"using":"accessibility id","value":"New Bill"}[39m
[35m[HTTP][39m [37m<-- POST /wd/hub/session/3acba941-2eda-42f4-9ed3-3369142b8124/elements [39m[32m200[39m [90m661 ms - 12[39m
[35m[HTTP][39m [90m[39m
[35m[HTTP][39m [37m-->[39m [37mPOST[39m [37m/wd/hub/session/3acba941-2eda-42f4-9ed3-3369142b8124/elements[39m
[35m[HTTP][39m [90m{"using":"accessibility id","value":"New Bill"}[39m
[35m[HTTP][39m [37m<-- POST /wd/hub/session/3acba941-2eda-42f4-9ed3-3369142b8124/elements [39m[32m200[39m [90m90 ms - 12[39m
[35m[HTTP][39m [90m[39m
[35m[HTTP][39m [37m-->[39m [37mPOST[39m [37m/wd/hub/session/3acba941-2eda-42f4-9ed3-3369142b8124/elements[39m
[35m[HTTP][39m [90m{"using":"accessibility id","value":"New Bill"}[39m
[35m[HTTP][39m [37m<-- POST /wd/hub/session/3acba941-2eda-42f4-9ed3-3369142b8124/elements [39m[32m200[39m [90m89 ms - 12[39m
[35m[HTTP][39m [90m[39m
[35m[HTTP][39m [37m-->[39m [37mPOST[39m [37m/wd/hub/session/3acba941-2eda-42f4-9ed3-3369142b8124/elements[39m
[35m[HTTP][39m [90m{"using":"accessibility id","value":"New Bill"}[39m
[35m[HTTP][39m [37m<-- POST /wd/hub/session/3acba941-2eda-42f4-9ed3-3369142b8124/elements [39m[32m200[39m [90m1249 ms - 12[39m
[35m[HTTP][39m [90m[39m
[35m[HTTP][39m [37m-->[39m [37mPOST[39m [37m/wd/hub/session/3acba941-2eda-42f4-9ed3-3369142b8124/elements[39m
[35m[HTTP][39m [90m{"using":"accessibility id","value":"New Bill"}[39m
[35m[HTTP][39m [37m<-- POST /wd/hub/session/3acba941-2eda-42f4-9ed3-3369142b8124/elements [39m[32m200[39m [90m107 ms - 12[39m
[35m[HTTP][39m [90m[39m
[35m[HTTP][39m [37m-->[39m [37mPOST[39m [37m/wd/hub/session/3acba941-2eda-42f4-9ed3-3369142b8124/elements[39m
[35m[HTTP][39m [90m{"using":"accessibility id","value":"New Bill"}[39m
[35m[HTTP][39m [37m<-- POST /wd/hub/session/3acba941-2eda-42f4-9ed3-3369142b8124/elements [39m[32m200[39m [90m88 ms - 12[39m
[35m[HTTP][39m [90m[39m
[35m[HTTP][39m [37m-->[39m [37mPOST[39m [37m/wd/hub/session/3acba941-2eda-42f4-9ed3-3369142b8124/elements[39m
[35m[HTTP][39m [90m{"using":"accessibility id","value":"New Bill"}[39m
[35m[HTTP][39m [37m<-- POST /wd/hub/session/3acba941-2eda-42f4-9ed3-3369142b8124/elements [39m[32m200[39m [90m111 ms - 12[39m
[35m[HTTP][39m [90m[39m
[35m[HTTP][39m [37m-->[39m [37mPOST[39m [37m/wd/hub/session/3acba941-2eda-42f4-9ed3-3369142b8124/elements[39m
[35m[HTTP][39m [90m{"using":"accessibility id","value":"New Bill"}[39m
[35m[HTTP][39m [37m<-- POST /wd/hub/session/3acba941-2eda-42f4-9ed3-3369142b8124/elements [39m[32m200[39m [90m108 ms - 12[39m
[35m[HTTP][39m [90m[39m
[35m[HTTP][39m [37m-->[39m [37mPOST[39m [37m/wd/hub/session/3acba941-2eda-42f4-9ed3-3369142b8124/elements[39m
[35m[HTTP][39m [90m{"using":"accessibility id","value":"New Bill"}[39m
[35m[HTTP][39m [37m<-- POST /wd/hub/session/3acba941-2eda-42f4-9ed3-3369142b8124/elements [39m[32m200[39m [90m83 ms - 12[39m
[35m[HTTP][39m [90m[39m
[35m[HTTP][39m [37m-->[39m [37mPOST[39m [37m/wd/hub/session/3acba941-2eda-42f4-9ed3-3369142b8124/elements[39m
[35m[HTTP][39m [90m{"using":"accessibility id","value":"New Bill"}[39m
[35m[HTTP][39m [37m<-- POST /wd/hub/session/3acba941-2eda-42f4-9ed3-3369142b8124/elements [39m[32m200[39m [90m107 ms - 12[39m
[35m[HTTP][39m [90m[39m
[35m[HTTP][39m [37m-->[39m [37mPOST[39m [37m/wd/hub/session/3acba941-2eda-42f4-9ed3-3369142b8124/elements[39m
[35m[HTTP][39m [90m{"using":"accessibility id","value":"New Bill"}[39m
[35m[HTTP][39m [37m<-- POST /wd/hub/session/3acba941-2eda-42f4-9ed3-3369142b8124/elements [39m[32m200[39m [90m104 ms - 12[39m
[35m[HTTP][39m [90m[39m
[35m[HTTP][39m [37m-->[39m [37mPOST[39m [37m/wd/hub/session/3acba941-2eda-42f4-9ed3-3369142b8124/elements[39m
[35m[HTTP][39m [90m{"using":"accessibility id","value":"New Bill"}[39m
[35m[HTTP][39m [37m<-- POST /wd/hub/session/3acba941-2eda-42f4-9ed3-3369142b8124/elements [39m[32m200[39m [90m110 ms - 12[39m
[35m[HTTP][39m [90m[39m
[35m[HTTP][39m [37m-->[39m [37mPOST[39m [37m/wd/hub/session/3acba941-2eda-42f4-9ed3-3369142b8124/elements[39m
[35m[HTTP][39m [90m{"using":"accessibility id","value":"New Bill"}[39m
[35m[HTTP][39m [37m<-- POST /wd/hub/session/3acba941-2eda-42f4-9ed3-3369142b8124/elements [39m[32m200[39m [90m94 ms - 12[39m
[35m[HTTP][39m [90m[39m
[35m[HTTP][39m [37m-->[39m [37mPOST[39m [37m/wd/hub/session/3acba941-2eda-42f4-9ed3-3369142b8124/elements[39m
[35m[HTTP][39m [90m{"using":"accessibility id","value":"New Bill"}[39m
[35m[HTTP][39m [37m<-- POST /wd/hub/session/3acba941-2eda-42f4-9ed3-3369142b8124/elements [39m[32m200[39m [90m96 ms - 12[39m
[35m[HTTP][39m [90m[39m
[35m[HTTP][39m [37m-->[39m [37mPOST[39m [37m/wd/hub/session/3acba941-2eda-42f4-9ed3-3369142b8124/elements[39m
[35m[HTTP][39m [90m{"using":"accessibility id","value":"New Bill"}[39m
[35m[HTTP][39m [37m<-- POST /wd/hub/session/3acba941-2eda-42f4-9ed3-3369142b8124/elements [39m[32m200[39m [90m99 ms - 12[39m
[35m[HTTP][39m [90m[39m
[35m[HTTP][39m [37m-->[39m [37mPOST[39m [37m/wd/hub/session/3acba941-2eda-42f4-9ed3-3369142b8124/elements[39m
[35m[HTTP][39m [90m{"using":"accessibility id","value":"New Bill"}[39m
[35m[HTTP][39m [37m<-- POST /wd/hub/session/3acba941-2eda-42f4-9ed3-3369142b8124/elements [39m[32m200[39m [90m116 ms - 12[39m
[35m[HTTP][39m [90m[39m
[35m[HTTP][39m [37m-->[39m [37mPOST[39m [37m/wd/hub/session/3acba941-2eda-42f4-9ed3-3369142b8124/elements[39m
[35m[HTTP][39m [90m{"using":"accessibility id","value":"New Bill"}[39m
[35m[HTTP][39m [37m<-- POST /wd/hub/session/3acba941-2eda-42f4-9ed3-3369142b8124/elements [39m[32m200[39m [90m106 ms - 12[39m
[35m[HTTP][39m [90m[39m
[35m[HTTP][39m [37m-->[39m [37mPOST[39m [37m/wd/hub/session/3acba941-2eda-42f4-9ed3-3369142b8124/elements[39m
[35m[HTTP][39m [90m{"using":"accessibility id","value":"New Bill"}[39m
[35m[HTTP][39m [37m<-- POST /wd/hub/session/3acba941-2eda-42f4-9ed3-3369142b8124/elements [39m[32m200[39m [90m106 ms - 12[39m
[35m[HTTP][39m [90m[39m
[35m[HTTP][39m [37m-->[39m [37mPOST[39m [37m/wd/hub/session/3acba941-2eda-42f4-9ed3-3369142b8124/elements[39m
[35m[HTTP][39m [90m{"using":"accessibility id","value":"New Bill"}[39m
[35m[HTTP][39m [37m<-- POST /wd/hub/session/3acba941-2eda-42f4-9ed3-3369142b8124/elements [39m[32m200[39m [90m93 ms - 12[39m
[35m[HTTP][39m [90m[39m
[35m[HTTP][39m [37m-->[39m [37mPOST[39m [37m/wd/hub/session/3acba941-2eda-42f4-9ed3-3369142b8124/elements[39m
[35m[HTTP][39m [90m{"using":"accessibility id","value":"New Bill"}[39m
[35m[HTTP][39m [37m<-- POST /wd/hub/session/3acba941-2eda-42f4-9ed3-3369142b8124/elements [39m[32m200[39m [90m110 ms - 12[39m
[35m[HTTP][39m [90m[39m
[35m[HTTP][39m [37m-->[39m [37mPOST[39m [37m/wd/hub/session/3acba941-2eda-42f4-9ed3-3369142b8124/elements[39m
[35m[HTTP][39m [90m{"using":"accessibility id","value":"New Bill"}[39m
[35m[HTTP][39m [37m<-- POST /wd/hub/session/3acba941-2eda-42f4-9ed3-3369142b8124/elements [39m[32m200[39m [90m106 ms - 12[39m
[35m[HTTP][39m [90m[39m
[35m[HTTP][39m [37m-->[39m [37mPOST[39m [37m/wd/hub/session/3acba941-2eda-42f4-9ed3-3369142b8124/elements[39m
[35m[HTTP][39m [90m{"using":"accessibility id","value":"New Bill"}[39m
[35m[HTTP][39m [37m<-- POST /wd/hub/session/3acba941-2eda-42f4-9ed3-3369142b8124/elements [39m[32m200[39m [90m109 ms - 12[39m
[35m[HTTP][39m [90m[39m
[35m[HTTP][39m [37m-->[39m [37mPOST[39m [37m/wd/hub/session/3acba941-2eda-42f4-9ed3-3369142b8124/elements[39m
[35m[HTTP][39m [90m{"using":"accessibility id","value":"New Bill"}[39m
[35m[HTTP][39m [37m<-- POST /wd/hub/session/3acba941-2eda-42f4-9ed3-3369142b8124/elements [39m[32m200[39m [90m100 ms - 12[39m
[35m[HTTP][39m [90m[39m
[35m[HTTP][39m [37m-->[39m [37mPOST[39m [37m/wd/hub/session/3acba941-2eda-42f4-9ed3-3369142b8124/elements[39m
[35m[HTTP][39m [90m{"using":"accessibility id","value":"New Bill"}[39m
[35m[HTTP][39m [37m<-- POST /wd/hub/session/3acba941-2eda-42f4-9ed3-3369142b8124/elements [39m[32m200[39m [90m106 ms - 12[39m
[35m[HTTP][39m [90m[39m
[35m[HTTP][39m [37m-->[39m [37mPOST[39m [37m/wd/hub/session/3acba941-2eda-42f4-9ed3-3369142b8124/elements[39m
[35m[HTTP][39m [90m{"using":"accessibility id","value":"New Bill"}[39m
[35m[HTTP][39m [37m<-- POST /wd/hub/session/3acba941-2eda-42f4-9ed3-3369142b8124/elements [39m[32m200[39m [90m109 ms - 12[39m
[35m[HTTP][39m [90m[39m
[35m[HTTP][39m [37m-->[39m [37mPOST[39m [37m/wd/hub/session/3acba941-2eda-42f4-9ed3-3369142b8124/elements[39m
[35m[HTTP][39m [90m{"using":"accessibility id","value":"New Bill"}[39m
[35m[HTTP][39m [37m<-- POST /wd/hub/session/3acba941-2eda-42f4-9ed3-3369142b8124/elements [39m[32m200[39m [90m108 ms - 12[39m
[35m[HTTP][39m [90m[39m
[35m[HTTP][39m [37m-->[39m [37mPOST[39m [37m/wd/hub/session/3acba941-2eda-42f4-9ed3-3369142b8124/elements[39m
[35m[HTTP][39m [90m{"using":"accessibility id","value":"New Bill"}[39m
[35m[HTTP][39m [37m<-- POST /wd/hub/session/3acba941-2eda-42f4-9ed3-3369142b8124/elements [39m[32m200[39m [90m103 ms - 12[39m
[35m[HTTP][39m [90m[39m
[35m[HTTP][39m [37m-->[39m [37mPOST[39m [37m/wd/hub/session/3acba941-2eda-42f4-9ed3-3369142b8124/elements[39m
[35m[HTTP][39m [90m{"using":"accessibility id","value":"New Bill"}[39m
[35m[HTTP][39m [37m<-- POST /wd/hub/session/3acba941-2eda-42f4-9ed3-3369142b8124/elements [39m[32m200[39m [90m113 ms - 12[39m
[35m[HTTP][39m [90m[39m
[35m[HTTP][39m [37m-->[39m [37mPOST[39m [37m/wd/hub/session/3acba941-2eda-42f4-9ed3-3369142b8124/elements[39m
[35m[HTTP][39m [90m{"using":"accessibility id","value":"New Bill"}[39m
[35m[HTTP][39m [37m<-- POST /wd/hub/session/3acba941-2eda-42f4-9ed3-3369142b8124/elements [39m[32m200[39m [90m52 ms - 12[39m
[35m[HTTP][39m [90m[39m
[35m[HTTP][39m [37m-->[39m [37mPOST[39m [37m/wd/hub/session/3acba941-2eda-42f4-9ed3-3369142b8124/elements[39m
[35m[HTTP][39m [90m{"using":"accessibility id","value":"New Bill"}[39m
[35m[HTTP][39m [37m<-- POST /wd/hub/session/3acba941-2eda-42f4-9ed3-3369142b8124/elements [39m[32m200[39m [90m102 ms - 12[39m
[35m[HTTP][39m [90m[39m
[35m[HTTP][39m [37m-->[39m [37mPOST[39m [37m/wd/hub/session/3acba941-2eda-42f4-9ed3-3369142b8124/elements[39m
[35m[HTTP][39m [90m{"using":"accessibility id","value":"New Bill"}[39m
[35m[HTTP][39m [37m<-- POST /wd/hub/session/3acba941-2eda-42f4-9ed3-3369142b8124/elements [39m[32m200[39m [90m100 ms - 12[39m
[35m[HTTP][39m [90m[39m
[35m[HTTP][39m [37m-->[39m [37mPOST[39m [37m/wd/hub/session/3acba941-2eda-42f4-9ed3-3369142b8124/elements[39m
[35m[HTTP][39m [90m{"using":"accessibility id","value":"New Bill"}[39m
[35m[HTTP][39m [37m<-- POST /wd/hub/session/3acba941-2eda-42f4-9ed3-3369142b8124/elements [39m[32m200[39m [90m107 ms - 12[39m
[35m[HTTP][39m [90m[39m
[35m[HTTP][39m [37m-->[39m [37mPOST[39m [37m/wd/hub/session/3acba941-2eda-42f4-9ed3-3369142b8124/elements[39m
[35m[HTTP][39m [90m{"using":"accessibility id","value":"New Bill"}[39m
[35m[HTTP][39m [37m<-- POST /wd/hub/session/3acba941-2eda-42f4-9ed3-3369142b8124/elements [39m[32m200[39m [90m104 ms - 12[39m
[35m[HTTP][39m [90m[39m
[35m[HTTP][39m [37m-->[39m [37mPOST[39m [37m/wd/hub/session/3acba941-2eda-42f4-9ed3-3369142b8124/elements[39m
[35m[HTTP][39m [90m{"using":"accessibility id","value":"New Bill"}[39m
[35m[HTTP][39m [37m<-- POST /wd/hub/session/3acba941-2eda-42f4-9ed3-3369142b8124/elements [39m[32m200[39m [90m98 ms - 12[39m
[35m[HTTP][39m [90m[39m
[35m[HTTP][39m [37m-->[39m [37mPOST[39m [37m/wd/hub/session/3acba941-2eda-42f4-9ed3-3369142b8124/elements[39m
[35m[HTTP][39m [90m{"using":"accessibility id","value":"New Bill"}[39m
[35m[HTTP][39m [37m<-- POST /wd/hub/session/3acba941-2eda-42f4-9ed3-3369142b8124/elements [39m[32m200[39m [90m104 ms - 12[39m
[35m[HTTP][39m [90m[39m
[35m[HTTP][39m [37m-->[39m [37mPOST[39m [37m/wd/hub/session/3acba941-2eda-42f4-9ed3-3369142b8124/elements[39m
[35m[HTTP][39m [90m{"using":"accessibility id","value":"New Bill"}[39m
[35m[HTTP][39m [37m<-- POST /wd/hub/session/3acba941-2eda-42f4-9ed3-3369142b8124/elements [39m[32m200[39m [90m130 ms - 12[39m
[35m[HTTP][39m [90m[39m
[35m[HTTP][39m [37m-->[39m [37mPOST[39m [37m/wd/hub/session/3acba941-2eda-42f4-9ed3-3369142b8124/elements[39m
[35m[HTTP][39m [90m{"using":"accessibility id","value":"New Bill"}[39m
[35m[HTTP][39m [37m<-- POST /wd/hub/session/3acba941-2eda-42f4-9ed3-3369142b8124/elements [39m[32m200[39m [90m107 ms - 12[39m
[35m[HTTP][39m [90m[39m
[35m[HTTP][39m [37m-->[39m [37mPOST[39m [37m/wd/hub/session/3acba941-2eda-42f4-9ed3-3369142b8124/elements[39m
[35m[HTTP][39m [90m{"using":"accessibility id","value":"New Bill"}[39m
[35m[HTTP][39m [37m<-- POST /wd/hub/session/3acba941-2eda-42f4-9ed3-3369142b8124/elements [39m[32m200[39m [90m1251 ms - 12[39m
[35m[HTTP][39m [90m[39m
[35m[HTTP][39m [37m-->[39m [37mPOST[39m [37m/wd/hub/session/3acba941-2eda-42f4-9ed3-3369142b8124/elements[39m
[35m[HTTP][39m [90m{"using":"accessibility id","value":"New Bill"}[39m
[35m[HTTP][39m [37m<-- POST /wd/hub/session/3acba941-2eda-42f4-9ed3-3369142b8124/elements [39m[32m200[39m [90m86 ms - 12[39m
[35m[HTTP][39m [90m[39m
[35m[HTTP][39m [37m-->[39m [37mPOST[39m [37m/wd/hub/session/3acba941-2eda-42f4-9ed3-3369142b8124/elements[39m
[35m[HTTP][39m [90m{"using":"accessibility id","value":"New Bill"}[39m
[35m[HTTP][39m [37m<-- POST /wd/hub/session/3acba941-2eda-42f4-9ed3-3369142b8124/elements [39m[32m200[39m [90m82 ms - 12[39m
[35m[HTTP][39m [90m[39m
[35m[HTTP][39m [37m-->[39m [37mPOST[39m [37m/wd/hub/session/3acba941-2eda-42f4-9ed3-3369142b8124/elements[39m
[35m[HTTP][39m [90m{"using":"accessibility id","value":"New Bill"}[39m
[35m[HTTP][39m [37m<-- POST /wd/hub/session/3acba941-2eda-42f4-9ed3-3369142b8124/elements [39m[32m200[39m [90m85 ms - 12[39m
[35m[HTTP][39m [90m[39m
[35m[HTTP][39m [37m-->[39m [37mPOST[39m [37m/wd/hub/session/3acba941-2eda-42f4-9ed3-3369142b8124/elements[39m
[35m[HTTP][39m [90m{"using":"accessibility id","value":"New Bill"}[39m
[35m[HTTP][39m [37m<-- POST /wd/hub/session/3acba941-2eda-42f4-9ed3-3369142b8124/elements [39m[32m200[39m [90m86 ms - 12[39m
[35m[HTTP][39m [90m[39m
[35m[HTTP][39m [37m-->[39m [37mPOST[39m [37m/wd/hub/session/3acba941-2eda-42f4-9ed3-3369142b8124/elements[39m
[35m[HTTP][39m [90m{"using":"accessibility id","value":"New Bill"}[39m
[35m[HTTP][39m [37m<-- POST /wd/hub/session/3acba941-2eda-42f4-9ed3-3369142b8124/elements [39m[32m200[39m [90m75 ms - 12[39m
[35m[HTTP][39m [90m[39m
[35m[HTTP][39m [37m-->[39m [37mPOST[39m [37m/wd/hub/session/3acba941-2eda-42f4-9ed3-3369142b8124/elements[39m
[35m[HTTP][39m [90m{"using":"accessibility id","value":"New Bill"}[39m
[35m[HTTP][39m [37m<-- POST /wd/hub/session/3acba941-2eda-42f4-9ed3-3369142b8124/elements [39m[32m200[39m [90m92 ms - 12[39m
[35m[HTTP][39m [90m[39m
[35m[HTTP][39m [37m-->[39m [37mPOST[39m [37m/wd/hub/session/3acba941-2eda-42f4-9ed3-3369142b8124/elements[39m
[35m[HTTP][39m [90m{"using":"accessibility id","value":"New Bill"}[39m
[35m[HTTP][39m [37m<-- POST /wd/hub/session/3acba941-2eda-42f4-9ed3-3369142b8124/elements [39m[32m200[39m [90m110 ms - 12[39m
[35m[HTTP][39m [90m[39m
[35m[HTTP][39m [37m-->[39m [37mPOST[39m [37m/wd/hub/session/3acba941-2eda-42f4-9ed3-3369142b8124/elements[39m
[35m[HTTP][39m [90m{"using":"accessibility id","value":"New Bill"}[39m
[35m[HTTP][39m [37m<-- POST /wd/hub/session/3acba941-2eda-42f4-9ed3-3369142b8124/elements [39m[32m200[39m [90m76 ms - 12[39m
[35m[HTTP][39m [90m[39m
[35m[HTTP][39m [37m-->[39m [37mPOST[39m [37m/wd/hub/session/3acba941-2eda-42f4-9ed3-3369142b8124/elements[39m
[35m[HTTP][39m [90m{"using":"accessibility id","value":"New Bill"}[39m
[35m[HTTP][39m [37m<-- POST /wd/hub/session/3acba941-2eda-42f4-9ed3-3369142b8124/elements [39m[32m200[39m [90m106 ms - 12[39m
[35m[HTTP][39m [90m[39m
[35m[HTTP][39m [37m-->[39m [37mPOST[39m [37m/wd/hub/session/3acba941-2eda-42f4-9ed3-3369142b8124/elements[39m
[35m[HTTP][39m [90m{"using":"accessibility id","value":"New Bill"}[39m
[35m[HTTP][39m [37m<-- POST /wd/hub/session/3acba941-2eda-42f4-9ed3-3369142b8124/elements [39m[32m200[39m [90m107 ms - 12[39m
[35m[HTTP][39m [90m[39m
[35m[HTTP][39m [37m-->[39m [37mPOST[39m [37m/wd/hub/session/3acba941-2eda-42f4-9ed3-3369142b8124/elements[39m
[35m[HTTP][39m [90m{"using":"accessibility id","value":"New Bill"}[39m
[35m[HTTP][39m [37m<-- POST /wd/hub/session/3acba941-2eda-42f4-9ed3-3369142b8124/elements [39m[32m200[39m [90m105 ms - 12[39m
[35m[HTTP][39m [90m[39m
[35m[HTTP][39m [37m-->[39m [37mPOST[39m [37m/wd/hub/session/3acba941-2eda-42f4-9ed3-3369142b8124/elements[39m
[35m[HTTP][39m [90m{"using":"accessibility id","value":"New Bill"}[39m
[35m[HTTP][39m [37m<-- POST /wd/hub/session/3acba941-2eda-42f4-9ed3-3369142b8124/elements [39m[32m200[39m [90m101 ms - 12[39m
[35m[HTTP][39m [90m[39m
[35m[HTTP][39m [37m-->[39m [37mPOST[39m [37m/wd/hub/session/3acba941-2eda-42f4-9ed3-3369142b8124/elements[39m
[35m[HTTP][39m [90m{"using":"accessibility id","value":"New Bill"}[39m
[35m[HTTP][39m [37m<-- POST /wd/hub/session/3acba941-2eda-42f4-9ed3-3369142b8124/elements [39m[32m200[39m [90m113 ms - 12[39m
[35m[HTTP][39m [90m[39m
[35m[HTTP][39m [37m-->[39m [37mPOST[39m [37m/wd/hub/session/3acba941-2eda-42f4-9ed3-3369142b8124/elements[39m
[35m[HTTP][39m [90m{"using":"accessibility id","value":"New Bill"}[39m
[35m[HTTP][39m [37m<-- POST /wd/hub/session/3acba941-2eda-42f4-9ed3-3369142b8124/elements [39m[32m200[39m [90m110 ms - 12[39m
[35m[HTTP][39m [90m[39m
[35m[HTTP][39m [37m-->[39m [37mPOST[39m [37m/wd/hub/session/3acba941-2eda-42f4-9ed3-3369142b8124/elements[39m
[35m[HTTP][39m [90m{"using":"accessibility id","value":"New Bill"}[39m
[35m[HTTP][39m [37m<-- POST /wd/hub/session/3acba941-2eda-42f4-9ed3-3369142b8124/elements [39m[32m200[39m [90m107 ms - 12[39m
[35m[HTTP][39m [90m[39m
[35m[HTTP][39m [37m-->[39m [37mPOST[39m [37m/wd/hub/session/3acba941-2eda-42f4-9ed3-3369142b8124/elements[39m
[35m[HTTP][39m [90m{"using":"accessibility id","value":"New Bill"}[39m
[35m[HTTP][39m [37m<-- POST /wd/hub/session/3acba941-2eda-42f4-9ed3-3369142b8124/elements [39m[32m200[39m [90m109 ms - 12[39m
[35m[HTTP][39m [90m[39m
[35m[HTTP][39m [37m-->[39m [37mPOST[39m [37m/wd/hub/session/3acba941-2eda-42f4-9ed3-3369142b8124/elements[39m
[35m[HTTP][39m [90m{"using":"accessibility id","value":"New Bill"}[39m
[35m[HTTP][39m [37m<-- POST /wd/hub/session/3acba941-2eda-42f4-9ed3-3369142b8124/elements [39m[32m200[39m [90m100 ms - 12[39m
[35m[HTTP][39m [90m[39m
[35m[HTTP][39m [37m-->[39m [37mPOST[39m [37m/wd/hub/session/3acba941-2eda-42f4-9ed3-3369142b8124/elements[39m
[35m[HTTP][39m [90m{"using":"accessibility id","value":"New Bill"}[39m
[35m[HTTP][39m [37m<-- POST /wd/hub/session/3acba941-2eda-42f4-9ed3-3369142b8124/elements [39m[32m200[39m [90m108 ms - 12[39m
[35m[HTTP][39m [90m[39m
[35m[HTTP][39m [37m-->[39m [37mPOST[39m [37m/wd/hub/session/3acba941-2eda-42f4-9ed3-3369142b8124/elements[39m
[35m[HTTP][39m [90m{"using":"accessibility id","value":"New Bill"}[39m
[35m[HTTP][39m [37m<-- POST /wd/hub/session/3acba941-2eda-42f4-9ed3-3369142b8124/elements [39m[32m200[39m [90m54 ms - 12[39m
[35m[HTTP][39m [90m[39m
[35m[HTTP][39m [37m-->[39m [37mPOST[39m [37m/wd/hub/session/3acba941-2eda-42f4-9ed3-3369142b8124/elements[39m
[35m[HTTP][39m [90m{"using":"accessibility id","value":"New Bill"}[39m
[35m[HTTP][39m [37m<-- POST /wd/hub/session/3acba941-2eda-42f4-9ed3-3369142b8124/elements [39m[32m200[39m [90m104 ms - 12[39m
[35m[HTTP][39m [90m[39m
[35m[HTTP][39m [37m-->[39m [37mPOST[39m [37m/wd/hub/session/3acba941-2eda-42f4-9ed3-3369142b8124/elements[39m
[35m[HTTP][39m [90m{"using":"accessibility id","value":"New Bill"}[39m
[35m[HTTP][39m [37m<-- POST /wd/hub/session/3acba941-2eda-42f4-9ed3-3369142b8124/elements [39m[32m200[39m [90m103 ms - 12[39m
[35m[HTTP][39m [90m[39m
[35m[HTTP][39m [37m-->[39m [37mPOST[39m [37m/wd/hub/session/3acba941-2eda-42f4-9ed3-3369142b8124/elements[39m
[35m[HTTP][39m [90m{"using":"accessibility id","value":"New Bill"}[39m
[35m[HTTP][39m [37m<-- POST /wd/hub/session/3acba941-2eda-42f4-9ed3-3369142b8124/elements [39m[32m200[39m [90m86 ms - 12[39m
[35m[HTTP][39m [90m[39m
[35m[HTTP][39m [37m-->[39m [37mPOST[39m [37m/wd/hub/session/3acba941-2eda-42f4-9ed3-3369142b8124/elements[39m
[35m[HTTP][39m [90m{"using":"accessibility id","value":"New Bill"}[39m
[35m[HTTP][39m [37m<-- POST /wd/hub/session/3acba941-2eda-42f4-9ed3-3369142b8124/elements [39m[32m200[39m [90m111 ms - 12[39m
[35m[HTTP][39m [90m[39m
[35m[HTTP][39m [37m-->[39m [37mPOST[39m [37m/wd/hub/session/3acba941-2eda-42f4-9ed3-3369142b8124/elements[39m
[35m[HTTP][39m [90m{"using":"accessibility id","value":"New Bill"}[39m
[35m[HTTP][39m [37m<-- POST /wd/hub/session/3acba941-2eda-42f4-9ed3-3369142b8124/elements [39m[32m200[39m [90m107 ms - 12[39m
[35m[HTTP][39m [90m[39m
[35m[HTTP][39m [37m-->[39m [37mPOST[39m [37m/wd/hub/session/3acba941-2eda-42f4-9ed3-3369142b8124/elements[39m
[35m[HTTP][39m [90m{"using":"accessibility id","value":"New Bill"}[39m
[35m[HTTP][39m [37m<-- POST /wd/hub/session/3acba941-2eda-42f4-9ed3-3369142b8124/elements [39m[32m200[39m [90m105 ms - 12[39m
[35m[HTTP][39m [90m[39m
[35m[HTTP][39m [37m-->[39m [37mPOST[39m [37m/wd/hub/session/3acba941-2eda-42f4-9ed3-3369142b8124/elements[39m
[35m[HTTP][39m [90m{"using":"accessibility id","value":"New Bill"}[39m
[35m[HTTP][39m [37m<-- POST /wd/hub/session/3acba941-2eda-42f4-9ed3-3369142b8124/elements [39m[32m200[39m [90m92 ms - 12[39m
[35m[HTTP][39m [90m[39m
[35m[HTTP][39m [37m-->[39m [37mPOST[39m [37m/wd/hub/session/3acba941-2eda-42f4-9ed3-3369142b8124/elements[39m
[35m[HTTP][39m [90m{"using":"accessibility id","value":"New Bill"}[39m
[35m[HTTP][39m [37m<-- POST /wd/hub/session/3acba941-2eda-42f4-9ed3-3369142b8124/elements [39m[32m200[39m [90m110 ms - 12[39m
[35m[HTTP][39m [90m[39m
[35m[BaseDriver][39m Shutting down because we waited 1800 seconds for a command
[35m[Appium][39m Closing session, cause was 'New Command Timeout of 1800 seconds expired. Try customizing the timeout using the 'newCommandTimeout' desired capability'
[35m[Appium][39m Removing session '3acba941-2eda-42f4-9ed3-3369142b8124' from our master session list
[35m[UiAutomator2][39m Did not get confirmation UiAutomator2 deleteSession worked; Error was: UnknownError: An unknown server-side error occurred while processing the command. Original error: 'DELETE /' cannot be proxied to UiAutomator2 server because the instrumentation process is not running (probably crashed). Check the server log and/or the logcat output for more details
[35m[UiAutomator2][39m Restoring hidden api policy to the device default configuration
