[35m[Appium][39m Welcome to Appium v1.22.0
[35m[Appium][39m Non-default server args:
[35m[Appium][39m   port: 57269
[35m[Appium][39m   loglevel: info
[35m[Appium][39m   tmpDir: C:\Users\Dell\AppData\Local\Temp\\Katalon\Appium\Temp1681370678853
[35m[Appium][39m   chromedriverPort: 57270
[35m[Appium][39m Deprecated server args:
[35m[Appium][39m   [31m--chromedriver-port[39m => --default-capabilities
[35m[Appium][39m Default capabilities, which will be added to each request unless overridden by desired capabilities:
[35m[Appium][39m   chromedriverPort: 57270
[35m[Appium][39m Appium REST http interface listener started on 0.0.0.0:57269
[35m[HTTP][39m [37m-->[39m [37mGET[39m [37m/wd/hub/status[39m
[35m[HTTP][39m [90m{}[39m
[35m[HTTP][39m [37m<-- GET /wd/hub/status [39m[32m200[39m [90m6 ms - 68[39m
[35m[HTTP][39m [90m[39m
[35m[HTTP][39m [37m-->[39m [37mGET[39m [37m/wd/hub/status[39m
[35m[HTTP][39m [90m{}[39m
[35m[HTTP][39m [37m<-- GET /wd/hub/status [39m[32m200[39m [90m1 ms - 68[39m
[35m[HTTP][39m [90m[39m
[35m[HTTP][39m [37m-->[39m [37mPOST[39m [37m/wd/hub/session[39m
[35m[HTTP][39m [90m{"desiredCapabilities":{"appPackage":"com.android.settings","deviceId":"","deviceName":"Xiaomi Redmi Note 9 Pro (Android 12)","platform":"ANDROID","appActivity":".Settings","newCommandTimeout":1800,"platformVersion":"12","automationName":"uiautomator2","autoGrantPermissions":true,"platformName":"Android","udid":"b76dcbe1","systemPort":8281},"capabilities":{"firstMatch":[{"appium:appActivity":".Settings","appium:appPackage":"com.android.settings","appium:autoGrantPermissions":true,"appium:automationName":"uiautomator2","deviceId":"","appium:deviceName":"Xiaomi Redmi Note 9 Pro (Android 12)","appium:newCommandTimeout":1800,"platform":"ANDROID","platformName":"android","appium:platformVersion":"12","appium:systemPort":8281,"appium:udid":"b76dcbe1"}]}}[39m
[35m[BaseDriver][39m The following capabilities are not standard capabilities and should have an extension prefix:
[35m[BaseDriver][39m   deviceId
[35m[BaseDriver][39m   platform
[35m[BaseDriver][39m   chromedriverPort
[35m[Appium][39m Appium v1.22.0 creating new AndroidUiautomator2Driver (v1.69.0) session
[35m[BaseDriver][39m The following capabilities were provided, but are not recognized by Appium:
[35m[BaseDriver][39m   deviceId
[35m[BaseDriver][39m   platform
[35m[BaseDriver][39m Session created with session id: f67d7cca-6e1d-48e1-861d-de6013f4ec2e
[35m[UiAutomator2][39m Starting 'com.android.settings' directly on the device
[35m[ADB][39m Found 1 'build-tools' folders under 'C:\Users\Dell\AppData\Local\Android\Sdk' (newest first):
[35m[ADB][39m     C:/Users/Dell/AppData/Local/Android/Sdk/build-tools/31.0.0
[35m[ADB][39m Using 'adb.exe' from 'C:\Users\Dell\AppData\Local\Android\Sdk\platform-tools\adb.exe'
[35m[AndroidDriver][39m Retrieving device list
[35m[AndroidDriver][39m Using device: b76dcbe1
[35m[ADB][39m Using 'adb.exe' from 'C:\Users\Dell\AppData\Local\Android\Sdk\platform-tools\adb.exe'
[35m[ADB][39m Getting device platform version
[35m[UiAutomator2][39m Relaxing hidden api policy
[35m[AndroidDriver][39m No app sent in, not parsing package/activity
[35m[ADB][39m Using 'apksigner.jar' from 'C:\Users\Dell\AppData\Local\Android\Sdk\build-tools\31.0.0\lib\apksigner.jar'
[35m[ADB][39m 'C:\Users\Dell\AppData\Roaming\npm\node_modules\appium\node_modules\appium-uiautomator2-server\apks\appium-uiautomator2-server-v4.24.0.apk' is signed with the default certificate
[35m[ADB][39m 'C:\Users\Dell\AppData\Roaming\npm\node_modules\appium\node_modules\appium-uiautomator2-server\apks\appium-uiautomator2-server-debug-androidTest.apk' is signed with the default certificate
[35m[UiAutomator2][39m Server packages are not going to be (re)installed
[35m[ADB][39m Adding packages ["io.appium.settings","io.appium.uiautomator2.server","io.appium.uiautomator2.server.test"] to Doze whitelist
[35m[UiAutomator2][39m Starting UIAutomator2 server 4.24.0
[35m[UiAutomator2][39m Using UIAutomator2 server from 'C:\Users\Dell\AppData\Roaming\npm\node_modules\appium\node_modules\appium-uiautomator2-server\apks\appium-uiautomator2-server-v4.24.0.apk' and test from 'C:\Users\Dell\AppData\Roaming\npm\node_modules\appium\node_modules\appium-uiautomator2-server\apks\appium-uiautomator2-server-debug-androidTest.apk'
[35m[UiAutomator2][39m Waiting up to 30000ms for UiAutomator2 to be online...
[35m[WD Proxy][39m socket hang up
[35m[WD Proxy][39m socket hang up
[35m[WD Proxy][39m socket hang up
[35m[WD Proxy][39m socket hang up
[35m[WD Proxy][39m socket hang up
[35m[WD Proxy][39m socket hang up
[35m[WD Proxy][39m socket hang up
[35m[WD Proxy][39m Determined the downstream protocol as 'W3C'
[35m[AndroidDriver][39m Screen already unlocked, doing nothing
[35m[UiAutomator2][39m Starting 'com.android.settings/.Settings and waiting for 'com.android.settings/.Settings'
[35m[Appium][39m New AndroidUiautomator2Driver session created successfully, session f67d7cca-6e1d-48e1-861d-de6013f4ec2e added to master session list
[35m[HTTP][39m [37m<-- POST /wd/hub/session [39m[32m200[39m [90m18076 ms - 1189[39m
[35m[HTTP][39m [90m[39m
[35m[HTTP][39m [37m-->[39m [37mGET[39m [37m/wd/hub/session/f67d7cca-6e1d-48e1-861d-de6013f4ec2e[39m
[35m[HTTP][39m [90m{}[39m
[35m[HTTP][39m [37m<-- GET /wd/hub/session/f67d7cca-6e1d-48e1-861d-de6013f4ec2e [39m[32m200[39m [90m34 ms - 1143[39m
[35m[HTTP][39m [90m[39m
[35m[HTTP][39m [37m-->[39m [37mGET[39m [37m/wd/hub/session/f67d7cca-6e1d-48e1-861d-de6013f4ec2e[39m
[35m[HTTP][39m [90m{}[39m
[35m[HTTP][39m [37m<-- GET /wd/hub/session/f67d7cca-6e1d-48e1-861d-de6013f4ec2e [39m[32m200[39m [90m19 ms - 1143[39m
[35m[HTTP][39m [90m[39m
[35m[HTTP][39m [37m-->[39m [37mGET[39m [37m/wd/hub/status[39m
[35m[HTTP][39m [90m{}[39m
[35m[HTTP][39m [37m<-- GET /wd/hub/status [39m[32m200[39m [90m1 ms - 68[39m
[35m[HTTP][39m [90m[39m
[35m[HTTP][39m [37m-->[39m [37mPOST[39m [37m/wd/hub/session/f67d7cca-6e1d-48e1-861d-de6013f4ec2e/timeouts[39m
[35m[HTTP][39m [90m{"implicit":60000}[39m
[35m[HTTP][39m [37m<-- POST /wd/hub/session/f67d7cca-6e1d-48e1-861d-de6013f4ec2e/timeouts [39m[32m200[39m [90m4 ms - 14[39m
[35m[HTTP][39m [90m[39m
[35m[HTTP][39m [37m-->[39m [37mGET[39m [37m/wd/hub/session/f67d7cca-6e1d-48e1-861d-de6013f4ec2e/screenshot[39m
[35m[HTTP][39m [90m{}[39m
[35m[HTTP][39m [37m<-- GET /wd/hub/session/f67d7cca-6e1d-48e1-861d-de6013f4ec2e/screenshot [39m[32m200[39m [90m604 ms - 186298[39m
[35m[HTTP][39m [90m[39m
[35m[HTTP][39m [37m-->[39m [37mGET[39m [37m/wd/hub/session/f67d7cca-6e1d-48e1-861d-de6013f4ec2e/window/rect[39m
[35m[HTTP][39m [90m{}[39m
[35m[HTTP][39m [37m<-- GET /wd/hub/session/f67d7cca-6e1d-48e1-861d-de6013f4ec2e/window/rect [39m[32m200[39m [90m32 ms - 50[39m
[35m[HTTP][39m [90m[39m
[35m[HTTP][39m [37m-->[39m [37mGET[39m [37m/wd/hub/session/f67d7cca-6e1d-48e1-861d-de6013f4ec2e/appium/device/system_bars[39m
[35m[HTTP][39m [90m{}[39m
[35m[HTTP][39m [37m<-- GET /wd/hub/session/f67d7cca-6e1d-48e1-861d-de6013f4ec2e/appium/device/system_bars [39m[32m200[39m [90m160 ms - 145[39m
[35m[HTTP][39m [90m[39m
[35m[HTTP][39m [37m-->[39m [37mPOST[39m [37m/wd/hub/session/f67d7cca-6e1d-48e1-861d-de6013f4ec2e/appium/device/activate_app[39m
[35m[HTTP][39m [90m{"bundleId":"com.cbt.ajmandigital"}[39m
[35m[HTTP][39m [37m<-- POST /wd/hub/session/f67d7cca-6e1d-48e1-861d-de6013f4ec2e/appium/device/activate_app [39m[32m200[39m [90m4506 ms - 14[39m
[35m[HTTP][39m [90m[39m
[35m[HTTP][39m [37m-->[39m [37mGET[39m [37m/wd/hub/session/f67d7cca-6e1d-48e1-861d-de6013f4ec2e/source[39m
[35m[HTTP][39m [90m{}[39m
[35m[W3C (f67d7cca)][39m Driver proxy active, passing request on via HTTP proxy
[35m[WD Proxy][39m Replacing sessionId b919db21-973b-4a99-94e3-39a517998333 with f67d7cca-6e1d-48e1-861d-de6013f4ec2e
[35m[HTTP][39m [37m<-- GET /wd/hub/session/f67d7cca-6e1d-48e1-861d-de6013f4ec2e/source [39m[32m200[39m [90m499 ms - 11283[39m
[35m[HTTP][39m [90m[39m
[35m[HTTP][39m [37m-->[39m [37mGET[39m [37m/wd/hub/session/f67d7cca-6e1d-48e1-861d-de6013f4ec2e/screenshot[39m
[35m[HTTP][39m [90m{}[39m
[35m[HTTP][39m [37m<-- GET /wd/hub/session/f67d7cca-6e1d-48e1-861d-de6013f4ec2e/screenshot [39m[32m200[39m [90m498 ms - 165160[39m
[35m[HTTP][39m [90m[39m
[35m[HTTP][39m [37m-->[39m [37mPOST[39m [37m/wd/hub/session/f67d7cca-6e1d-48e1-861d-de6013f4ec2e/elements[39m
[35m[HTTP][39m [90m{"using":"xpath","value":"//*[@class = 'android.widget.ImageView' and @resource-id = '' and (@text = '' or . = '')]"}[39m
[35m[HTTP][39m [37m<-- POST /wd/hub/session/f67d7cca-6e1d-48e1-861d-de6013f4ec2e/elements [39m[32m200[39m [90m184 ms - 267[39m
[35m[HTTP][39m [90m[39m
[35m[HTTP][39m [37m-->[39m [37mPOST[39m [37m/wd/hub/session/f67d7cca-6e1d-48e1-861d-de6013f4ec2e/elements[39m
[35m[HTTP][39m [90m{"using":"-android uiautomator","value":"new UiSelector().className(\"android.widget.ImageView\").resourceId(\"\")"}[39m
[35m[HTTP][39m [37m<-- POST /wd/hub/session/f67d7cca-6e1d-48e1-861d-de6013f4ec2e/elements [39m[32m200[39m [90m84 ms - 267[39m
[35m[HTTP][39m [90m[39m
[35m[HTTP][39m [37m-->[39m [37mPOST[39m [37m/wd/hub/session/f67d7cca-6e1d-48e1-861d-de6013f4ec2e/timeouts[39m
[35m[HTTP][39m [90m{"implicit":1000}[39m
[35m[HTTP][39m [37m<-- POST /wd/hub/session/f67d7cca-6e1d-48e1-861d-de6013f4ec2e/timeouts [39m[32m200[39m [90m4 ms - 14[39m
[35m[HTTP][39m [90m[39m
[35m[HTTP][39m [37m-->[39m [37mPOST[39m [37m/wd/hub/session/f67d7cca-6e1d-48e1-861d-de6013f4ec2e/elements[39m
[35m[HTTP][39m [90m{"using":"xpath","value":"//*[contains(@content-desc, 'Purpose')]/following-sibling::android.widget.ImageView"}[39m
[35m[HTTP][39m [37m<-- POST /wd/hub/session/f67d7cca-6e1d-48e1-861d-de6013f4ec2e/elements [39m[32m200[39m [90m1095 ms - 12[39m
[35m[HTTP][39m [90m[39m
[35m[HTTP][39m [37m-->[39m [37mPOST[39m [37m/wd/hub/session/f67d7cca-6e1d-48e1-861d-de6013f4ec2e/elements[39m
[35m[HTTP][39m [90m{"using":"xpath","value":"//*[@class = 'android.widget.ImageView' and @resource-id = '' and (@text = '' or . = '')]"}[39m
[35m[HTTP][39m [37m<-- POST /wd/hub/session/f67d7cca-6e1d-48e1-861d-de6013f4ec2e/elements [39m[32m200[39m [90m131 ms - 267[39m
[35m[HTTP][39m [90m[39m
[35m[HTTP][39m [37m-->[39m [37mPOST[39m [37m/wd/hub/session/f67d7cca-6e1d-48e1-861d-de6013f4ec2e/elements[39m
[35m[HTTP][39m [90m{"using":"-android uiautomator","value":"new UiSelector().className(\"android.widget.ImageView\").resourceId(\"\")"}[39m
[35m[HTTP][39m [37m<-- POST /wd/hub/session/f67d7cca-6e1d-48e1-861d-de6013f4ec2e/elements [39m[32m200[39m [90m77 ms - 267[39m
[35m[HTTP][39m [90m[39m
[35m[HTTP][39m [37m-->[39m [37mPOST[39m [37m/wd/hub/session/f67d7cca-6e1d-48e1-861d-de6013f4ec2e/timeouts[39m
[35m[HTTP][39m [90m{"implicit":1000}[39m
[35m[HTTP][39m [37m<-- POST /wd/hub/session/f67d7cca-6e1d-48e1-861d-de6013f4ec2e/timeouts [39m[32m200[39m [90m2 ms - 14[39m
[35m[HTTP][39m [90m[39m
[35m[HTTP][39m [37m-->[39m [37mPOST[39m [37m/wd/hub/session/f67d7cca-6e1d-48e1-861d-de6013f4ec2e/elements[39m
[35m[HTTP][39m [90m{"using":"xpath","value":"(//android.widget.ImageView)[1]"}[39m
[35m[HTTP][39m [37m<-- POST /wd/hub/session/f67d7cca-6e1d-48e1-861d-de6013f4ec2e/elements [39m[32m200[39m [90m104 ms - 139[39m
[35m[HTTP][39m [90m[39m
[35m[HTTP][39m [37m-->[39m [37mGET[39m [37m/wd/hub/session/f67d7cca-6e1d-48e1-861d-de6013f4ec2e/element/00000000-0000-2077-0000-00b200000004/location[39m
[35m[HTTP][39m [90m{}[39m
[35m[W3C (f67d7cca)][39m Driver proxy active, passing request on via HTTP proxy
[35m[WD Proxy][39m Replacing sessionId b919db21-973b-4a99-94e3-39a517998333 with f67d7cca-6e1d-48e1-861d-de6013f4ec2e
[35m[HTTP][39m [37m<-- GET /wd/hub/session/f67d7cca-6e1d-48e1-861d-de6013f4ec2e/element/00000000-0000-2077-0000-00b200000004/location [39m[32m200[39m [90m39 ms - 76[39m
[35m[HTTP][39m [90m[39m
[35m[HTTP][39m [37m-->[39m [37mGET[39m [37m/wd/hub/session/f67d7cca-6e1d-48e1-861d-de6013f4ec2e/element/00000000-0000-2077-0000-00b200000004/size[39m
[35m[HTTP][39m [90m{}[39m
[35m[W3C (f67d7cca)][39m Driver proxy active, passing request on via HTTP proxy
[35m[WD Proxy][39m Replacing sessionId b919db21-973b-4a99-94e3-39a517998333 with f67d7cca-6e1d-48e1-861d-de6013f4ec2e
[35m[HTTP][39m [37m<-- GET /wd/hub/session/f67d7cca-6e1d-48e1-861d-de6013f4ec2e/element/00000000-0000-2077-0000-00b200000004/size [39m[32m200[39m [90m43 ms - 87[39m
[35m[HTTP][39m [90m[39m
[35m[HTTP][39m [37m-->[39m [37mPOST[39m [37m/wd/hub/session/f67d7cca-6e1d-48e1-861d-de6013f4ec2e/timeouts[39m
[35m[HTTP][39m [90m{"implicit":1000}[39m
[35m[HTTP][39m [37m<-- POST /wd/hub/session/f67d7cca-6e1d-48e1-861d-de6013f4ec2e/timeouts [39m[32m200[39m [90m2 ms - 14[39m
[35m[HTTP][39m [90m[39m
[35m[HTTP][39m [37m-->[39m [37mPOST[39m [37m/wd/hub/session/f67d7cca-6e1d-48e1-861d-de6013f4ec2e/elements[39m
[35m[HTTP][39m [90m{"using":"xpath","value":"(//android.widget.ImageView)[9]"}[39m
[35m[HTTP][39m [37m<-- POST /wd/hub/session/f67d7cca-6e1d-48e1-861d-de6013f4ec2e/elements [39m[32m200[39m [90m1112 ms - 12[39m
[35m[HTTP][39m [90m[39m
[35m[HTTP][39m [37m-->[39m [37mPOST[39m [37m/wd/hub/session/f67d7cca-6e1d-48e1-861d-de6013f4ec2e/timeouts[39m
[35m[HTTP][39m [90m{"implicit":1000}[39m
[35m[HTTP][39m [37m<-- POST /wd/hub/session/f67d7cca-6e1d-48e1-861d-de6013f4ec2e/timeouts [39m[32m200[39m [90m2 ms - 14[39m
[35m[HTTP][39m [90m[39m
[35m[HTTP][39m [37m-->[39m [37mPOST[39m [37m/wd/hub/session/f67d7cca-6e1d-48e1-861d-de6013f4ec2e/elements[39m
[35m[HTTP][39m [90m{"using":"xpath","value":"(//android.widget.ImageView)[9]"}[39m
[35m[HTTP][39m [37m<-- POST /wd/hub/session/f67d7cca-6e1d-48e1-861d-de6013f4ec2e/elements [39m[32m200[39m [90m1230 ms - 12[39m
[35m[HTTP][39m [90m[39m
[35m[HTTP][39m [37m-->[39m [37mPOST[39m [37m/wd/hub/session/f67d7cca-6e1d-48e1-861d-de6013f4ec2e/timeouts[39m
[35m[HTTP][39m [90m{"implicit":1000}[39m
[35m[HTTP][39m [37m<-- POST /wd/hub/session/f67d7cca-6e1d-48e1-861d-de6013f4ec2e/timeouts [39m[32m200[39m [90m2 ms - 14[39m
[35m[HTTP][39m [90m[39m
[35m[HTTP][39m [37m-->[39m [37mPOST[39m [37m/wd/hub/session/f67d7cca-6e1d-48e1-861d-de6013f4ec2e/elements[39m
[35m[HTTP][39m [90m{"using":"xpath","value":"(//android.widget.ImageView)[2]"}[39m
[35m[HTTP][39m [37m<-- POST /wd/hub/session/f67d7cca-6e1d-48e1-861d-de6013f4ec2e/elements [39m[32m200[39m [90m117 ms - 139[39m
[35m[HTTP][39m [90m[39m
[35m[HTTP][39m [37m-->[39m [37mGET[39m [37m/wd/hub/session/f67d7cca-6e1d-48e1-861d-de6013f4ec2e/element/00000000-0000-2077-0000-00ce00000004/location[39m
[35m[HTTP][39m [90m{}[39m
[35m[W3C (f67d7cca)][39m Driver proxy active, passing request on via HTTP proxy
[35m[WD Proxy][39m Replacing sessionId b919db21-973b-4a99-94e3-39a517998333 with f67d7cca-6e1d-48e1-861d-de6013f4ec2e
[35m[HTTP][39m [37m<-- GET /wd/hub/session/f67d7cca-6e1d-48e1-861d-de6013f4ec2e/element/00000000-0000-2077-0000-00ce00000004/location [39m[32m200[39m [90m44 ms - 78[39m
[35m[HTTP][39m [90m[39m
[35m[HTTP][39m [37m-->[39m [37mGET[39m [37m/wd/hub/session/f67d7cca-6e1d-48e1-861d-de6013f4ec2e/element/00000000-0000-2077-0000-00ce00000004/size[39m
[35m[HTTP][39m [90m{}[39m
[35m[W3C (f67d7cca)][39m Driver proxy active, passing request on via HTTP proxy
[35m[WD Proxy][39m Replacing sessionId b919db21-973b-4a99-94e3-39a517998333 with f67d7cca-6e1d-48e1-861d-de6013f4ec2e
[35m[HTTP][39m [37m<-- GET /wd/hub/session/f67d7cca-6e1d-48e1-861d-de6013f4ec2e/element/00000000-0000-2077-0000-00ce00000004/size [39m[32m200[39m [90m36 ms - 85[39m
[35m[HTTP][39m [90m[39m
[35m[HTTP][39m [37m-->[39m [37mPOST[39m [37m/wd/hub/session/f67d7cca-6e1d-48e1-861d-de6013f4ec2e/timeouts[39m
[35m[HTTP][39m [90m{"implicit":1000}[39m
[35m[HTTP][39m [37m<-- POST /wd/hub/session/f67d7cca-6e1d-48e1-861d-de6013f4ec2e/timeouts [39m[32m200[39m [90m2 ms - 14[39m
[35m[HTTP][39m [90m[39m
[35m[HTTP][39m [37m-->[39m [37mPOST[39m [37m/wd/hub/session/f67d7cca-6e1d-48e1-861d-de6013f4ec2e/elements[39m
[35m[HTTP][39m [90m{"using":"xpath","value":"(//android.widget.ImageView)[2]"}[39m
[35m[HTTP][39m [37m<-- POST /wd/hub/session/f67d7cca-6e1d-48e1-861d-de6013f4ec2e/elements [39m[32m200[39m [90m108 ms - 139[39m
[35m[HTTP][39m [90m[39m
[35m[HTTP][39m [37m-->[39m [37mGET[39m [37m/wd/hub/session/f67d7cca-6e1d-48e1-861d-de6013f4ec2e/element/00000000-0000-2077-0000-014b00000004/location[39m
[35m[HTTP][39m [90m{}[39m
[35m[W3C (f67d7cca)][39m Driver proxy active, passing request on via HTTP proxy
[35m[WD Proxy][39m Replacing sessionId b919db21-973b-4a99-94e3-39a517998333 with f67d7cca-6e1d-48e1-861d-de6013f4ec2e
[35m[HTTP][39m [37m<-- GET /wd/hub/session/f67d7cca-6e1d-48e1-861d-de6013f4ec2e/element/00000000-0000-2077-0000-014b00000004/location [39m[32m200[39m [90m32 ms - 78[39m
[35m[HTTP][39m [90m[39m
[35m[HTTP][39m [37m-->[39m [37mGET[39m [37m/wd/hub/session/f67d7cca-6e1d-48e1-861d-de6013f4ec2e/element/00000000-0000-2077-0000-014b00000004/size[39m
[35m[HTTP][39m [90m{}[39m
[35m[W3C (f67d7cca)][39m Driver proxy active, passing request on via HTTP proxy
[35m[WD Proxy][39m Replacing sessionId b919db21-973b-4a99-94e3-39a517998333 with f67d7cca-6e1d-48e1-861d-de6013f4ec2e
[35m[HTTP][39m [37m<-- GET /wd/hub/session/f67d7cca-6e1d-48e1-861d-de6013f4ec2e/element/00000000-0000-2077-0000-014b00000004/size [39m[32m200[39m [90m33 ms - 87[39m
[35m[HTTP][39m [90m[39m
[35m[HTTP][39m [37m-->[39m [37mPOST[39m [37m/wd/hub/session/f67d7cca-6e1d-48e1-861d-de6013f4ec2e/timeouts[39m
[35m[HTTP][39m [90m{"implicit":1000}[39m
[35m[HTTP][39m [37m<-- POST /wd/hub/session/f67d7cca-6e1d-48e1-861d-de6013f4ec2e/timeouts [39m[32m200[39m [90m6 ms - 14[39m
[35m[HTTP][39m [90m[39m
[35m[HTTP][39m [37m-->[39m [37mPOST[39m [37m/wd/hub/session/f67d7cca-6e1d-48e1-861d-de6013f4ec2e/elements[39m
[35m[HTTP][39m [90m{"using":"xpath","value":"(//android.widget.ImageView)[2]"}[39m
[35m[HTTP][39m [37m<-- POST /wd/hub/session/f67d7cca-6e1d-48e1-861d-de6013f4ec2e/elements [39m[32m200[39m [90m405 ms - 139[39m
[35m[HTTP][39m [90m[39m
[35m[HTTP][39m [37m-->[39m [37mGET[39m [37m/wd/hub/session/f67d7cca-6e1d-48e1-861d-de6013f4ec2e/element/00000000-0000-2077-0000-014b00000004/location[39m
[35m[HTTP][39m [90m{}[39m
[35m[W3C (f67d7cca)][39m Driver proxy active, passing request on via HTTP proxy
[35m[WD Proxy][39m Replacing sessionId b919db21-973b-4a99-94e3-39a517998333 with f67d7cca-6e1d-48e1-861d-de6013f4ec2e
[35m[HTTP][39m [37m<-- GET /wd/hub/session/f67d7cca-6e1d-48e1-861d-de6013f4ec2e/element/00000000-0000-2077-0000-014b00000004/location [39m[32m200[39m [90m37 ms - 78[39m
[35m[HTTP][39m [90m[39m
[35m[HTTP][39m [37m-->[39m [37mGET[39m [37m/wd/hub/session/f67d7cca-6e1d-48e1-861d-de6013f4ec2e/element/00000000-0000-2077-0000-014b00000004/size[39m
[35m[HTTP][39m [90m{}[39m
[35m[W3C (f67d7cca)][39m Driver proxy active, passing request on via HTTP proxy
[35m[WD Proxy][39m Replacing sessionId b919db21-973b-4a99-94e3-39a517998333 with f67d7cca-6e1d-48e1-861d-de6013f4ec2e
[35m[HTTP][39m [37m<-- GET /wd/hub/session/f67d7cca-6e1d-48e1-861d-de6013f4ec2e/element/00000000-0000-2077-0000-014b00000004/size [39m[32m200[39m [90m37 ms - 87[39m
[35m[HTTP][39m [90m[39m
