[35m[Appium][39m Welcome to Appium v1.22.0
[35m[Appium][39m Non-default server args:
[35m[Appium][39m   port: 52383
[35m[Appium][39m   loglevel: info
[35m[Appium][39m   tmpDir: C:\Users\Dell\AppData\Local\Temp\\Katalon\Appium\Temp1677573500384
[35m[Appium][39m   chromedriverPort: 52384
[35m[Appium][39m Deprecated server args:
[35m[Appium][39m   [31m--chromedriver-port[39m => --default-capabilities
[35m[Appium][39m Default capabilities, which will be added to each request unless overridden by desired capabilities:
[35m[Appium][39m   chromedriverPort: 52384
[35m[Appium][39m Appium REST http interface listener started on 0.0.0.0:52383
[35m[HTTP][39m [37m-->[39m [37mGET[39m [37m/wd/hub/status[39m
[35m[HTTP][39m [90m{}[39m
[35m[HTTP][39m [37m<-- GET /wd/hub/status [39m[32m200[39m [90m36 ms - 68[39m
[35m[HTTP][39m [90m[39m
[35m[HTTP][39m [37m-->[39m [37mPOST[39m [37m/wd/hub/session[39m
[35m[HTTP][39m [90m{"desiredCapabilities":{"appActivity":".Settings","appPackage":"com.android.settings","newCommandTimeout":1800,"platformVersion":"12","automationName":"uiautomator2","autoGrantPermissions":true,"platformName":"Android","udid":"b76dcbe1","deviceName":"Xiaomi Redmi Note 9 Pro (Android 12)","platform":"ANDROID","systemPort":8245},"capabilities":{"firstMatch":[{"appium:appActivity":".Settings","appium:appPackage":"com.android.settings","appium:autoGrantPermissions":true,"appium:automationName":"uiautomator2","appium:deviceName":"Xiaomi Redmi Note 9 Pro (Android 12)","appium:newCommandTimeout":1800,"platform":"ANDROID","platformName":"android","appium:platformVersion":"12","appium:systemPort":8245,"appium:udid":"b76dcbe1"}]}}[39m
[35m[BaseDriver][39m The following capabilities are not standard capabilities and should have an extension prefix:
[35m[BaseDriver][39m   platform
[35m[BaseDriver][39m   chromedriverPort
[35m[Appium][39m Appium v1.22.0 creating new AndroidUiautomator2Driver (v1.69.0) session
[35m[BaseDriver][39m The following capabilities were provided, but are not recognized by Appium:
[35m[BaseDriver][39m   platform
[35m[BaseDriver][39m Session created with session id: 545b441b-14e2-42d2-96cd-9db938f9bdc9
[35m[UiAutomator2][39m Starting 'com.android.settings' directly on the device
[35m[ADB][39m Found 1 'build-tools' folders under 'C:\Users\Dell\AppData\Local\Android\Sdk' (newest first):
[35m[ADB][39m     C:/Users/Dell/AppData/Local/Android/Sdk/build-tools/31.0.0
[35m[ADB][39m Using 'adb.exe' from 'C:\Users\Dell\AppData\Local\Android\Sdk\platform-tools\adb.exe'
[35m[AndroidDriver][39m Retrieving device list
[35m[AndroidDriver][39m Using device: b76dcbe1
[35m[ADB][39m Using 'adb.exe' from 'C:\Users\Dell\AppData\Local\Android\Sdk\platform-tools\adb.exe'
[35m[ADB][39m Getting device platform version
[35m[UiAutomator2][39m Relaxing hidden api policy
[35m[AndroidDriver][39m No app sent in, not parsing package/activity
[35m[ADB][39m Using 'apksigner.jar' from 'C:\Users\Dell\AppData\Local\Android\Sdk\build-tools\31.0.0\lib\apksigner.jar'
[35m[ADB][39m 'C:\Users\Dell\AppData\Roaming\npm\node_modules\appium\node_modules\appium-uiautomator2-server\apks\appium-uiautomator2-server-v4.24.0.apk' is signed with the default certificate
[35m[ADB][39m 'C:\Users\Dell\AppData\Roaming\npm\node_modules\appium\node_modules\appium-uiautomator2-server\apks\appium-uiautomator2-server-debug-androidTest.apk' is signed with the default certificate
[35m[UiAutomator2][39m Server packages are not going to be (re)installed
[35m[ADB][39m Adding packages ["io.appium.settings","io.appium.uiautomator2.server","io.appium.uiautomator2.server.test"] to Doze whitelist
[35m[UiAutomator2][39m Starting UIAutomator2 server 4.24.0
[35m[UiAutomator2][39m Using UIAutomator2 server from 'C:\Users\Dell\AppData\Roaming\npm\node_modules\appium\node_modules\appium-uiautomator2-server\apks\appium-uiautomator2-server-v4.24.0.apk' and test from 'C:\Users\Dell\AppData\Roaming\npm\node_modules\appium\node_modules\appium-uiautomator2-server\apks\appium-uiautomator2-server-debug-androidTest.apk'
[35m[UiAutomator2][39m Waiting up to 30000ms for UiAutomator2 to be online...
[35m[WD Proxy][39m socket hang up
[35m[WD Proxy][39m socket hang up
[35m[WD Proxy][39m socket hang up
[35m[WD Proxy][39m socket hang up
[35m[WD Proxy][39m socket hang up
[35m[WD Proxy][39m socket hang up
[35m[WD Proxy][39m Determined the downstream protocol as 'W3C'
[35m[AndroidDriver][39m Screen already unlocked, doing nothing
[35m[UiAutomator2][39m Starting 'com.android.settings/.Settings and waiting for 'com.android.settings/.Settings'
[35m[Appium][39m New AndroidUiautomator2Driver session created successfully, session 545b441b-14e2-42d2-96cd-9db938f9bdc9 added to master session list
[35m[HTTP][39m [37m<-- POST /wd/hub/session [39m[32m200[39m [90m16282 ms - 1161[39m
[35m[HTTP][39m [90m[39m
[35m[HTTP][39m [37m-->[39m [37mGET[39m [37m/wd/hub/session/545b441b-14e2-42d2-96cd-9db938f9bdc9[39m
[35m[HTTP][39m [90m{}[39m
[35m[HTTP][39m [37m<-- GET /wd/hub/session/545b441b-14e2-42d2-96cd-9db938f9bdc9 [39m[32m200[39m [90m26 ms - 1115[39m
[35m[HTTP][39m [90m[39m
[35m[HTTP][39m [37m-->[39m [37mGET[39m [37m/wd/hub/session/545b441b-14e2-42d2-96cd-9db938f9bdc9[39m
[35m[HTTP][39m [90m{}[39m
[35m[HTTP][39m [37m<-- GET /wd/hub/session/545b441b-14e2-42d2-96cd-9db938f9bdc9 [39m[32m200[39m [90m13 ms - 1115[39m
[35m[HTTP][39m [90m[39m
[35m[HTTP][39m [37m-->[39m [37mGET[39m [37m/wd/hub/status[39m
[35m[HTTP][39m [90m{}[39m
[35m[HTTP][39m [37m<-- GET /wd/hub/status [39m[32m200[39m [90m2 ms - 68[39m
[35m[HTTP][39m [90m[39m
[35m[HTTP][39m [37m-->[39m [37mPOST[39m [37m/wd/hub/session/545b441b-14e2-42d2-96cd-9db938f9bdc9/timeouts[39m
[35m[HTTP][39m [90m{"implicit":30000}[39m
[35m[HTTP][39m [37m<-- POST /wd/hub/session/545b441b-14e2-42d2-96cd-9db938f9bdc9/timeouts [39m[32m200[39m [90m10 ms - 14[39m
[35m[HTTP][39m [90m[39m
[35m[HTTP][39m [37m-->[39m [37mGET[39m [37m/wd/hub/session/545b441b-14e2-42d2-96cd-9db938f9bdc9/screenshot[39m
[35m[HTTP][39m [90m{}[39m
[35m[HTTP][39m [37m<-- GET /wd/hub/session/545b441b-14e2-42d2-96cd-9db938f9bdc9/screenshot [39m[32m200[39m [90m582 ms - 185850[39m
[35m[HTTP][39m [90m[39m
[35m[HTTP][39m [37m-->[39m [37mGET[39m [37m/wd/hub/session/545b441b-14e2-42d2-96cd-9db938f9bdc9/window/rect[39m
[35m[HTTP][39m [90m{}[39m
[35m[HTTP][39m [37m<-- GET /wd/hub/session/545b441b-14e2-42d2-96cd-9db938f9bdc9/window/rect [39m[32m200[39m [90m58 ms - 50[39m
[35m[HTTP][39m [90m[39m
[35m[HTTP][39m [37m-->[39m [37mGET[39m [37m/wd/hub/session/545b441b-14e2-42d2-96cd-9db938f9bdc9/appium/device/system_bars[39m
[35m[HTTP][39m [90m{}[39m
[35m[HTTP][39m [37m<-- GET /wd/hub/session/545b441b-14e2-42d2-96cd-9db938f9bdc9/appium/device/system_bars [39m[32m200[39m [90m285 ms - 145[39m
[35m[HTTP][39m [90m[39m
[35m[HTTP][39m [37m-->[39m [37mPOST[39m [37m/wd/hub/session/545b441b-14e2-42d2-96cd-9db938f9bdc9/appium/device/activate_app[39m
[35m[HTTP][39m [90m{"bundleId":"com.cbt.ajmandigital"}[39m
[35m[HTTP][39m [37m<-- POST /wd/hub/session/545b441b-14e2-42d2-96cd-9db938f9bdc9/appium/device/activate_app [39m[32m200[39m [90m4084 ms - 14[39m
[35m[HTTP][39m [90m[39m
[35m[HTTP][39m [37m-->[39m [37mPOST[39m [37m/wd/hub/session/545b441b-14e2-42d2-96cd-9db938f9bdc9/timeouts[39m
[35m[HTTP][39m [90m{"implicit":50}[39m
[35m[HTTP][39m [37m<-- POST /wd/hub/session/545b441b-14e2-42d2-96cd-9db938f9bdc9/timeouts [39m[32m200[39m [90m3 ms - 14[39m
[35m[HTTP][39m [90m[39m
[35m[HTTP][39m [37m-->[39m [37mGET[39m [37m/wd/hub/session/545b441b-14e2-42d2-96cd-9db938f9bdc9/window/rect[39m
[35m[HTTP][39m [90m{}[39m
[35m[HTTP][39m [37m<-- GET /wd/hub/session/545b441b-14e2-42d2-96cd-9db938f9bdc9/window/rect [39m[32m200[39m [90m18 ms - 50[39m
[35m[HTTP][39m [90m[39m
[35m[HTTP][39m [37m-->[39m [37mPOST[39m [37m/wd/hub/session/545b441b-14e2-42d2-96cd-9db938f9bdc9/elements[39m
[35m[HTTP][39m [90m{"using":"accessibility id","value":"Forgot mPIN?"}[39m
[35m[HTTP][39m [37m<-- POST /wd/hub/session/545b441b-14e2-42d2-96cd-9db938f9bdc9/elements [39m[32m200[39m [90m364 ms - 139[39m
[35m[HTTP][39m [90m[39m
[35m[HTTP][39m [37m-->[39m [37mGET[39m [37m/wd/hub/session/545b441b-14e2-42d2-96cd-9db938f9bdc9/element/00000000-0000-112b-0000-034900000004/location[39m
[35m[HTTP][39m [90m{}[39m
[35m[W3C (545b441b)][39m Driver proxy active, passing request on via HTTP proxy
[35m[WD Proxy][39m Replacing sessionId 1b85f86a-098f-4642-86ef-1ac74df0a9d9 with 545b441b-14e2-42d2-96cd-9db938f9bdc9
[35m[HTTP][39m [37m<-- GET /wd/hub/session/545b441b-14e2-42d2-96cd-9db938f9bdc9/element/00000000-0000-112b-0000-034900000004/location [39m[32m200[39m [90m37 ms - 79[39m
[35m[HTTP][39m [90m[39m
[35m[HTTP][39m [37m-->[39m [37mPOST[39m [37m/wd/hub/session/545b441b-14e2-42d2-96cd-9db938f9bdc9/timeouts[39m
[35m[HTTP][39m [90m{"implicit":30000}[39m
[35m[HTTP][39m [37m<-- POST /wd/hub/session/545b441b-14e2-42d2-96cd-9db938f9bdc9/timeouts [39m[32m200[39m [90m4 ms - 14[39m
[35m[HTTP][39m [90m[39m
[35m[HTTP][39m [37m-->[39m [37mPOST[39m [37m/wd/hub/session/545b441b-14e2-42d2-96cd-9db938f9bdc9/appium/device/press_keycode[39m
[35m[HTTP][39m [90m{"keycode":8}[39m
[35m[HTTP][39m [37m<-- POST /wd/hub/session/545b441b-14e2-42d2-96cd-9db938f9bdc9/appium/device/press_keycode [39m[32m200[39m [90m138 ms - 14[39m
[35m[HTTP][39m [90m[39m
[35m[HTTP][39m [37m-->[39m [37mPOST[39m [37m/wd/hub/session/545b441b-14e2-42d2-96cd-9db938f9bdc9/appium/device/press_keycode[39m
[35m[HTTP][39m [90m{"keycode":7}[39m
[35m[HTTP][39m [37m<-- POST /wd/hub/session/545b441b-14e2-42d2-96cd-9db938f9bdc9/appium/device/press_keycode [39m[32m200[39m [90m1101 ms - 14[39m
[35m[HTTP][39m [90m[39m
[35m[HTTP][39m [37m-->[39m [37mPOST[39m [37m/wd/hub/session/545b441b-14e2-42d2-96cd-9db938f9bdc9/appium/device/press_keycode[39m
[35m[HTTP][39m [90m{"keycode":9}[39m
[35m[HTTP][39m [37m<-- POST /wd/hub/session/545b441b-14e2-42d2-96cd-9db938f9bdc9/appium/device/press_keycode [39m[32m200[39m [90m520 ms - 14[39m
[35m[HTTP][39m [90m[39m
[35m[HTTP][39m [37m-->[39m [37mPOST[39m [37m/wd/hub/session/545b441b-14e2-42d2-96cd-9db938f9bdc9/appium/device/press_keycode[39m
[35m[HTTP][39m [90m{"keycode":7}[39m
[35m[HTTP][39m [37m<-- POST /wd/hub/session/545b441b-14e2-42d2-96cd-9db938f9bdc9/appium/device/press_keycode [39m[32m200[39m [90m553 ms - 14[39m
[35m[HTTP][39m [90m[39m
[35m[HTTP][39m [37m-->[39m [37mPOST[39m [37m/wd/hub/session/545b441b-14e2-42d2-96cd-9db938f9bdc9/appium/device/press_keycode[39m
[35m[HTTP][39m [90m{"keycode":10}[39m
[35m[HTTP][39m [37m<-- POST /wd/hub/session/545b441b-14e2-42d2-96cd-9db938f9bdc9/appium/device/press_keycode [39m[32m200[39m [90m993 ms - 14[39m
[35m[HTTP][39m [90m[39m
[35m[HTTP][39m [37m-->[39m [37mPOST[39m [37m/wd/hub/session/545b441b-14e2-42d2-96cd-9db938f9bdc9/appium/device/press_keycode[39m
[35m[HTTP][39m [90m{"keycode":7}[39m
[35m[HTTP][39m [37m<-- POST /wd/hub/session/545b441b-14e2-42d2-96cd-9db938f9bdc9/appium/device/press_keycode [39m[32m200[39m [90m554 ms - 14[39m
[35m[HTTP][39m [90m[39m
[35m[HTTP][39m [37m-->[39m [37mPOST[39m [37m/wd/hub/session/545b441b-14e2-42d2-96cd-9db938f9bdc9/appium/device/press_keycode[39m
[35m[HTTP][39m [90m{"keycode":66}[39m
[35m[HTTP][39m [37m<-- POST /wd/hub/session/545b441b-14e2-42d2-96cd-9db938f9bdc9/appium/device/press_keycode [39m[32m200[39m [90m1506 ms - 14[39m
[35m[HTTP][39m [90m[39m
[35m[HTTP][39m [37m-->[39m [37mPOST[39m [37m/wd/hub/session/545b441b-14e2-42d2-96cd-9db938f9bdc9/timeouts[39m
[35m[HTTP][39m [90m{"implicit":50}[39m
[35m[HTTP][39m [37m<-- POST /wd/hub/session/545b441b-14e2-42d2-96cd-9db938f9bdc9/timeouts [39m[32m200[39m [90m3 ms - 14[39m
[35m[HTTP][39m [90m[39m
[35m[HTTP][39m [37m-->[39m [37mGET[39m [37m/wd/hub/session/545b441b-14e2-42d2-96cd-9db938f9bdc9/window/rect[39m
[35m[HTTP][39m [90m{}[39m
[35m[HTTP][39m [37m<-- GET /wd/hub/session/545b441b-14e2-42d2-96cd-9db938f9bdc9/window/rect [39m[32m200[39m [90m19 ms - 50[39m
[35m[HTTP][39m [90m[39m
[35m[HTTP][39m [37m-->[39m [37mPOST[39m [37m/wd/hub/session/545b441b-14e2-42d2-96cd-9db938f9bdc9/elements[39m
[35m[HTTP][39m [90m{"using":"xpath","value":"//android.view.View[contains(@content-desc, 'Available Balance')]"}[39m
[35m[HTTP][39m [37m<-- POST /wd/hub/session/545b441b-14e2-42d2-96cd-9db938f9bdc9/elements [39m[32m200[39m [90m1251 ms - 12[39m
[35m[HTTP][39m [90m[39m
[35m[HTTP][39m [37m-->[39m [37mPOST[39m [37m/wd/hub/session/545b441b-14e2-42d2-96cd-9db938f9bdc9/elements[39m
[35m[HTTP][39m [90m{"using":"xpath","value":"//android.view.View[contains(@content-desc, 'Available Balance')]"}[39m
[35m[HTTP][39m [37m<-- POST /wd/hub/session/545b441b-14e2-42d2-96cd-9db938f9bdc9/elements [39m[32m200[39m [90m114 ms - 12[39m
[35m[HTTP][39m [90m[39m
[35m[HTTP][39m [37m-->[39m [37mPOST[39m [37m/wd/hub/session/545b441b-14e2-42d2-96cd-9db938f9bdc9/elements[39m
[35m[HTTP][39m [90m{"using":"xpath","value":"//android.view.View[contains(@content-desc, 'Available Balance')]"}[39m
[35m[HTTP][39m [37m<-- POST /wd/hub/session/545b441b-14e2-42d2-96cd-9db938f9bdc9/elements [39m[32m200[39m [90m101 ms - 12[39m
[35m[HTTP][39m [90m[39m
[35m[HTTP][39m [37m-->[39m [37mPOST[39m [37m/wd/hub/session/545b441b-14e2-42d2-96cd-9db938f9bdc9/elements[39m
[35m[HTTP][39m [90m{"using":"xpath","value":"//android.view.View[contains(@content-desc, 'Available Balance')]"}[39m
[35m[HTTP][39m [37m<-- POST /wd/hub/session/545b441b-14e2-42d2-96cd-9db938f9bdc9/elements [39m[32m200[39m [90m85 ms - 12[39m
[35m[HTTP][39m [90m[39m
[35m[HTTP][39m [37m-->[39m [37mPOST[39m [37m/wd/hub/session/545b441b-14e2-42d2-96cd-9db938f9bdc9/elements[39m
[35m[HTTP][39m [90m{"using":"xpath","value":"//android.view.View[contains(@content-desc, 'Available Balance')]"}[39m
[35m[HTTP][39m [37m<-- POST /wd/hub/session/545b441b-14e2-42d2-96cd-9db938f9bdc9/elements [39m[32m200[39m [90m82 ms - 12[39m
[35m[HTTP][39m [90m[39m
[35m[HTTP][39m [37m-->[39m [37mPOST[39m [37m/wd/hub/session/545b441b-14e2-42d2-96cd-9db938f9bdc9/elements[39m
[35m[HTTP][39m [90m{"using":"xpath","value":"//android.view.View[contains(@content-desc, 'Available Balance')]"}[39m
[35m[HTTP][39m [37m<-- POST /wd/hub/session/545b441b-14e2-42d2-96cd-9db938f9bdc9/elements [39m[32m200[39m [90m90 ms - 12[39m
[35m[HTTP][39m [90m[39m
[35m[HTTP][39m [37m-->[39m [37mPOST[39m [37m/wd/hub/session/545b441b-14e2-42d2-96cd-9db938f9bdc9/elements[39m
[35m[HTTP][39m [90m{"using":"xpath","value":"//android.view.View[contains(@content-desc, 'Available Balance')]"}[39m
[35m[HTTP][39m [37m<-- POST /wd/hub/session/545b441b-14e2-42d2-96cd-9db938f9bdc9/elements [39m[32m200[39m [90m84 ms - 12[39m
[35m[HTTP][39m [90m[39m
[35m[HTTP][39m [37m-->[39m [37mPOST[39m [37m/wd/hub/session/545b441b-14e2-42d2-96cd-9db938f9bdc9/elements[39m
[35m[HTTP][39m [90m{"using":"xpath","value":"//android.view.View[contains(@content-desc, 'Available Balance')]"}[39m
[35m[HTTP][39m [37m<-- POST /wd/hub/session/545b441b-14e2-42d2-96cd-9db938f9bdc9/elements [39m[32m200[39m [90m73 ms - 12[39m
[35m[HTTP][39m [90m[39m
[35m[HTTP][39m [37m-->[39m [37mPOST[39m [37m/wd/hub/session/545b441b-14e2-42d2-96cd-9db938f9bdc9/elements[39m
[35m[HTTP][39m [90m{"using":"xpath","value":"//android.view.View[contains(@content-desc, 'Available Balance')]"}[39m
[35m[HTTP][39m [37m<-- POST /wd/hub/session/545b441b-14e2-42d2-96cd-9db938f9bdc9/elements [39m[32m200[39m [90m96 ms - 12[39m
[35m[HTTP][39m [90m[39m
[35m[HTTP][39m [37m-->[39m [37mPOST[39m [37m/wd/hub/session/545b441b-14e2-42d2-96cd-9db938f9bdc9/elements[39m
[35m[HTTP][39m [90m{"using":"xpath","value":"//android.view.View[contains(@content-desc, 'Available Balance')]"}[39m
[35m[HTTP][39m [37m<-- POST /wd/hub/session/545b441b-14e2-42d2-96cd-9db938f9bdc9/elements [39m[32m200[39m [90m86 ms - 12[39m
[35m[HTTP][39m [90m[39m
[35m[HTTP][39m [37m-->[39m [37mPOST[39m [37m/wd/hub/session/545b441b-14e2-42d2-96cd-9db938f9bdc9/elements[39m
[35m[HTTP][39m [90m{"using":"xpath","value":"//android.view.View[contains(@content-desc, 'Available Balance')]"}[39m
[35m[HTTP][39m [37m<-- POST /wd/hub/session/545b441b-14e2-42d2-96cd-9db938f9bdc9/elements [39m[32m200[39m [90m89 ms - 12[39m
[35m[HTTP][39m [90m[39m
[35m[HTTP][39m [37m-->[39m [37mPOST[39m [37m/wd/hub/session/545b441b-14e2-42d2-96cd-9db938f9bdc9/elements[39m
[35m[HTTP][39m [90m{"using":"xpath","value":"//android.view.View[contains(@content-desc, 'Available Balance')]"}[39m
[35m[HTTP][39m [37m<-- POST /wd/hub/session/545b441b-14e2-42d2-96cd-9db938f9bdc9/elements [39m[32m200[39m [90m121 ms - 12[39m
[35m[HTTP][39m [90m[39m
[35m[HTTP][39m [37m-->[39m [37mPOST[39m [37m/wd/hub/session/545b441b-14e2-42d2-96cd-9db938f9bdc9/elements[39m
[35m[HTTP][39m [90m{"using":"xpath","value":"//android.view.View[contains(@content-desc, 'Available Balance')]"}[39m
[35m[HTTP][39m [37m<-- POST /wd/hub/session/545b441b-14e2-42d2-96cd-9db938f9bdc9/elements [39m[32m200[39m [90m75 ms - 12[39m
[35m[HTTP][39m [90m[39m
[35m[HTTP][39m [37m-->[39m [37mPOST[39m [37m/wd/hub/session/545b441b-14e2-42d2-96cd-9db938f9bdc9/elements[39m
[35m[HTTP][39m [90m{"using":"xpath","value":"//android.view.View[contains(@content-desc, 'Available Balance')]"}[39m
[35m[HTTP][39m [37m<-- POST /wd/hub/session/545b441b-14e2-42d2-96cd-9db938f9bdc9/elements [39m[32m200[39m [90m88 ms - 12[39m
[35m[HTTP][39m [90m[39m
[35m[HTTP][39m [37m-->[39m [37mPOST[39m [37m/wd/hub/session/545b441b-14e2-42d2-96cd-9db938f9bdc9/elements[39m
[35m[HTTP][39m [90m{"using":"xpath","value":"//android.view.View[contains(@content-desc, 'Available Balance')]"}[39m
[35m[HTTP][39m [37m<-- POST /wd/hub/session/545b441b-14e2-42d2-96cd-9db938f9bdc9/elements [39m[32m200[39m [90m75 ms - 12[39m
[35m[HTTP][39m [90m[39m
[35m[HTTP][39m [37m-->[39m [37mPOST[39m [37m/wd/hub/session/545b441b-14e2-42d2-96cd-9db938f9bdc9/elements[39m
[35m[HTTP][39m [90m{"using":"xpath","value":"//android.view.View[contains(@content-desc, 'Available Balance')]"}[39m
[35m[HTTP][39m [37m<-- POST /wd/hub/session/545b441b-14e2-42d2-96cd-9db938f9bdc9/elements [39m[32m200[39m [90m101 ms - 12[39m
[35m[HTTP][39m [90m[39m
[35m[HTTP][39m [37m-->[39m [37mPOST[39m [37m/wd/hub/session/545b441b-14e2-42d2-96cd-9db938f9bdc9/elements[39m
[35m[HTTP][39m [90m{"using":"xpath","value":"//android.view.View[contains(@content-desc, 'Available Balance')]"}[39m
[35m[HTTP][39m [37m<-- POST /wd/hub/session/545b441b-14e2-42d2-96cd-9db938f9bdc9/elements [39m[32m200[39m [90m84 ms - 12[39m
[35m[HTTP][39m [90m[39m
[35m[HTTP][39m [37m-->[39m [37mPOST[39m [37m/wd/hub/session/545b441b-14e2-42d2-96cd-9db938f9bdc9/elements[39m
[35m[HTTP][39m [90m{"using":"xpath","value":"//android.view.View[contains(@content-desc, 'Available Balance')]"}[39m
[35m[HTTP][39m [37m<-- POST /wd/hub/session/545b441b-14e2-42d2-96cd-9db938f9bdc9/elements [39m[32m200[39m [90m91 ms - 12[39m
[35m[HTTP][39m [90m[39m
[35m[HTTP][39m [37m-->[39m [37mPOST[39m [37m/wd/hub/session/545b441b-14e2-42d2-96cd-9db938f9bdc9/elements[39m
[35m[HTTP][39m [90m{"using":"xpath","value":"//android.view.View[contains(@content-desc, 'Available Balance')]"}[39m
[35m[HTTP][39m [37m<-- POST /wd/hub/session/545b441b-14e2-42d2-96cd-9db938f9bdc9/elements [39m[32m200[39m [90m79 ms - 12[39m
[35m[HTTP][39m [90m[39m
[35m[HTTP][39m [37m-->[39m [37mPOST[39m [37m/wd/hub/session/545b441b-14e2-42d2-96cd-9db938f9bdc9/elements[39m
[35m[HTTP][39m [90m{"using":"xpath","value":"//android.view.View[contains(@content-desc, 'Available Balance')]"}[39m
[35m[HTTP][39m [37m<-- POST /wd/hub/session/545b441b-14e2-42d2-96cd-9db938f9bdc9/elements [39m[32m200[39m [90m89 ms - 12[39m
[35m[HTTP][39m [90m[39m
[35m[HTTP][39m [37m-->[39m [37mPOST[39m [37m/wd/hub/session/545b441b-14e2-42d2-96cd-9db938f9bdc9/elements[39m
[35m[HTTP][39m [90m{"using":"xpath","value":"//android.view.View[contains(@content-desc, 'Available Balance')]"}[39m
[35m[HTTP][39m [37m<-- POST /wd/hub/session/545b441b-14e2-42d2-96cd-9db938f9bdc9/elements [39m[32m200[39m [90m57 ms - 12[39m
[35m[HTTP][39m [90m[39m
[35m[HTTP][39m [37m-->[39m [37mPOST[39m [37m/wd/hub/session/545b441b-14e2-42d2-96cd-9db938f9bdc9/elements[39m
[35m[HTTP][39m [90m{"using":"xpath","value":"//android.view.View[contains(@content-desc, 'Available Balance')]"}[39m
[35m[HTTP][39m [37m<-- POST /wd/hub/session/545b441b-14e2-42d2-96cd-9db938f9bdc9/elements [39m[32m200[39m [90m53 ms - 12[39m
[35m[HTTP][39m [90m[39m
[35m[HTTP][39m [37m-->[39m [37mPOST[39m [37m/wd/hub/session/545b441b-14e2-42d2-96cd-9db938f9bdc9/elements[39m
[35m[HTTP][39m [90m{"using":"xpath","value":"//android.view.View[contains(@content-desc, 'Available Balance')]"}[39m
[35m[HTTP][39m [37m<-- POST /wd/hub/session/545b441b-14e2-42d2-96cd-9db938f9bdc9/elements [39m[32m200[39m [90m63 ms - 12[39m
[35m[HTTP][39m [90m[39m
[35m[HTTP][39m [37m-->[39m [37mPOST[39m [37m/wd/hub/session/545b441b-14e2-42d2-96cd-9db938f9bdc9/elements[39m
[35m[HTTP][39m [90m{"using":"xpath","value":"//android.view.View[contains(@content-desc, 'Available Balance')]"}[39m
[35m[HTTP][39m [37m<-- POST /wd/hub/session/545b441b-14e2-42d2-96cd-9db938f9bdc9/elements [39m[32m200[39m [90m51 ms - 12[39m
[35m[HTTP][39m [90m[39m
[35m[HTTP][39m [37m-->[39m [37mPOST[39m [37m/wd/hub/session/545b441b-14e2-42d2-96cd-9db938f9bdc9/elements[39m
[35m[HTTP][39m [90m{"using":"xpath","value":"//android.view.View[contains(@content-desc, 'Available Balance')]"}[39m
[35m[HTTP][39m [37m<-- POST /wd/hub/session/545b441b-14e2-42d2-96cd-9db938f9bdc9/elements [39m[32m200[39m [90m57 ms - 12[39m
[35m[HTTP][39m [90m[39m
[35m[HTTP][39m [37m-->[39m [37mPOST[39m [37m/wd/hub/session/545b441b-14e2-42d2-96cd-9db938f9bdc9/elements[39m
[35m[HTTP][39m [90m{"using":"xpath","value":"//android.view.View[contains(@content-desc, 'Available Balance')]"}[39m
[35m[HTTP][39m [37m<-- POST /wd/hub/session/545b441b-14e2-42d2-96cd-9db938f9bdc9/elements [39m[32m200[39m [90m78 ms - 12[39m
[35m[HTTP][39m [90m[39m
[35m[HTTP][39m [37m-->[39m [37mPOST[39m [37m/wd/hub/session/545b441b-14e2-42d2-96cd-9db938f9bdc9/elements[39m
[35m[HTTP][39m [90m{"using":"xpath","value":"//android.view.View[contains(@content-desc, 'Available Balance')]"}[39m
[35m[HTTP][39m [37m<-- POST /wd/hub/session/545b441b-14e2-42d2-96cd-9db938f9bdc9/elements [39m[32m200[39m [90m70 ms - 12[39m
[35m[HTTP][39m [90m[39m
[35m[HTTP][39m [37m-->[39m [37mPOST[39m [37m/wd/hub/session/545b441b-14e2-42d2-96cd-9db938f9bdc9/elements[39m
[35m[HTTP][39m [90m{"using":"xpath","value":"//android.view.View[contains(@content-desc, 'Available Balance')]"}[39m
[35m[HTTP][39m [37m<-- POST /wd/hub/session/545b441b-14e2-42d2-96cd-9db938f9bdc9/elements [39m[32m200[39m [90m52 ms - 12[39m
[35m[HTTP][39m [90m[39m
[35m[HTTP][39m [37m-->[39m [37mPOST[39m [37m/wd/hub/session/545b441b-14e2-42d2-96cd-9db938f9bdc9/elements[39m
[35m[HTTP][39m [90m{"using":"xpath","value":"//android.view.View[contains(@content-desc, 'Available Balance')]"}[39m
[35m[HTTP][39m [37m<-- POST /wd/hub/session/545b441b-14e2-42d2-96cd-9db938f9bdc9/elements [39m[32m200[39m [90m113 ms - 12[39m
[35m[HTTP][39m [90m[39m
[35m[HTTP][39m [37m-->[39m [37mPOST[39m [37m/wd/hub/session/545b441b-14e2-42d2-96cd-9db938f9bdc9/elements[39m
[35m[HTTP][39m [90m{"using":"xpath","value":"//android.view.View[contains(@content-desc, 'Available Balance')]"}[39m
[35m[HTTP][39m [37m<-- POST /wd/hub/session/545b441b-14e2-42d2-96cd-9db938f9bdc9/elements [39m[32m200[39m [90m80 ms - 12[39m
[35m[HTTP][39m [90m[39m
[35m[HTTP][39m [37m-->[39m [37mPOST[39m [37m/wd/hub/session/545b441b-14e2-42d2-96cd-9db938f9bdc9/elements[39m
[35m[HTTP][39m [90m{"using":"xpath","value":"//android.view.View[contains(@content-desc, 'Available Balance')]"}[39m
[35m[HTTP][39m [37m<-- POST /wd/hub/session/545b441b-14e2-42d2-96cd-9db938f9bdc9/elements [39m[32m200[39m [90m52 ms - 12[39m
[35m[HTTP][39m [90m[39m
[35m[HTTP][39m [37m-->[39m [37mPOST[39m [37m/wd/hub/session/545b441b-14e2-42d2-96cd-9db938f9bdc9/elements[39m
[35m[HTTP][39m [90m{"using":"xpath","value":"//android.view.View[contains(@content-desc, 'Available Balance')]"}[39m
[35m[HTTP][39m [37m<-- POST /wd/hub/session/545b441b-14e2-42d2-96cd-9db938f9bdc9/elements [39m[32m200[39m [90m128 ms - 12[39m
[35m[HTTP][39m [90m[39m
[35m[HTTP][39m [37m-->[39m [37mPOST[39m [37m/wd/hub/session/545b441b-14e2-42d2-96cd-9db938f9bdc9/elements[39m
[35m[HTTP][39m [90m{"using":"xpath","value":"//android.view.View[contains(@content-desc, 'Available Balance')]"}[39m
[35m[HTTP][39m [37m<-- POST /wd/hub/session/545b441b-14e2-42d2-96cd-9db938f9bdc9/elements [39m[32m200[39m [90m63 ms - 12[39m
[35m[HTTP][39m [90m[39m
[35m[HTTP][39m [37m-->[39m [37mPOST[39m [37m/wd/hub/session/545b441b-14e2-42d2-96cd-9db938f9bdc9/elements[39m
[35m[HTTP][39m [90m{"using":"xpath","value":"//android.view.View[contains(@content-desc, 'Available Balance')]"}[39m
[35m[HTTP][39m [37m<-- POST /wd/hub/session/545b441b-14e2-42d2-96cd-9db938f9bdc9/elements [39m[32m200[39m [90m116 ms - 12[39m
[35m[HTTP][39m [90m[39m
[35m[HTTP][39m [37m-->[39m [37mPOST[39m [37m/wd/hub/session/545b441b-14e2-42d2-96cd-9db938f9bdc9/elements[39m
[35m[HTTP][39m [90m{"using":"xpath","value":"//android.view.View[contains(@content-desc, 'Available Balance')]"}[39m
[35m[HTTP][39m [37m<-- POST /wd/hub/session/545b441b-14e2-42d2-96cd-9db938f9bdc9/elements [39m[32m200[39m [90m124 ms - 12[39m
[35m[HTTP][39m [90m[39m
[35m[HTTP][39m [37m-->[39m [37mPOST[39m [37m/wd/hub/session/545b441b-14e2-42d2-96cd-9db938f9bdc9/elements[39m
[35m[HTTP][39m [90m{"using":"xpath","value":"//android.view.View[contains(@content-desc, 'Available Balance')]"}[39m
[35m[HTTP][39m [37m<-- POST /wd/hub/session/545b441b-14e2-42d2-96cd-9db938f9bdc9/elements [39m[32m200[39m [90m67 ms - 12[39m
[35m[HTTP][39m [90m[39m
[35m[HTTP][39m [37m-->[39m [37mPOST[39m [37m/wd/hub/session/545b441b-14e2-42d2-96cd-9db938f9bdc9/elements[39m
[35m[HTTP][39m [90m{"using":"xpath","value":"//android.view.View[contains(@content-desc, 'Available Balance')]"}[39m
[35m[HTTP][39m [37m<-- POST /wd/hub/session/545b441b-14e2-42d2-96cd-9db938f9bdc9/elements [39m[32m200[39m [90m63 ms - 12[39m
[35m[HTTP][39m [90m[39m
[35m[HTTP][39m [37m-->[39m [37mPOST[39m [37m/wd/hub/session/545b441b-14e2-42d2-96cd-9db938f9bdc9/elements[39m
[35m[HTTP][39m [90m{"using":"xpath","value":"//android.view.View[contains(@content-desc, 'Available Balance')]"}[39m
[35m[HTTP][39m [37m<-- POST /wd/hub/session/545b441b-14e2-42d2-96cd-9db938f9bdc9/elements [39m[32m200[39m [90m82 ms - 12[39m
[35m[HTTP][39m [90m[39m
[35m[HTTP][39m [37m-->[39m [37mPOST[39m [37m/wd/hub/session/545b441b-14e2-42d2-96cd-9db938f9bdc9/elements[39m
[35m[HTTP][39m [90m{"using":"xpath","value":"//android.view.View[contains(@content-desc, 'Available Balance')]"}[39m
[35m[HTTP][39m [37m<-- POST /wd/hub/session/545b441b-14e2-42d2-96cd-9db938f9bdc9/elements [39m[32m200[39m [90m63 ms - 12[39m
[35m[HTTP][39m [90m[39m
[35m[HTTP][39m [37m-->[39m [37mPOST[39m [37m/wd/hub/session/545b441b-14e2-42d2-96cd-9db938f9bdc9/elements[39m
[35m[HTTP][39m [90m{"using":"xpath","value":"//android.view.View[contains(@content-desc, 'Available Balance')]"}[39m
[35m[HTTP][39m [37m<-- POST /wd/hub/session/545b441b-14e2-42d2-96cd-9db938f9bdc9/elements [39m[32m200[39m [90m70 ms - 12[39m
[35m[HTTP][39m [90m[39m
[35m[HTTP][39m [37m-->[39m [37mPOST[39m [37m/wd/hub/session/545b441b-14e2-42d2-96cd-9db938f9bdc9/elements[39m
[35m[HTTP][39m [90m{"using":"xpath","value":"//android.view.View[contains(@content-desc, 'Available Balance')]"}[39m
[35m[HTTP][39m [37m<-- POST /wd/hub/session/545b441b-14e2-42d2-96cd-9db938f9bdc9/elements [39m[32m200[39m [90m63 ms - 12[39m
[35m[HTTP][39m [90m[39m
[35m[HTTP][39m [37m-->[39m [37mPOST[39m [37m/wd/hub/session/545b441b-14e2-42d2-96cd-9db938f9bdc9/elements[39m
[35m[HTTP][39m [90m{"using":"xpath","value":"//android.view.View[contains(@content-desc, 'Available Balance')]"}[39m
[35m[HTTP][39m [37m<-- POST /wd/hub/session/545b441b-14e2-42d2-96cd-9db938f9bdc9/elements [39m[32m200[39m [90m70 ms - 12[39m
[35m[HTTP][39m [90m[39m
[35m[HTTP][39m [37m-->[39m [37mPOST[39m [37m/wd/hub/session/545b441b-14e2-42d2-96cd-9db938f9bdc9/elements[39m
[35m[HTTP][39m [90m{"using":"xpath","value":"//android.view.View[contains(@content-desc, 'Available Balance')]"}[39m
[35m[HTTP][39m [37m<-- POST /wd/hub/session/545b441b-14e2-42d2-96cd-9db938f9bdc9/elements [39m[32m200[39m [90m68 ms - 12[39m
[35m[HTTP][39m [90m[39m
[35m[HTTP][39m [37m-->[39m [37mPOST[39m [37m/wd/hub/session/545b441b-14e2-42d2-96cd-9db938f9bdc9/elements[39m
[35m[HTTP][39m [90m{"using":"xpath","value":"//android.view.View[contains(@content-desc, 'Available Balance')]"}[39m
[35m[HTTP][39m [37m<-- POST /wd/hub/session/545b441b-14e2-42d2-96cd-9db938f9bdc9/elements [39m[32m200[39m [90m82 ms - 12[39m
[35m[HTTP][39m [90m[39m
[35m[HTTP][39m [37m-->[39m [37mPOST[39m [37m/wd/hub/session/545b441b-14e2-42d2-96cd-9db938f9bdc9/elements[39m
[35m[HTTP][39m [90m{"using":"xpath","value":"//android.view.View[contains(@content-desc, 'Available Balance')]"}[39m
[35m[HTTP][39m [37m<-- POST /wd/hub/session/545b441b-14e2-42d2-96cd-9db938f9bdc9/elements [39m[32m200[39m [90m58 ms - 12[39m
[35m[HTTP][39m [90m[39m
[35m[HTTP][39m [37m-->[39m [37mPOST[39m [37m/wd/hub/session/545b441b-14e2-42d2-96cd-9db938f9bdc9/elements[39m
[35m[HTTP][39m [90m{"using":"xpath","value":"//android.view.View[contains(@content-desc, 'Available Balance')]"}[39m
[35m[HTTP][39m [37m<-- POST /wd/hub/session/545b441b-14e2-42d2-96cd-9db938f9bdc9/elements [39m[32m200[39m [90m75 ms - 12[39m
[35m[HTTP][39m [90m[39m
[35m[HTTP][39m [37m-->[39m [37mPOST[39m [37m/wd/hub/session/545b441b-14e2-42d2-96cd-9db938f9bdc9/elements[39m
[35m[HTTP][39m [90m{"using":"xpath","value":"//android.view.View[contains(@content-desc, 'Available Balance')]"}[39m
[35m[HTTP][39m [37m<-- POST /wd/hub/session/545b441b-14e2-42d2-96cd-9db938f9bdc9/elements [39m[32m200[39m [90m60 ms - 12[39m
[35m[HTTP][39m [90m[39m
[35m[HTTP][39m [37m-->[39m [37mPOST[39m [37m/wd/hub/session/545b441b-14e2-42d2-96cd-9db938f9bdc9/elements[39m
[35m[HTTP][39m [90m{"using":"xpath","value":"//android.view.View[contains(@content-desc, 'Available Balance')]"}[39m
[35m[HTTP][39m [37m<-- POST /wd/hub/session/545b441b-14e2-42d2-96cd-9db938f9bdc9/elements [39m[32m200[39m [90m68 ms - 12[39m
[35m[HTTP][39m [90m[39m
[35m[HTTP][39m [37m-->[39m [37mPOST[39m [37m/wd/hub/session/545b441b-14e2-42d2-96cd-9db938f9bdc9/elements[39m
[35m[HTTP][39m [90m{"using":"xpath","value":"//android.view.View[contains(@content-desc, 'Available Balance')]"}[39m
[35m[HTTP][39m [37m<-- POST /wd/hub/session/545b441b-14e2-42d2-96cd-9db938f9bdc9/elements [39m[32m200[39m [90m67 ms - 12[39m
[35m[HTTP][39m [90m[39m
[35m[HTTP][39m [37m-->[39m [37mPOST[39m [37m/wd/hub/session/545b441b-14e2-42d2-96cd-9db938f9bdc9/elements[39m
[35m[HTTP][39m [90m{"using":"xpath","value":"//android.view.View[contains(@content-desc, 'Available Balance')]"}[39m
[35m[HTTP][39m [37m<-- POST /wd/hub/session/545b441b-14e2-42d2-96cd-9db938f9bdc9/elements [39m[32m200[39m [90m104 ms - 12[39m
[35m[HTTP][39m [90m[39m
[35m[HTTP][39m [37m-->[39m [37mPOST[39m [37m/wd/hub/session/545b441b-14e2-42d2-96cd-9db938f9bdc9/elements[39m
[35m[HTTP][39m [90m{"using":"xpath","value":"//android.view.View[contains(@content-desc, 'Available Balance')]"}[39m
[35m[HTTP][39m [37m<-- POST /wd/hub/session/545b441b-14e2-42d2-96cd-9db938f9bdc9/elements [39m[32m200[39m [90m68 ms - 12[39m
[35m[HTTP][39m [90m[39m
[35m[HTTP][39m [37m-->[39m [37mPOST[39m [37m/wd/hub/session/545b441b-14e2-42d2-96cd-9db938f9bdc9/elements[39m
[35m[HTTP][39m [90m{"using":"xpath","value":"//android.view.View[contains(@content-desc, 'Available Balance')]"}[39m
[35m[HTTP][39m [37m<-- POST /wd/hub/session/545b441b-14e2-42d2-96cd-9db938f9bdc9/elements [39m[32m200[39m [90m70 ms - 12[39m
[35m[HTTP][39m [90m[39m
[35m[HTTP][39m [37m-->[39m [37mPOST[39m [37m/wd/hub/session/545b441b-14e2-42d2-96cd-9db938f9bdc9/elements[39m
[35m[HTTP][39m [90m{"using":"xpath","value":"//android.view.View[contains(@content-desc, 'Available Balance')]"}[39m
[35m[HTTP][39m [37m<-- POST /wd/hub/session/545b441b-14e2-42d2-96cd-9db938f9bdc9/elements [39m[32m200[39m [90m64 ms - 12[39m
[35m[HTTP][39m [90m[39m
[35m[HTTP][39m [37m-->[39m [37mPOST[39m [37m/wd/hub/session/545b441b-14e2-42d2-96cd-9db938f9bdc9/elements[39m
[35m[HTTP][39m [90m{"using":"xpath","value":"//android.view.View[contains(@content-desc, 'Available Balance')]"}[39m
[35m[HTTP][39m [37m<-- POST /wd/hub/session/545b441b-14e2-42d2-96cd-9db938f9bdc9/elements [39m[32m200[39m [90m63 ms - 12[39m
[35m[HTTP][39m [90m[39m
[35m[HTTP][39m [37m-->[39m [37mPOST[39m [37m/wd/hub/session/545b441b-14e2-42d2-96cd-9db938f9bdc9/elements[39m
[35m[HTTP][39m [90m{"using":"xpath","value":"//android.view.View[contains(@content-desc, 'Available Balance')]"}[39m
[35m[HTTP][39m [37m<-- POST /wd/hub/session/545b441b-14e2-42d2-96cd-9db938f9bdc9/elements [39m[32m200[39m [90m75 ms - 12[39m
[35m[HTTP][39m [90m[39m
[35m[HTTP][39m [37m-->[39m [37mPOST[39m [37m/wd/hub/session/545b441b-14e2-42d2-96cd-9db938f9bdc9/elements[39m
[35m[HTTP][39m [90m{"using":"xpath","value":"//android.view.View[contains(@content-desc, 'Available Balance')]"}[39m
[35m[HTTP][39m [37m<-- POST /wd/hub/session/545b441b-14e2-42d2-96cd-9db938f9bdc9/elements [39m[32m200[39m [90m63 ms - 12[39m
[35m[HTTP][39m [90m[39m
[35m[HTTP][39m [37m-->[39m [37mPOST[39m [37m/wd/hub/session/545b441b-14e2-42d2-96cd-9db938f9bdc9/elements[39m
[35m[HTTP][39m [90m{"using":"xpath","value":"//android.view.View[contains(@content-desc, 'Available Balance')]"}[39m
[35m[HTTP][39m [37m<-- POST /wd/hub/session/545b441b-14e2-42d2-96cd-9db938f9bdc9/elements [39m[32m200[39m [90m68 ms - 12[39m
[35m[HTTP][39m [90m[39m
[35m[HTTP][39m [37m-->[39m [37mPOST[39m [37m/wd/hub/session/545b441b-14e2-42d2-96cd-9db938f9bdc9/elements[39m
[35m[HTTP][39m [90m{"using":"xpath","value":"//android.view.View[contains(@content-desc, 'Available Balance')]"}[39m
[35m[HTTP][39m [37m<-- POST /wd/hub/session/545b441b-14e2-42d2-96cd-9db938f9bdc9/elements [39m[32m200[39m [90m59 ms - 12[39m
[35m[HTTP][39m [90m[39m
[35m[HTTP][39m [37m-->[39m [37mPOST[39m [37m/wd/hub/session/545b441b-14e2-42d2-96cd-9db938f9bdc9/elements[39m
[35m[HTTP][39m [90m{"using":"xpath","value":"//android.view.View[contains(@content-desc, 'Available Balance')]"}[39m
[35m[HTTP][39m [37m<-- POST /wd/hub/session/545b441b-14e2-42d2-96cd-9db938f9bdc9/elements [39m[32m200[39m [90m72 ms - 12[39m
[35m[HTTP][39m [90m[39m
[35m[HTTP][39m [37m-->[39m [37mPOST[39m [37m/wd/hub/session/545b441b-14e2-42d2-96cd-9db938f9bdc9/elements[39m
[35m[HTTP][39m [90m{"using":"xpath","value":"//android.view.View[contains(@content-desc, 'Available Balance')]"}[39m
[35m[HTTP][39m [37m<-- POST /wd/hub/session/545b441b-14e2-42d2-96cd-9db938f9bdc9/elements [39m[32m200[39m [90m60 ms - 12[39m
[35m[HTTP][39m [90m[39m
[35m[HTTP][39m [37m-->[39m [37mPOST[39m [37m/wd/hub/session/545b441b-14e2-42d2-96cd-9db938f9bdc9/elements[39m
[35m[HTTP][39m [90m{"using":"xpath","value":"//android.view.View[contains(@content-desc, 'Available Balance')]"}[39m
[35m[HTTP][39m [37m<-- POST /wd/hub/session/545b441b-14e2-42d2-96cd-9db938f9bdc9/elements [39m[32m200[39m [90m73 ms - 12[39m
[35m[HTTP][39m [90m[39m
[35m[HTTP][39m [37m-->[39m [37mPOST[39m [37m/wd/hub/session/545b441b-14e2-42d2-96cd-9db938f9bdc9/elements[39m
[35m[HTTP][39m [90m{"using":"xpath","value":"//android.view.View[contains(@content-desc, 'Available Balance')]"}[39m
[35m[HTTP][39m [37m<-- POST /wd/hub/session/545b441b-14e2-42d2-96cd-9db938f9bdc9/elements [39m[32m200[39m [90m56 ms - 12[39m
[35m[HTTP][39m [90m[39m
[35m[HTTP][39m [37m-->[39m [37mPOST[39m [37m/wd/hub/session/545b441b-14e2-42d2-96cd-9db938f9bdc9/elements[39m
[35m[HTTP][39m [90m{"using":"xpath","value":"//android.view.View[contains(@content-desc, 'Available Balance')]"}[39m
[35m[HTTP][39m [37m<-- POST /wd/hub/session/545b441b-14e2-42d2-96cd-9db938f9bdc9/elements [39m[32m200[39m [90m117 ms - 12[39m
[35m[HTTP][39m [90m[39m
[35m[HTTP][39m [37m-->[39m [37mPOST[39m [37m/wd/hub/session/545b441b-14e2-42d2-96cd-9db938f9bdc9/elements[39m
[35m[HTTP][39m [90m{"using":"xpath","value":"//android.view.View[contains(@content-desc, 'Available Balance')]"}[39m
[35m[HTTP][39m [37m<-- POST /wd/hub/session/545b441b-14e2-42d2-96cd-9db938f9bdc9/elements [39m[32m200[39m [90m82 ms - 12[39m
[35m[HTTP][39m [90m[39m
[35m[HTTP][39m [37m-->[39m [37mPOST[39m [37m/wd/hub/session/545b441b-14e2-42d2-96cd-9db938f9bdc9/elements[39m
[35m[HTTP][39m [90m{"using":"xpath","value":"//android.view.View[contains(@content-desc, 'Available Balance')]"}[39m
[35m[HTTP][39m [37m<-- POST /wd/hub/session/545b441b-14e2-42d2-96cd-9db938f9bdc9/elements [39m[32m200[39m [90m58 ms - 12[39m
[35m[HTTP][39m [90m[39m
[35m[HTTP][39m [37m-->[39m [37mPOST[39m [37m/wd/hub/session/545b441b-14e2-42d2-96cd-9db938f9bdc9/elements[39m
[35m[HTTP][39m [90m{"using":"xpath","value":"//android.view.View[contains(@content-desc, 'Available Balance')]"}[39m
[35m[HTTP][39m [37m<-- POST /wd/hub/session/545b441b-14e2-42d2-96cd-9db938f9bdc9/elements [39m[32m200[39m [90m87 ms - 12[39m
[35m[HTTP][39m [90m[39m
[35m[HTTP][39m [37m-->[39m [37mPOST[39m [37m/wd/hub/session/545b441b-14e2-42d2-96cd-9db938f9bdc9/elements[39m
[35m[HTTP][39m [90m{"using":"xpath","value":"//android.view.View[contains(@content-desc, 'Available Balance')]"}[39m
[35m[HTTP][39m [37m<-- POST /wd/hub/session/545b441b-14e2-42d2-96cd-9db938f9bdc9/elements [39m[32m200[39m [90m73 ms - 12[39m
[35m[HTTP][39m [90m[39m
[35m[HTTP][39m [37m-->[39m [37mPOST[39m [37m/wd/hub/session/545b441b-14e2-42d2-96cd-9db938f9bdc9/elements[39m
[35m[HTTP][39m [90m{"using":"xpath","value":"//android.view.View[contains(@content-desc, 'Available Balance')]"}[39m
[35m[HTTP][39m [37m<-- POST /wd/hub/session/545b441b-14e2-42d2-96cd-9db938f9bdc9/elements [39m[32m200[39m [90m550 ms - 12[39m
[35m[HTTP][39m [90m[39m
[35m[HTTP][39m [37m-->[39m [37mPOST[39m [37m/wd/hub/session/545b441b-14e2-42d2-96cd-9db938f9bdc9/elements[39m
[35m[HTTP][39m [90m{"using":"xpath","value":"//android.view.View[contains(@content-desc, 'Available Balance')]"}[39m
[35m[HTTP][39m [37m<-- POST /wd/hub/session/545b441b-14e2-42d2-96cd-9db938f9bdc9/elements [39m[32m200[39m [90m57 ms - 12[39m
[35m[HTTP][39m [90m[39m
[35m[HTTP][39m [37m-->[39m [37mPOST[39m [37m/wd/hub/session/545b441b-14e2-42d2-96cd-9db938f9bdc9/elements[39m
[35m[HTTP][39m [90m{"using":"xpath","value":"//android.view.View[contains(@content-desc, 'Available Balance')]"}[39m
[35m[HTTP][39m [37m<-- POST /wd/hub/session/545b441b-14e2-42d2-96cd-9db938f9bdc9/elements [39m[32m200[39m [90m64 ms - 12[39m
[35m[HTTP][39m [90m[39m
[35m[HTTP][39m [37m-->[39m [37mPOST[39m [37m/wd/hub/session/545b441b-14e2-42d2-96cd-9db938f9bdc9/elements[39m
[35m[HTTP][39m [90m{"using":"xpath","value":"//android.view.View[contains(@content-desc, 'Available Balance')]"}[39m
[35m[HTTP][39m [37m<-- POST /wd/hub/session/545b441b-14e2-42d2-96cd-9db938f9bdc9/elements [39m[32m200[39m [90m85 ms - 12[39m
[35m[HTTP][39m [90m[39m
[35m[HTTP][39m [37m-->[39m [37mPOST[39m [37m/wd/hub/session/545b441b-14e2-42d2-96cd-9db938f9bdc9/elements[39m
[35m[HTTP][39m [90m{"using":"xpath","value":"//android.view.View[contains(@content-desc, 'Available Balance')]"}[39m
[35m[HTTP][39m [37m<-- POST /wd/hub/session/545b441b-14e2-42d2-96cd-9db938f9bdc9/elements [39m[32m200[39m [90m74 ms - 12[39m
[35m[HTTP][39m [90m[39m
[35m[HTTP][39m [37m-->[39m [37mPOST[39m [37m/wd/hub/session/545b441b-14e2-42d2-96cd-9db938f9bdc9/elements[39m
[35m[HTTP][39m [90m{"using":"xpath","value":"//android.view.View[contains(@content-desc, 'Available Balance')]"}[39m
[35m[HTTP][39m [37m<-- POST /wd/hub/session/545b441b-14e2-42d2-96cd-9db938f9bdc9/elements [39m[32m200[39m [90m84 ms - 12[39m
[35m[HTTP][39m [90m[39m
[35m[HTTP][39m [37m-->[39m [37mPOST[39m [37m/wd/hub/session/545b441b-14e2-42d2-96cd-9db938f9bdc9/elements[39m
[35m[HTTP][39m [90m{"using":"xpath","value":"//android.view.View[contains(@content-desc, 'Available Balance')]"}[39m
[35m[HTTP][39m [37m<-- POST /wd/hub/session/545b441b-14e2-42d2-96cd-9db938f9bdc9/elements [39m[32m200[39m [90m71 ms - 12[39m
[35m[HTTP][39m [90m[39m
[35m[HTTP][39m [37m-->[39m [37mPOST[39m [37m/wd/hub/session/545b441b-14e2-42d2-96cd-9db938f9bdc9/elements[39m
[35m[HTTP][39m [90m{"using":"xpath","value":"//android.view.View[contains(@content-desc, 'Available Balance')]"}[39m
[35m[HTTP][39m [37m<-- POST /wd/hub/session/545b441b-14e2-42d2-96cd-9db938f9bdc9/elements [39m[32m200[39m [90m75 ms - 12[39m
[35m[HTTP][39m [90m[39m
[35m[HTTP][39m [37m-->[39m [37mPOST[39m [37m/wd/hub/session/545b441b-14e2-42d2-96cd-9db938f9bdc9/elements[39m
[35m[HTTP][39m [90m{"using":"xpath","value":"//android.view.View[contains(@content-desc, 'Available Balance')]"}[39m
[35m[HTTP][39m [37m<-- POST /wd/hub/session/545b441b-14e2-42d2-96cd-9db938f9bdc9/elements [39m[32m200[39m [90m85 ms - 12[39m
[35m[HTTP][39m [90m[39m
[35m[HTTP][39m [37m-->[39m [37mPOST[39m [37m/wd/hub/session/545b441b-14e2-42d2-96cd-9db938f9bdc9/elements[39m
[35m[HTTP][39m [90m{"using":"xpath","value":"//android.view.View[contains(@content-desc, 'Available Balance')]"}[39m
[35m[HTTP][39m [37m<-- POST /wd/hub/session/545b441b-14e2-42d2-96cd-9db938f9bdc9/elements [39m[32m-[39m [90m- ms - -[39m
[35m[HTTP][39m [90m[39m
[35m[BaseDriver][39m Shutting down because we waited 1800 seconds for a command
[35m[Appium][39m Closing session, cause was 'New Command Timeout of 1800 seconds expired. Try customizing the timeout using the 'newCommandTimeout' desired capability'
[35m[Appium][39m Removing session '545b441b-14e2-42d2-96cd-9db938f9bdc9' from our master session list
[35m[UiAutomator2][39m Restoring hidden api policy to the device default configuration
