[35m[Appium][39m Welcome to Appium v1.22.0
[35m[Appium][39m Non-default server args:
[35m[Appium][39m   port: 58531
[35m[Appium][39m   loglevel: info
[35m[Appium][39m   tmpDir: C:\Users\Dell\AppData\Local\Temp\\Katalon\Appium\Temp1677563576734
[35m[Appium][39m   chromedriverPort: 58532
[35m[Appium][39m Deprecated server args:
[35m[Appium][39m   [31m--chromedriver-port[39m => --default-capabilities
[35m[Appium][39m Default capabilities, which will be added to each request unless overridden by desired capabilities:
[35m[Appium][39m   chromedriverPort: 58532
[35m[Appium][39m Appium REST http interface listener started on 0.0.0.0:58531
[35m[HTTP][39m [37m-->[39m [37mGET[39m [37m/wd/hub/status[39m
[35m[HTTP][39m [90m{}[39m
[35m[HTTP][39m [37m<-- GET /wd/hub/status [39m[32m200[39m [90m20 ms - 68[39m
[35m[HTTP][39m [90m[39m
[35m[HTTP][39m [37m-->[39m [37mPOST[39m [37m/wd/hub/session[39m
[35m[HTTP][39m [90m{"desiredCapabilities":{"appActivity":".Settings","appPackage":"com.android.settings","newCommandTimeout":1800,"platformVersion":"12","automationName":"uiautomator2","autoGrantPermissions":true,"platformName":"Android","udid":"b76dcbe1","deviceName":"Xiaomi Redmi Note 9 Pro (Android 12)","platform":"ANDROID","systemPort":8244},"capabilities":{"firstMatch":[{"appium:appActivity":".Settings","appium:appPackage":"com.android.settings","appium:autoGrantPermissions":true,"appium:automationName":"uiautomator2","appium:deviceName":"Xiaomi Redmi Note 9 Pro (Android 12)","appium:newCommandTimeout":1800,"platform":"ANDROID","platformName":"android","appium:platformVersion":"12","appium:systemPort":8244,"appium:udid":"b76dcbe1"}]}}[39m
[35m[BaseDriver][39m The following capabilities are not standard capabilities and should have an extension prefix:
[35m[BaseDriver][39m   platform
[35m[BaseDriver][39m   chromedriverPort
[35m[Appium][39m Appium v1.22.0 creating new AndroidUiautomator2Driver (v1.69.0) session
[35m[BaseDriver][39m The following capabilities were provided, but are not recognized by Appium:
[35m[BaseDriver][39m   platform
[35m[BaseDriver][39m Session created with session id: 987b06d2-fbed-4576-980f-5d14f674bf94
[35m[UiAutomator2][39m Starting 'com.android.settings' directly on the device
[35m[ADB][39m Found 1 'build-tools' folders under 'C:\Users\Dell\AppData\Local\Android\Sdk' (newest first):
[35m[ADB][39m     C:/Users/Dell/AppData/Local/Android/Sdk/build-tools/31.0.0
[35m[ADB][39m Using 'adb.exe' from 'C:\Users\Dell\AppData\Local\Android\Sdk\platform-tools\adb.exe'
[35m[AndroidDriver][39m Retrieving device list
[35m[AndroidDriver][39m Using device: b76dcbe1
[35m[ADB][39m Using 'adb.exe' from 'C:\Users\Dell\AppData\Local\Android\Sdk\platform-tools\adb.exe'
[35m[ADB][39m Getting device platform version
[35m[UiAutomator2][39m Relaxing hidden api policy
[35m[AndroidDriver][39m No app sent in, not parsing package/activity
[35m[ADB][39m Using 'apksigner.jar' from 'C:\Users\Dell\AppData\Local\Android\Sdk\build-tools\31.0.0\lib\apksigner.jar'
[35m[ADB][39m 'C:\Users\Dell\AppData\Roaming\npm\node_modules\appium\node_modules\appium-uiautomator2-server\apks\appium-uiautomator2-server-v4.24.0.apk' is signed with the default certificate
[35m[ADB][39m 'C:\Users\Dell\AppData\Roaming\npm\node_modules\appium\node_modules\appium-uiautomator2-server\apks\appium-uiautomator2-server-debug-androidTest.apk' is signed with the default certificate
[35m[UiAutomator2][39m Server packages are not going to be (re)installed
[35m[ADB][39m Adding packages ["io.appium.settings","io.appium.uiautomator2.server","io.appium.uiautomator2.server.test"] to Doze whitelist
[35m[UiAutomator2][39m Starting UIAutomator2 server 4.24.0
[35m[UiAutomator2][39m Using UIAutomator2 server from 'C:\Users\Dell\AppData\Roaming\npm\node_modules\appium\node_modules\appium-uiautomator2-server\apks\appium-uiautomator2-server-v4.24.0.apk' and test from 'C:\Users\Dell\AppData\Roaming\npm\node_modules\appium\node_modules\appium-uiautomator2-server\apks\appium-uiautomator2-server-debug-androidTest.apk'
[35m[UiAutomator2][39m Waiting up to 30000ms for UiAutomator2 to be online...
[35m[WD Proxy][39m socket hang up
[35m[WD Proxy][39m socket hang up
[35m[WD Proxy][39m socket hang up
[35m[WD Proxy][39m socket hang up
[35m[WD Proxy][39m socket hang up
[35m[WD Proxy][39m socket hang up
[35m[WD Proxy][39m socket hang up
[35m[WD Proxy][39m Determined the downstream protocol as 'W3C'
[35m[AndroidDriver][39m Screen already unlocked, doing nothing
[35m[UiAutomator2][39m Starting 'com.android.settings/.Settings and waiting for 'com.android.settings/.Settings'
[35m[Appium][39m New AndroidUiautomator2Driver session created successfully, session 987b06d2-fbed-4576-980f-5d14f674bf94 added to master session list
[35m[HTTP][39m [37m<-- POST /wd/hub/session [39m[32m200[39m [90m16932 ms - 1161[39m
[35m[HTTP][39m [90m[39m
[35m[HTTP][39m [37m-->[39m [37mGET[39m [37m/wd/hub/session/987b06d2-fbed-4576-980f-5d14f674bf94[39m
[35m[HTTP][39m [90m{}[39m
[35m[HTTP][39m [37m<-- GET /wd/hub/session/987b06d2-fbed-4576-980f-5d14f674bf94 [39m[32m200[39m [90m12 ms - 1115[39m
[35m[HTTP][39m [90m[39m
[35m[HTTP][39m [37m-->[39m [37mGET[39m [37m/wd/hub/session/987b06d2-fbed-4576-980f-5d14f674bf94[39m
[35m[HTTP][39m [90m{}[39m
[35m[HTTP][39m [37m<-- GET /wd/hub/session/987b06d2-fbed-4576-980f-5d14f674bf94 [39m[32m200[39m [90m10 ms - 1115[39m
[35m[HTTP][39m [90m[39m
[35m[HTTP][39m [37m-->[39m [37mGET[39m [37m/wd/hub/status[39m
[35m[HTTP][39m [90m{}[39m
[35m[HTTP][39m [37m<-- GET /wd/hub/status [39m[32m200[39m [90m1 ms - 68[39m
[35m[HTTP][39m [90m[39m
[35m[HTTP][39m [37m-->[39m [37mPOST[39m [37m/wd/hub/session/987b06d2-fbed-4576-980f-5d14f674bf94/timeouts[39m
[35m[HTTP][39m [90m{"implicit":30000}[39m
[35m[HTTP][39m [37m<-- POST /wd/hub/session/987b06d2-fbed-4576-980f-5d14f674bf94/timeouts [39m[32m200[39m [90m4 ms - 14[39m
[35m[HTTP][39m [90m[39m
[35m[HTTP][39m [37m-->[39m [37mGET[39m [37m/wd/hub/session/987b06d2-fbed-4576-980f-5d14f674bf94/screenshot[39m
[35m[HTTP][39m [90m{}[39m
[35m[HTTP][39m [37m<-- GET /wd/hub/session/987b06d2-fbed-4576-980f-5d14f674bf94/screenshot [39m[32m200[39m [90m902 ms - 185436[39m
[35m[HTTP][39m [90m[39m
[35m[HTTP][39m [37m-->[39m [37mGET[39m [37m/wd/hub/session/987b06d2-fbed-4576-980f-5d14f674bf94/window/rect[39m
[35m[HTTP][39m [90m{}[39m
[35m[HTTP][39m [37m<-- GET /wd/hub/session/987b06d2-fbed-4576-980f-5d14f674bf94/window/rect [39m[32m200[39m [90m34 ms - 50[39m
[35m[HTTP][39m [90m[39m
[35m[HTTP][39m [37m-->[39m [37mGET[39m [37m/wd/hub/session/987b06d2-fbed-4576-980f-5d14f674bf94/appium/device/system_bars[39m
[35m[HTTP][39m [90m{}[39m
[35m[HTTP][39m [37m<-- GET /wd/hub/session/987b06d2-fbed-4576-980f-5d14f674bf94/appium/device/system_bars [39m[32m200[39m [90m214 ms - 145[39m
[35m[HTTP][39m [90m[39m
[35m[HTTP][39m [37m-->[39m [37mPOST[39m [37m/wd/hub/session/987b06d2-fbed-4576-980f-5d14f674bf94/appium/device/activate_app[39m
[35m[HTTP][39m [90m{"bundleId":"com.cbt.ajmandigital"}[39m
[35m[HTTP][39m [37m<-- POST /wd/hub/session/987b06d2-fbed-4576-980f-5d14f674bf94/appium/device/activate_app [39m[32m200[39m [90m4004 ms - 14[39m
[35m[HTTP][39m [90m[39m
[35m[HTTP][39m [37m-->[39m [37mPOST[39m [37m/wd/hub/session/987b06d2-fbed-4576-980f-5d14f674bf94/timeouts[39m
[35m[HTTP][39m [90m{"implicit":50}[39m
[35m[HTTP][39m [37m<-- POST /wd/hub/session/987b06d2-fbed-4576-980f-5d14f674bf94/timeouts [39m[32m200[39m [90m4 ms - 14[39m
[35m[HTTP][39m [90m[39m
[35m[HTTP][39m [37m-->[39m [37mGET[39m [37m/wd/hub/session/987b06d2-fbed-4576-980f-5d14f674bf94/window/rect[39m
[35m[HTTP][39m [90m{}[39m
[35m[HTTP][39m [37m<-- GET /wd/hub/session/987b06d2-fbed-4576-980f-5d14f674bf94/window/rect [39m[32m200[39m [90m44 ms - 50[39m
[35m[HTTP][39m [90m[39m
[35m[HTTP][39m [37m-->[39m [37mPOST[39m [37m/wd/hub/session/987b06d2-fbed-4576-980f-5d14f674bf94/elements[39m
[35m[HTTP][39m [90m{"using":"accessibility id","value":"Already a Customer? Register"}[39m
[35m[HTTP][39m [37m<-- POST /wd/hub/session/987b06d2-fbed-4576-980f-5d14f674bf94/elements [39m[32m200[39m [90m74 ms - 139[39m
[35m[HTTP][39m [90m[39m
[35m[HTTP][39m [37m-->[39m [37mGET[39m [37m/wd/hub/session/987b06d2-fbed-4576-980f-5d14f674bf94/element/00000000-0000-0dee-0000-000700000004/location[39m
[35m[HTTP][39m [90m{}[39m
[35m[W3C (987b06d2)][39m Driver proxy active, passing request on via HTTP proxy
[35m[WD Proxy][39m Replacing sessionId 32c45fdb-53a8-415f-a5c6-b52d83eb9c23 with 987b06d2-fbed-4576-980f-5d14f674bf94
[35m[HTTP][39m [37m<-- GET /wd/hub/session/987b06d2-fbed-4576-980f-5d14f674bf94/element/00000000-0000-0dee-0000-000700000004/location [39m[32m200[39m [90m31 ms - 79[39m
[35m[HTTP][39m [90m[39m
[35m[HTTP][39m [37m-->[39m [37mPOST[39m [37m/wd/hub/session/987b06d2-fbed-4576-980f-5d14f674bf94/timeouts[39m
[35m[HTTP][39m [90m{"implicit":30000}[39m
[35m[HTTP][39m [37m<-- POST /wd/hub/session/987b06d2-fbed-4576-980f-5d14f674bf94/timeouts [39m[32m200[39m [90m3 ms - 14[39m
[35m[HTTP][39m [90m[39m
[35m[HTTP][39m [37m-->[39m [37mPOST[39m [37m/wd/hub/session/987b06d2-fbed-4576-980f-5d14f674bf94/timeouts[39m
[35m[HTTP][39m [90m{"implicit":50}[39m
[35m[HTTP][39m [37m<-- POST /wd/hub/session/987b06d2-fbed-4576-980f-5d14f674bf94/timeouts [39m[32m200[39m [90m3 ms - 14[39m
[35m[HTTP][39m [90m[39m
[35m[HTTP][39m [37m-->[39m [37mGET[39m [37m/wd/hub/session/987b06d2-fbed-4576-980f-5d14f674bf94/window/rect[39m
[35m[HTTP][39m [90m{}[39m
[35m[HTTP][39m [37m<-- GET /wd/hub/session/987b06d2-fbed-4576-980f-5d14f674bf94/window/rect [39m[32m200[39m [90m18 ms - 50[39m
[35m[HTTP][39m [90m[39m
[35m[HTTP][39m [37m-->[39m [37mPOST[39m [37m/wd/hub/session/987b06d2-fbed-4576-980f-5d14f674bf94/elements[39m
[35m[HTTP][39m [90m{"using":"accessibility id","value":"Already a Customer? Register"}[39m
[35m[HTTP][39m [37m<-- POST /wd/hub/session/987b06d2-fbed-4576-980f-5d14f674bf94/elements [39m[32m200[39m [90m52 ms - 139[39m
[35m[HTTP][39m [90m[39m
[35m[HTTP][39m [37m-->[39m [37mGET[39m [37m/wd/hub/session/987b06d2-fbed-4576-980f-5d14f674bf94/element/00000000-0000-0dee-0000-000700000004/location[39m
[35m[HTTP][39m [90m{}[39m
[35m[W3C (987b06d2)][39m Driver proxy active, passing request on via HTTP proxy
[35m[WD Proxy][39m Replacing sessionId 32c45fdb-53a8-415f-a5c6-b52d83eb9c23 with 987b06d2-fbed-4576-980f-5d14f674bf94
[35m[HTTP][39m [37m<-- GET /wd/hub/session/987b06d2-fbed-4576-980f-5d14f674bf94/element/00000000-0000-0dee-0000-000700000004/location [39m[32m200[39m [90m30 ms - 79[39m
[35m[HTTP][39m [90m[39m
[35m[HTTP][39m [37m-->[39m [37mPOST[39m [37m/wd/hub/session/987b06d2-fbed-4576-980f-5d14f674bf94/timeouts[39m
[35m[HTTP][39m [90m{"implicit":30000}[39m
[35m[HTTP][39m [37m<-- POST /wd/hub/session/987b06d2-fbed-4576-980f-5d14f674bf94/timeouts [39m[32m200[39m [90m2 ms - 14[39m
[35m[HTTP][39m [90m[39m
[35m[HTTP][39m [37m-->[39m [37mPOST[39m [37m/wd/hub/session/987b06d2-fbed-4576-980f-5d14f674bf94/element/00000000-0000-0dee-0000-000700000004/click[39m
[35m[HTTP][39m [90m{"id":"00000000-0000-0dee-0000-000700000004"}[39m
[35m[HTTP][39m [37m<-- POST /wd/hub/session/987b06d2-fbed-4576-980f-5d14f674bf94/element/00000000-0000-0dee-0000-000700000004/click [39m[32m200[39m [90m87 ms - 14[39m
[35m[HTTP][39m [90m[39m
[35m[HTTP][39m [37m-->[39m [37mPOST[39m [37m/wd/hub/session/987b06d2-fbed-4576-980f-5d14f674bf94/timeouts[39m
[35m[HTTP][39m [90m{"implicit":50}[39m
[35m[HTTP][39m [37m<-- POST /wd/hub/session/987b06d2-fbed-4576-980f-5d14f674bf94/timeouts [39m[32m200[39m [90m3 ms - 14[39m
[35m[HTTP][39m [90m[39m
[35m[HTTP][39m [37m-->[39m [37mGET[39m [37m/wd/hub/session/987b06d2-fbed-4576-980f-5d14f674bf94/window/rect[39m
[35m[HTTP][39m [90m{}[39m
[35m[HTTP][39m [37m<-- GET /wd/hub/session/987b06d2-fbed-4576-980f-5d14f674bf94/window/rect [39m[32m200[39m [90m24 ms - 50[39m
[35m[HTTP][39m [90m[39m
[35m[HTTP][39m [37m-->[39m [37mPOST[39m [37m/wd/hub/session/987b06d2-fbed-4576-980f-5d14f674bf94/elements[39m
[35m[HTTP][39m [90m{"using":"xpath","value":"//android.view.View[@content-desc='Debit Card']/preceding-sibling::android.view.View[1]"}[39m
[35m[HTTP][39m [37m<-- POST /wd/hub/session/987b06d2-fbed-4576-980f-5d14f674bf94/elements [39m[32m200[39m [90m929 ms - 139[39m
[35m[HTTP][39m [90m[39m
[35m[HTTP][39m [37m-->[39m [37mGET[39m [37m/wd/hub/session/987b06d2-fbed-4576-980f-5d14f674bf94/element/00000000-0000-0dee-0000-000f00000004/location[39m
[35m[HTTP][39m [90m{}[39m
[35m[W3C (987b06d2)][39m Driver proxy active, passing request on via HTTP proxy
[35m[WD Proxy][39m Replacing sessionId 32c45fdb-53a8-415f-a5c6-b52d83eb9c23 with 987b06d2-fbed-4576-980f-5d14f674bf94
[35m[HTTP][39m [37m<-- GET /wd/hub/session/987b06d2-fbed-4576-980f-5d14f674bf94/element/00000000-0000-0dee-0000-000f00000004/location [39m[32m200[39m [90m25 ms - 77[39m
[35m[HTTP][39m [90m[39m
[35m[HTTP][39m [37m-->[39m [37mPOST[39m [37m/wd/hub/session/987b06d2-fbed-4576-980f-5d14f674bf94/timeouts[39m
[35m[HTTP][39m [90m{"implicit":30000}[39m
[35m[HTTP][39m [37m<-- POST /wd/hub/session/987b06d2-fbed-4576-980f-5d14f674bf94/timeouts [39m[32m200[39m [90m2 ms - 14[39m
[35m[HTTP][39m [90m[39m
[35m[HTTP][39m [37m-->[39m [37mPOST[39m [37m/wd/hub/session/987b06d2-fbed-4576-980f-5d14f674bf94/timeouts[39m
[35m[HTTP][39m [90m{"implicit":50}[39m
[35m[HTTP][39m [37m<-- POST /wd/hub/session/987b06d2-fbed-4576-980f-5d14f674bf94/timeouts [39m[32m200[39m [90m2 ms - 14[39m
[35m[HTTP][39m [90m[39m
[35m[HTTP][39m [37m-->[39m [37mGET[39m [37m/wd/hub/session/987b06d2-fbed-4576-980f-5d14f674bf94/window/rect[39m
[35m[HTTP][39m [90m{}[39m
[35m[HTTP][39m [37m<-- GET /wd/hub/session/987b06d2-fbed-4576-980f-5d14f674bf94/window/rect [39m[32m200[39m [90m17 ms - 50[39m
[35m[HTTP][39m [90m[39m
[35m[HTTP][39m [37m-->[39m [37mPOST[39m [37m/wd/hub/session/987b06d2-fbed-4576-980f-5d14f674bf94/elements[39m
[35m[HTTP][39m [90m{"using":"xpath","value":"//android.view.View[@content-desc='Credit Card']/preceding-sibling::android.view.View[1]"}[39m
[35m[HTTP][39m [37m<-- POST /wd/hub/session/987b06d2-fbed-4576-980f-5d14f674bf94/elements [39m[32m200[39m [90m82 ms - 139[39m
[35m[HTTP][39m [90m[39m
[35m[HTTP][39m [37m-->[39m [37mGET[39m [37m/wd/hub/session/987b06d2-fbed-4576-980f-5d14f674bf94/element/00000000-0000-0dee-0000-001100000004/location[39m
[35m[HTTP][39m [90m{}[39m
[35m[W3C (987b06d2)][39m Driver proxy active, passing request on via HTTP proxy
[35m[WD Proxy][39m Replacing sessionId 32c45fdb-53a8-415f-a5c6-b52d83eb9c23 with 987b06d2-fbed-4576-980f-5d14f674bf94
[35m[HTTP][39m [37m<-- GET /wd/hub/session/987b06d2-fbed-4576-980f-5d14f674bf94/element/00000000-0000-0dee-0000-001100000004/location [39m[32m200[39m [90m26 ms - 78[39m
[35m[HTTP][39m [90m[39m
[35m[HTTP][39m [37m-->[39m [37mPOST[39m [37m/wd/hub/session/987b06d2-fbed-4576-980f-5d14f674bf94/timeouts[39m
[35m[HTTP][39m [90m{"implicit":30000}[39m
[35m[HTTP][39m [37m<-- POST /wd/hub/session/987b06d2-fbed-4576-980f-5d14f674bf94/timeouts [39m[32m200[39m [90m2 ms - 14[39m
[35m[HTTP][39m [90m[39m
[35m[HTTP][39m [37m-->[39m [37mPOST[39m [37m/wd/hub/session/987b06d2-fbed-4576-980f-5d14f674bf94/element/00000000-0000-0dee-0000-001100000004/click[39m
[35m[HTTP][39m [90m{"id":"00000000-0000-0dee-0000-001100000004"}[39m
[35m[HTTP][39m [37m<-- POST /wd/hub/session/987b06d2-fbed-4576-980f-5d14f674bf94/element/00000000-0000-0dee-0000-001100000004/click [39m[32m200[39m [90m573 ms - 14[39m
[35m[HTTP][39m [90m[39m
[35m[HTTP][39m [37m-->[39m [37mPOST[39m [37m/wd/hub/session/987b06d2-fbed-4576-980f-5d14f674bf94/timeouts[39m
[35m[HTTP][39m [90m{"implicit":50}[39m
[35m[HTTP][39m [37m<-- POST /wd/hub/session/987b06d2-fbed-4576-980f-5d14f674bf94/timeouts [39m[32m200[39m [90m2 ms - 14[39m
[35m[HTTP][39m [90m[39m
[35m[HTTP][39m [37m-->[39m [37mGET[39m [37m/wd/hub/session/987b06d2-fbed-4576-980f-5d14f674bf94/window/rect[39m
[35m[HTTP][39m [90m{}[39m
[35m[HTTP][39m [37m<-- GET /wd/hub/session/987b06d2-fbed-4576-980f-5d14f674bf94/window/rect [39m[32m200[39m [90m42 ms - 50[39m
[35m[HTTP][39m [90m[39m
[35m[HTTP][39m [37m-->[39m [37mPOST[39m [37m/wd/hub/session/987b06d2-fbed-4576-980f-5d14f674bf94/elements[39m
[35m[HTTP][39m [90m{"using":"xpath","value":"//android.widget.EditText[contains(@text , 'Card Number')]"}[39m
[35m[HTTP][39m [37m<-- POST /wd/hub/session/987b06d2-fbed-4576-980f-5d14f674bf94/elements [39m[32m200[39m [90m514 ms - 139[39m
[35m[HTTP][39m [90m[39m
[35m[HTTP][39m [37m-->[39m [37mGET[39m [37m/wd/hub/session/987b06d2-fbed-4576-980f-5d14f674bf94/element/00000000-0000-0dee-0000-001500000004/location[39m
[35m[HTTP][39m [90m{}[39m
[35m[W3C (987b06d2)][39m Driver proxy active, passing request on via HTTP proxy
[35m[WD Proxy][39m Replacing sessionId 32c45fdb-53a8-415f-a5c6-b52d83eb9c23 with 987b06d2-fbed-4576-980f-5d14f674bf94
[35m[HTTP][39m [37m<-- GET /wd/hub/session/987b06d2-fbed-4576-980f-5d14f674bf94/element/00000000-0000-0dee-0000-001500000004/location [39m[32m200[39m [90m50 ms - 79[39m
[35m[HTTP][39m [90m[39m
[35m[HTTP][39m [37m-->[39m [37mPOST[39m [37m/wd/hub/session/987b06d2-fbed-4576-980f-5d14f674bf94/timeouts[39m
[35m[HTTP][39m [90m{"implicit":30000}[39m
[35m[HTTP][39m [37m<-- POST /wd/hub/session/987b06d2-fbed-4576-980f-5d14f674bf94/timeouts [39m[32m200[39m [90m3 ms - 14[39m
[35m[HTTP][39m [90m[39m
[35m[HTTP][39m [37m-->[39m [37mPOST[39m [37m/wd/hub/session/987b06d2-fbed-4576-980f-5d14f674bf94/element/00000000-0000-0dee-0000-001500000004/clear[39m
[35m[HTTP][39m [90m{"id":"00000000-0000-0dee-0000-001500000004"}[39m
[35m[HTTP][39m [37m<-- POST /wd/hub/session/987b06d2-fbed-4576-980f-5d14f674bf94/element/00000000-0000-0dee-0000-001500000004/clear [39m[32m200[39m [90m53 ms - 14[39m
[35m[HTTP][39m [90m[39m
[35m[HTTP][39m [37m-->[39m [37mPOST[39m [37m/wd/hub/session/987b06d2-fbed-4576-980f-5d14f674bf94/element/00000000-0000-0dee-0000-001500000004/value[39m
[35m[HTTP][39m [90m{"id":"00000000-0000-0dee-0000-001500000004","text":"5290161250133434","value":["5","2","9","0","1","6","1","2","5","0","1","3","3","4","3","4"]}[39m
[35m[HTTP][39m [37m<-- POST /wd/hub/session/987b06d2-fbed-4576-980f-5d14f674bf94/element/00000000-0000-0dee-0000-001500000004/value [39m[32m200[39m [90m68 ms - 14[39m
[35m[HTTP][39m [90m[39m
[35m[HTTP][39m [37m-->[39m [37mPOST[39m [37m/wd/hub/session/987b06d2-fbed-4576-980f-5d14f674bf94/timeouts[39m
[35m[HTTP][39m [90m{"implicit":50}[39m
[35m[HTTP][39m [37m<-- POST /wd/hub/session/987b06d2-fbed-4576-980f-5d14f674bf94/timeouts [39m[32m200[39m [90m2 ms - 14[39m
[35m[HTTP][39m [90m[39m
[35m[HTTP][39m [37m-->[39m [37mGET[39m [37m/wd/hub/session/987b06d2-fbed-4576-980f-5d14f674bf94/window/rect[39m
[35m[HTTP][39m [90m{}[39m
[35m[HTTP][39m [37m<-- GET /wd/hub/session/987b06d2-fbed-4576-980f-5d14f674bf94/window/rect [39m[32m200[39m [90m22 ms - 50[39m
[35m[HTTP][39m [90m[39m
[35m[HTTP][39m [37m-->[39m [37mPOST[39m [37m/wd/hub/session/987b06d2-fbed-4576-980f-5d14f674bf94/elements[39m
[35m[HTTP][39m [90m{"using":"xpath","value":"//android.widget.EditText[contains(@text , 'Card 4-digit PIN')]"}[39m
[35m[HTTP][39m [37m<-- POST /wd/hub/session/987b06d2-fbed-4576-980f-5d14f674bf94/elements [39m[32m200[39m [90m500 ms - 139[39m
[35m[HTTP][39m [90m[39m
[35m[HTTP][39m [37m-->[39m [37mGET[39m [37m/wd/hub/session/987b06d2-fbed-4576-980f-5d14f674bf94/element/00000000-0000-0dee-0000-001700000004/location[39m
[35m[HTTP][39m [90m{}[39m
[35m[W3C (987b06d2)][39m Driver proxy active, passing request on via HTTP proxy
[35m[WD Proxy][39m Replacing sessionId 32c45fdb-53a8-415f-a5c6-b52d83eb9c23 with 987b06d2-fbed-4576-980f-5d14f674bf94
[35m[HTTP][39m [37m<-- GET /wd/hub/session/987b06d2-fbed-4576-980f-5d14f674bf94/element/00000000-0000-0dee-0000-001700000004/location [39m[32m200[39m [90m33 ms - 79[39m
[35m[HTTP][39m [90m[39m
[35m[HTTP][39m [37m-->[39m [37mPOST[39m [37m/wd/hub/session/987b06d2-fbed-4576-980f-5d14f674bf94/timeouts[39m
[35m[HTTP][39m [90m{"implicit":30000}[39m
[35m[HTTP][39m [37m<-- POST /wd/hub/session/987b06d2-fbed-4576-980f-5d14f674bf94/timeouts [39m[32m200[39m [90m2 ms - 14[39m
[35m[HTTP][39m [90m[39m
[35m[HTTP][39m [37m-->[39m [37mPOST[39m [37m/wd/hub/session/987b06d2-fbed-4576-980f-5d14f674bf94/element/00000000-0000-0dee-0000-001700000004/clear[39m
[35m[HTTP][39m [90m{"id":"00000000-0000-0dee-0000-001700000004"}[39m
[35m[HTTP][39m [37m<-- POST /wd/hub/session/987b06d2-fbed-4576-980f-5d14f674bf94/element/00000000-0000-0dee-0000-001700000004/clear [39m[32m200[39m [90m45 ms - 14[39m
[35m[HTTP][39m [90m[39m
[35m[HTTP][39m [37m-->[39m [37mPOST[39m [37m/wd/hub/session/987b06d2-fbed-4576-980f-5d14f674bf94/element/00000000-0000-0dee-0000-001700000004/value[39m
[35m[HTTP][39m [90m{"id":"00000000-0000-0dee-0000-001700000004","text":"1234","value":["1","2","3","4"]}[39m
[35m[HTTP][39m [37m<-- POST /wd/hub/session/987b06d2-fbed-4576-980f-5d14f674bf94/element/00000000-0000-0dee-0000-001700000004/value [39m[32m200[39m [90m89 ms - 14[39m
[35m[HTTP][39m [90m[39m
[35m[HTTP][39m [37m-->[39m [37mGET[39m [37m/wd/hub/session/987b06d2-fbed-4576-980f-5d14f674bf94/context[39m
[35m[HTTP][39m [90m{}[39m
[35m[HTTP][39m [37m<-- GET /wd/hub/session/987b06d2-fbed-4576-980f-5d14f674bf94/context [39m[32m200[39m [90m4 ms - 22[39m
[35m[HTTP][39m [90m[39m
[35m[HTTP][39m [37m-->[39m [37mGET[39m [37m/wd/hub/session/987b06d2-fbed-4576-980f-5d14f674bf94/contexts[39m
[35m[HTTP][39m [90m{}[39m
[35m[HTTP][39m [37m<-- GET /wd/hub/session/987b06d2-fbed-4576-980f-5d14f674bf94/contexts [39m[32m200[39m [90m179 ms - 24[39m
[35m[HTTP][39m [90m[39m
[35m[HTTP][39m [37m-->[39m [37mPOST[39m [37m/wd/hub/session/987b06d2-fbed-4576-980f-5d14f674bf94/context[39m
[35m[HTTP][39m [90m{"name":"NATIVE_APP"}[39m
[35m[HTTP][39m [37m<-- POST /wd/hub/session/987b06d2-fbed-4576-980f-5d14f674bf94/context [39m[32m200[39m [90m3 ms - 14[39m
[35m[HTTP][39m [90m[39m
[35m[HTTP][39m [37m-->[39m [37mGET[39m [37m/wd/hub/session/987b06d2-fbed-4576-980f-5d14f674bf94/screenshot[39m
[35m[HTTP][39m [90m{}[39m
[35m[HTTP][39m [37m<-- GET /wd/hub/session/987b06d2-fbed-4576-980f-5d14f674bf94/screenshot [39m[32m200[39m [90m509 ms - 194164[39m
[35m[HTTP][39m [90m[39m
[35m[HTTP][39m [37m-->[39m [37mPOST[39m [37m/wd/hub/session/987b06d2-fbed-4576-980f-5d14f674bf94/context[39m
[35m[HTTP][39m [90m{"name":"NATIVE_APP"}[39m
[35m[HTTP][39m [37m<-- POST /wd/hub/session/987b06d2-fbed-4576-980f-5d14f674bf94/context [39m[32m200[39m [90m1 ms - 14[39m
[35m[HTTP][39m [90m[39m
[35m[HTTP][39m [37m-->[39m [37mPOST[39m [37m/wd/hub/session/987b06d2-fbed-4576-980f-5d14f674bf94/timeouts[39m
[35m[HTTP][39m [90m{"implicit":50}[39m
[35m[HTTP][39m [37m<-- POST /wd/hub/session/987b06d2-fbed-4576-980f-5d14f674bf94/timeouts [39m[32m200[39m [90m2 ms - 14[39m
[35m[HTTP][39m [90m[39m
[35m[HTTP][39m [37m-->[39m [37mGET[39m [37m/wd/hub/session/987b06d2-fbed-4576-980f-5d14f674bf94/window/rect[39m
[35m[HTTP][39m [90m{}[39m
[35m[HTTP][39m [37m<-- GET /wd/hub/session/987b06d2-fbed-4576-980f-5d14f674bf94/window/rect [39m[32m200[39m [90m39 ms - 50[39m
[35m[HTTP][39m [90m[39m
[35m[HTTP][39m [37m-->[39m [37mPOST[39m [37m/wd/hub/session/987b06d2-fbed-4576-980f-5d14f674bf94/elements[39m
[35m[HTTP][39m [90m{"using":"accessibility id","value":"Next"}[39m
[35m[HTTP][39m [37m<-- POST /wd/hub/session/987b06d2-fbed-4576-980f-5d14f674bf94/elements [39m[32m200[39m [90m75 ms - 139[39m
[35m[HTTP][39m [90m[39m
[35m[HTTP][39m [37m-->[39m [37mGET[39m [37m/wd/hub/session/987b06d2-fbed-4576-980f-5d14f674bf94/element/00000000-0000-0dee-0000-001e00000004/location[39m
[35m[HTTP][39m [90m{}[39m
[35m[W3C (987b06d2)][39m Driver proxy active, passing request on via HTTP proxy
[35m[WD Proxy][39m Replacing sessionId 32c45fdb-53a8-415f-a5c6-b52d83eb9c23 with 987b06d2-fbed-4576-980f-5d14f674bf94
[35m[HTTP][39m [37m<-- GET /wd/hub/session/987b06d2-fbed-4576-980f-5d14f674bf94/element/00000000-0000-0dee-0000-001e00000004/location [39m[32m200[39m [90m33 ms - 78[39m
[35m[HTTP][39m [90m[39m
[35m[HTTP][39m [37m-->[39m [37mPOST[39m [37m/wd/hub/session/987b06d2-fbed-4576-980f-5d14f674bf94/timeouts[39m
[35m[HTTP][39m [90m{"implicit":30000}[39m
[35m[HTTP][39m [37m<-- POST /wd/hub/session/987b06d2-fbed-4576-980f-5d14f674bf94/timeouts [39m[32m200[39m [90m1 ms - 14[39m
[35m[HTTP][39m [90m[39m
[35m[HTTP][39m [37m-->[39m [37mPOST[39m [37m/wd/hub/session/987b06d2-fbed-4576-980f-5d14f674bf94/element/00000000-0000-0dee-0000-001e00000004/click[39m
[35m[HTTP][39m [90m{"id":"00000000-0000-0dee-0000-001e00000004"}[39m
[35m[HTTP][39m [37m<-- POST /wd/hub/session/987b06d2-fbed-4576-980f-5d14f674bf94/element/00000000-0000-0dee-0000-001e00000004/click [39m[32m200[39m [90m1096 ms - 14[39m
[35m[HTTP][39m [90m[39m
[35m[HTTP][39m [37m-->[39m [37mPOST[39m [37m/wd/hub/session/987b06d2-fbed-4576-980f-5d14f674bf94/appium/device/press_keycode[39m
[35m[HTTP][39m [90m{"keycode":13}[39m
[35m[HTTP][39m [37m<-- POST /wd/hub/session/987b06d2-fbed-4576-980f-5d14f674bf94/appium/device/press_keycode [39m[32m200[39m [90m264 ms - 14[39m
[35m[HTTP][39m [90m[39m
[35m[HTTP][39m [37m-->[39m [37mPOST[39m [37m/wd/hub/session/987b06d2-fbed-4576-980f-5d14f674bf94/appium/device/press_keycode[39m
[35m[HTTP][39m [90m{"keycode":12}[39m
[35m[HTTP][39m [37m<-- POST /wd/hub/session/987b06d2-fbed-4576-980f-5d14f674bf94/appium/device/press_keycode [39m[32m200[39m [90m1186 ms - 14[39m
[35m[HTTP][39m [90m[39m
[35m[HTTP][39m [37m-->[39m [37mPOST[39m [37m/wd/hub/session/987b06d2-fbed-4576-980f-5d14f674bf94/appium/device/press_keycode[39m
[35m[HTTP][39m [90m{"keycode":11}[39m
[35m[HTTP][39m [37m<-- POST /wd/hub/session/987b06d2-fbed-4576-980f-5d14f674bf94/appium/device/press_keycode [39m[32m200[39m [90m1046 ms - 14[39m
[35m[HTTP][39m [90m[39m
[35m[HTTP][39m [37m-->[39m [37mPOST[39m [37m/wd/hub/session/987b06d2-fbed-4576-980f-5d14f674bf94/appium/device/press_keycode[39m
[35m[HTTP][39m [90m{"keycode":10}[39m
[35m[HTTP][39m [37m<-- POST /wd/hub/session/987b06d2-fbed-4576-980f-5d14f674bf94/appium/device/press_keycode [39m[32m200[39m [90m1048 ms - 14[39m
[35m[HTTP][39m [90m[39m
[35m[HTTP][39m [37m-->[39m [37mPOST[39m [37m/wd/hub/session/987b06d2-fbed-4576-980f-5d14f674bf94/appium/device/press_keycode[39m
[35m[HTTP][39m [90m{"keycode":9}[39m
[35m[HTTP][39m [37m<-- POST /wd/hub/session/987b06d2-fbed-4576-980f-5d14f674bf94/appium/device/press_keycode [39m[32m200[39m [90m1037 ms - 14[39m
[35m[HTTP][39m [90m[39m
[35m[HTTP][39m [37m-->[39m [37mPOST[39m [37m/wd/hub/session/987b06d2-fbed-4576-980f-5d14f674bf94/appium/device/press_keycode[39m
[35m[HTTP][39m [90m{"keycode":8}[39m
[35m[HTTP][39m [37m<-- POST /wd/hub/session/987b06d2-fbed-4576-980f-5d14f674bf94/appium/device/press_keycode [39m[32m200[39m [90m547 ms - 14[39m
[35m[HTTP][39m [90m[39m
[35m[HTTP][39m [37m-->[39m [37mPOST[39m [37m/wd/hub/session/987b06d2-fbed-4576-980f-5d14f674bf94/appium/device/press_keycode[39m
[35m[HTTP][39m [90m{"keycode":66}[39m
[35m[HTTP][39m [37m<-- POST /wd/hub/session/987b06d2-fbed-4576-980f-5d14f674bf94/appium/device/press_keycode [39m[32m200[39m [90m1072 ms - 14[39m
[35m[HTTP][39m [90m[39m
[35m[HTTP][39m [37m-->[39m [37mPOST[39m [37m/wd/hub/session/987b06d2-fbed-4576-980f-5d14f674bf94/timeouts[39m
[35m[HTTP][39m [90m{"implicit":50}[39m
[35m[HTTP][39m [37m<-- POST /wd/hub/session/987b06d2-fbed-4576-980f-5d14f674bf94/timeouts [39m[32m200[39m [90m2 ms - 14[39m
[35m[HTTP][39m [90m[39m
[35m[HTTP][39m [37m-->[39m [37mGET[39m [37m/wd/hub/session/987b06d2-fbed-4576-980f-5d14f674bf94/window/rect[39m
[35m[HTTP][39m [90m{}[39m
[35m[HTTP][39m [37m<-- GET /wd/hub/session/987b06d2-fbed-4576-980f-5d14f674bf94/window/rect [39m[32m200[39m [90m37 ms - 50[39m
[35m[HTTP][39m [90m[39m
[35m[HTTP][39m [37m-->[39m [37mPOST[39m [37m/wd/hub/session/987b06d2-fbed-4576-980f-5d14f674bf94/elements[39m
[35m[HTTP][39m [90m{"using":"xpath","value":"//*[@class = 'android.widget.Button' and @resource-id = '' and (@text = '' or . = '')]"}[39m
[35m[HTTP][39m [37m<-- POST /wd/hub/session/987b06d2-fbed-4576-980f-5d14f674bf94/elements [39m[32m200[39m [90m369 ms - 139[39m
[35m[HTTP][39m [90m[39m
[35m[HTTP][39m [37m-->[39m [37mGET[39m [37m/wd/hub/session/987b06d2-fbed-4576-980f-5d14f674bf94/element/00000000-0000-0dee-0000-003500000004/location[39m
[35m[HTTP][39m [90m{}[39m
[35m[W3C (987b06d2)][39m Driver proxy active, passing request on via HTTP proxy
[35m[WD Proxy][39m Replacing sessionId 32c45fdb-53a8-415f-a5c6-b52d83eb9c23 with 987b06d2-fbed-4576-980f-5d14f674bf94
[35m[HTTP][39m [37m<-- GET /wd/hub/session/987b06d2-fbed-4576-980f-5d14f674bf94/element/00000000-0000-0dee-0000-003500000004/location [39m[32m200[39m [90m26 ms - 78[39m
[35m[HTTP][39m [90m[39m
[35m[HTTP][39m [37m-->[39m [37mPOST[39m [37m/wd/hub/session/987b06d2-fbed-4576-980f-5d14f674bf94/timeouts[39m
[35m[HTTP][39m [90m{"implicit":30000}[39m
[35m[HTTP][39m [37m<-- POST /wd/hub/session/987b06d2-fbed-4576-980f-5d14f674bf94/timeouts [39m[32m200[39m [90m2 ms - 14[39m
[35m[HTTP][39m [90m[39m
[35m[HTTP][39m [37m-->[39m [37mPOST[39m [37m/wd/hub/session/987b06d2-fbed-4576-980f-5d14f674bf94/element/00000000-0000-0dee-0000-003500000004/click[39m
[35m[HTTP][39m [90m{"id":"00000000-0000-0dee-0000-003500000004"}[39m
[35m[HTTP][39m [37m<-- POST /wd/hub/session/987b06d2-fbed-4576-980f-5d14f674bf94/element/00000000-0000-0dee-0000-003500000004/click [39m[32m200[39m [90m84 ms - 14[39m
[35m[HTTP][39m [90m[39m
[35m[HTTP][39m [37m-->[39m [37mPOST[39m [37m/wd/hub/session/987b06d2-fbed-4576-980f-5d14f674bf94/timeouts[39m
[35m[HTTP][39m [90m{"implicit":50}[39m
[35m[HTTP][39m [37m<-- POST /wd/hub/session/987b06d2-fbed-4576-980f-5d14f674bf94/timeouts [39m[32m200[39m [90m2 ms - 14[39m
[35m[HTTP][39m [90m[39m
[35m[HTTP][39m [37m-->[39m [37mGET[39m [37m/wd/hub/session/987b06d2-fbed-4576-980f-5d14f674bf94/window/rect[39m
[35m[HTTP][39m [90m{}[39m
[35m[HTTP][39m [37m<-- GET /wd/hub/session/987b06d2-fbed-4576-980f-5d14f674bf94/window/rect [39m[32m200[39m [90m33 ms - 50[39m
[35m[HTTP][39m [90m[39m
[35m[HTTP][39m [37m-->[39m [37mPOST[39m [37m/wd/hub/session/987b06d2-fbed-4576-980f-5d14f674bf94/elements[39m
[35m[HTTP][39m [90m{"using":"xpath","value":"//android.widget.EditText[contains(@text , 'Create mPIN')]"}[39m
[35m[HTTP][39m [37m<-- POST /wd/hub/session/987b06d2-fbed-4576-980f-5d14f674bf94/elements [39m[32m200[39m [90m89 ms - 139[39m
[35m[HTTP][39m [90m[39m
[35m[HTTP][39m [37m-->[39m [37mGET[39m [37m/wd/hub/session/987b06d2-fbed-4576-980f-5d14f674bf94/element/00000000-0000-0dee-0000-004100000004/location[39m
[35m[HTTP][39m [90m{}[39m
[35m[W3C (987b06d2)][39m Driver proxy active, passing request on via HTTP proxy
[35m[WD Proxy][39m Replacing sessionId 32c45fdb-53a8-415f-a5c6-b52d83eb9c23 with 987b06d2-fbed-4576-980f-5d14f674bf94
[35m[HTTP][39m [37m<-- GET /wd/hub/session/987b06d2-fbed-4576-980f-5d14f674bf94/element/00000000-0000-0dee-0000-004100000004/location [39m[32m200[39m [90m28 ms - 78[39m
[35m[HTTP][39m [90m[39m
[35m[HTTP][39m [37m-->[39m [37mPOST[39m [37m/wd/hub/session/987b06d2-fbed-4576-980f-5d14f674bf94/timeouts[39m
[35m[HTTP][39m [90m{"implicit":30000}[39m
[35m[HTTP][39m [37m<-- POST /wd/hub/session/987b06d2-fbed-4576-980f-5d14f674bf94/timeouts [39m[32m200[39m [90m2 ms - 14[39m
[35m[HTTP][39m [90m[39m
[35m[HTTP][39m [37m-->[39m [37mPOST[39m [37m/wd/hub/session/987b06d2-fbed-4576-980f-5d14f674bf94/element/00000000-0000-0dee-0000-004100000004/clear[39m
[35m[HTTP][39m [90m{"id":"00000000-0000-0dee-0000-004100000004"}[39m
[35m[HTTP][39m [37m<-- POST /wd/hub/session/987b06d2-fbed-4576-980f-5d14f674bf94/element/00000000-0000-0dee-0000-004100000004/clear [39m[32m200[39m [90m50 ms - 14[39m
[35m[HTTP][39m [90m[39m
[35m[HTTP][39m [37m-->[39m [37mPOST[39m [37m/wd/hub/session/987b06d2-fbed-4576-980f-5d14f674bf94/element/00000000-0000-0dee-0000-004100000004/value[39m
[35m[HTTP][39m [90m{"id":"00000000-0000-0dee-0000-004100000004","text":"102030","value":["1","0","2","0","3","0"]}[39m
[35m[HTTP][39m [37m<-- POST /wd/hub/session/987b06d2-fbed-4576-980f-5d14f674bf94/element/00000000-0000-0dee-0000-004100000004/value [39m[32m200[39m [90m79 ms - 14[39m
[35m[HTTP][39m [90m[39m
[35m[HTTP][39m [37m-->[39m [37mPOST[39m [37m/wd/hub/session/987b06d2-fbed-4576-980f-5d14f674bf94/timeouts[39m
[35m[HTTP][39m [90m{"implicit":50}[39m
[35m[HTTP][39m [37m<-- POST /wd/hub/session/987b06d2-fbed-4576-980f-5d14f674bf94/timeouts [39m[32m200[39m [90m1 ms - 14[39m
[35m[HTTP][39m [90m[39m
[35m[HTTP][39m [37m-->[39m [37mGET[39m [37m/wd/hub/session/987b06d2-fbed-4576-980f-5d14f674bf94/window/rect[39m
[35m[HTTP][39m [90m{}[39m
[35m[HTTP][39m [37m<-- GET /wd/hub/session/987b06d2-fbed-4576-980f-5d14f674bf94/window/rect [39m[32m200[39m [90m26 ms - 50[39m
[35m[HTTP][39m [90m[39m
[35m[HTTP][39m [37m-->[39m [37mPOST[39m [37m/wd/hub/session/987b06d2-fbed-4576-980f-5d14f674bf94/elements[39m
[35m[HTTP][39m [90m{"using":"xpath","value":"//android.widget.EditText[contains(@text , 'Confirm mPIN')]"}[39m
[35m[HTTP][39m [37m<-- POST /wd/hub/session/987b06d2-fbed-4576-980f-5d14f674bf94/elements [39m[32m200[39m [90m501 ms - 139[39m
[35m[HTTP][39m [90m[39m
[35m[HTTP][39m [37m-->[39m [37mGET[39m [37m/wd/hub/session/987b06d2-fbed-4576-980f-5d14f674bf94/element/00000000-0000-0dee-0000-004400000004/location[39m
[35m[HTTP][39m [90m{}[39m
[35m[W3C (987b06d2)][39m Driver proxy active, passing request on via HTTP proxy
[35m[WD Proxy][39m Replacing sessionId 32c45fdb-53a8-415f-a5c6-b52d83eb9c23 with 987b06d2-fbed-4576-980f-5d14f674bf94
[35m[HTTP][39m [37m<-- GET /wd/hub/session/987b06d2-fbed-4576-980f-5d14f674bf94/element/00000000-0000-0dee-0000-004400000004/location [39m[32m200[39m [90m29 ms - 78[39m
[35m[HTTP][39m [90m[39m
[35m[HTTP][39m [37m-->[39m [37mPOST[39m [37m/wd/hub/session/987b06d2-fbed-4576-980f-5d14f674bf94/timeouts[39m
[35m[HTTP][39m [90m{"implicit":30000}[39m
[35m[HTTP][39m [37m<-- POST /wd/hub/session/987b06d2-fbed-4576-980f-5d14f674bf94/timeouts [39m[32m200[39m [90m2 ms - 14[39m
[35m[HTTP][39m [90m[39m
[35m[HTTP][39m [37m-->[39m [37mPOST[39m [37m/wd/hub/session/987b06d2-fbed-4576-980f-5d14f674bf94/element/00000000-0000-0dee-0000-004400000004/clear[39m
[35m[HTTP][39m [90m{"id":"00000000-0000-0dee-0000-004400000004"}[39m
[35m[HTTP][39m [37m<-- POST /wd/hub/session/987b06d2-fbed-4576-980f-5d14f674bf94/element/00000000-0000-0dee-0000-004400000004/clear [39m[32m200[39m [90m42 ms - 14[39m
[35m[HTTP][39m [90m[39m
[35m[HTTP][39m [37m-->[39m [37mPOST[39m [37m/wd/hub/session/987b06d2-fbed-4576-980f-5d14f674bf94/element/00000000-0000-0dee-0000-004400000004/value[39m
[35m[HTTP][39m [90m{"id":"00000000-0000-0dee-0000-004400000004","text":"102030","value":["1","0","2","0","3","0"]}[39m
[35m[HTTP][39m [37m<-- POST /wd/hub/session/987b06d2-fbed-4576-980f-5d14f674bf94/element/00000000-0000-0dee-0000-004400000004/value [39m[32m200[39m [90m96 ms - 14[39m
[35m[HTTP][39m [90m[39m
[35m[HTTP][39m [37m-->[39m [37mPOST[39m [37m/wd/hub/session/987b06d2-fbed-4576-980f-5d14f674bf94/timeouts[39m
[35m[HTTP][39m [90m{"implicit":50}[39m
[35m[HTTP][39m [37m<-- POST /wd/hub/session/987b06d2-fbed-4576-980f-5d14f674bf94/timeouts [39m[32m200[39m [90m3 ms - 14[39m
[35m[HTTP][39m [90m[39m
[35m[HTTP][39m [37m-->[39m [37mGET[39m [37m/wd/hub/session/987b06d2-fbed-4576-980f-5d14f674bf94/window/rect[39m
[35m[HTTP][39m [90m{}[39m
[35m[HTTP][39m [37m<-- GET /wd/hub/session/987b06d2-fbed-4576-980f-5d14f674bf94/window/rect [39m[32m200[39m [90m27 ms - 50[39m
[35m[HTTP][39m [90m[39m
[35m[HTTP][39m [37m-->[39m [37mPOST[39m [37m/wd/hub/session/987b06d2-fbed-4576-980f-5d14f674bf94/elements[39m
[35m[HTTP][39m [90m{"using":"accessibility id","value":"Next"}[39m
[35m[HTTP][39m [37m<-- POST /wd/hub/session/987b06d2-fbed-4576-980f-5d14f674bf94/elements [39m[32m200[39m [90m349 ms - 139[39m
[35m[HTTP][39m [90m[39m
[35m[HTTP][39m [37m-->[39m [37mGET[39m [37m/wd/hub/session/987b06d2-fbed-4576-980f-5d14f674bf94/element/00000000-0000-0dee-0000-004a00000004/location[39m
[35m[HTTP][39m [90m{}[39m
[35m[W3C (987b06d2)][39m Driver proxy active, passing request on via HTTP proxy
[35m[WD Proxy][39m Replacing sessionId 32c45fdb-53a8-415f-a5c6-b52d83eb9c23 with 987b06d2-fbed-4576-980f-5d14f674bf94
[35m[HTTP][39m [37m<-- GET /wd/hub/session/987b06d2-fbed-4576-980f-5d14f674bf94/element/00000000-0000-0dee-0000-004a00000004/location [39m[32m200[39m [90m33 ms - 78[39m
[35m[HTTP][39m [90m[39m
[35m[HTTP][39m [37m-->[39m [37mPOST[39m [37m/wd/hub/session/987b06d2-fbed-4576-980f-5d14f674bf94/timeouts[39m
[35m[HTTP][39m [90m{"implicit":30000}[39m
[35m[HTTP][39m [37m<-- POST /wd/hub/session/987b06d2-fbed-4576-980f-5d14f674bf94/timeouts [39m[32m200[39m [90m3 ms - 14[39m
[35m[HTTP][39m [90m[39m
[35m[HTTP][39m [37m-->[39m [37mPOST[39m [37m/wd/hub/session/987b06d2-fbed-4576-980f-5d14f674bf94/element/00000000-0000-0dee-0000-004a00000004/click[39m
[35m[HTTP][39m [90m{"id":"00000000-0000-0dee-0000-004a00000004"}[39m
[35m[HTTP][39m [37m<-- POST /wd/hub/session/987b06d2-fbed-4576-980f-5d14f674bf94/element/00000000-0000-0dee-0000-004a00000004/click [39m[32m200[39m [90m1132 ms - 14[39m
[35m[HTTP][39m [90m[39m
[35m[HTTP][39m [37m-->[39m [37mPOST[39m [37m/wd/hub/session/987b06d2-fbed-4576-980f-5d14f674bf94/timeouts[39m
[35m[HTTP][39m [90m{"implicit":50}[39m
[35m[HTTP][39m [37m<-- POST /wd/hub/session/987b06d2-fbed-4576-980f-5d14f674bf94/timeouts [39m[32m200[39m [90m1 ms - 14[39m
[35m[HTTP][39m [90m[39m
[35m[HTTP][39m [37m-->[39m [37mGET[39m [37m/wd/hub/session/987b06d2-fbed-4576-980f-5d14f674bf94/window/rect[39m
[35m[HTTP][39m [90m{}[39m
[35m[HTTP][39m [37m<-- GET /wd/hub/session/987b06d2-fbed-4576-980f-5d14f674bf94/window/rect [39m[32m200[39m [90m30 ms - 50[39m
[35m[HTTP][39m [90m[39m
[35m[HTTP][39m [37m-->[39m [37mPOST[39m [37m/wd/hub/session/987b06d2-fbed-4576-980f-5d14f674bf94/elements[39m
[35m[HTTP][39m [90m{"using":"accessibility id","value":"Maybe Later"}[39m
[35m[HTTP][39m [37m<-- POST /wd/hub/session/987b06d2-fbed-4576-980f-5d14f674bf94/elements [39m[32m200[39m [90m54 ms - 139[39m
[35m[HTTP][39m [90m[39m
[35m[HTTP][39m [37m-->[39m [37mGET[39m [37m/wd/hub/session/987b06d2-fbed-4576-980f-5d14f674bf94/element/00000000-0000-0dee-0000-005500000004/location[39m
[35m[HTTP][39m [90m{}[39m
[35m[W3C (987b06d2)][39m Driver proxy active, passing request on via HTTP proxy
[35m[WD Proxy][39m Replacing sessionId 32c45fdb-53a8-415f-a5c6-b52d83eb9c23 with 987b06d2-fbed-4576-980f-5d14f674bf94
[35m[HTTP][39m [37m<-- GET /wd/hub/session/987b06d2-fbed-4576-980f-5d14f674bf94/element/00000000-0000-0dee-0000-005500000004/location [39m[32m200[39m [90m46 ms - 78[39m
[35m[HTTP][39m [90m[39m
[35m[HTTP][39m [37m-->[39m [37mPOST[39m [37m/wd/hub/session/987b06d2-fbed-4576-980f-5d14f674bf94/timeouts[39m
[35m[HTTP][39m [90m{"implicit":30000}[39m
[35m[HTTP][39m [37m<-- POST /wd/hub/session/987b06d2-fbed-4576-980f-5d14f674bf94/timeouts [39m[32m200[39m [90m2 ms - 14[39m
[35m[HTTP][39m [90m[39m
[35m[HTTP][39m [37m-->[39m [37mPOST[39m [37m/wd/hub/session/987b06d2-fbed-4576-980f-5d14f674bf94/timeouts[39m
[35m[HTTP][39m [90m{"implicit":50}[39m
[35m[HTTP][39m [37m<-- POST /wd/hub/session/987b06d2-fbed-4576-980f-5d14f674bf94/timeouts [39m[32m200[39m [90m3 ms - 14[39m
[35m[HTTP][39m [90m[39m
[35m[HTTP][39m [37m-->[39m [37mGET[39m [37m/wd/hub/session/987b06d2-fbed-4576-980f-5d14f674bf94/window/rect[39m
[35m[HTTP][39m [90m{}[39m
[35m[HTTP][39m [37m<-- GET /wd/hub/session/987b06d2-fbed-4576-980f-5d14f674bf94/window/rect [39m[32m200[39m [90m21 ms - 50[39m
[35m[HTTP][39m [90m[39m
[35m[HTTP][39m [37m-->[39m [37mPOST[39m [37m/wd/hub/session/987b06d2-fbed-4576-980f-5d14f674bf94/elements[39m
[35m[HTTP][39m [90m{"using":"accessibility id","value":"Maybe Later"}[39m
[35m[HTTP][39m [37m<-- POST /wd/hub/session/987b06d2-fbed-4576-980f-5d14f674bf94/elements [39m[32m200[39m [90m60 ms - 139[39m
[35m[HTTP][39m [90m[39m
[35m[HTTP][39m [37m-->[39m [37mGET[39m [37m/wd/hub/session/987b06d2-fbed-4576-980f-5d14f674bf94/element/00000000-0000-0dee-0000-005500000004/location[39m
[35m[HTTP][39m [90m{}[39m
[35m[W3C (987b06d2)][39m Driver proxy active, passing request on via HTTP proxy
[35m[WD Proxy][39m Replacing sessionId 32c45fdb-53a8-415f-a5c6-b52d83eb9c23 with 987b06d2-fbed-4576-980f-5d14f674bf94
[35m[HTTP][39m [37m<-- GET /wd/hub/session/987b06d2-fbed-4576-980f-5d14f674bf94/element/00000000-0000-0dee-0000-005500000004/location [39m[32m200[39m [90m33 ms - 78[39m
[35m[HTTP][39m [90m[39m
[35m[HTTP][39m [37m-->[39m [37mPOST[39m [37m/wd/hub/session/987b06d2-fbed-4576-980f-5d14f674bf94/timeouts[39m
[35m[HTTP][39m [90m{"implicit":30000}[39m
[35m[HTTP][39m [37m<-- POST /wd/hub/session/987b06d2-fbed-4576-980f-5d14f674bf94/timeouts [39m[32m200[39m [90m2 ms - 14[39m
[35m[HTTP][39m [90m[39m
[35m[HTTP][39m [37m-->[39m [37mPOST[39m [37m/wd/hub/session/987b06d2-fbed-4576-980f-5d14f674bf94/element/00000000-0000-0dee-0000-005500000004/click[39m
[35m[HTTP][39m [90m{"id":"00000000-0000-0dee-0000-005500000004"}[39m
[35m[HTTP][39m [37m<-- POST /wd/hub/session/987b06d2-fbed-4576-980f-5d14f674bf94/element/00000000-0000-0dee-0000-005500000004/click [39m[32m200[39m [90m1674 ms - 14[39m
[35m[HTTP][39m [90m[39m
[35m[HTTP][39m [37m-->[39m [37mPOST[39m [37m/wd/hub/session/987b06d2-fbed-4576-980f-5d14f674bf94/timeouts[39m
[35m[HTTP][39m [90m{"implicit":50}[39m
[35m[HTTP][39m [37m<-- POST /wd/hub/session/987b06d2-fbed-4576-980f-5d14f674bf94/timeouts [39m[32m200[39m [90m2 ms - 14[39m
[35m[HTTP][39m [90m[39m
[35m[HTTP][39m [37m-->[39m [37mGET[39m [37m/wd/hub/session/987b06d2-fbed-4576-980f-5d14f674bf94/window/rect[39m
[35m[HTTP][39m [90m{}[39m
[35m[HTTP][39m [37m<-- GET /wd/hub/session/987b06d2-fbed-4576-980f-5d14f674bf94/window/rect [39m[32m200[39m [90m32 ms - 50[39m
[35m[HTTP][39m [90m[39m
[35m[HTTP][39m [37m-->[39m [37mPOST[39m [37m/wd/hub/session/987b06d2-fbed-4576-980f-5d14f674bf94/elements[39m
[35m[HTTP][39m [90m{"using":"xpath","value":"//android.widget.ScrollView/descendant::android.widget.ImageView[1]"}[39m
[35m[HTTP][39m [37m<-- POST /wd/hub/session/987b06d2-fbed-4576-980f-5d14f674bf94/elements [39m[32m200[39m [90m91 ms - 12[39m
[35m[HTTP][39m [90m[39m
[35m[HTTP][39m [37m-->[39m [37mPOST[39m [37m/wd/hub/session/987b06d2-fbed-4576-980f-5d14f674bf94/elements[39m
[35m[HTTP][39m [90m{"using":"xpath","value":"//android.widget.ScrollView/descendant::android.widget.ImageView[1]"}[39m
[35m[HTTP][39m [37m<-- POST /wd/hub/session/987b06d2-fbed-4576-980f-5d14f674bf94/elements [39m[32m200[39m [90m80 ms - 12[39m
[35m[HTTP][39m [90m[39m
[35m[HTTP][39m [37m-->[39m [37mPOST[39m [37m/wd/hub/session/987b06d2-fbed-4576-980f-5d14f674bf94/elements[39m
[35m[HTTP][39m [90m{"using":"xpath","value":"//android.widget.ScrollView/descendant::android.widget.ImageView[1]"}[39m
[35m[HTTP][39m [37m<-- POST /wd/hub/session/987b06d2-fbed-4576-980f-5d14f674bf94/elements [39m[32m200[39m [90m74 ms - 12[39m
[35m[HTTP][39m [90m[39m
[35m[HTTP][39m [37m-->[39m [37mPOST[39m [37m/wd/hub/session/987b06d2-fbed-4576-980f-5d14f674bf94/elements[39m
[35m[HTTP][39m [90m{"using":"xpath","value":"//android.widget.ScrollView/descendant::android.widget.ImageView[1]"}[39m
[35m[HTTP][39m [37m<-- POST /wd/hub/session/987b06d2-fbed-4576-980f-5d14f674bf94/elements [39m[32m200[39m [90m101 ms - 12[39m
[35m[HTTP][39m [90m[39m
[35m[HTTP][39m [37m-->[39m [37mPOST[39m [37m/wd/hub/session/987b06d2-fbed-4576-980f-5d14f674bf94/elements[39m
[35m[HTTP][39m [90m{"using":"xpath","value":"//android.widget.ScrollView/descendant::android.widget.ImageView[1]"}[39m
[35m[HTTP][39m [37m<-- POST /wd/hub/session/987b06d2-fbed-4576-980f-5d14f674bf94/elements [39m[32m200[39m [90m62 ms - 12[39m
[35m[HTTP][39m [90m[39m
[35m[HTTP][39m [37m-->[39m [37mPOST[39m [37m/wd/hub/session/987b06d2-fbed-4576-980f-5d14f674bf94/elements[39m
[35m[HTTP][39m [90m{"using":"xpath","value":"//android.widget.ScrollView/descendant::android.widget.ImageView[1]"}[39m
[35m[HTTP][39m [37m<-- POST /wd/hub/session/987b06d2-fbed-4576-980f-5d14f674bf94/elements [39m[32m200[39m [90m83 ms - 12[39m
[35m[HTTP][39m [90m[39m
[35m[HTTP][39m [37m-->[39m [37mPOST[39m [37m/wd/hub/session/987b06d2-fbed-4576-980f-5d14f674bf94/elements[39m
[35m[HTTP][39m [90m{"using":"xpath","value":"//android.widget.ScrollView/descendant::android.widget.ImageView[1]"}[39m
[35m[HTTP][39m [37m<-- POST /wd/hub/session/987b06d2-fbed-4576-980f-5d14f674bf94/elements [39m[32m200[39m [90m65 ms - 12[39m
[35m[HTTP][39m [90m[39m
[35m[HTTP][39m [37m-->[39m [37mPOST[39m [37m/wd/hub/session/987b06d2-fbed-4576-980f-5d14f674bf94/elements[39m
[35m[HTTP][39m [90m{"using":"xpath","value":"//android.widget.ScrollView/descendant::android.widget.ImageView[1]"}[39m
[35m[HTTP][39m [37m<-- POST /wd/hub/session/987b06d2-fbed-4576-980f-5d14f674bf94/elements [39m[32m200[39m [90m65 ms - 12[39m
[35m[HTTP][39m [90m[39m
[35m[HTTP][39m [37m-->[39m [37mPOST[39m [37m/wd/hub/session/987b06d2-fbed-4576-980f-5d14f674bf94/elements[39m
[35m[HTTP][39m [90m{"using":"xpath","value":"//android.widget.ScrollView/descendant::android.widget.ImageView[1]"}[39m
[35m[HTTP][39m [37m<-- POST /wd/hub/session/987b06d2-fbed-4576-980f-5d14f674bf94/elements [39m[32m200[39m [90m59 ms - 12[39m
[35m[HTTP][39m [90m[39m
[35m[HTTP][39m [37m-->[39m [37mPOST[39m [37m/wd/hub/session/987b06d2-fbed-4576-980f-5d14f674bf94/elements[39m
[35m[HTTP][39m [90m{"using":"xpath","value":"//android.widget.ScrollView/descendant::android.widget.ImageView[1]"}[39m
[35m[HTTP][39m [37m<-- POST /wd/hub/session/987b06d2-fbed-4576-980f-5d14f674bf94/elements [39m[32m200[39m [90m57 ms - 12[39m
[35m[HTTP][39m [90m[39m
[35m[HTTP][39m [37m-->[39m [37mPOST[39m [37m/wd/hub/session/987b06d2-fbed-4576-980f-5d14f674bf94/elements[39m
[35m[HTTP][39m [90m{"using":"xpath","value":"//android.widget.ScrollView/descendant::android.widget.ImageView[1]"}[39m
[35m[HTTP][39m [37m<-- POST /wd/hub/session/987b06d2-fbed-4576-980f-5d14f674bf94/elements [39m[32m200[39m [90m52 ms - 12[39m
[35m[HTTP][39m [90m[39m
[35m[HTTP][39m [37m-->[39m [37mPOST[39m [37m/wd/hub/session/987b06d2-fbed-4576-980f-5d14f674bf94/elements[39m
[35m[HTTP][39m [90m{"using":"xpath","value":"//android.widget.ScrollView/descendant::android.widget.ImageView[1]"}[39m
[35m[HTTP][39m [37m<-- POST /wd/hub/session/987b06d2-fbed-4576-980f-5d14f674bf94/elements [39m[32m200[39m [90m101 ms - 12[39m
[35m[HTTP][39m [90m[39m
[35m[HTTP][39m [37m-->[39m [37mPOST[39m [37m/wd/hub/session/987b06d2-fbed-4576-980f-5d14f674bf94/elements[39m
[35m[HTTP][39m [90m{"using":"xpath","value":"//android.widget.ScrollView/descendant::android.widget.ImageView[1]"}[39m
[35m[HTTP][39m [37m<-- POST /wd/hub/session/987b06d2-fbed-4576-980f-5d14f674bf94/elements [39m[32m200[39m [90m84 ms - 12[39m
[35m[HTTP][39m [90m[39m
[35m[HTTP][39m [37m-->[39m [37mPOST[39m [37m/wd/hub/session/987b06d2-fbed-4576-980f-5d14f674bf94/elements[39m
[35m[HTTP][39m [90m{"using":"xpath","value":"//android.widget.ScrollView/descendant::android.widget.ImageView[1]"}[39m
[35m[HTTP][39m [37m<-- POST /wd/hub/session/987b06d2-fbed-4576-980f-5d14f674bf94/elements [39m[32m200[39m [90m103 ms - 12[39m
[35m[HTTP][39m [90m[39m
[35m[HTTP][39m [37m-->[39m [37mPOST[39m [37m/wd/hub/session/987b06d2-fbed-4576-980f-5d14f674bf94/elements[39m
[35m[HTTP][39m [90m{"using":"xpath","value":"//android.widget.ScrollView/descendant::android.widget.ImageView[1]"}[39m
[35m[HTTP][39m [37m<-- POST /wd/hub/session/987b06d2-fbed-4576-980f-5d14f674bf94/elements [39m[32m200[39m [90m104 ms - 12[39m
[35m[HTTP][39m [90m[39m
[35m[HTTP][39m [37m-->[39m [37mPOST[39m [37m/wd/hub/session/987b06d2-fbed-4576-980f-5d14f674bf94/elements[39m
[35m[HTTP][39m [90m{"using":"xpath","value":"//android.widget.ScrollView/descendant::android.widget.ImageView[1]"}[39m
[35m[HTTP][39m [37m<-- POST /wd/hub/session/987b06d2-fbed-4576-980f-5d14f674bf94/elements [39m[32m200[39m [90m97 ms - 12[39m
[35m[HTTP][39m [90m[39m
[35m[HTTP][39m [37m-->[39m [37mPOST[39m [37m/wd/hub/session/987b06d2-fbed-4576-980f-5d14f674bf94/elements[39m
[35m[HTTP][39m [90m{"using":"xpath","value":"//android.widget.ScrollView/descendant::android.widget.ImageView[1]"}[39m
[35m[HTTP][39m [37m<-- POST /wd/hub/session/987b06d2-fbed-4576-980f-5d14f674bf94/elements [39m[32m200[39m [90m81 ms - 12[39m
[35m[HTTP][39m [90m[39m
[35m[HTTP][39m [37m-->[39m [37mPOST[39m [37m/wd/hub/session/987b06d2-fbed-4576-980f-5d14f674bf94/elements[39m
[35m[HTTP][39m [90m{"using":"xpath","value":"//android.widget.ScrollView/descendant::android.widget.ImageView[1]"}[39m
[35m[HTTP][39m [37m<-- POST /wd/hub/session/987b06d2-fbed-4576-980f-5d14f674bf94/elements [39m[32m200[39m [90m77 ms - 12[39m
[35m[HTTP][39m [90m[39m
[35m[HTTP][39m [37m-->[39m [37mPOST[39m [37m/wd/hub/session/987b06d2-fbed-4576-980f-5d14f674bf94/elements[39m
[35m[HTTP][39m [90m{"using":"xpath","value":"//android.widget.ScrollView/descendant::android.widget.ImageView[1]"}[39m
[35m[HTTP][39m [37m<-- POST /wd/hub/session/987b06d2-fbed-4576-980f-5d14f674bf94/elements [39m[32m200[39m [90m71 ms - 12[39m
[35m[HTTP][39m [90m[39m
[35m[HTTP][39m [37m-->[39m [37mPOST[39m [37m/wd/hub/session/987b06d2-fbed-4576-980f-5d14f674bf94/elements[39m
[35m[HTTP][39m [90m{"using":"xpath","value":"//android.widget.ScrollView/descendant::android.widget.ImageView[1]"}[39m
[35m[HTTP][39m [37m<-- POST /wd/hub/session/987b06d2-fbed-4576-980f-5d14f674bf94/elements [39m[32m200[39m [90m65 ms - 12[39m
[35m[HTTP][39m [90m[39m
[35m[HTTP][39m [37m-->[39m [37mPOST[39m [37m/wd/hub/session/987b06d2-fbed-4576-980f-5d14f674bf94/elements[39m
[35m[HTTP][39m [90m{"using":"xpath","value":"//android.widget.ScrollView/descendant::android.widget.ImageView[1]"}[39m
[35m[HTTP][39m [37m<-- POST /wd/hub/session/987b06d2-fbed-4576-980f-5d14f674bf94/elements [39m[32m200[39m [90m84 ms - 12[39m
[35m[HTTP][39m [90m[39m
[35m[HTTP][39m [37m-->[39m [37mPOST[39m [37m/wd/hub/session/987b06d2-fbed-4576-980f-5d14f674bf94/elements[39m
[35m[HTTP][39m [90m{"using":"xpath","value":"//android.widget.ScrollView/descendant::android.widget.ImageView[1]"}[39m
[35m[HTTP][39m [37m<-- POST /wd/hub/session/987b06d2-fbed-4576-980f-5d14f674bf94/elements [39m[32m200[39m [90m75 ms - 12[39m
[35m[HTTP][39m [90m[39m
[35m[HTTP][39m [37m-->[39m [37mPOST[39m [37m/wd/hub/session/987b06d2-fbed-4576-980f-5d14f674bf94/elements[39m
[35m[HTTP][39m [90m{"using":"xpath","value":"//android.widget.ScrollView/descendant::android.widget.ImageView[1]"}[39m
[35m[HTTP][39m [37m<-- POST /wd/hub/session/987b06d2-fbed-4576-980f-5d14f674bf94/elements [39m[32m200[39m [90m71 ms - 12[39m
[35m[HTTP][39m [90m[39m
[35m[HTTP][39m [37m-->[39m [37mPOST[39m [37m/wd/hub/session/987b06d2-fbed-4576-980f-5d14f674bf94/elements[39m
[35m[HTTP][39m [90m{"using":"xpath","value":"//android.widget.ScrollView/descendant::android.widget.ImageView[1]"}[39m
[35m[HTTP][39m [37m<-- POST /wd/hub/session/987b06d2-fbed-4576-980f-5d14f674bf94/elements [39m[32m200[39m [90m74 ms - 12[39m
[35m[HTTP][39m [90m[39m
[35m[HTTP][39m [37m-->[39m [37mPOST[39m [37m/wd/hub/session/987b06d2-fbed-4576-980f-5d14f674bf94/elements[39m
[35m[HTTP][39m [90m{"using":"xpath","value":"//android.widget.ScrollView/descendant::android.widget.ImageView[1]"}[39m
[35m[HTTP][39m [37m<-- POST /wd/hub/session/987b06d2-fbed-4576-980f-5d14f674bf94/elements [39m[32m200[39m [90m79 ms - 12[39m
[35m[HTTP][39m [90m[39m
[35m[HTTP][39m [37m-->[39m [37mPOST[39m [37m/wd/hub/session/987b06d2-fbed-4576-980f-5d14f674bf94/elements[39m
[35m[HTTP][39m [90m{"using":"xpath","value":"//android.widget.ScrollView/descendant::android.widget.ImageView[1]"}[39m
[35m[HTTP][39m [37m<-- POST /wd/hub/session/987b06d2-fbed-4576-980f-5d14f674bf94/elements [39m[32m200[39m [90m83 ms - 12[39m
[35m[HTTP][39m [90m[39m
[35m[HTTP][39m [37m-->[39m [37mPOST[39m [37m/wd/hub/session/987b06d2-fbed-4576-980f-5d14f674bf94/elements[39m
[35m[HTTP][39m [90m{"using":"xpath","value":"//android.widget.ScrollView/descendant::android.widget.ImageView[1]"}[39m
[35m[HTTP][39m [37m<-- POST /wd/hub/session/987b06d2-fbed-4576-980f-5d14f674bf94/elements [39m[32m200[39m [90m103 ms - 12[39m
[35m[HTTP][39m [90m[39m
[35m[HTTP][39m [37m-->[39m [37mPOST[39m [37m/wd/hub/session/987b06d2-fbed-4576-980f-5d14f674bf94/elements[39m
[35m[HTTP][39m [90m{"using":"xpath","value":"//android.widget.ScrollView/descendant::android.widget.ImageView[1]"}[39m
[35m[HTTP][39m [37m<-- POST /wd/hub/session/987b06d2-fbed-4576-980f-5d14f674bf94/elements [39m[32m200[39m [90m54 ms - 12[39m
[35m[HTTP][39m [90m[39m
[35m[HTTP][39m [37m-->[39m [37mPOST[39m [37m/wd/hub/session/987b06d2-fbed-4576-980f-5d14f674bf94/elements[39m
[35m[HTTP][39m [90m{"using":"xpath","value":"//android.widget.ScrollView/descendant::android.widget.ImageView[1]"}[39m
[35m[HTTP][39m [37m<-- POST /wd/hub/session/987b06d2-fbed-4576-980f-5d14f674bf94/elements [39m[32m200[39m [90m100 ms - 12[39m
[35m[HTTP][39m [90m[39m
[35m[HTTP][39m [37m-->[39m [37mPOST[39m [37m/wd/hub/session/987b06d2-fbed-4576-980f-5d14f674bf94/elements[39m
[35m[HTTP][39m [90m{"using":"xpath","value":"//android.widget.ScrollView/descendant::android.widget.ImageView[1]"}[39m
[35m[HTTP][39m [37m<-- POST /wd/hub/session/987b06d2-fbed-4576-980f-5d14f674bf94/elements [39m[32m200[39m [90m135 ms - 12[39m
[35m[HTTP][39m [90m[39m
[35m[HTTP][39m [37m-->[39m [37mPOST[39m [37m/wd/hub/session/987b06d2-fbed-4576-980f-5d14f674bf94/elements[39m
[35m[HTTP][39m [90m{"using":"xpath","value":"//android.widget.ScrollView/descendant::android.widget.ImageView[1]"}[39m
[35m[HTTP][39m [37m<-- POST /wd/hub/session/987b06d2-fbed-4576-980f-5d14f674bf94/elements [39m[32m200[39m [90m71 ms - 12[39m
[35m[HTTP][39m [90m[39m
[35m[HTTP][39m [37m-->[39m [37mPOST[39m [37m/wd/hub/session/987b06d2-fbed-4576-980f-5d14f674bf94/elements[39m
[35m[HTTP][39m [90m{"using":"xpath","value":"//android.widget.ScrollView/descendant::android.widget.ImageView[1]"}[39m
[35m[HTTP][39m [37m<-- POST /wd/hub/session/987b06d2-fbed-4576-980f-5d14f674bf94/elements [39m[32m200[39m [90m58 ms - 12[39m
[35m[HTTP][39m [90m[39m
[35m[HTTP][39m [37m-->[39m [37mPOST[39m [37m/wd/hub/session/987b06d2-fbed-4576-980f-5d14f674bf94/elements[39m
[35m[HTTP][39m [90m{"using":"xpath","value":"//android.widget.ScrollView/descendant::android.widget.ImageView[1]"}[39m
[35m[HTTP][39m [37m<-- POST /wd/hub/session/987b06d2-fbed-4576-980f-5d14f674bf94/elements [39m[32m200[39m [90m56 ms - 12[39m
[35m[HTTP][39m [90m[39m
[35m[HTTP][39m [37m-->[39m [37mPOST[39m [37m/wd/hub/session/987b06d2-fbed-4576-980f-5d14f674bf94/elements[39m
[35m[HTTP][39m [90m{"using":"xpath","value":"//android.widget.ScrollView/descendant::android.widget.ImageView[1]"}[39m
[35m[HTTP][39m [37m<-- POST /wd/hub/session/987b06d2-fbed-4576-980f-5d14f674bf94/elements [39m[32m200[39m [90m601 ms - 12[39m
[35m[HTTP][39m [90m[39m
[35m[HTTP][39m [37m-->[39m [37mPOST[39m [37m/wd/hub/session/987b06d2-fbed-4576-980f-5d14f674bf94/elements[39m
[35m[HTTP][39m [90m{"using":"xpath","value":"//android.widget.ScrollView/descendant::android.widget.ImageView[1]"}[39m
[35m[HTTP][39m [37m<-- POST /wd/hub/session/987b06d2-fbed-4576-980f-5d14f674bf94/elements [39m[32m200[39m [90m67 ms - 12[39m
[35m[HTTP][39m [90m[39m
[35m[HTTP][39m [37m-->[39m [37mPOST[39m [37m/wd/hub/session/987b06d2-fbed-4576-980f-5d14f674bf94/elements[39m
[35m[HTTP][39m [90m{"using":"xpath","value":"//android.widget.ScrollView/descendant::android.widget.ImageView[1]"}[39m
[35m[HTTP][39m [37m<-- POST /wd/hub/session/987b06d2-fbed-4576-980f-5d14f674bf94/elements [39m[32m200[39m [90m1209 ms - 12[39m
[35m[HTTP][39m [90m[39m
[35m[HTTP][39m [37m-->[39m [37mPOST[39m [37m/wd/hub/session/987b06d2-fbed-4576-980f-5d14f674bf94/elements[39m
[35m[HTTP][39m [90m{"using":"xpath","value":"//android.widget.ScrollView/descendant::android.widget.ImageView[1]"}[39m
[35m[HTTP][39m [37m<-- POST /wd/hub/session/987b06d2-fbed-4576-980f-5d14f674bf94/elements [39m[32m200[39m [90m69 ms - 12[39m
[35m[HTTP][39m [90m[39m
[35m[HTTP][39m [37m-->[39m [37mPOST[39m [37m/wd/hub/session/987b06d2-fbed-4576-980f-5d14f674bf94/elements[39m
[35m[HTTP][39m [90m{"using":"xpath","value":"//android.widget.ScrollView/descendant::android.widget.ImageView[1]"}[39m
[35m[HTTP][39m [37m<-- POST /wd/hub/session/987b06d2-fbed-4576-980f-5d14f674bf94/elements [39m[32m200[39m [90m134 ms - 12[39m
[35m[HTTP][39m [90m[39m
[35m[HTTP][39m [37m-->[39m [37mPOST[39m [37m/wd/hub/session/987b06d2-fbed-4576-980f-5d14f674bf94/elements[39m
[35m[HTTP][39m [90m{"using":"xpath","value":"//android.widget.ScrollView/descendant::android.widget.ImageView[1]"}[39m
[35m[HTTP][39m [37m<-- POST /wd/hub/session/987b06d2-fbed-4576-980f-5d14f674bf94/elements [39m[32m200[39m [90m60 ms - 12[39m
[35m[HTTP][39m [90m[39m
[35m[HTTP][39m [37m-->[39m [37mPOST[39m [37m/wd/hub/session/987b06d2-fbed-4576-980f-5d14f674bf94/elements[39m
[35m[HTTP][39m [90m{"using":"xpath","value":"//android.widget.ScrollView/descendant::android.widget.ImageView[1]"}[39m
[35m[HTTP][39m [37m<-- POST /wd/hub/session/987b06d2-fbed-4576-980f-5d14f674bf94/elements [39m[32m200[39m [90m69 ms - 12[39m
[35m[HTTP][39m [90m[39m
[35m[HTTP][39m [37m-->[39m [37mPOST[39m [37m/wd/hub/session/987b06d2-fbed-4576-980f-5d14f674bf94/elements[39m
[35m[HTTP][39m [90m{"using":"xpath","value":"//android.widget.ScrollView/descendant::android.widget.ImageView[1]"}[39m
[35m[HTTP][39m [37m<-- POST /wd/hub/session/987b06d2-fbed-4576-980f-5d14f674bf94/elements [39m[32m200[39m [90m75 ms - 12[39m
[35m[HTTP][39m [90m[39m
[35m[HTTP][39m [37m-->[39m [37mPOST[39m [37m/wd/hub/session/987b06d2-fbed-4576-980f-5d14f674bf94/elements[39m
[35m[HTTP][39m [90m{"using":"xpath","value":"//android.widget.ScrollView/descendant::android.widget.ImageView[1]"}[39m
[35m[HTTP][39m [37m<-- POST /wd/hub/session/987b06d2-fbed-4576-980f-5d14f674bf94/elements [39m[32m200[39m [90m78 ms - 12[39m
[35m[HTTP][39m [90m[39m
[35m[HTTP][39m [37m-->[39m [37mPOST[39m [37m/wd/hub/session/987b06d2-fbed-4576-980f-5d14f674bf94/elements[39m
[35m[HTTP][39m [90m{"using":"xpath","value":"//android.widget.ScrollView/descendant::android.widget.ImageView[1]"}[39m
[35m[HTTP][39m [37m<-- POST /wd/hub/session/987b06d2-fbed-4576-980f-5d14f674bf94/elements [39m[32m200[39m [90m72 ms - 12[39m
[35m[HTTP][39m [90m[39m
[35m[HTTP][39m [37m-->[39m [37mPOST[39m [37m/wd/hub/session/987b06d2-fbed-4576-980f-5d14f674bf94/elements[39m
[35m[HTTP][39m [90m{"using":"xpath","value":"//android.widget.ScrollView/descendant::android.widget.ImageView[1]"}[39m
[35m[HTTP][39m [37m<-- POST /wd/hub/session/987b06d2-fbed-4576-980f-5d14f674bf94/elements [39m[32m200[39m [90m68 ms - 12[39m
[35m[HTTP][39m [90m[39m
[35m[HTTP][39m [37m-->[39m [37mPOST[39m [37m/wd/hub/session/987b06d2-fbed-4576-980f-5d14f674bf94/elements[39m
[35m[HTTP][39m [90m{"using":"xpath","value":"//android.widget.ScrollView/descendant::android.widget.ImageView[1]"}[39m
[35m[HTTP][39m [37m<-- POST /wd/hub/session/987b06d2-fbed-4576-980f-5d14f674bf94/elements [39m[32m200[39m [90m62 ms - 12[39m
[35m[HTTP][39m [90m[39m
[35m[HTTP][39m [37m-->[39m [37mPOST[39m [37m/wd/hub/session/987b06d2-fbed-4576-980f-5d14f674bf94/elements[39m
[35m[HTTP][39m [90m{"using":"xpath","value":"//android.widget.ScrollView/descendant::android.widget.ImageView[1]"}[39m
[35m[HTTP][39m [37m<-- POST /wd/hub/session/987b06d2-fbed-4576-980f-5d14f674bf94/elements [39m[32m200[39m [90m76 ms - 12[39m
[35m[HTTP][39m [90m[39m
[35m[HTTP][39m [37m-->[39m [37mPOST[39m [37m/wd/hub/session/987b06d2-fbed-4576-980f-5d14f674bf94/elements[39m
[35m[HTTP][39m [90m{"using":"xpath","value":"//android.widget.ScrollView/descendant::android.widget.ImageView[1]"}[39m
[35m[HTTP][39m [37m<-- POST /wd/hub/session/987b06d2-fbed-4576-980f-5d14f674bf94/elements [39m[32m200[39m [90m74 ms - 12[39m
[35m[HTTP][39m [90m[39m
[35m[HTTP][39m [37m-->[39m [37mPOST[39m [37m/wd/hub/session/987b06d2-fbed-4576-980f-5d14f674bf94/elements[39m
[35m[HTTP][39m [90m{"using":"xpath","value":"//android.widget.ScrollView/descendant::android.widget.ImageView[1]"}[39m
[35m[HTTP][39m [37m<-- POST /wd/hub/session/987b06d2-fbed-4576-980f-5d14f674bf94/elements [39m[32m200[39m [90m58 ms - 12[39m
[35m[HTTP][39m [90m[39m
[35m[HTTP][39m [37m-->[39m [37mPOST[39m [37m/wd/hub/session/987b06d2-fbed-4576-980f-5d14f674bf94/elements[39m
[35m[HTTP][39m [90m{"using":"xpath","value":"//android.widget.ScrollView/descendant::android.widget.ImageView[1]"}[39m
[35m[HTTP][39m [37m<-- POST /wd/hub/session/987b06d2-fbed-4576-980f-5d14f674bf94/elements [39m[32m200[39m [90m58 ms - 12[39m
[35m[HTTP][39m [90m[39m
[35m[HTTP][39m [37m-->[39m [37mPOST[39m [37m/wd/hub/session/987b06d2-fbed-4576-980f-5d14f674bf94/elements[39m
[35m[HTTP][39m [90m{"using":"xpath","value":"//android.widget.ScrollView/descendant::android.widget.ImageView[1]"}[39m
[35m[HTTP][39m [37m<-- POST /wd/hub/session/987b06d2-fbed-4576-980f-5d14f674bf94/elements [39m[32m200[39m [90m77 ms - 12[39m
[35m[HTTP][39m [90m[39m
[35m[HTTP][39m [37m-->[39m [37mPOST[39m [37m/wd/hub/session/987b06d2-fbed-4576-980f-5d14f674bf94/elements[39m
[35m[HTTP][39m [90m{"using":"xpath","value":"//android.widget.ScrollView/descendant::android.widget.ImageView[1]"}[39m
[35m[HTTP][39m [37m<-- POST /wd/hub/session/987b06d2-fbed-4576-980f-5d14f674bf94/elements [39m[32m200[39m [90m74 ms - 12[39m
[35m[HTTP][39m [90m[39m
[35m[HTTP][39m [37m-->[39m [37mPOST[39m [37m/wd/hub/session/987b06d2-fbed-4576-980f-5d14f674bf94/elements[39m
[35m[HTTP][39m [90m{"using":"xpath","value":"//android.widget.ScrollView/descendant::android.widget.ImageView[1]"}[39m
[35m[HTTP][39m [37m<-- POST /wd/hub/session/987b06d2-fbed-4576-980f-5d14f674bf94/elements [39m[32m200[39m [90m130 ms - 12[39m
[35m[HTTP][39m [90m[39m
[35m[HTTP][39m [37m-->[39m [37mPOST[39m [37m/wd/hub/session/987b06d2-fbed-4576-980f-5d14f674bf94/elements[39m
[35m[HTTP][39m [90m{"using":"xpath","value":"//android.widget.ScrollView/descendant::android.widget.ImageView[1]"}[39m
[35m[HTTP][39m [37m<-- POST /wd/hub/session/987b06d2-fbed-4576-980f-5d14f674bf94/elements [39m[32m200[39m [90m64 ms - 12[39m
[35m[HTTP][39m [90m[39m
[35m[HTTP][39m [37m-->[39m [37mPOST[39m [37m/wd/hub/session/987b06d2-fbed-4576-980f-5d14f674bf94/elements[39m
[35m[HTTP][39m [90m{"using":"xpath","value":"//android.widget.ScrollView/descendant::android.widget.ImageView[1]"}[39m
[35m[HTTP][39m [37m<-- POST /wd/hub/session/987b06d2-fbed-4576-980f-5d14f674bf94/elements [39m[32m200[39m [90m101 ms - 12[39m
[35m[HTTP][39m [90m[39m
[35m[HTTP][39m [37m-->[39m [37mPOST[39m [37m/wd/hub/session/987b06d2-fbed-4576-980f-5d14f674bf94/elements[39m
[35m[HTTP][39m [90m{"using":"xpath","value":"//android.widget.ScrollView/descendant::android.widget.ImageView[1]"}[39m
[35m[HTTP][39m [37m<-- POST /wd/hub/session/987b06d2-fbed-4576-980f-5d14f674bf94/elements [39m[32m200[39m [90m52 ms - 12[39m
[35m[HTTP][39m [90m[39m
[35m[HTTP][39m [37m-->[39m [37mPOST[39m [37m/wd/hub/session/987b06d2-fbed-4576-980f-5d14f674bf94/elements[39m
[35m[HTTP][39m [90m{"using":"xpath","value":"//android.widget.ScrollView/descendant::android.widget.ImageView[1]"}[39m
[35m[HTTP][39m [37m<-- POST /wd/hub/session/987b06d2-fbed-4576-980f-5d14f674bf94/elements [39m[32m200[39m [90m61 ms - 12[39m
[35m[HTTP][39m [90m[39m
[35m[HTTP][39m [37m-->[39m [37mPOST[39m [37m/wd/hub/session/987b06d2-fbed-4576-980f-5d14f674bf94/elements[39m
[35m[HTTP][39m [90m{"using":"xpath","value":"//android.widget.ScrollView/descendant::android.widget.ImageView[1]"}[39m
[35m[HTTP][39m [37m<-- POST /wd/hub/session/987b06d2-fbed-4576-980f-5d14f674bf94/elements [39m[32m200[39m [90m62 ms - 12[39m
[35m[HTTP][39m [90m[39m
[35m[HTTP][39m [37m-->[39m [37mPOST[39m [37m/wd/hub/session/987b06d2-fbed-4576-980f-5d14f674bf94/elements[39m
[35m[HTTP][39m [90m{"using":"xpath","value":"//android.widget.ScrollView/descendant::android.widget.ImageView[1]"}[39m
[35m[HTTP][39m [37m<-- POST /wd/hub/session/987b06d2-fbed-4576-980f-5d14f674bf94/elements [39m[32m200[39m [90m65 ms - 12[39m
[35m[HTTP][39m [90m[39m
[35m[HTTP][39m [37m-->[39m [37mPOST[39m [37m/wd/hub/session/987b06d2-fbed-4576-980f-5d14f674bf94/elements[39m
[35m[HTTP][39m [90m{"using":"xpath","value":"//android.widget.ScrollView/descendant::android.widget.ImageView[1]"}[39m
[35m[HTTP][39m [37m<-- POST /wd/hub/session/987b06d2-fbed-4576-980f-5d14f674bf94/elements [39m[32m200[39m [90m73 ms - 12[39m
[35m[HTTP][39m [90m[39m
[35m[HTTP][39m [37m-->[39m [37mPOST[39m [37m/wd/hub/session/987b06d2-fbed-4576-980f-5d14f674bf94/elements[39m
[35m[HTTP][39m [90m{"using":"xpath","value":"//android.widget.ScrollView/descendant::android.widget.ImageView[1]"}[39m
[35m[HTTP][39m [37m<-- POST /wd/hub/session/987b06d2-fbed-4576-980f-5d14f674bf94/elements [39m[32m200[39m [90m60 ms - 12[39m
[35m[HTTP][39m [90m[39m
[35m[HTTP][39m [37m-->[39m [37mPOST[39m [37m/wd/hub/session/987b06d2-fbed-4576-980f-5d14f674bf94/elements[39m
[35m[HTTP][39m [90m{"using":"xpath","value":"//android.widget.ScrollView/descendant::android.widget.ImageView[1]"}[39m
[35m[HTTP][39m [37m<-- POST /wd/hub/session/987b06d2-fbed-4576-980f-5d14f674bf94/elements [39m[32m200[39m [90m65 ms - 12[39m
[35m[HTTP][39m [90m[39m
[35m[HTTP][39m [37m-->[39m [37mPOST[39m [37m/wd/hub/session/987b06d2-fbed-4576-980f-5d14f674bf94/elements[39m
[35m[HTTP][39m [90m{"using":"xpath","value":"//android.widget.ScrollView/descendant::android.widget.ImageView[1]"}[39m
[35m[HTTP][39m [37m<-- POST /wd/hub/session/987b06d2-fbed-4576-980f-5d14f674bf94/elements [39m[32m200[39m [90m73 ms - 12[39m
[35m[HTTP][39m [90m[39m
[35m[HTTP][39m [37m-->[39m [37mPOST[39m [37m/wd/hub/session/987b06d2-fbed-4576-980f-5d14f674bf94/elements[39m
[35m[HTTP][39m [90m{"using":"xpath","value":"//android.widget.ScrollView/descendant::android.widget.ImageView[1]"}[39m
[35m[HTTP][39m [37m<-- POST /wd/hub/session/987b06d2-fbed-4576-980f-5d14f674bf94/elements [39m[32m200[39m [90m65 ms - 12[39m
[35m[HTTP][39m [90m[39m
[35m[HTTP][39m [37m-->[39m [37mPOST[39m [37m/wd/hub/session/987b06d2-fbed-4576-980f-5d14f674bf94/elements[39m
[35m[HTTP][39m [90m{"using":"xpath","value":"//android.widget.ScrollView/descendant::android.widget.ImageView[1]"}[39m
[35m[HTTP][39m [37m<-- POST /wd/hub/session/987b06d2-fbed-4576-980f-5d14f674bf94/elements [39m[32m200[39m [90m59 ms - 12[39m
[35m[HTTP][39m [90m[39m
[35m[HTTP][39m [37m-->[39m [37mPOST[39m [37m/wd/hub/session/987b06d2-fbed-4576-980f-5d14f674bf94/elements[39m
[35m[HTTP][39m [90m{"using":"xpath","value":"//android.widget.ScrollView/descendant::android.widget.ImageView[1]"}[39m
[35m[HTTP][39m [37m<-- POST /wd/hub/session/987b06d2-fbed-4576-980f-5d14f674bf94/elements [39m[32m200[39m [90m57 ms - 12[39m
[35m[HTTP][39m [90m[39m
[35m[HTTP][39m [37m-->[39m [37mPOST[39m [37m/wd/hub/session/987b06d2-fbed-4576-980f-5d14f674bf94/elements[39m
[35m[HTTP][39m [90m{"using":"xpath","value":"//android.widget.ScrollView/descendant::android.widget.ImageView[1]"}[39m
[35m[HTTP][39m [37m<-- POST /wd/hub/session/987b06d2-fbed-4576-980f-5d14f674bf94/elements [39m[32m200[39m [90m82 ms - 12[39m
[35m[HTTP][39m [90m[39m
[35m[HTTP][39m [37m-->[39m [37mPOST[39m [37m/wd/hub/session/987b06d2-fbed-4576-980f-5d14f674bf94/elements[39m
[35m[HTTP][39m [90m{"using":"xpath","value":"//android.widget.ScrollView/descendant::android.widget.ImageView[1]"}[39m
[35m[HTTP][39m [37m<-- POST /wd/hub/session/987b06d2-fbed-4576-980f-5d14f674bf94/elements [39m[32m200[39m [90m74 ms - 12[39m
[35m[HTTP][39m [90m[39m
[35m[HTTP][39m [37m-->[39m [37mPOST[39m [37m/wd/hub/session/987b06d2-fbed-4576-980f-5d14f674bf94/elements[39m
[35m[HTTP][39m [90m{"using":"xpath","value":"//android.widget.ScrollView/descendant::android.widget.ImageView[1]"}[39m
[35m[HTTP][39m [37m<-- POST /wd/hub/session/987b06d2-fbed-4576-980f-5d14f674bf94/elements [39m[32m200[39m [90m75 ms - 12[39m
[35m[HTTP][39m [90m[39m
[35m[HTTP][39m [37m-->[39m [37mPOST[39m [37m/wd/hub/session/987b06d2-fbed-4576-980f-5d14f674bf94/elements[39m
[35m[HTTP][39m [90m{"using":"xpath","value":"//android.widget.ScrollView/descendant::android.widget.ImageView[1]"}[39m
[35m[HTTP][39m [37m<-- POST /wd/hub/session/987b06d2-fbed-4576-980f-5d14f674bf94/elements [39m[32m200[39m [90m68 ms - 12[39m
[35m[HTTP][39m [90m[39m
[35m[HTTP][39m [37m-->[39m [37mPOST[39m [37m/wd/hub/session/987b06d2-fbed-4576-980f-5d14f674bf94/elements[39m
[35m[HTTP][39m [90m{"using":"xpath","value":"//android.widget.ScrollView/descendant::android.widget.ImageView[1]"}[39m
[35m[HTTP][39m [37m<-- POST /wd/hub/session/987b06d2-fbed-4576-980f-5d14f674bf94/elements [39m[32m200[39m [90m60 ms - 12[39m
[35m[HTTP][39m [90m[39m
[35m[HTTP][39m [37m-->[39m [37mPOST[39m [37m/wd/hub/session/987b06d2-fbed-4576-980f-5d14f674bf94/elements[39m
[35m[HTTP][39m [90m{"using":"xpath","value":"//android.widget.ScrollView/descendant::android.widget.ImageView[1]"}[39m
[35m[HTTP][39m [37m<-- POST /wd/hub/session/987b06d2-fbed-4576-980f-5d14f674bf94/elements [39m[32m200[39m [90m60 ms - 12[39m
[35m[HTTP][39m [90m[39m
[35m[HTTP][39m [37m-->[39m [37mPOST[39m [37m/wd/hub/session/987b06d2-fbed-4576-980f-5d14f674bf94/elements[39m
[35m[HTTP][39m [90m{"using":"xpath","value":"//android.widget.ScrollView/descendant::android.widget.ImageView[1]"}[39m
[35m[HTTP][39m [37m<-- POST /wd/hub/session/987b06d2-fbed-4576-980f-5d14f674bf94/elements [39m[32m200[39m [90m81 ms - 12[39m
[35m[HTTP][39m [90m[39m
[35m[HTTP][39m [37m-->[39m [37mPOST[39m [37m/wd/hub/session/987b06d2-fbed-4576-980f-5d14f674bf94/elements[39m
[35m[HTTP][39m [90m{"using":"xpath","value":"//android.widget.ScrollView/descendant::android.widget.ImageView[1]"}[39m
[35m[HTTP][39m [37m<-- POST /wd/hub/session/987b06d2-fbed-4576-980f-5d14f674bf94/elements [39m[32m200[39m [90m72 ms - 12[39m
[35m[HTTP][39m [90m[39m
[35m[HTTP][39m [37m-->[39m [37mPOST[39m [37m/wd/hub/session/987b06d2-fbed-4576-980f-5d14f674bf94/elements[39m
[35m[HTTP][39m [90m{"using":"xpath","value":"//android.widget.ScrollView/descendant::android.widget.ImageView[1]"}[39m
[35m[HTTP][39m [37m<-- POST /wd/hub/session/987b06d2-fbed-4576-980f-5d14f674bf94/elements [39m[32m200[39m [90m59 ms - 12[39m
[35m[HTTP][39m [90m[39m
[35m[HTTP][39m [37m-->[39m [37mPOST[39m [37m/wd/hub/session/987b06d2-fbed-4576-980f-5d14f674bf94/elements[39m
[35m[HTTP][39m [90m{"using":"xpath","value":"//android.widget.ScrollView/descendant::android.widget.ImageView[1]"}[39m
[35m[HTTP][39m [37m<-- POST /wd/hub/session/987b06d2-fbed-4576-980f-5d14f674bf94/elements [39m[32m200[39m [90m52 ms - 12[39m
[35m[HTTP][39m [90m[39m
[35m[HTTP][39m [37m-->[39m [37mPOST[39m [37m/wd/hub/session/987b06d2-fbed-4576-980f-5d14f674bf94/elements[39m
[35m[HTTP][39m [90m{"using":"xpath","value":"//android.widget.ScrollView/descendant::android.widget.ImageView[1]"}[39m
[35m[HTTP][39m [37m<-- POST /wd/hub/session/987b06d2-fbed-4576-980f-5d14f674bf94/elements [39m[32m200[39m [90m53 ms - 12[39m
[35m[HTTP][39m [90m[39m
[35m[HTTP][39m [37m-->[39m [37mPOST[39m [37m/wd/hub/session/987b06d2-fbed-4576-980f-5d14f674bf94/elements[39m
[35m[HTTP][39m [90m{"using":"xpath","value":"//android.widget.ScrollView/descendant::android.widget.ImageView[1]"}[39m
[35m[HTTP][39m [37m<-- POST /wd/hub/session/987b06d2-fbed-4576-980f-5d14f674bf94/elements [39m[32m200[39m [90m62 ms - 12[39m
[35m[HTTP][39m [90m[39m
[35m[HTTP][39m [37m-->[39m [37mPOST[39m [37m/wd/hub/session/987b06d2-fbed-4576-980f-5d14f674bf94/elements[39m
[35m[HTTP][39m [90m{"using":"xpath","value":"//android.widget.ScrollView/descendant::android.widget.ImageView[1]"}[39m
[35m[HTTP][39m [37m<-- POST /wd/hub/session/987b06d2-fbed-4576-980f-5d14f674bf94/elements [39m[32m200[39m [90m67 ms - 12[39m
[35m[HTTP][39m [90m[39m
[35m[HTTP][39m [37m-->[39m [37mPOST[39m [37m/wd/hub/session/987b06d2-fbed-4576-980f-5d14f674bf94/elements[39m
[35m[HTTP][39m [90m{"using":"xpath","value":"//android.widget.ScrollView/descendant::android.widget.ImageView[1]"}[39m
[35m[HTTP][39m [37m<-- POST /wd/hub/session/987b06d2-fbed-4576-980f-5d14f674bf94/elements [39m[32m200[39m [90m67 ms - 12[39m
[35m[HTTP][39m [90m[39m
[35m[HTTP][39m [37m-->[39m [37mPOST[39m [37m/wd/hub/session/987b06d2-fbed-4576-980f-5d14f674bf94/elements[39m
[35m[HTTP][39m [90m{"using":"xpath","value":"//android.widget.ScrollView/descendant::android.widget.ImageView[1]"}[39m
[35m[HTTP][39m [37m<-- POST /wd/hub/session/987b06d2-fbed-4576-980f-5d14f674bf94/elements [39m[32m200[39m [90m62 ms - 12[39m
[35m[HTTP][39m [90m[39m
[35m[HTTP][39m [37m-->[39m [37mPOST[39m [37m/wd/hub/session/987b06d2-fbed-4576-980f-5d14f674bf94/elements[39m
[35m[HTTP][39m [90m{"using":"xpath","value":"//android.widget.ScrollView/descendant::android.widget.ImageView[1]"}[39m
[35m[HTTP][39m [37m<-- POST /wd/hub/session/987b06d2-fbed-4576-980f-5d14f674bf94/elements [39m[32m200[39m [90m71 ms - 12[39m
[35m[HTTP][39m [90m[39m
[35m[HTTP][39m [37m-->[39m [37mPOST[39m [37m/wd/hub/session/987b06d2-fbed-4576-980f-5d14f674bf94/elements[39m
[35m[HTTP][39m [90m{"using":"xpath","value":"//android.widget.ScrollView/descendant::android.widget.ImageView[1]"}[39m
[35m[HTTP][39m [37m<-- POST /wd/hub/session/987b06d2-fbed-4576-980f-5d14f674bf94/elements [39m[32m200[39m [90m63 ms - 12[39m
[35m[HTTP][39m [90m[39m
[35m[HTTP][39m [37m-->[39m [37mPOST[39m [37m/wd/hub/session/987b06d2-fbed-4576-980f-5d14f674bf94/elements[39m
[35m[HTTP][39m [90m{"using":"xpath","value":"//android.widget.ScrollView/descendant::android.widget.ImageView[1]"}[39m
[35m[HTTP][39m [37m<-- POST /wd/hub/session/987b06d2-fbed-4576-980f-5d14f674bf94/elements [39m[32m200[39m [90m63 ms - 12[39m
[35m[HTTP][39m [90m[39m
[35m[HTTP][39m [37m-->[39m [37mPOST[39m [37m/wd/hub/session/987b06d2-fbed-4576-980f-5d14f674bf94/elements[39m
[35m[HTTP][39m [90m{"using":"xpath","value":"//android.widget.ScrollView/descendant::android.widget.ImageView[1]"}[39m
[35m[HTTP][39m [37m<-- POST /wd/hub/session/987b06d2-fbed-4576-980f-5d14f674bf94/elements [39m[32m200[39m [90m72 ms - 12[39m
[35m[HTTP][39m [90m[39m
[35m[HTTP][39m [37m-->[39m [37mPOST[39m [37m/wd/hub/session/987b06d2-fbed-4576-980f-5d14f674bf94/elements[39m
[35m[HTTP][39m [90m{"using":"xpath","value":"//android.widget.ScrollView/descendant::android.widget.ImageView[1]"}[39m
[35m[HTTP][39m [37m<-- POST /wd/hub/session/987b06d2-fbed-4576-980f-5d14f674bf94/elements [39m[32m200[39m [90m95 ms - 12[39m
[35m[HTTP][39m [90m[39m
[35m[HTTP][39m [37m-->[39m [37mPOST[39m [37m/wd/hub/session/987b06d2-fbed-4576-980f-5d14f674bf94/elements[39m
[35m[HTTP][39m [90m{"using":"xpath","value":"//android.widget.ScrollView/descendant::android.widget.ImageView[1]"}[39m
[35m[HTTP][39m [37m<-- POST /wd/hub/session/987b06d2-fbed-4576-980f-5d14f674bf94/elements [39m[32m200[39m [90m62 ms - 12[39m
[35m[HTTP][39m [90m[39m
[35m[HTTP][39m [37m-->[39m [37mPOST[39m [37m/wd/hub/session/987b06d2-fbed-4576-980f-5d14f674bf94/elements[39m
[35m[HTTP][39m [90m{"using":"xpath","value":"//android.widget.ScrollView/descendant::android.widget.ImageView[1]"}[39m
[35m[HTTP][39m [37m<-- POST /wd/hub/session/987b06d2-fbed-4576-980f-5d14f674bf94/elements [39m[32m200[39m [90m76 ms - 12[39m
[35m[HTTP][39m [90m[39m
[35m[HTTP][39m [37m-->[39m [37mPOST[39m [37m/wd/hub/session/987b06d2-fbed-4576-980f-5d14f674bf94/elements[39m
[35m[HTTP][39m [90m{"using":"xpath","value":"//android.widget.ScrollView/descendant::android.widget.ImageView[1]"}[39m
[35m[HTTP][39m [37m<-- POST /wd/hub/session/987b06d2-fbed-4576-980f-5d14f674bf94/elements [39m[32m200[39m [90m66 ms - 12[39m
[35m[HTTP][39m [90m[39m
[35m[HTTP][39m [37m-->[39m [37mPOST[39m [37m/wd/hub/session/987b06d2-fbed-4576-980f-5d14f674bf94/elements[39m
[35m[HTTP][39m [90m{"using":"xpath","value":"//android.widget.ScrollView/descendant::android.widget.ImageView[1]"}[39m
[35m[HTTP][39m [37m<-- POST /wd/hub/session/987b06d2-fbed-4576-980f-5d14f674bf94/elements [39m[32m200[39m [90m61 ms - 12[39m
[35m[HTTP][39m [90m[39m
[35m[HTTP][39m [37m-->[39m [37mPOST[39m [37m/wd/hub/session/987b06d2-fbed-4576-980f-5d14f674bf94/elements[39m
[35m[HTTP][39m [90m{"using":"xpath","value":"//android.widget.ScrollView/descendant::android.widget.ImageView[1]"}[39m
[35m[HTTP][39m [37m<-- POST /wd/hub/session/987b06d2-fbed-4576-980f-5d14f674bf94/elements [39m[32m200[39m [90m62 ms - 12[39m
[35m[HTTP][39m [90m[39m
[35m[HTTP][39m [37m-->[39m [37mPOST[39m [37m/wd/hub/session/987b06d2-fbed-4576-980f-5d14f674bf94/elements[39m
[35m[HTTP][39m [90m{"using":"xpath","value":"//android.widget.ScrollView/descendant::android.widget.ImageView[1]"}[39m
[35m[HTTP][39m [37m<-- POST /wd/hub/session/987b06d2-fbed-4576-980f-5d14f674bf94/elements [39m[32m200[39m [90m95 ms - 12[39m
[35m[HTTP][39m [90m[39m
[35m[HTTP][39m [37m-->[39m [37mPOST[39m [37m/wd/hub/session/987b06d2-fbed-4576-980f-5d14f674bf94/elements[39m
[35m[HTTP][39m [90m{"using":"xpath","value":"//android.widget.ScrollView/descendant::android.widget.ImageView[1]"}[39m
[35m[HTTP][39m [37m<-- POST /wd/hub/session/987b06d2-fbed-4576-980f-5d14f674bf94/elements [39m[32m200[39m [90m71 ms - 12[39m
[35m[HTTP][39m [90m[39m
[35m[HTTP][39m [37m-->[39m [37mPOST[39m [37m/wd/hub/session/987b06d2-fbed-4576-980f-5d14f674bf94/elements[39m
[35m[HTTP][39m [90m{"using":"xpath","value":"//android.widget.ScrollView/descendant::android.widget.ImageView[1]"}[39m
[35m[HTTP][39m [37m<-- POST /wd/hub/session/987b06d2-fbed-4576-980f-5d14f674bf94/elements [39m[32m200[39m [90m100 ms - 12[39m
[35m[HTTP][39m [90m[39m
[35m[HTTP][39m [37m-->[39m [37mPOST[39m [37m/wd/hub/session/987b06d2-fbed-4576-980f-5d14f674bf94/elements[39m
[35m[HTTP][39m [90m{"using":"xpath","value":"//android.widget.ScrollView/descendant::android.widget.ImageView[1]"}[39m
[35m[HTTP][39m [37m<-- POST /wd/hub/session/987b06d2-fbed-4576-980f-5d14f674bf94/elements [39m[32m200[39m [90m122 ms - 12[39m
[35m[HTTP][39m [90m[39m
[35m[HTTP][39m [37m-->[39m [37mPOST[39m [37m/wd/hub/session/987b06d2-fbed-4576-980f-5d14f674bf94/elements[39m
[35m[HTTP][39m [90m{"using":"xpath","value":"//android.widget.ScrollView/descendant::android.widget.ImageView[1]"}[39m
[35m[HTTP][39m [37m<-- POST /wd/hub/session/987b06d2-fbed-4576-980f-5d14f674bf94/elements [39m[32m200[39m [90m73 ms - 12[39m
[35m[HTTP][39m [90m[39m
[35m[HTTP][39m [37m-->[39m [37mPOST[39m [37m/wd/hub/session/987b06d2-fbed-4576-980f-5d14f674bf94/elements[39m
[35m[HTTP][39m [90m{"using":"xpath","value":"//android.widget.ScrollView/descendant::android.widget.ImageView[1]"}[39m
[35m[HTTP][39m [37m<-- POST /wd/hub/session/987b06d2-fbed-4576-980f-5d14f674bf94/elements [39m[32m200[39m [90m56 ms - 12[39m
[35m[HTTP][39m [90m[39m
[35m[HTTP][39m [37m-->[39m [37mPOST[39m [37m/wd/hub/session/987b06d2-fbed-4576-980f-5d14f674bf94/elements[39m
[35m[HTTP][39m [90m{"using":"xpath","value":"//android.widget.ScrollView/descendant::android.widget.ImageView[1]"}[39m
[35m[HTTP][39m [37m<-- POST /wd/hub/session/987b06d2-fbed-4576-980f-5d14f674bf94/elements [39m[32m200[39m [90m57 ms - 12[39m
[35m[HTTP][39m [90m[39m
[35m[HTTP][39m [37m-->[39m [37mPOST[39m [37m/wd/hub/session/987b06d2-fbed-4576-980f-5d14f674bf94/elements[39m
[35m[HTTP][39m [90m{"using":"xpath","value":"//android.widget.ScrollView/descendant::android.widget.ImageView[1]"}[39m
[35m[HTTP][39m [37m<-- POST /wd/hub/session/987b06d2-fbed-4576-980f-5d14f674bf94/elements [39m[32m200[39m [90m134 ms - 12[39m
[35m[HTTP][39m [90m[39m
[35m[HTTP][39m [37m-->[39m [37mPOST[39m [37m/wd/hub/session/987b06d2-fbed-4576-980f-5d14f674bf94/elements[39m
[35m[HTTP][39m [90m{"using":"xpath","value":"//android.widget.ScrollView/descendant::android.widget.ImageView[1]"}[39m
[35m[HTTP][39m [37m<-- POST /wd/hub/session/987b06d2-fbed-4576-980f-5d14f674bf94/elements [39m[32m200[39m [90m113 ms - 12[39m
[35m[HTTP][39m [90m[39m
[35m[HTTP][39m [37m-->[39m [37mPOST[39m [37m/wd/hub/session/987b06d2-fbed-4576-980f-5d14f674bf94/elements[39m
[35m[HTTP][39m [90m{"using":"xpath","value":"//android.widget.ScrollView/descendant::android.widget.ImageView[1]"}[39m
[35m[HTTP][39m [37m<-- POST /wd/hub/session/987b06d2-fbed-4576-980f-5d14f674bf94/elements [39m[32m200[39m [90m76 ms - 12[39m
[35m[HTTP][39m [90m[39m
[35m[HTTP][39m [37m-->[39m [37mPOST[39m [37m/wd/hub/session/987b06d2-fbed-4576-980f-5d14f674bf94/elements[39m
[35m[HTTP][39m [90m{"using":"xpath","value":"//android.widget.ScrollView/descendant::android.widget.ImageView[1]"}[39m
[35m[HTTP][39m [37m<-- POST /wd/hub/session/987b06d2-fbed-4576-980f-5d14f674bf94/elements [39m[32m200[39m [90m58 ms - 12[39m
[35m[HTTP][39m [90m[39m
[35m[HTTP][39m [37m-->[39m [37mPOST[39m [37m/wd/hub/session/987b06d2-fbed-4576-980f-5d14f674bf94/elements[39m
[35m[HTTP][39m [90m{"using":"xpath","value":"//android.widget.ScrollView/descendant::android.widget.ImageView[1]"}[39m
[35m[HTTP][39m [37m<-- POST /wd/hub/session/987b06d2-fbed-4576-980f-5d14f674bf94/elements [39m[32m200[39m [90m52 ms - 12[39m
[35m[HTTP][39m [90m[39m
[35m[HTTP][39m [37m-->[39m [37mPOST[39m [37m/wd/hub/session/987b06d2-fbed-4576-980f-5d14f674bf94/elements[39m
[35m[HTTP][39m [90m{"using":"xpath","value":"//android.widget.ScrollView/descendant::android.widget.ImageView[1]"}[39m
[35m[HTTP][39m [37m<-- POST /wd/hub/session/987b06d2-fbed-4576-980f-5d14f674bf94/elements [39m[32m200[39m [90m62 ms - 12[39m
[35m[HTTP][39m [90m[39m
[35m[HTTP][39m [37m-->[39m [37mPOST[39m [37m/wd/hub/session/987b06d2-fbed-4576-980f-5d14f674bf94/elements[39m
[35m[HTTP][39m [90m{"using":"xpath","value":"//android.widget.ScrollView/descendant::android.widget.ImageView[1]"}[39m
[35m[HTTP][39m [37m<-- POST /wd/hub/session/987b06d2-fbed-4576-980f-5d14f674bf94/elements [39m[32m200[39m [90m76 ms - 12[39m
[35m[HTTP][39m [90m[39m
[35m[HTTP][39m [37m-->[39m [37mPOST[39m [37m/wd/hub/session/987b06d2-fbed-4576-980f-5d14f674bf94/elements[39m
[35m[HTTP][39m [90m{"using":"xpath","value":"//android.widget.ScrollView/descendant::android.widget.ImageView[1]"}[39m
[35m[HTTP][39m [37m<-- POST /wd/hub/session/987b06d2-fbed-4576-980f-5d14f674bf94/elements [39m[32m200[39m [90m57 ms - 12[39m
[35m[HTTP][39m [90m[39m
[35m[HTTP][39m [37m-->[39m [37mPOST[39m [37m/wd/hub/session/987b06d2-fbed-4576-980f-5d14f674bf94/elements[39m
[35m[HTTP][39m [90m{"using":"xpath","value":"//android.widget.ScrollView/descendant::android.widget.ImageView[1]"}[39m
[35m[HTTP][39m [37m<-- POST /wd/hub/session/987b06d2-fbed-4576-980f-5d14f674bf94/elements [39m[32m200[39m [90m62 ms - 12[39m
[35m[HTTP][39m [90m[39m
[35m[HTTP][39m [37m-->[39m [37mPOST[39m [37m/wd/hub/session/987b06d2-fbed-4576-980f-5d14f674bf94/elements[39m
[35m[HTTP][39m [90m{"using":"xpath","value":"//android.widget.ScrollView/descendant::android.widget.ImageView[1]"}[39m
[35m[HTTP][39m [37m<-- POST /wd/hub/session/987b06d2-fbed-4576-980f-5d14f674bf94/elements [39m[32m200[39m [90m65 ms - 12[39m
[35m[HTTP][39m [90m[39m
[35m[HTTP][39m [37m-->[39m [37mPOST[39m [37m/wd/hub/session/987b06d2-fbed-4576-980f-5d14f674bf94/elements[39m
[35m[HTTP][39m [90m{"using":"xpath","value":"//android.widget.ScrollView/descendant::android.widget.ImageView[1]"}[39m
[35m[HTTP][39m [37m<-- POST /wd/hub/session/987b06d2-fbed-4576-980f-5d14f674bf94/elements [39m[32m200[39m [90m62 ms - 12[39m
[35m[HTTP][39m [90m[39m
[35m[HTTP][39m [37m-->[39m [37mPOST[39m [37m/wd/hub/session/987b06d2-fbed-4576-980f-5d14f674bf94/elements[39m
[35m[HTTP][39m [90m{"using":"xpath","value":"//android.widget.ScrollView/descendant::android.widget.ImageView[1]"}[39m
[35m[HTTP][39m [37m<-- POST /wd/hub/session/987b06d2-fbed-4576-980f-5d14f674bf94/elements [39m[32m200[39m [90m60 ms - 12[39m
[35m[HTTP][39m [90m[39m
[35m[HTTP][39m [37m-->[39m [37mPOST[39m [37m/wd/hub/session/987b06d2-fbed-4576-980f-5d14f674bf94/elements[39m
[35m[HTTP][39m [90m{"using":"xpath","value":"//android.widget.ScrollView/descendant::android.widget.ImageView[1]"}[39m
[35m[HTTP][39m [37m<-- POST /wd/hub/session/987b06d2-fbed-4576-980f-5d14f674bf94/elements [39m[32m200[39m [90m52 ms - 12[39m
[35m[HTTP][39m [90m[39m
[35m[HTTP][39m [37m-->[39m [37mPOST[39m [37m/wd/hub/session/987b06d2-fbed-4576-980f-5d14f674bf94/elements[39m
[35m[HTTP][39m [90m{"using":"xpath","value":"//android.widget.ScrollView/descendant::android.widget.ImageView[1]"}[39m
[35m[HTTP][39m [37m<-- POST /wd/hub/session/987b06d2-fbed-4576-980f-5d14f674bf94/elements [39m[32m200[39m [90m89 ms - 12[39m
[35m[HTTP][39m [90m[39m
[35m[HTTP][39m [37m-->[39m [37mPOST[39m [37m/wd/hub/session/987b06d2-fbed-4576-980f-5d14f674bf94/elements[39m
[35m[HTTP][39m [90m{"using":"xpath","value":"//android.widget.ScrollView/descendant::android.widget.ImageView[1]"}[39m
[35m[HTTP][39m [37m<-- POST /wd/hub/session/987b06d2-fbed-4576-980f-5d14f674bf94/elements [39m[32m200[39m [90m94 ms - 12[39m
[35m[HTTP][39m [90m[39m
[35m[HTTP][39m [37m-->[39m [37mPOST[39m [37m/wd/hub/session/987b06d2-fbed-4576-980f-5d14f674bf94/elements[39m
[35m[HTTP][39m [90m{"using":"xpath","value":"//android.widget.ScrollView/descendant::android.widget.ImageView[1]"}[39m
[35m[HTTP][39m [37m<-- POST /wd/hub/session/987b06d2-fbed-4576-980f-5d14f674bf94/elements [39m[32m200[39m [90m128 ms - 12[39m
[35m[HTTP][39m [90m[39m
[35m[HTTP][39m [37m-->[39m [37mPOST[39m [37m/wd/hub/session/987b06d2-fbed-4576-980f-5d14f674bf94/elements[39m
[35m[HTTP][39m [90m{"using":"xpath","value":"//android.widget.ScrollView/descendant::android.widget.ImageView[1]"}[39m
[35m[HTTP][39m [37m<-- POST /wd/hub/session/987b06d2-fbed-4576-980f-5d14f674bf94/elements [39m[32m200[39m [90m79 ms - 12[39m
[35m[HTTP][39m [90m[39m
[35m[HTTP][39m [37m-->[39m [37mPOST[39m [37m/wd/hub/session/987b06d2-fbed-4576-980f-5d14f674bf94/elements[39m
[35m[HTTP][39m [90m{"using":"xpath","value":"//android.widget.ScrollView/descendant::android.widget.ImageView[1]"}[39m
[35m[HTTP][39m [37m<-- POST /wd/hub/session/987b06d2-fbed-4576-980f-5d14f674bf94/elements [39m[32m200[39m [90m74 ms - 12[39m
[35m[HTTP][39m [90m[39m
[35m[HTTP][39m [37m-->[39m [37mPOST[39m [37m/wd/hub/session/987b06d2-fbed-4576-980f-5d14f674bf94/elements[39m
[35m[HTTP][39m [90m{"using":"xpath","value":"//android.widget.ScrollView/descendant::android.widget.ImageView[1]"}[39m
[35m[HTTP][39m [37m<-- POST /wd/hub/session/987b06d2-fbed-4576-980f-5d14f674bf94/elements [39m[32m200[39m [90m74 ms - 12[39m
[35m[HTTP][39m [90m[39m
[35m[HTTP][39m [37m-->[39m [37mPOST[39m [37m/wd/hub/session/987b06d2-fbed-4576-980f-5d14f674bf94/elements[39m
[35m[HTTP][39m [90m{"using":"xpath","value":"//android.widget.ScrollView/descendant::android.widget.ImageView[1]"}[39m
[35m[HTTP][39m [37m<-- POST /wd/hub/session/987b06d2-fbed-4576-980f-5d14f674bf94/elements [39m[32m-[39m [90m- ms - -[39m
[35m[HTTP][39m [90m[39m
[35m[BaseDriver][39m Shutting down because we waited 1800 seconds for a command
[35m[Appium][39m Closing session, cause was 'New Command Timeout of 1800 seconds expired. Try customizing the timeout using the 'newCommandTimeout' desired capability'
[35m[Appium][39m Removing session '987b06d2-fbed-4576-980f-5d14f674bf94' from our master session list
[35m[UiAutomator2][39m Did not get confirmation UiAutomator2 deleteSession worked; Error was: UnknownError: An unknown server-side error occurred while processing the command. Original error: 'DELETE /' cannot be proxied to UiAutomator2 server because the instrumentation process is not running (probably crashed). Check the server log and/or the logcat output for more details
[35m[UiAutomator2][39m Restoring hidden api policy to the device default configuration
