[35m[Appium][39m Welcome to Appium v1.22.0
[35m[Appium][39m Non-default server args:
[35m[Appium][39m   port: 61859
[35m[Appium][39m   loglevel: info
[35m[Appium][39m   tmpDir: C:\Users\Dell\AppData\Local\Temp\\Katalon\Appium\Temp1677566284457
[35m[Appium][39m   chromedriverPort: 61860
[35m[Appium][39m Deprecated server args:
[35m[Appium][39m   [31m--chromedriver-port[39m => --default-capabilities
[35m[Appium][39m Default capabilities, which will be added to each request unless overridden by desired capabilities:
[35m[Appium][39m   chromedriverPort: 61860
[35m[Appium][39m Appium REST http interface listener started on 0.0.0.0:61859
[35m[HTTP][39m [37m-->[39m [37mGET[39m [37m/wd/hub/status[39m
[35m[HTTP][39m [90m{}[39m
[35m[HTTP][39m [37m<-- GET /wd/hub/status [39m[32m200[39m [90m11 ms - 68[39m
[35m[HTTP][39m [90m[39m
[35m[HTTP][39m [37m-->[39m [37mPOST[39m [37m/wd/hub/session[39m
[35m[HTTP][39m [90m{"desiredCapabilities":{"appActivity":".Settings","appPackage":"com.android.settings","newCommandTimeout":1800,"platformVersion":"12","automationName":"uiautomator2","autoGrantPermissions":true,"platformName":"Android","udid":"b76dcbe1","deviceName":"Xiaomi Redmi Note 9 Pro (Android 12)","platform":"ANDROID","systemPort":8233},"capabilities":{"firstMatch":[{"appium:appActivity":".Settings","appium:appPackage":"com.android.settings","appium:autoGrantPermissions":true,"appium:automationName":"uiautomator2","appium:deviceName":"Xiaomi Redmi Note 9 Pro (Android 12)","appium:newCommandTimeout":1800,"platform":"ANDROID","platformName":"android","appium:platformVersion":"12","appium:systemPort":8233,"appium:udid":"b76dcbe1"}]}}[39m
[35m[BaseDriver][39m The following capabilities are not standard capabilities and should have an extension prefix:
[35m[BaseDriver][39m   platform
[35m[BaseDriver][39m   chromedriverPort
[35m[Appium][39m Appium v1.22.0 creating new AndroidUiautomator2Driver (v1.69.0) session
[35m[BaseDriver][39m The following capabilities were provided, but are not recognized by Appium:
[35m[BaseDriver][39m   platform
[35m[BaseDriver][39m Session created with session id: 8f3e884c-85e3-4864-8303-18031fbc24dd
[35m[UiAutomator2][39m Starting 'com.android.settings' directly on the device
[35m[ADB][39m Found 1 'build-tools' folders under 'C:\Users\Dell\AppData\Local\Android\Sdk' (newest first):
[35m[ADB][39m     C:/Users/Dell/AppData/Local/Android/Sdk/build-tools/31.0.0
[35m[ADB][39m Using 'adb.exe' from 'C:\Users\Dell\AppData\Local\Android\Sdk\platform-tools\adb.exe'
[35m[AndroidDriver][39m Retrieving device list
[35m[AndroidDriver][39m Using device: b76dcbe1
[35m[ADB][39m Using 'adb.exe' from 'C:\Users\Dell\AppData\Local\Android\Sdk\platform-tools\adb.exe'
[35m[ADB][39m Getting device platform version
[35m[UiAutomator2][39m Relaxing hidden api policy
[35m[AndroidDriver][39m No app sent in, not parsing package/activity
[35m[ADB][39m Using 'apksigner.jar' from 'C:\Users\Dell\AppData\Local\Android\Sdk\build-tools\31.0.0\lib\apksigner.jar'
[35m[ADB][39m 'C:\Users\Dell\AppData\Roaming\npm\node_modules\appium\node_modules\appium-uiautomator2-server\apks\appium-uiautomator2-server-v4.24.0.apk' is signed with the default certificate
[35m[ADB][39m 'C:\Users\Dell\AppData\Roaming\npm\node_modules\appium\node_modules\appium-uiautomator2-server\apks\appium-uiautomator2-server-debug-androidTest.apk' is signed with the default certificate
[35m[UiAutomator2][39m Server packages are not going to be (re)installed
[35m[ADB][39m Adding packages ["io.appium.settings","io.appium.uiautomator2.server","io.appium.uiautomator2.server.test"] to Doze whitelist
[35m[UiAutomator2][39m Starting UIAutomator2 server 4.24.0
[35m[UiAutomator2][39m Using UIAutomator2 server from 'C:\Users\Dell\AppData\Roaming\npm\node_modules\appium\node_modules\appium-uiautomator2-server\apks\appium-uiautomator2-server-v4.24.0.apk' and test from 'C:\Users\Dell\AppData\Roaming\npm\node_modules\appium\node_modules\appium-uiautomator2-server\apks\appium-uiautomator2-server-debug-androidTest.apk'
[35m[UiAutomator2][39m Waiting up to 30000ms for UiAutomator2 to be online...
[35m[WD Proxy][39m socket hang up
[35m[WD Proxy][39m socket hang up
[35m[WD Proxy][39m socket hang up
[35m[WD Proxy][39m socket hang up
[35m[WD Proxy][39m socket hang up
[35m[WD Proxy][39m socket hang up
[35m[WD Proxy][39m socket hang up
[35m[WD Proxy][39m Determined the downstream protocol as 'W3C'
[35m[AndroidDriver][39m Screen already unlocked, doing nothing
[35m[UiAutomator2][39m Starting 'com.android.settings/.Settings and waiting for 'com.android.settings/.Settings'
[35m[Appium][39m New AndroidUiautomator2Driver session created successfully, session 8f3e884c-85e3-4864-8303-18031fbc24dd added to master session list
[35m[HTTP][39m [37m<-- POST /wd/hub/session [39m[32m200[39m [90m17950 ms - 1161[39m
[35m[HTTP][39m [90m[39m
[35m[HTTP][39m [37m-->[39m [37mGET[39m [37m/wd/hub/session/8f3e884c-85e3-4864-8303-18031fbc24dd[39m
[35m[HTTP][39m [90m{}[39m
[35m[HTTP][39m [37m<-- GET /wd/hub/session/8f3e884c-85e3-4864-8303-18031fbc24dd [39m[32m200[39m [90m28 ms - 1115[39m
[35m[HTTP][39m [90m[39m
[35m[HTTP][39m [37m-->[39m [37mGET[39m [37m/wd/hub/session/8f3e884c-85e3-4864-8303-18031fbc24dd[39m
[35m[HTTP][39m [90m{}[39m
[35m[HTTP][39m [37m<-- GET /wd/hub/session/8f3e884c-85e3-4864-8303-18031fbc24dd [39m[32m200[39m [90m18 ms - 1115[39m
[35m[HTTP][39m [90m[39m
[35m[HTTP][39m [37m-->[39m [37mGET[39m [37m/wd/hub/status[39m
[35m[HTTP][39m [90m{}[39m
[35m[HTTP][39m [37m<-- GET /wd/hub/status [39m[32m200[39m [90m2 ms - 68[39m
[35m[HTTP][39m [90m[39m
[35m[HTTP][39m [37m-->[39m [37mPOST[39m [37m/wd/hub/session/8f3e884c-85e3-4864-8303-18031fbc24dd/timeouts[39m
[35m[HTTP][39m [90m{"implicit":30000}[39m
[35m[HTTP][39m [37m<-- POST /wd/hub/session/8f3e884c-85e3-4864-8303-18031fbc24dd/timeouts [39m[32m200[39m [90m5 ms - 14[39m
[35m[HTTP][39m [90m[39m
[35m[HTTP][39m [37m-->[39m [37mGET[39m [37m/wd/hub/session/8f3e884c-85e3-4864-8303-18031fbc24dd/screenshot[39m
[35m[HTTP][39m [90m{}[39m
[35m[HTTP][39m [37m<-- GET /wd/hub/session/8f3e884c-85e3-4864-8303-18031fbc24dd/screenshot [39m[32m200[39m [90m922 ms - 186856[39m
[35m[HTTP][39m [90m[39m
[35m[HTTP][39m [37m-->[39m [37mGET[39m [37m/wd/hub/session/8f3e884c-85e3-4864-8303-18031fbc24dd/window/rect[39m
[35m[HTTP][39m [90m{}[39m
[35m[HTTP][39m [37m<-- GET /wd/hub/session/8f3e884c-85e3-4864-8303-18031fbc24dd/window/rect [39m[32m200[39m [90m46 ms - 50[39m
[35m[HTTP][39m [90m[39m
[35m[HTTP][39m [37m-->[39m [37mGET[39m [37m/wd/hub/session/8f3e884c-85e3-4864-8303-18031fbc24dd/appium/device/system_bars[39m
[35m[HTTP][39m [90m{}[39m
[35m[HTTP][39m [37m<-- GET /wd/hub/session/8f3e884c-85e3-4864-8303-18031fbc24dd/appium/device/system_bars [39m[32m200[39m [90m273 ms - 145[39m
[35m[HTTP][39m [90m[39m
[35m[HTTP][39m [37m-->[39m [37mPOST[39m [37m/wd/hub/session/8f3e884c-85e3-4864-8303-18031fbc24dd/appium/device/activate_app[39m
[35m[HTTP][39m [90m{"bundleId":"com.cbt.ajmandigital"}[39m
[35m[HTTP][39m [37m<-- POST /wd/hub/session/8f3e884c-85e3-4864-8303-18031fbc24dd/appium/device/activate_app [39m[32m200[39m [90m4159 ms - 14[39m
[35m[HTTP][39m [90m[39m
[35m[HTTP][39m [37m-->[39m [37mPOST[39m [37m/wd/hub/session/8f3e884c-85e3-4864-8303-18031fbc24dd/timeouts[39m
[35m[HTTP][39m [90m{"implicit":50}[39m
[35m[HTTP][39m [37m<-- POST /wd/hub/session/8f3e884c-85e3-4864-8303-18031fbc24dd/timeouts [39m[32m200[39m [90m4 ms - 14[39m
[35m[HTTP][39m [90m[39m
[35m[HTTP][39m [37m-->[39m [37mGET[39m [37m/wd/hub/session/8f3e884c-85e3-4864-8303-18031fbc24dd/window/rect[39m
[35m[HTTP][39m [90m{}[39m
[35m[HTTP][39m [37m<-- GET /wd/hub/session/8f3e884c-85e3-4864-8303-18031fbc24dd/window/rect [39m[32m200[39m [90m51 ms - 50[39m
[35m[HTTP][39m [90m[39m
[35m[HTTP][39m [37m-->[39m [37mPOST[39m [37m/wd/hub/session/8f3e884c-85e3-4864-8303-18031fbc24dd/elements[39m
[35m[HTTP][39m [90m{"using":"accessibility id","value":"Already a Customer? Register"}[39m
[35m[HTTP][39m [37m<-- POST /wd/hub/session/8f3e884c-85e3-4864-8303-18031fbc24dd/elements [39m[32m200[39m [90m779 ms - 12[39m
[35m[HTTP][39m [90m[39m
[35m[HTTP][39m [37m-->[39m [37mPOST[39m [37m/wd/hub/session/8f3e884c-85e3-4864-8303-18031fbc24dd/elements[39m
[35m[HTTP][39m [90m{"using":"accessibility id","value":"Already a Customer? Register"}[39m
[35m[HTTP][39m [37m<-- POST /wd/hub/session/8f3e884c-85e3-4864-8303-18031fbc24dd/elements [39m[32m200[39m [90m80 ms - 12[39m
[35m[HTTP][39m [90m[39m
[35m[HTTP][39m [37m-->[39m [37mPOST[39m [37m/wd/hub/session/8f3e884c-85e3-4864-8303-18031fbc24dd/elements[39m
[35m[HTTP][39m [90m{"using":"accessibility id","value":"Already a Customer? Register"}[39m
[35m[HTTP][39m [37m<-- POST /wd/hub/session/8f3e884c-85e3-4864-8303-18031fbc24dd/elements [39m[32m200[39m [90m69 ms - 12[39m
[35m[HTTP][39m [90m[39m
[35m[HTTP][39m [37m-->[39m [37mPOST[39m [37m/wd/hub/session/8f3e884c-85e3-4864-8303-18031fbc24dd/elements[39m
[35m[HTTP][39m [90m{"using":"accessibility id","value":"Already a Customer? Register"}[39m
[35m[HTTP][39m [37m<-- POST /wd/hub/session/8f3e884c-85e3-4864-8303-18031fbc24dd/elements [39m[32m200[39m [90m73 ms - 12[39m
[35m[HTTP][39m [90m[39m
[35m[HTTP][39m [37m-->[39m [37mPOST[39m [37m/wd/hub/session/8f3e884c-85e3-4864-8303-18031fbc24dd/elements[39m
[35m[HTTP][39m [90m{"using":"accessibility id","value":"Already a Customer? Register"}[39m
[35m[HTTP][39m [37m<-- POST /wd/hub/session/8f3e884c-85e3-4864-8303-18031fbc24dd/elements [39m[32m200[39m [90m83 ms - 12[39m
[35m[HTTP][39m [90m[39m
[35m[HTTP][39m [37m-->[39m [37mPOST[39m [37m/wd/hub/session/8f3e884c-85e3-4864-8303-18031fbc24dd/elements[39m
[35m[HTTP][39m [90m{"using":"accessibility id","value":"Already a Customer? Register"}[39m
[35m[HTTP][39m [37m<-- POST /wd/hub/session/8f3e884c-85e3-4864-8303-18031fbc24dd/elements [39m[32m200[39m [90m85 ms - 12[39m
[35m[HTTP][39m [90m[39m
[35m[HTTP][39m [37m-->[39m [37mPOST[39m [37m/wd/hub/session/8f3e884c-85e3-4864-8303-18031fbc24dd/elements[39m
[35m[HTTP][39m [90m{"using":"accessibility id","value":"Already a Customer? Register"}[39m
[35m[HTTP][39m [37m<-- POST /wd/hub/session/8f3e884c-85e3-4864-8303-18031fbc24dd/elements [39m[32m200[39m [90m80 ms - 12[39m
[35m[HTTP][39m [90m[39m
[35m[HTTP][39m [37m-->[39m [37mPOST[39m [37m/wd/hub/session/8f3e884c-85e3-4864-8303-18031fbc24dd/elements[39m
[35m[HTTP][39m [90m{"using":"accessibility id","value":"Already a Customer? Register"}[39m
[35m[HTTP][39m [37m<-- POST /wd/hub/session/8f3e884c-85e3-4864-8303-18031fbc24dd/elements [39m[32m200[39m [90m95 ms - 12[39m
[35m[HTTP][39m [90m[39m
[35m[HTTP][39m [37m-->[39m [37mPOST[39m [37m/wd/hub/session/8f3e884c-85e3-4864-8303-18031fbc24dd/elements[39m
[35m[HTTP][39m [90m{"using":"accessibility id","value":"Already a Customer? Register"}[39m
[35m[HTTP][39m [37m<-- POST /wd/hub/session/8f3e884c-85e3-4864-8303-18031fbc24dd/elements [39m[32m200[39m [90m98 ms - 12[39m
[35m[HTTP][39m [90m[39m
[35m[HTTP][39m [37m-->[39m [37mPOST[39m [37m/wd/hub/session/8f3e884c-85e3-4864-8303-18031fbc24dd/elements[39m
[35m[HTTP][39m [90m{"using":"accessibility id","value":"Already a Customer? Register"}[39m
[35m[HTTP][39m [37m<-- POST /wd/hub/session/8f3e884c-85e3-4864-8303-18031fbc24dd/elements [39m[32m200[39m [90m96 ms - 12[39m
[35m[HTTP][39m [90m[39m
[35m[HTTP][39m [37m-->[39m [37mPOST[39m [37m/wd/hub/session/8f3e884c-85e3-4864-8303-18031fbc24dd/elements[39m
[35m[HTTP][39m [90m{"using":"accessibility id","value":"Already a Customer? Register"}[39m
[35m[HTTP][39m [37m<-- POST /wd/hub/session/8f3e884c-85e3-4864-8303-18031fbc24dd/elements [39m[32m200[39m [90m95 ms - 12[39m
[35m[HTTP][39m [90m[39m
[35m[HTTP][39m [37m-->[39m [37mPOST[39m [37m/wd/hub/session/8f3e884c-85e3-4864-8303-18031fbc24dd/elements[39m
[35m[HTTP][39m [90m{"using":"accessibility id","value":"Already a Customer? Register"}[39m
[35m[HTTP][39m [37m<-- POST /wd/hub/session/8f3e884c-85e3-4864-8303-18031fbc24dd/elements [39m[32m200[39m [90m90 ms - 12[39m
[35m[HTTP][39m [90m[39m
[35m[HTTP][39m [37m-->[39m [37mPOST[39m [37m/wd/hub/session/8f3e884c-85e3-4864-8303-18031fbc24dd/elements[39m
[35m[HTTP][39m [90m{"using":"accessibility id","value":"Already a Customer? Register"}[39m
[35m[HTTP][39m [37m<-- POST /wd/hub/session/8f3e884c-85e3-4864-8303-18031fbc24dd/elements [39m[32m200[39m [90m96 ms - 12[39m
[35m[HTTP][39m [90m[39m
[35m[HTTP][39m [37m-->[39m [37mPOST[39m [37m/wd/hub/session/8f3e884c-85e3-4864-8303-18031fbc24dd/elements[39m
[35m[HTTP][39m [90m{"using":"accessibility id","value":"Already a Customer? Register"}[39m
[35m[HTTP][39m [37m<-- POST /wd/hub/session/8f3e884c-85e3-4864-8303-18031fbc24dd/elements [39m[32m200[39m [90m91 ms - 12[39m
[35m[HTTP][39m [90m[39m
[35m[HTTP][39m [37m-->[39m [37mPOST[39m [37m/wd/hub/session/8f3e884c-85e3-4864-8303-18031fbc24dd/elements[39m
[35m[HTTP][39m [90m{"using":"accessibility id","value":"Already a Customer? Register"}[39m
[35m[HTTP][39m [37m<-- POST /wd/hub/session/8f3e884c-85e3-4864-8303-18031fbc24dd/elements [39m[32m200[39m [90m544 ms - 12[39m
[35m[HTTP][39m [90m[39m
[35m[HTTP][39m [37m-->[39m [37mPOST[39m [37m/wd/hub/session/8f3e884c-85e3-4864-8303-18031fbc24dd/elements[39m
[35m[HTTP][39m [90m{"using":"accessibility id","value":"Already a Customer? Register"}[39m
[35m[HTTP][39m [37m<-- POST /wd/hub/session/8f3e884c-85e3-4864-8303-18031fbc24dd/elements [39m[32m200[39m [90m97 ms - 12[39m
[35m[HTTP][39m [90m[39m
[35m[HTTP][39m [37m-->[39m [37mPOST[39m [37m/wd/hub/session/8f3e884c-85e3-4864-8303-18031fbc24dd/elements[39m
[35m[HTTP][39m [90m{"using":"accessibility id","value":"Already a Customer? Register"}[39m
[35m[HTTP][39m [37m<-- POST /wd/hub/session/8f3e884c-85e3-4864-8303-18031fbc24dd/elements [39m[32m200[39m [90m98 ms - 12[39m
[35m[HTTP][39m [90m[39m
[35m[HTTP][39m [37m-->[39m [37mPOST[39m [37m/wd/hub/session/8f3e884c-85e3-4864-8303-18031fbc24dd/elements[39m
[35m[HTTP][39m [90m{"using":"accessibility id","value":"Already a Customer? Register"}[39m
[35m[HTTP][39m [37m<-- POST /wd/hub/session/8f3e884c-85e3-4864-8303-18031fbc24dd/elements [39m[32m200[39m [90m62 ms - 12[39m
[35m[HTTP][39m [90m[39m
[35m[HTTP][39m [37m-->[39m [37mPOST[39m [37m/wd/hub/session/8f3e884c-85e3-4864-8303-18031fbc24dd/elements[39m
[35m[HTTP][39m [90m{"using":"accessibility id","value":"Already a Customer? Register"}[39m
[35m[HTTP][39m [37m<-- POST /wd/hub/session/8f3e884c-85e3-4864-8303-18031fbc24dd/elements [39m[32m200[39m [90m88 ms - 12[39m
[35m[HTTP][39m [90m[39m
[35m[HTTP][39m [37m-->[39m [37mPOST[39m [37m/wd/hub/session/8f3e884c-85e3-4864-8303-18031fbc24dd/elements[39m
[35m[HTTP][39m [90m{"using":"accessibility id","value":"Already a Customer? Register"}[39m
[35m[HTTP][39m [37m<-- POST /wd/hub/session/8f3e884c-85e3-4864-8303-18031fbc24dd/elements [39m[32m200[39m [90m93 ms - 12[39m
[35m[HTTP][39m [90m[39m
[35m[HTTP][39m [37m-->[39m [37mPOST[39m [37m/wd/hub/session/8f3e884c-85e3-4864-8303-18031fbc24dd/elements[39m
[35m[HTTP][39m [90m{"using":"accessibility id","value":"Already a Customer? Register"}[39m
[35m[HTTP][39m [37m<-- POST /wd/hub/session/8f3e884c-85e3-4864-8303-18031fbc24dd/elements [39m[32m200[39m [90m107 ms - 12[39m
[35m[HTTP][39m [90m[39m
[35m[HTTP][39m [37m-->[39m [37mPOST[39m [37m/wd/hub/session/8f3e884c-85e3-4864-8303-18031fbc24dd/elements[39m
[35m[HTTP][39m [90m{"using":"accessibility id","value":"Already a Customer? Register"}[39m
[35m[HTTP][39m [37m<-- POST /wd/hub/session/8f3e884c-85e3-4864-8303-18031fbc24dd/elements [39m[32m200[39m [90m87 ms - 12[39m
[35m[HTTP][39m [90m[39m
[35m[HTTP][39m [37m-->[39m [37mPOST[39m [37m/wd/hub/session/8f3e884c-85e3-4864-8303-18031fbc24dd/elements[39m
[35m[HTTP][39m [90m{"using":"accessibility id","value":"Already a Customer? Register"}[39m
[35m[HTTP][39m [37m<-- POST /wd/hub/session/8f3e884c-85e3-4864-8303-18031fbc24dd/elements [39m[32m200[39m [90m94 ms - 12[39m
[35m[HTTP][39m [90m[39m
[35m[HTTP][39m [37m-->[39m [37mPOST[39m [37m/wd/hub/session/8f3e884c-85e3-4864-8303-18031fbc24dd/elements[39m
[35m[HTTP][39m [90m{"using":"accessibility id","value":"Already a Customer? Register"}[39m
[35m[HTTP][39m [37m<-- POST /wd/hub/session/8f3e884c-85e3-4864-8303-18031fbc24dd/elements [39m[32m200[39m [90m126 ms - 12[39m
[35m[HTTP][39m [90m[39m
[35m[HTTP][39m [37m-->[39m [37mPOST[39m [37m/wd/hub/session/8f3e884c-85e3-4864-8303-18031fbc24dd/elements[39m
[35m[HTTP][39m [90m{"using":"accessibility id","value":"Already a Customer? Register"}[39m
[35m[HTTP][39m [37m<-- POST /wd/hub/session/8f3e884c-85e3-4864-8303-18031fbc24dd/elements [39m[32m200[39m [90m63 ms - 12[39m
[35m[HTTP][39m [90m[39m
[35m[HTTP][39m [37m-->[39m [37mPOST[39m [37m/wd/hub/session/8f3e884c-85e3-4864-8303-18031fbc24dd/elements[39m
[35m[HTTP][39m [90m{"using":"accessibility id","value":"Already a Customer? Register"}[39m
[35m[HTTP][39m [37m<-- POST /wd/hub/session/8f3e884c-85e3-4864-8303-18031fbc24dd/elements [39m[32m200[39m [90m103 ms - 12[39m
[35m[HTTP][39m [90m[39m
[35m[HTTP][39m [37m-->[39m [37mPOST[39m [37m/wd/hub/session/8f3e884c-85e3-4864-8303-18031fbc24dd/elements[39m
[35m[HTTP][39m [90m{"using":"accessibility id","value":"Already a Customer? Register"}[39m
[35m[HTTP][39m [37m<-- POST /wd/hub/session/8f3e884c-85e3-4864-8303-18031fbc24dd/elements [39m[32m200[39m [90m83 ms - 12[39m
[35m[HTTP][39m [90m[39m
[35m[HTTP][39m [37m-->[39m [37mPOST[39m [37m/wd/hub/session/8f3e884c-85e3-4864-8303-18031fbc24dd/elements[39m
[35m[HTTP][39m [90m{"using":"accessibility id","value":"Already a Customer? Register"}[39m
[35m[HTTP][39m [37m<-- POST /wd/hub/session/8f3e884c-85e3-4864-8303-18031fbc24dd/elements [39m[32m200[39m [90m111 ms - 12[39m
[35m[HTTP][39m [90m[39m
[35m[HTTP][39m [37m-->[39m [37mPOST[39m [37m/wd/hub/session/8f3e884c-85e3-4864-8303-18031fbc24dd/elements[39m
[35m[HTTP][39m [90m{"using":"accessibility id","value":"Already a Customer? Register"}[39m
[35m[HTTP][39m [37m<-- POST /wd/hub/session/8f3e884c-85e3-4864-8303-18031fbc24dd/elements [39m[32m200[39m [90m107 ms - 12[39m
[35m[HTTP][39m [90m[39m
[35m[HTTP][39m [37m-->[39m [37mPOST[39m [37m/wd/hub/session/8f3e884c-85e3-4864-8303-18031fbc24dd/elements[39m
[35m[HTTP][39m [90m{"using":"accessibility id","value":"Already a Customer? Register"}[39m
[35m[HTTP][39m [37m<-- POST /wd/hub/session/8f3e884c-85e3-4864-8303-18031fbc24dd/elements [39m[32m200[39m [90m94 ms - 12[39m
[35m[HTTP][39m [90m[39m
[35m[HTTP][39m [37m-->[39m [37mPOST[39m [37m/wd/hub/session/8f3e884c-85e3-4864-8303-18031fbc24dd/elements[39m
[35m[HTTP][39m [90m{"using":"accessibility id","value":"Already a Customer? Register"}[39m
[35m[HTTP][39m [37m<-- POST /wd/hub/session/8f3e884c-85e3-4864-8303-18031fbc24dd/elements [39m[32m200[39m [90m103 ms - 12[39m
[35m[HTTP][39m [90m[39m
[35m[HTTP][39m [37m-->[39m [37mPOST[39m [37m/wd/hub/session/8f3e884c-85e3-4864-8303-18031fbc24dd/elements[39m
[35m[HTTP][39m [90m{"using":"accessibility id","value":"Already a Customer? Register"}[39m
[35m[HTTP][39m [37m<-- POST /wd/hub/session/8f3e884c-85e3-4864-8303-18031fbc24dd/elements [39m[32m200[39m [90m110 ms - 12[39m
[35m[HTTP][39m [90m[39m
[35m[HTTP][39m [37m-->[39m [37mPOST[39m [37m/wd/hub/session/8f3e884c-85e3-4864-8303-18031fbc24dd/elements[39m
[35m[HTTP][39m [90m{"using":"accessibility id","value":"Already a Customer? Register"}[39m
[35m[HTTP][39m [37m<-- POST /wd/hub/session/8f3e884c-85e3-4864-8303-18031fbc24dd/elements [39m[32m200[39m [90m124 ms - 12[39m
[35m[HTTP][39m [90m[39m
[35m[HTTP][39m [37m-->[39m [37mPOST[39m [37m/wd/hub/session/8f3e884c-85e3-4864-8303-18031fbc24dd/elements[39m
[35m[HTTP][39m [90m{"using":"accessibility id","value":"Already a Customer? Register"}[39m
[35m[HTTP][39m [37m<-- POST /wd/hub/session/8f3e884c-85e3-4864-8303-18031fbc24dd/elements [39m[32m200[39m [90m57 ms - 12[39m
[35m[HTTP][39m [90m[39m
[35m[HTTP][39m [37m-->[39m [37mPOST[39m [37m/wd/hub/session/8f3e884c-85e3-4864-8303-18031fbc24dd/elements[39m
[35m[HTTP][39m [90m{"using":"accessibility id","value":"Already a Customer? Register"}[39m
[35m[HTTP][39m [37m<-- POST /wd/hub/session/8f3e884c-85e3-4864-8303-18031fbc24dd/elements [39m[32m200[39m [90m96 ms - 12[39m
[35m[HTTP][39m [90m[39m
[35m[HTTP][39m [37m-->[39m [37mPOST[39m [37m/wd/hub/session/8f3e884c-85e3-4864-8303-18031fbc24dd/elements[39m
[35m[HTTP][39m [90m{"using":"accessibility id","value":"Already a Customer? Register"}[39m
[35m[HTTP][39m [37m<-- POST /wd/hub/session/8f3e884c-85e3-4864-8303-18031fbc24dd/elements [39m[32m200[39m [90m103 ms - 12[39m
[35m[HTTP][39m [90m[39m
[35m[HTTP][39m [37m-->[39m [37mPOST[39m [37m/wd/hub/session/8f3e884c-85e3-4864-8303-18031fbc24dd/elements[39m
[35m[HTTP][39m [90m{"using":"accessibility id","value":"Already a Customer? Register"}[39m
[35m[HTTP][39m [37m<-- POST /wd/hub/session/8f3e884c-85e3-4864-8303-18031fbc24dd/elements [39m[32m200[39m [90m53 ms - 12[39m
[35m[HTTP][39m [90m[39m
[35m[HTTP][39m [37m-->[39m [37mPOST[39m [37m/wd/hub/session/8f3e884c-85e3-4864-8303-18031fbc24dd/elements[39m
[35m[HTTP][39m [90m{"using":"accessibility id","value":"Already a Customer? Register"}[39m
[35m[HTTP][39m [37m<-- POST /wd/hub/session/8f3e884c-85e3-4864-8303-18031fbc24dd/elements [39m[32m200[39m [90m107 ms - 12[39m
[35m[HTTP][39m [90m[39m
[35m[HTTP][39m [37m-->[39m [37mPOST[39m [37m/wd/hub/session/8f3e884c-85e3-4864-8303-18031fbc24dd/elements[39m
[35m[HTTP][39m [90m{"using":"accessibility id","value":"Already a Customer? Register"}[39m
[35m[HTTP][39m [37m<-- POST /wd/hub/session/8f3e884c-85e3-4864-8303-18031fbc24dd/elements [39m[32m200[39m [90m54 ms - 12[39m
[35m[HTTP][39m [90m[39m
[35m[HTTP][39m [37m-->[39m [37mPOST[39m [37m/wd/hub/session/8f3e884c-85e3-4864-8303-18031fbc24dd/elements[39m
[35m[HTTP][39m [90m{"using":"accessibility id","value":"Already a Customer? Register"}[39m
[35m[HTTP][39m [37m<-- POST /wd/hub/session/8f3e884c-85e3-4864-8303-18031fbc24dd/elements [39m[32m200[39m [90m96 ms - 12[39m
[35m[HTTP][39m [90m[39m
[35m[HTTP][39m [37m-->[39m [37mPOST[39m [37m/wd/hub/session/8f3e884c-85e3-4864-8303-18031fbc24dd/elements[39m
[35m[HTTP][39m [90m{"using":"accessibility id","value":"Already a Customer? Register"}[39m
[35m[HTTP][39m [37m<-- POST /wd/hub/session/8f3e884c-85e3-4864-8303-18031fbc24dd/elements [39m[32m200[39m [90m108 ms - 12[39m
[35m[HTTP][39m [90m[39m
[35m[HTTP][39m [37m-->[39m [37mPOST[39m [37m/wd/hub/session/8f3e884c-85e3-4864-8303-18031fbc24dd/elements[39m
[35m[HTTP][39m [90m{"using":"accessibility id","value":"Already a Customer? Register"}[39m
[35m[HTTP][39m [37m<-- POST /wd/hub/session/8f3e884c-85e3-4864-8303-18031fbc24dd/elements [39m[32m200[39m [90m107 ms - 12[39m
[35m[HTTP][39m [90m[39m
[35m[HTTP][39m [37m-->[39m [37mPOST[39m [37m/wd/hub/session/8f3e884c-85e3-4864-8303-18031fbc24dd/elements[39m
[35m[HTTP][39m [90m{"using":"accessibility id","value":"Already a Customer? Register"}[39m
[35m[HTTP][39m [37m<-- POST /wd/hub/session/8f3e884c-85e3-4864-8303-18031fbc24dd/elements [39m[32m200[39m [90m104 ms - 12[39m
[35m[HTTP][39m [90m[39m
[35m[HTTP][39m [37m-->[39m [37mPOST[39m [37m/wd/hub/session/8f3e884c-85e3-4864-8303-18031fbc24dd/elements[39m
[35m[HTTP][39m [90m{"using":"accessibility id","value":"Already a Customer? Register"}[39m
[35m[HTTP][39m [37m<-- POST /wd/hub/session/8f3e884c-85e3-4864-8303-18031fbc24dd/elements [39m[32m200[39m [90m106 ms - 12[39m
[35m[HTTP][39m [90m[39m
[35m[HTTP][39m [37m-->[39m [37mPOST[39m [37m/wd/hub/session/8f3e884c-85e3-4864-8303-18031fbc24dd/elements[39m
[35m[HTTP][39m [90m{"using":"accessibility id","value":"Already a Customer? Register"}[39m
[35m[HTTP][39m [37m<-- POST /wd/hub/session/8f3e884c-85e3-4864-8303-18031fbc24dd/elements [39m[32m200[39m [90m98 ms - 12[39m
[35m[HTTP][39m [90m[39m
[35m[HTTP][39m [37m-->[39m [37mPOST[39m [37m/wd/hub/session/8f3e884c-85e3-4864-8303-18031fbc24dd/elements[39m
[35m[HTTP][39m [90m{"using":"accessibility id","value":"Already a Customer? Register"}[39m
[35m[HTTP][39m [37m<-- POST /wd/hub/session/8f3e884c-85e3-4864-8303-18031fbc24dd/elements [39m[32m200[39m [90m108 ms - 12[39m
[35m[HTTP][39m [90m[39m
[35m[HTTP][39m [37m-->[39m [37mPOST[39m [37m/wd/hub/session/8f3e884c-85e3-4864-8303-18031fbc24dd/elements[39m
[35m[HTTP][39m [90m{"using":"accessibility id","value":"Already a Customer? Register"}[39m
[35m[HTTP][39m [37m<-- POST /wd/hub/session/8f3e884c-85e3-4864-8303-18031fbc24dd/elements [39m[32m200[39m [90m109 ms - 12[39m
[35m[HTTP][39m [90m[39m
[35m[HTTP][39m [37m-->[39m [37mPOST[39m [37m/wd/hub/session/8f3e884c-85e3-4864-8303-18031fbc24dd/elements[39m
[35m[HTTP][39m [90m{"using":"accessibility id","value":"Already a Customer? Register"}[39m
[35m[HTTP][39m [37m<-- POST /wd/hub/session/8f3e884c-85e3-4864-8303-18031fbc24dd/elements [39m[32m200[39m [90m97 ms - 12[39m
[35m[HTTP][39m [90m[39m
[35m[HTTP][39m [37m-->[39m [37mPOST[39m [37m/wd/hub/session/8f3e884c-85e3-4864-8303-18031fbc24dd/elements[39m
[35m[HTTP][39m [90m{"using":"accessibility id","value":"Already a Customer? Register"}[39m
[35m[HTTP][39m [37m<-- POST /wd/hub/session/8f3e884c-85e3-4864-8303-18031fbc24dd/elements [39m[32m200[39m [90m83 ms - 12[39m
[35m[HTTP][39m [90m[39m
[35m[HTTP][39m [37m-->[39m [37mPOST[39m [37m/wd/hub/session/8f3e884c-85e3-4864-8303-18031fbc24dd/elements[39m
[35m[HTTP][39m [90m{"using":"accessibility id","value":"Already a Customer? Register"}[39m
[35m[HTTP][39m [37m<-- POST /wd/hub/session/8f3e884c-85e3-4864-8303-18031fbc24dd/elements [39m[32m200[39m [90m88 ms - 12[39m
[35m[HTTP][39m [90m[39m
[35m[HTTP][39m [37m-->[39m [37mPOST[39m [37m/wd/hub/session/8f3e884c-85e3-4864-8303-18031fbc24dd/elements[39m
[35m[HTTP][39m [90m{"using":"accessibility id","value":"Already a Customer? Register"}[39m
[35m[HTTP][39m [37m<-- POST /wd/hub/session/8f3e884c-85e3-4864-8303-18031fbc24dd/elements [39m[32m200[39m [90m86 ms - 12[39m
[35m[HTTP][39m [90m[39m
[35m[HTTP][39m [37m-->[39m [37mPOST[39m [37m/wd/hub/session/8f3e884c-85e3-4864-8303-18031fbc24dd/elements[39m
[35m[HTTP][39m [90m{"using":"accessibility id","value":"Already a Customer? Register"}[39m
[35m[HTTP][39m [37m<-- POST /wd/hub/session/8f3e884c-85e3-4864-8303-18031fbc24dd/elements [39m[32m200[39m [90m88 ms - 12[39m
[35m[HTTP][39m [90m[39m
[35m[HTTP][39m [37m-->[39m [37mPOST[39m [37m/wd/hub/session/8f3e884c-85e3-4864-8303-18031fbc24dd/elements[39m
[35m[HTTP][39m [90m{"using":"accessibility id","value":"Already a Customer? Register"}[39m
[35m[HTTP][39m [37m<-- POST /wd/hub/session/8f3e884c-85e3-4864-8303-18031fbc24dd/elements [39m[32m200[39m [90m83 ms - 12[39m
[35m[HTTP][39m [90m[39m
[35m[HTTP][39m [37m-->[39m [37mPOST[39m [37m/wd/hub/session/8f3e884c-85e3-4864-8303-18031fbc24dd/elements[39m
[35m[HTTP][39m [90m{"using":"accessibility id","value":"Already a Customer? Register"}[39m
[35m[HTTP][39m [37m<-- POST /wd/hub/session/8f3e884c-85e3-4864-8303-18031fbc24dd/elements [39m[32m200[39m [90m81 ms - 12[39m
[35m[HTTP][39m [90m[39m
[35m[HTTP][39m [37m-->[39m [37mPOST[39m [37m/wd/hub/session/8f3e884c-85e3-4864-8303-18031fbc24dd/elements[39m
[35m[HTTP][39m [90m{"using":"accessibility id","value":"Already a Customer? Register"}[39m
[35m[HTTP][39m [37m<-- POST /wd/hub/session/8f3e884c-85e3-4864-8303-18031fbc24dd/elements [39m[32m200[39m [90m94 ms - 12[39m
[35m[HTTP][39m [90m[39m
[35m[HTTP][39m [37m-->[39m [37mPOST[39m [37m/wd/hub/session/8f3e884c-85e3-4864-8303-18031fbc24dd/elements[39m
[35m[HTTP][39m [90m{"using":"accessibility id","value":"Already a Customer? Register"}[39m
[35m[HTTP][39m [37m<-- POST /wd/hub/session/8f3e884c-85e3-4864-8303-18031fbc24dd/elements [39m[32m200[39m [90m904 ms - 12[39m
[35m[HTTP][39m [90m[39m
[35m[HTTP][39m [37m-->[39m [37mPOST[39m [37m/wd/hub/session/8f3e884c-85e3-4864-8303-18031fbc24dd/elements[39m
[35m[HTTP][39m [90m{"using":"accessibility id","value":"Already a Customer? Register"}[39m
[35m[HTTP][39m [37m<-- POST /wd/hub/session/8f3e884c-85e3-4864-8303-18031fbc24dd/elements [39m[32m200[39m [90m56 ms - 12[39m
[35m[HTTP][39m [90m[39m
[35m[HTTP][39m [37m-->[39m [37mPOST[39m [37m/wd/hub/session/8f3e884c-85e3-4864-8303-18031fbc24dd/elements[39m
[35m[HTTP][39m [90m{"using":"accessibility id","value":"Already a Customer? Register"}[39m
[35m[HTTP][39m [37m<-- POST /wd/hub/session/8f3e884c-85e3-4864-8303-18031fbc24dd/elements [39m[32m200[39m [90m58 ms - 12[39m
[35m[HTTP][39m [90m[39m
[35m[HTTP][39m [37m-->[39m [37mPOST[39m [37m/wd/hub/session/8f3e884c-85e3-4864-8303-18031fbc24dd/elements[39m
[35m[HTTP][39m [90m{"using":"accessibility id","value":"Already a Customer? Register"}[39m
[35m[HTTP][39m [37m<-- POST /wd/hub/session/8f3e884c-85e3-4864-8303-18031fbc24dd/elements [39m[32m200[39m [90m107 ms - 12[39m
[35m[HTTP][39m [90m[39m
[35m[HTTP][39m [37m-->[39m [37mPOST[39m [37m/wd/hub/session/8f3e884c-85e3-4864-8303-18031fbc24dd/elements[39m
[35m[HTTP][39m [90m{"using":"accessibility id","value":"Already a Customer? Register"}[39m
[35m[HTTP][39m [37m<-- POST /wd/hub/session/8f3e884c-85e3-4864-8303-18031fbc24dd/elements [39m[32m200[39m [90m91 ms - 12[39m
[35m[HTTP][39m [90m[39m
[35m[HTTP][39m [37m-->[39m [37mPOST[39m [37m/wd/hub/session/8f3e884c-85e3-4864-8303-18031fbc24dd/elements[39m
[35m[HTTP][39m [90m{"using":"accessibility id","value":"Already a Customer? Register"}[39m
[35m[HTTP][39m [37m<-- POST /wd/hub/session/8f3e884c-85e3-4864-8303-18031fbc24dd/elements [39m[32m200[39m [90m103 ms - 12[39m
[35m[HTTP][39m [90m[39m
[35m[HTTP][39m [37m-->[39m [37mPOST[39m [37m/wd/hub/session/8f3e884c-85e3-4864-8303-18031fbc24dd/elements[39m
[35m[HTTP][39m [90m{"using":"accessibility id","value":"Already a Customer? Register"}[39m
[35m[HTTP][39m [37m<-- POST /wd/hub/session/8f3e884c-85e3-4864-8303-18031fbc24dd/elements [39m[32m200[39m [90m88 ms - 12[39m
[35m[HTTP][39m [90m[39m
[35m[HTTP][39m [37m-->[39m [37mPOST[39m [37m/wd/hub/session/8f3e884c-85e3-4864-8303-18031fbc24dd/elements[39m
[35m[HTTP][39m [90m{"using":"accessibility id","value":"Already a Customer? Register"}[39m
[35m[HTTP][39m [37m<-- POST /wd/hub/session/8f3e884c-85e3-4864-8303-18031fbc24dd/elements [39m[32m200[39m [90m115 ms - 12[39m
[35m[HTTP][39m [90m[39m
[35m[HTTP][39m [37m-->[39m [37mPOST[39m [37m/wd/hub/session/8f3e884c-85e3-4864-8303-18031fbc24dd/elements[39m
[35m[HTTP][39m [90m{"using":"accessibility id","value":"Already a Customer? Register"}[39m
[35m[HTTP][39m [37m<-- POST /wd/hub/session/8f3e884c-85e3-4864-8303-18031fbc24dd/elements [39m[32m200[39m [90m108 ms - 12[39m
[35m[HTTP][39m [90m[39m
[35m[HTTP][39m [37m-->[39m [37mPOST[39m [37m/wd/hub/session/8f3e884c-85e3-4864-8303-18031fbc24dd/elements[39m
[35m[HTTP][39m [90m{"using":"accessibility id","value":"Already a Customer? Register"}[39m
[35m[HTTP][39m [37m<-- POST /wd/hub/session/8f3e884c-85e3-4864-8303-18031fbc24dd/elements [39m[32m200[39m [90m95 ms - 12[39m
[35m[HTTP][39m [90m[39m
[35m[HTTP][39m [37m-->[39m [37mPOST[39m [37m/wd/hub/session/8f3e884c-85e3-4864-8303-18031fbc24dd/elements[39m
[35m[HTTP][39m [90m{"using":"accessibility id","value":"Already a Customer? Register"}[39m
[35m[HTTP][39m [37m<-- POST /wd/hub/session/8f3e884c-85e3-4864-8303-18031fbc24dd/elements [39m[32m200[39m [90m113 ms - 12[39m
[35m[HTTP][39m [90m[39m
[35m[HTTP][39m [37m-->[39m [37mPOST[39m [37m/wd/hub/session/8f3e884c-85e3-4864-8303-18031fbc24dd/elements[39m
[35m[HTTP][39m [90m{"using":"accessibility id","value":"Already a Customer? Register"}[39m
[35m[HTTP][39m [37m<-- POST /wd/hub/session/8f3e884c-85e3-4864-8303-18031fbc24dd/elements [39m[32m200[39m [90m53 ms - 12[39m
[35m[HTTP][39m [90m[39m
[35m[HTTP][39m [37m-->[39m [37mPOST[39m [37m/wd/hub/session/8f3e884c-85e3-4864-8303-18031fbc24dd/elements[39m
[35m[HTTP][39m [90m{"using":"accessibility id","value":"Already a Customer? Register"}[39m
[35m[HTTP][39m [37m<-- POST /wd/hub/session/8f3e884c-85e3-4864-8303-18031fbc24dd/elements [39m[32m200[39m [90m1284 ms - 12[39m
[35m[HTTP][39m [90m[39m
[35m[HTTP][39m [37m-->[39m [37mPOST[39m [37m/wd/hub/session/8f3e884c-85e3-4864-8303-18031fbc24dd/elements[39m
[35m[HTTP][39m [90m{"using":"accessibility id","value":"Already a Customer? Register"}[39m
[35m[HTTP][39m [37m<-- POST /wd/hub/session/8f3e884c-85e3-4864-8303-18031fbc24dd/elements [39m[32m200[39m [90m108 ms - 12[39m
[35m[HTTP][39m [90m[39m
[35m[HTTP][39m [37m-->[39m [37mPOST[39m [37m/wd/hub/session/8f3e884c-85e3-4864-8303-18031fbc24dd/elements[39m
[35m[HTTP][39m [90m{"using":"accessibility id","value":"Already a Customer? Register"}[39m
[35m[HTTP][39m [37m<-- POST /wd/hub/session/8f3e884c-85e3-4864-8303-18031fbc24dd/elements [39m[32m200[39m [90m108 ms - 12[39m
[35m[HTTP][39m [90m[39m
[35m[HTTP][39m [37m-->[39m [37mPOST[39m [37m/wd/hub/session/8f3e884c-85e3-4864-8303-18031fbc24dd/elements[39m
[35m[HTTP][39m [90m{"using":"accessibility id","value":"Already a Customer? Register"}[39m
[35m[HTTP][39m [37m<-- POST /wd/hub/session/8f3e884c-85e3-4864-8303-18031fbc24dd/elements [39m[32m200[39m [90m126 ms - 12[39m
[35m[HTTP][39m [90m[39m
[35m[HTTP][39m [37m-->[39m [37mPOST[39m [37m/wd/hub/session/8f3e884c-85e3-4864-8303-18031fbc24dd/elements[39m
[35m[HTTP][39m [90m{"using":"accessibility id","value":"Already a Customer? Register"}[39m
[35m[HTTP][39m [37m<-- POST /wd/hub/session/8f3e884c-85e3-4864-8303-18031fbc24dd/elements [39m[32m200[39m [90m87 ms - 12[39m
[35m[HTTP][39m [90m[39m
[35m[HTTP][39m [37m-->[39m [37mPOST[39m [37m/wd/hub/session/8f3e884c-85e3-4864-8303-18031fbc24dd/elements[39m
[35m[HTTP][39m [90m{"using":"accessibility id","value":"Already a Customer? Register"}[39m
[35m[HTTP][39m [37m<-- POST /wd/hub/session/8f3e884c-85e3-4864-8303-18031fbc24dd/elements [39m[32m200[39m [90m107 ms - 12[39m
[35m[HTTP][39m [90m[39m
[35m[HTTP][39m [37m-->[39m [37mPOST[39m [37m/wd/hub/session/8f3e884c-85e3-4864-8303-18031fbc24dd/elements[39m
[35m[HTTP][39m [90m{"using":"accessibility id","value":"Already a Customer? Register"}[39m
[35m[HTTP][39m [37m<-- POST /wd/hub/session/8f3e884c-85e3-4864-8303-18031fbc24dd/elements [39m[32m200[39m [90m63 ms - 12[39m
[35m[HTTP][39m [90m[39m
[35m[HTTP][39m [37m-->[39m [37mPOST[39m [37m/wd/hub/session/8f3e884c-85e3-4864-8303-18031fbc24dd/elements[39m
[35m[HTTP][39m [90m{"using":"accessibility id","value":"Already a Customer? Register"}[39m
[35m[HTTP][39m [37m<-- POST /wd/hub/session/8f3e884c-85e3-4864-8303-18031fbc24dd/elements [39m[32m200[39m [90m1311 ms - 12[39m
[35m[HTTP][39m [90m[39m
[35m[HTTP][39m [37m-->[39m [37mPOST[39m [37m/wd/hub/session/8f3e884c-85e3-4864-8303-18031fbc24dd/elements[39m
[35m[HTTP][39m [90m{"using":"accessibility id","value":"Already a Customer? Register"}[39m
[35m[HTTP][39m [37m<-- POST /wd/hub/session/8f3e884c-85e3-4864-8303-18031fbc24dd/elements [39m[32m200[39m [90m909 ms - 139[39m
[35m[HTTP][39m [90m[39m
[35m[HTTP][39m [37m-->[39m [37mGET[39m [37m/wd/hub/session/8f3e884c-85e3-4864-8303-18031fbc24dd/element/00000000-0000-0eae-0000-001c00000004/location[39m
[35m[HTTP][39m [90m{}[39m
[35m[W3C (8f3e884c)][39m Driver proxy active, passing request on via HTTP proxy
[35m[WD Proxy][39m Replacing sessionId c5f3f628-bbe3-4228-9e01-1f33a4af97bb with 8f3e884c-85e3-4864-8303-18031fbc24dd
[35m[HTTP][39m [37m<-- GET /wd/hub/session/8f3e884c-85e3-4864-8303-18031fbc24dd/element/00000000-0000-0eae-0000-001c00000004/location [39m[32m200[39m [90m42 ms - 79[39m
[35m[HTTP][39m [90m[39m
[35m[HTTP][39m [37m-->[39m [37mPOST[39m [37m/wd/hub/session/8f3e884c-85e3-4864-8303-18031fbc24dd/timeouts[39m
[35m[HTTP][39m [90m{"implicit":30000}[39m
[35m[HTTP][39m [37m<-- POST /wd/hub/session/8f3e884c-85e3-4864-8303-18031fbc24dd/timeouts [39m[32m200[39m [90m3 ms - 14[39m
[35m[HTTP][39m [90m[39m
[35m[HTTP][39m [37m-->[39m [37mPOST[39m [37m/wd/hub/session/8f3e884c-85e3-4864-8303-18031fbc24dd/timeouts[39m
[35m[HTTP][39m [90m{"implicit":50}[39m
[35m[HTTP][39m [37m<-- POST /wd/hub/session/8f3e884c-85e3-4864-8303-18031fbc24dd/timeouts [39m[32m200[39m [90m2 ms - 14[39m
[35m[HTTP][39m [90m[39m
[35m[HTTP][39m [37m-->[39m [37mGET[39m [37m/wd/hub/session/8f3e884c-85e3-4864-8303-18031fbc24dd/window/rect[39m
[35m[HTTP][39m [90m{}[39m
[35m[HTTP][39m [37m<-- GET /wd/hub/session/8f3e884c-85e3-4864-8303-18031fbc24dd/window/rect [39m[32m200[39m [90m16 ms - 50[39m
[35m[HTTP][39m [90m[39m
[35m[HTTP][39m [37m-->[39m [37mPOST[39m [37m/wd/hub/session/8f3e884c-85e3-4864-8303-18031fbc24dd/elements[39m
[35m[HTTP][39m [90m{"using":"accessibility id","value":"Already a Customer? Register"}[39m
[35m[HTTP][39m [37m<-- POST /wd/hub/session/8f3e884c-85e3-4864-8303-18031fbc24dd/elements [39m[32m200[39m [90m25 ms - 139[39m
[35m[HTTP][39m [90m[39m
[35m[HTTP][39m [37m-->[39m [37mGET[39m [37m/wd/hub/session/8f3e884c-85e3-4864-8303-18031fbc24dd/element/00000000-0000-0eae-0000-001c00000004/location[39m
[35m[HTTP][39m [90m{}[39m
[35m[W3C (8f3e884c)][39m Driver proxy active, passing request on via HTTP proxy
[35m[WD Proxy][39m Replacing sessionId c5f3f628-bbe3-4228-9e01-1f33a4af97bb with 8f3e884c-85e3-4864-8303-18031fbc24dd
[35m[HTTP][39m [37m<-- GET /wd/hub/session/8f3e884c-85e3-4864-8303-18031fbc24dd/element/00000000-0000-0eae-0000-001c00000004/location [39m[32m200[39m [90m14 ms - 79[39m
[35m[HTTP][39m [90m[39m
[35m[HTTP][39m [37m-->[39m [37mPOST[39m [37m/wd/hub/session/8f3e884c-85e3-4864-8303-18031fbc24dd/timeouts[39m
[35m[HTTP][39m [90m{"implicit":30000}[39m
[35m[HTTP][39m [37m<-- POST /wd/hub/session/8f3e884c-85e3-4864-8303-18031fbc24dd/timeouts [39m[32m200[39m [90m1 ms - 14[39m
[35m[HTTP][39m [90m[39m
[35m[HTTP][39m [37m-->[39m [37mPOST[39m [37m/wd/hub/session/8f3e884c-85e3-4864-8303-18031fbc24dd/element/00000000-0000-0eae-0000-001c00000004/click[39m
[35m[HTTP][39m [90m{"id":"00000000-0000-0eae-0000-001c00000004"}[39m
[35m[HTTP][39m [37m<-- POST /wd/hub/session/8f3e884c-85e3-4864-8303-18031fbc24dd/element/00000000-0000-0eae-0000-001c00000004/click [39m[32m200[39m [90m1106 ms - 14[39m
[35m[HTTP][39m [90m[39m
[35m[HTTP][39m [37m-->[39m [37mPOST[39m [37m/wd/hub/session/8f3e884c-85e3-4864-8303-18031fbc24dd/timeouts[39m
[35m[HTTP][39m [90m{"implicit":50}[39m
[35m[HTTP][39m [37m<-- POST /wd/hub/session/8f3e884c-85e3-4864-8303-18031fbc24dd/timeouts [39m[32m200[39m [90m2 ms - 14[39m
[35m[HTTP][39m [90m[39m
[35m[HTTP][39m [37m-->[39m [37mGET[39m [37m/wd/hub/session/8f3e884c-85e3-4864-8303-18031fbc24dd/window/rect[39m
[35m[HTTP][39m [90m{}[39m
[35m[HTTP][39m [37m<-- GET /wd/hub/session/8f3e884c-85e3-4864-8303-18031fbc24dd/window/rect [39m[32m200[39m [90m23 ms - 50[39m
[35m[HTTP][39m [90m[39m
[35m[HTTP][39m [37m-->[39m [37mPOST[39m [37m/wd/hub/session/8f3e884c-85e3-4864-8303-18031fbc24dd/elements[39m
[35m[HTTP][39m [90m{"using":"xpath","value":"//android.view.View[@content-desc='Debit Card']/preceding-sibling::android.view.View[1]"}[39m
[35m[HTTP][39m [37m<-- POST /wd/hub/session/8f3e884c-85e3-4864-8303-18031fbc24dd/elements [39m[32m200[39m [90m114 ms - 139[39m
[35m[HTTP][39m [90m[39m
[35m[HTTP][39m [37m-->[39m [37mGET[39m [37m/wd/hub/session/8f3e884c-85e3-4864-8303-18031fbc24dd/element/00000000-0000-0eae-0000-002400000004/location[39m
[35m[HTTP][39m [90m{}[39m
[35m[W3C (8f3e884c)][39m Driver proxy active, passing request on via HTTP proxy
[35m[WD Proxy][39m Replacing sessionId c5f3f628-bbe3-4228-9e01-1f33a4af97bb with 8f3e884c-85e3-4864-8303-18031fbc24dd
[35m[HTTP][39m [37m<-- GET /wd/hub/session/8f3e884c-85e3-4864-8303-18031fbc24dd/element/00000000-0000-0eae-0000-002400000004/location [39m[32m200[39m [90m28 ms - 77[39m
[35m[HTTP][39m [90m[39m
[35m[HTTP][39m [37m-->[39m [37mPOST[39m [37m/wd/hub/session/8f3e884c-85e3-4864-8303-18031fbc24dd/timeouts[39m
[35m[HTTP][39m [90m{"implicit":30000}[39m
[35m[HTTP][39m [37m<-- POST /wd/hub/session/8f3e884c-85e3-4864-8303-18031fbc24dd/timeouts [39m[32m200[39m [90m2 ms - 14[39m
[35m[HTTP][39m [90m[39m
[35m[HTTP][39m [37m-->[39m [37mPOST[39m [37m/wd/hub/session/8f3e884c-85e3-4864-8303-18031fbc24dd/timeouts[39m
[35m[HTTP][39m [90m{"implicit":50}[39m
[35m[HTTP][39m [37m<-- POST /wd/hub/session/8f3e884c-85e3-4864-8303-18031fbc24dd/timeouts [39m[32m200[39m [90m2 ms - 14[39m
[35m[HTTP][39m [90m[39m
[35m[HTTP][39m [37m-->[39m [37mGET[39m [37m/wd/hub/session/8f3e884c-85e3-4864-8303-18031fbc24dd/window/rect[39m
[35m[HTTP][39m [90m{}[39m
[35m[HTTP][39m [37m<-- GET /wd/hub/session/8f3e884c-85e3-4864-8303-18031fbc24dd/window/rect [39m[32m200[39m [90m27 ms - 50[39m
[35m[HTTP][39m [90m[39m
[35m[HTTP][39m [37m-->[39m [37mPOST[39m [37m/wd/hub/session/8f3e884c-85e3-4864-8303-18031fbc24dd/elements[39m
[35m[HTTP][39m [90m{"using":"xpath","value":"//android.view.View[@content-desc='Credit Card']/preceding-sibling::android.view.View[1]"}[39m
[35m[HTTP][39m [37m<-- POST /wd/hub/session/8f3e884c-85e3-4864-8303-18031fbc24dd/elements [39m[32m200[39m [90m85 ms - 139[39m
[35m[HTTP][39m [90m[39m
[35m[HTTP][39m [37m-->[39m [37mGET[39m [37m/wd/hub/session/8f3e884c-85e3-4864-8303-18031fbc24dd/element/00000000-0000-0eae-0000-002600000004/location[39m
[35m[HTTP][39m [90m{}[39m
[35m[W3C (8f3e884c)][39m Driver proxy active, passing request on via HTTP proxy
[35m[WD Proxy][39m Replacing sessionId c5f3f628-bbe3-4228-9e01-1f33a4af97bb with 8f3e884c-85e3-4864-8303-18031fbc24dd
[35m[HTTP][39m [37m<-- GET /wd/hub/session/8f3e884c-85e3-4864-8303-18031fbc24dd/element/00000000-0000-0eae-0000-002600000004/location [39m[32m200[39m [90m28 ms - 78[39m
[35m[HTTP][39m [90m[39m
[35m[HTTP][39m [37m-->[39m [37mPOST[39m [37m/wd/hub/session/8f3e884c-85e3-4864-8303-18031fbc24dd/timeouts[39m
[35m[HTTP][39m [90m{"implicit":30000}[39m
[35m[HTTP][39m [37m<-- POST /wd/hub/session/8f3e884c-85e3-4864-8303-18031fbc24dd/timeouts [39m[32m200[39m [90m2 ms - 14[39m
[35m[HTTP][39m [90m[39m
[35m[HTTP][39m [37m-->[39m [37mPOST[39m [37m/wd/hub/session/8f3e884c-85e3-4864-8303-18031fbc24dd/element/00000000-0000-0eae-0000-002600000004/click[39m
[35m[HTTP][39m [90m{"id":"00000000-0000-0eae-0000-002600000004"}[39m
[35m[HTTP][39m [37m<-- POST /wd/hub/session/8f3e884c-85e3-4864-8303-18031fbc24dd/element/00000000-0000-0eae-0000-002600000004/click [39m[32m200[39m [90m563 ms - 14[39m
[35m[HTTP][39m [90m[39m
[35m[HTTP][39m [37m-->[39m [37mPOST[39m [37m/wd/hub/session/8f3e884c-85e3-4864-8303-18031fbc24dd/timeouts[39m
[35m[HTTP][39m [90m{"implicit":50}[39m
[35m[HTTP][39m [37m<-- POST /wd/hub/session/8f3e884c-85e3-4864-8303-18031fbc24dd/timeouts [39m[32m200[39m [90m1 ms - 14[39m
[35m[HTTP][39m [90m[39m
[35m[HTTP][39m [37m-->[39m [37mGET[39m [37m/wd/hub/session/8f3e884c-85e3-4864-8303-18031fbc24dd/window/rect[39m
[35m[HTTP][39m [90m{}[39m
[35m[HTTP][39m [37m<-- GET /wd/hub/session/8f3e884c-85e3-4864-8303-18031fbc24dd/window/rect [39m[32m200[39m [90m27 ms - 50[39m
[35m[HTTP][39m [90m[39m
[35m[HTTP][39m [37m-->[39m [37mPOST[39m [37m/wd/hub/session/8f3e884c-85e3-4864-8303-18031fbc24dd/elements[39m
[35m[HTTP][39m [90m{"using":"xpath","value":"//android.widget.EditText[contains(@text , 'Card Number')]"}[39m
[35m[HTTP][39m [37m<-- POST /wd/hub/session/8f3e884c-85e3-4864-8303-18031fbc24dd/elements [39m[32m200[39m [90m104 ms - 139[39m
[35m[HTTP][39m [90m[39m
[35m[HTTP][39m [37m-->[39m [37mGET[39m [37m/wd/hub/session/8f3e884c-85e3-4864-8303-18031fbc24dd/element/00000000-0000-0eae-0000-002a00000004/location[39m
[35m[HTTP][39m [90m{}[39m
[35m[W3C (8f3e884c)][39m Driver proxy active, passing request on via HTTP proxy
[35m[WD Proxy][39m Replacing sessionId c5f3f628-bbe3-4228-9e01-1f33a4af97bb with 8f3e884c-85e3-4864-8303-18031fbc24dd
[35m[HTTP][39m [37m<-- GET /wd/hub/session/8f3e884c-85e3-4864-8303-18031fbc24dd/element/00000000-0000-0eae-0000-002a00000004/location [39m[32m200[39m [90m28 ms - 79[39m
[35m[HTTP][39m [90m[39m
[35m[HTTP][39m [37m-->[39m [37mPOST[39m [37m/wd/hub/session/8f3e884c-85e3-4864-8303-18031fbc24dd/timeouts[39m
[35m[HTTP][39m [90m{"implicit":30000}[39m
[35m[HTTP][39m [37m<-- POST /wd/hub/session/8f3e884c-85e3-4864-8303-18031fbc24dd/timeouts [39m[32m200[39m [90m1 ms - 14[39m
[35m[HTTP][39m [90m[39m
[35m[HTTP][39m [37m-->[39m [37mPOST[39m [37m/wd/hub/session/8f3e884c-85e3-4864-8303-18031fbc24dd/element/00000000-0000-0eae-0000-002a00000004/clear[39m
[35m[HTTP][39m [90m{"id":"00000000-0000-0eae-0000-002a00000004"}[39m
[35m[HTTP][39m [37m<-- POST /wd/hub/session/8f3e884c-85e3-4864-8303-18031fbc24dd/element/00000000-0000-0eae-0000-002a00000004/clear [39m[32m200[39m [90m68 ms - 14[39m
[35m[HTTP][39m [90m[39m
[35m[HTTP][39m [37m-->[39m [37mPOST[39m [37m/wd/hub/session/8f3e884c-85e3-4864-8303-18031fbc24dd/element/00000000-0000-0eae-0000-002a00000004/value[39m
[35m[HTTP][39m [90m{"id":"00000000-0000-0eae-0000-002a00000004","text":"5244550100131688","value":["5","2","4","4","5","5","0","1","0","0","1","3","1","6","8","8"]}[39m
[35m[HTTP][39m [37m<-- POST /wd/hub/session/8f3e884c-85e3-4864-8303-18031fbc24dd/element/00000000-0000-0eae-0000-002a00000004/value [39m[32m200[39m [90m64 ms - 14[39m
[35m[HTTP][39m [90m[39m
[35m[HTTP][39m [37m-->[39m [37mPOST[39m [37m/wd/hub/session/8f3e884c-85e3-4864-8303-18031fbc24dd/timeouts[39m
[35m[HTTP][39m [90m{"implicit":50}[39m
[35m[HTTP][39m [37m<-- POST /wd/hub/session/8f3e884c-85e3-4864-8303-18031fbc24dd/timeouts [39m[32m200[39m [90m3 ms - 14[39m
[35m[HTTP][39m [90m[39m
[35m[HTTP][39m [37m-->[39m [37mGET[39m [37m/wd/hub/session/8f3e884c-85e3-4864-8303-18031fbc24dd/window/rect[39m
[35m[HTTP][39m [90m{}[39m
[35m[HTTP][39m [37m<-- GET /wd/hub/session/8f3e884c-85e3-4864-8303-18031fbc24dd/window/rect [39m[32m200[39m [90m21 ms - 50[39m
[35m[HTTP][39m [90m[39m
[35m[HTTP][39m [37m-->[39m [37mPOST[39m [37m/wd/hub/session/8f3e884c-85e3-4864-8303-18031fbc24dd/elements[39m
[35m[HTTP][39m [90m{"using":"xpath","value":"//android.widget.EditText[contains(@text , 'Card 4-digit PIN')]"}[39m
[35m[HTTP][39m [37m<-- POST /wd/hub/session/8f3e884c-85e3-4864-8303-18031fbc24dd/elements [39m[32m200[39m [90m495 ms - 139[39m
[35m[HTTP][39m [90m[39m
[35m[HTTP][39m [37m-->[39m [37mGET[39m [37m/wd/hub/session/8f3e884c-85e3-4864-8303-18031fbc24dd/element/00000000-0000-0eae-0000-002c00000004/location[39m
[35m[HTTP][39m [90m{}[39m
[35m[W3C (8f3e884c)][39m Driver proxy active, passing request on via HTTP proxy
[35m[WD Proxy][39m Replacing sessionId c5f3f628-bbe3-4228-9e01-1f33a4af97bb with 8f3e884c-85e3-4864-8303-18031fbc24dd
[35m[HTTP][39m [37m<-- GET /wd/hub/session/8f3e884c-85e3-4864-8303-18031fbc24dd/element/00000000-0000-0eae-0000-002c00000004/location [39m[32m200[39m [90m31 ms - 79[39m
[35m[HTTP][39m [90m[39m
[35m[HTTP][39m [37m-->[39m [37mPOST[39m [37m/wd/hub/session/8f3e884c-85e3-4864-8303-18031fbc24dd/timeouts[39m
[35m[HTTP][39m [90m{"implicit":30000}[39m
[35m[HTTP][39m [37m<-- POST /wd/hub/session/8f3e884c-85e3-4864-8303-18031fbc24dd/timeouts [39m[32m200[39m [90m2 ms - 14[39m
[35m[HTTP][39m [90m[39m
[35m[HTTP][39m [37m-->[39m [37mPOST[39m [37m/wd/hub/session/8f3e884c-85e3-4864-8303-18031fbc24dd/element/00000000-0000-0eae-0000-002c00000004/clear[39m
[35m[HTTP][39m [90m{"id":"00000000-0000-0eae-0000-002c00000004"}[39m
[35m[HTTP][39m [37m<-- POST /wd/hub/session/8f3e884c-85e3-4864-8303-18031fbc24dd/element/00000000-0000-0eae-0000-002c00000004/clear [39m[32m200[39m [90m40 ms - 14[39m
[35m[HTTP][39m [90m[39m
[35m[HTTP][39m [37m-->[39m [37mPOST[39m [37m/wd/hub/session/8f3e884c-85e3-4864-8303-18031fbc24dd/element/00000000-0000-0eae-0000-002c00000004/value[39m
[35m[HTTP][39m [90m{"id":"00000000-0000-0eae-0000-002c00000004","text":"4631","value":["4","6","3","1"]}[39m
[35m[HTTP][39m [37m<-- POST /wd/hub/session/8f3e884c-85e3-4864-8303-18031fbc24dd/element/00000000-0000-0eae-0000-002c00000004/value [39m[32m200[39m [90m69 ms - 14[39m
[35m[HTTP][39m [90m[39m
[35m[HTTP][39m [37m-->[39m [37mGET[39m [37m/wd/hub/session/8f3e884c-85e3-4864-8303-18031fbc24dd/context[39m
[35m[HTTP][39m [90m{}[39m
[35m[HTTP][39m [37m<-- GET /wd/hub/session/8f3e884c-85e3-4864-8303-18031fbc24dd/context [39m[32m200[39m [90m2 ms - 22[39m
[35m[HTTP][39m [90m[39m
[35m[HTTP][39m [37m-->[39m [37mGET[39m [37m/wd/hub/session/8f3e884c-85e3-4864-8303-18031fbc24dd/contexts[39m
[35m[HTTP][39m [90m{}[39m
[35m[HTTP][39m [37m<-- GET /wd/hub/session/8f3e884c-85e3-4864-8303-18031fbc24dd/contexts [39m[32m200[39m [90m163 ms - 24[39m
[35m[HTTP][39m [90m[39m
[35m[HTTP][39m [37m-->[39m [37mPOST[39m [37m/wd/hub/session/8f3e884c-85e3-4864-8303-18031fbc24dd/context[39m
[35m[HTTP][39m [90m{"name":"NATIVE_APP"}[39m
[35m[HTTP][39m [37m<-- POST /wd/hub/session/8f3e884c-85e3-4864-8303-18031fbc24dd/context [39m[32m200[39m [90m2 ms - 14[39m
[35m[HTTP][39m [90m[39m
[35m[HTTP][39m [37m-->[39m [37mGET[39m [37m/wd/hub/session/8f3e884c-85e3-4864-8303-18031fbc24dd/screenshot[39m
[35m[HTTP][39m [90m{}[39m
[35m[HTTP][39m [37m<-- GET /wd/hub/session/8f3e884c-85e3-4864-8303-18031fbc24dd/screenshot [39m[32m200[39m [90m684 ms - 192664[39m
[35m[HTTP][39m [90m[39m
[35m[HTTP][39m [37m-->[39m [37mPOST[39m [37m/wd/hub/session/8f3e884c-85e3-4864-8303-18031fbc24dd/context[39m
[35m[HTTP][39m [90m{"name":"NATIVE_APP"}[39m
[35m[HTTP][39m [37m<-- POST /wd/hub/session/8f3e884c-85e3-4864-8303-18031fbc24dd/context [39m[32m200[39m [90m3 ms - 14[39m
[35m[HTTP][39m [90m[39m
[35m[HTTP][39m [37m-->[39m [37mPOST[39m [37m/wd/hub/session/8f3e884c-85e3-4864-8303-18031fbc24dd/timeouts[39m
[35m[HTTP][39m [90m{"implicit":50}[39m
[35m[HTTP][39m [37m<-- POST /wd/hub/session/8f3e884c-85e3-4864-8303-18031fbc24dd/timeouts [39m[32m200[39m [90m2 ms - 14[39m
[35m[HTTP][39m [90m[39m
[35m[HTTP][39m [37m-->[39m [37mGET[39m [37m/wd/hub/session/8f3e884c-85e3-4864-8303-18031fbc24dd/window/rect[39m
[35m[HTTP][39m [90m{}[39m
[35m[HTTP][39m [37m<-- GET /wd/hub/session/8f3e884c-85e3-4864-8303-18031fbc24dd/window/rect [39m[32m200[39m [90m25 ms - 50[39m
[35m[HTTP][39m [90m[39m
[35m[HTTP][39m [37m-->[39m [37mPOST[39m [37m/wd/hub/session/8f3e884c-85e3-4864-8303-18031fbc24dd/elements[39m
[35m[HTTP][39m [90m{"using":"accessibility id","value":"Next"}[39m
[35m[HTTP][39m [37m<-- POST /wd/hub/session/8f3e884c-85e3-4864-8303-18031fbc24dd/elements [39m[32m200[39m [90m57 ms - 139[39m
[35m[HTTP][39m [90m[39m
[35m[HTTP][39m [37m-->[39m [37mGET[39m [37m/wd/hub/session/8f3e884c-85e3-4864-8303-18031fbc24dd/element/00000000-0000-0eae-0000-003200000004/location[39m
[35m[HTTP][39m [90m{}[39m
[35m[W3C (8f3e884c)][39m Driver proxy active, passing request on via HTTP proxy
[35m[WD Proxy][39m Replacing sessionId c5f3f628-bbe3-4228-9e01-1f33a4af97bb with 8f3e884c-85e3-4864-8303-18031fbc24dd
[35m[HTTP][39m [37m<-- GET /wd/hub/session/8f3e884c-85e3-4864-8303-18031fbc24dd/element/00000000-0000-0eae-0000-003200000004/location [39m[32m200[39m [90m31 ms - 78[39m
[35m[HTTP][39m [90m[39m
[35m[HTTP][39m [37m-->[39m [37mPOST[39m [37m/wd/hub/session/8f3e884c-85e3-4864-8303-18031fbc24dd/timeouts[39m
[35m[HTTP][39m [90m{"implicit":30000}[39m
[35m[HTTP][39m [37m<-- POST /wd/hub/session/8f3e884c-85e3-4864-8303-18031fbc24dd/timeouts [39m[32m200[39m [90m2 ms - 14[39m
[35m[HTTP][39m [90m[39m
[35m[HTTP][39m [37m-->[39m [37mPOST[39m [37m/wd/hub/session/8f3e884c-85e3-4864-8303-18031fbc24dd/element/00000000-0000-0eae-0000-003200000004/click[39m
[35m[HTTP][39m [90m{"id":"00000000-0000-0eae-0000-003200000004"}[39m
[35m[HTTP][39m [37m<-- POST /wd/hub/session/8f3e884c-85e3-4864-8303-18031fbc24dd/element/00000000-0000-0eae-0000-003200000004/click [39m[32m200[39m [90m641 ms - 14[39m
[35m[HTTP][39m [90m[39m
[35m[HTTP][39m [37m-->[39m [37mPOST[39m [37m/wd/hub/session/8f3e884c-85e3-4864-8303-18031fbc24dd/appium/device/press_keycode[39m
[35m[HTTP][39m [90m{"keycode":13}[39m
[35m[HTTP][39m [37m<-- POST /wd/hub/session/8f3e884c-85e3-4864-8303-18031fbc24dd/appium/device/press_keycode [39m[32m200[39m [90m181 ms - 14[39m
[35m[HTTP][39m [90m[39m
[35m[HTTP][39m [37m-->[39m [37mPOST[39m [37m/wd/hub/session/8f3e884c-85e3-4864-8303-18031fbc24dd/appium/device/press_keycode[39m
[35m[HTTP][39m [90m{"keycode":12}[39m
[35m[HTTP][39m [37m<-- POST /wd/hub/session/8f3e884c-85e3-4864-8303-18031fbc24dd/appium/device/press_keycode [39m[32m200[39m [90m57 ms - 14[39m
[35m[HTTP][39m [90m[39m
[35m[HTTP][39m [37m-->[39m [37mPOST[39m [37m/wd/hub/session/8f3e884c-85e3-4864-8303-18031fbc24dd/appium/device/press_keycode[39m
[35m[HTTP][39m [90m{"keycode":11}[39m
[35m[HTTP][39m [37m<-- POST /wd/hub/session/8f3e884c-85e3-4864-8303-18031fbc24dd/appium/device/press_keycode [39m[32m200[39m [90m52 ms - 14[39m
[35m[HTTP][39m [90m[39m
[35m[HTTP][39m [37m-->[39m [37mPOST[39m [37m/wd/hub/session/8f3e884c-85e3-4864-8303-18031fbc24dd/appium/device/press_keycode[39m
[35m[HTTP][39m [90m{"keycode":10}[39m
[35m[HTTP][39m [37m<-- POST /wd/hub/session/8f3e884c-85e3-4864-8303-18031fbc24dd/appium/device/press_keycode [39m[32m200[39m [90m52 ms - 14[39m
[35m[HTTP][39m [90m[39m
[35m[HTTP][39m [37m-->[39m [37mPOST[39m [37m/wd/hub/session/8f3e884c-85e3-4864-8303-18031fbc24dd/appium/device/press_keycode[39m
[35m[HTTP][39m [90m{"keycode":9}[39m
[35m[HTTP][39m [37m<-- POST /wd/hub/session/8f3e884c-85e3-4864-8303-18031fbc24dd/appium/device/press_keycode [39m[32m200[39m [90m52 ms - 14[39m
[35m[HTTP][39m [90m[39m
[35m[HTTP][39m [37m-->[39m [37mPOST[39m [37m/wd/hub/session/8f3e884c-85e3-4864-8303-18031fbc24dd/appium/device/press_keycode[39m
[35m[HTTP][39m [90m{"keycode":8}[39m
[35m[HTTP][39m [37m<-- POST /wd/hub/session/8f3e884c-85e3-4864-8303-18031fbc24dd/appium/device/press_keycode [39m[32m200[39m [90m79 ms - 14[39m
[35m[HTTP][39m [90m[39m
[35m[HTTP][39m [37m-->[39m [37mPOST[39m [37m/wd/hub/session/8f3e884c-85e3-4864-8303-18031fbc24dd/appium/device/press_keycode[39m
[35m[HTTP][39m [90m{"keycode":66}[39m
[35m[HTTP][39m [37m<-- POST /wd/hub/session/8f3e884c-85e3-4864-8303-18031fbc24dd/appium/device/press_keycode [39m[32m200[39m [90m55 ms - 14[39m
[35m[HTTP][39m [90m[39m
[35m[HTTP][39m [37m-->[39m [37mPOST[39m [37m/wd/hub/session/8f3e884c-85e3-4864-8303-18031fbc24dd/timeouts[39m
[35m[HTTP][39m [90m{"implicit":50}[39m
[35m[HTTP][39m [37m<-- POST /wd/hub/session/8f3e884c-85e3-4864-8303-18031fbc24dd/timeouts [39m[32m200[39m [90m2 ms - 14[39m
[35m[HTTP][39m [90m[39m
[35m[HTTP][39m [37m-->[39m [37mGET[39m [37m/wd/hub/session/8f3e884c-85e3-4864-8303-18031fbc24dd/window/rect[39m
[35m[HTTP][39m [90m{}[39m
[35m[HTTP][39m [37m<-- GET /wd/hub/session/8f3e884c-85e3-4864-8303-18031fbc24dd/window/rect [39m[32m200[39m [90m24 ms - 50[39m
[35m[HTTP][39m [90m[39m
[35m[HTTP][39m [37m-->[39m [37mPOST[39m [37m/wd/hub/session/8f3e884c-85e3-4864-8303-18031fbc24dd/elements[39m
[35m[HTTP][39m [90m{"using":"xpath","value":"//*[@class = 'android.widget.Button' and @resource-id = '' and (@text = '' or . = '')]"}[39m
[35m[HTTP][39m [37m<-- POST /wd/hub/session/8f3e884c-85e3-4864-8303-18031fbc24dd/elements [39m[32m200[39m [90m88 ms - 12[39m
[35m[HTTP][39m [90m[39m
[35m[HTTP][39m [37m-->[39m [37mPOST[39m [37m/wd/hub/session/8f3e884c-85e3-4864-8303-18031fbc24dd/elements[39m
[35m[HTTP][39m [90m{"using":"xpath","value":"//*[@class = 'android.widget.Button' and @resource-id = '' and (@text = '' or . = '')]"}[39m
[35m[HTTP][39m [37m<-- POST /wd/hub/session/8f3e884c-85e3-4864-8303-18031fbc24dd/elements [39m[32m200[39m [90m93 ms - 12[39m
[35m[HTTP][39m [90m[39m
[35m[HTTP][39m [37m-->[39m [37mPOST[39m [37m/wd/hub/session/8f3e884c-85e3-4864-8303-18031fbc24dd/elements[39m
[35m[HTTP][39m [90m{"using":"xpath","value":"//*[@class = 'android.widget.Button' and @resource-id = '' and (@text = '' or . = '')]"}[39m
[35m[HTTP][39m [37m<-- POST /wd/hub/session/8f3e884c-85e3-4864-8303-18031fbc24dd/elements [39m[32m200[39m [90m104 ms - 12[39m
[35m[HTTP][39m [90m[39m
[35m[HTTP][39m [37m-->[39m [37mPOST[39m [37m/wd/hub/session/8f3e884c-85e3-4864-8303-18031fbc24dd/elements[39m
[35m[HTTP][39m [90m{"using":"xpath","value":"//*[@class = 'android.widget.Button' and @resource-id = '' and (@text = '' or . = '')]"}[39m
[35m[HTTP][39m [37m<-- POST /wd/hub/session/8f3e884c-85e3-4864-8303-18031fbc24dd/elements [39m[32m200[39m [90m57 ms - 12[39m
[35m[HTTP][39m [90m[39m
[35m[HTTP][39m [37m-->[39m [37mPOST[39m [37m/wd/hub/session/8f3e884c-85e3-4864-8303-18031fbc24dd/elements[39m
[35m[HTTP][39m [90m{"using":"xpath","value":"//*[@class = 'android.widget.Button' and @resource-id = '' and (@text = '' or . = '')]"}[39m
[35m[HTTP][39m [37m<-- POST /wd/hub/session/8f3e884c-85e3-4864-8303-18031fbc24dd/elements [39m[32m200[39m [90m119 ms - 12[39m
[35m[HTTP][39m [90m[39m
[35m[HTTP][39m [37m-->[39m [37mPOST[39m [37m/wd/hub/session/8f3e884c-85e3-4864-8303-18031fbc24dd/elements[39m
[35m[HTTP][39m [90m{"using":"xpath","value":"//*[@class = 'android.widget.Button' and @resource-id = '' and (@text = '' or . = '')]"}[39m
[35m[HTTP][39m [37m<-- POST /wd/hub/session/8f3e884c-85e3-4864-8303-18031fbc24dd/elements [39m[32m200[39m [90m59 ms - 12[39m
[35m[HTTP][39m [90m[39m
[35m[HTTP][39m [37m-->[39m [37mPOST[39m [37m/wd/hub/session/8f3e884c-85e3-4864-8303-18031fbc24dd/elements[39m
[35m[HTTP][39m [90m{"using":"xpath","value":"//*[@class = 'android.widget.Button' and @resource-id = '' and (@text = '' or . = '')]"}[39m
[35m[HTTP][39m [37m<-- POST /wd/hub/session/8f3e884c-85e3-4864-8303-18031fbc24dd/elements [39m[32m200[39m [90m116 ms - 12[39m
[35m[HTTP][39m [90m[39m
[35m[HTTP][39m [37m-->[39m [37mPOST[39m [37m/wd/hub/session/8f3e884c-85e3-4864-8303-18031fbc24dd/elements[39m
[35m[HTTP][39m [90m{"using":"xpath","value":"//*[@class = 'android.widget.Button' and @resource-id = '' and (@text = '' or . = '')]"}[39m
[35m[HTTP][39m [37m<-- POST /wd/hub/session/8f3e884c-85e3-4864-8303-18031fbc24dd/elements [39m[32m200[39m [90m92 ms - 12[39m
[35m[HTTP][39m [90m[39m
[35m[HTTP][39m [37m-->[39m [37mPOST[39m [37m/wd/hub/session/8f3e884c-85e3-4864-8303-18031fbc24dd/elements[39m
[35m[HTTP][39m [90m{"using":"xpath","value":"//*[@class = 'android.widget.Button' and @resource-id = '' and (@text = '' or . = '')]"}[39m
[35m[HTTP][39m [37m<-- POST /wd/hub/session/8f3e884c-85e3-4864-8303-18031fbc24dd/elements [39m[32m200[39m [90m119 ms - 12[39m
[35m[HTTP][39m [90m[39m
[35m[HTTP][39m [37m-->[39m [37mPOST[39m [37m/wd/hub/session/8f3e884c-85e3-4864-8303-18031fbc24dd/elements[39m
[35m[HTTP][39m [90m{"using":"xpath","value":"//*[@class = 'android.widget.Button' and @resource-id = '' and (@text = '' or . = '')]"}[39m
[35m[HTTP][39m [37m<-- POST /wd/hub/session/8f3e884c-85e3-4864-8303-18031fbc24dd/elements [39m[32m200[39m [90m71 ms - 12[39m
[35m[HTTP][39m [90m[39m
[35m[HTTP][39m [37m-->[39m [37mPOST[39m [37m/wd/hub/session/8f3e884c-85e3-4864-8303-18031fbc24dd/elements[39m
[35m[HTTP][39m [90m{"using":"xpath","value":"//*[@class = 'android.widget.Button' and @resource-id = '' and (@text = '' or . = '')]"}[39m
[35m[HTTP][39m [37m<-- POST /wd/hub/session/8f3e884c-85e3-4864-8303-18031fbc24dd/elements [39m[32m200[39m [90m109 ms - 12[39m
[35m[HTTP][39m [90m[39m
[35m[HTTP][39m [37m-->[39m [37mPOST[39m [37m/wd/hub/session/8f3e884c-85e3-4864-8303-18031fbc24dd/elements[39m
[35m[HTTP][39m [90m{"using":"xpath","value":"//*[@class = 'android.widget.Button' and @resource-id = '' and (@text = '' or . = '')]"}[39m
[35m[HTTP][39m [37m<-- POST /wd/hub/session/8f3e884c-85e3-4864-8303-18031fbc24dd/elements [39m[32m200[39m [90m102 ms - 12[39m
[35m[HTTP][39m [90m[39m
[35m[HTTP][39m [37m-->[39m [37mPOST[39m [37m/wd/hub/session/8f3e884c-85e3-4864-8303-18031fbc24dd/elements[39m
[35m[HTTP][39m [90m{"using":"xpath","value":"//*[@class = 'android.widget.Button' and @resource-id = '' and (@text = '' or . = '')]"}[39m
[35m[HTTP][39m [37m<-- POST /wd/hub/session/8f3e884c-85e3-4864-8303-18031fbc24dd/elements [39m[32m200[39m [90m110 ms - 12[39m
[35m[HTTP][39m [90m[39m
[35m[HTTP][39m [37m-->[39m [37mPOST[39m [37m/wd/hub/session/8f3e884c-85e3-4864-8303-18031fbc24dd/elements[39m
[35m[HTTP][39m [90m{"using":"xpath","value":"//*[@class = 'android.widget.Button' and @resource-id = '' and (@text = '' or . = '')]"}[39m
[35m[HTTP][39m [37m<-- POST /wd/hub/session/8f3e884c-85e3-4864-8303-18031fbc24dd/elements [39m[32m200[39m [90m54 ms - 12[39m
[35m[HTTP][39m [90m[39m
[35m[HTTP][39m [37m-->[39m [37mPOST[39m [37m/wd/hub/session/8f3e884c-85e3-4864-8303-18031fbc24dd/elements[39m
[35m[HTTP][39m [90m{"using":"xpath","value":"//*[@class = 'android.widget.Button' and @resource-id = '' and (@text = '' or . = '')]"}[39m
[35m[HTTP][39m [37m<-- POST /wd/hub/session/8f3e884c-85e3-4864-8303-18031fbc24dd/elements [39m[32m200[39m [90m100 ms - 12[39m
[35m[HTTP][39m [90m[39m
[35m[HTTP][39m [37m-->[39m [37mPOST[39m [37m/wd/hub/session/8f3e884c-85e3-4864-8303-18031fbc24dd/elements[39m
[35m[HTTP][39m [90m{"using":"xpath","value":"//*[@class = 'android.widget.Button' and @resource-id = '' and (@text = '' or . = '')]"}[39m
[35m[HTTP][39m [37m<-- POST /wd/hub/session/8f3e884c-85e3-4864-8303-18031fbc24dd/elements [39m[32m200[39m [90m52 ms - 12[39m
[35m[HTTP][39m [90m[39m
[35m[HTTP][39m [37m-->[39m [37mPOST[39m [37m/wd/hub/session/8f3e884c-85e3-4864-8303-18031fbc24dd/elements[39m
[35m[HTTP][39m [90m{"using":"xpath","value":"//*[@class = 'android.widget.Button' and @resource-id = '' and (@text = '' or . = '')]"}[39m
[35m[HTTP][39m [37m<-- POST /wd/hub/session/8f3e884c-85e3-4864-8303-18031fbc24dd/elements [39m[32m200[39m [90m120 ms - 12[39m
[35m[HTTP][39m [90m[39m
[35m[HTTP][39m [37m-->[39m [37mPOST[39m [37m/wd/hub/session/8f3e884c-85e3-4864-8303-18031fbc24dd/elements[39m
[35m[HTTP][39m [90m{"using":"xpath","value":"//*[@class = 'android.widget.Button' and @resource-id = '' and (@text = '' or . = '')]"}[39m
[35m[HTTP][39m [37m<-- POST /wd/hub/session/8f3e884c-85e3-4864-8303-18031fbc24dd/elements [39m[32m200[39m [90m53 ms - 12[39m
[35m[HTTP][39m [90m[39m
[35m[HTTP][39m [37m-->[39m [37mPOST[39m [37m/wd/hub/session/8f3e884c-85e3-4864-8303-18031fbc24dd/elements[39m
[35m[HTTP][39m [90m{"using":"xpath","value":"//*[@class = 'android.widget.Button' and @resource-id = '' and (@text = '' or . = '')]"}[39m
[35m[HTTP][39m [37m<-- POST /wd/hub/session/8f3e884c-85e3-4864-8303-18031fbc24dd/elements [39m[32m200[39m [90m122 ms - 12[39m
[35m[HTTP][39m [90m[39m
[35m[HTTP][39m [37m-->[39m [37mPOST[39m [37m/wd/hub/session/8f3e884c-85e3-4864-8303-18031fbc24dd/elements[39m
[35m[HTTP][39m [90m{"using":"xpath","value":"//*[@class = 'android.widget.Button' and @resource-id = '' and (@text = '' or . = '')]"}[39m
[35m[HTTP][39m [37m<-- POST /wd/hub/session/8f3e884c-85e3-4864-8303-18031fbc24dd/elements [39m[32m200[39m [90m66 ms - 12[39m
[35m[HTTP][39m [90m[39m
[35m[HTTP][39m [37m-->[39m [37mPOST[39m [37m/wd/hub/session/8f3e884c-85e3-4864-8303-18031fbc24dd/elements[39m
[35m[HTTP][39m [90m{"using":"xpath","value":"//*[@class = 'android.widget.Button' and @resource-id = '' and (@text = '' or . = '')]"}[39m
[35m[HTTP][39m [37m<-- POST /wd/hub/session/8f3e884c-85e3-4864-8303-18031fbc24dd/elements [39m[32m200[39m [90m58 ms - 12[39m
[35m[HTTP][39m [90m[39m
[35m[HTTP][39m [37m-->[39m [37mPOST[39m [37m/wd/hub/session/8f3e884c-85e3-4864-8303-18031fbc24dd/elements[39m
[35m[HTTP][39m [90m{"using":"xpath","value":"//*[@class = 'android.widget.Button' and @resource-id = '' and (@text = '' or . = '')]"}[39m
[35m[HTTP][39m [37m<-- POST /wd/hub/session/8f3e884c-85e3-4864-8303-18031fbc24dd/elements [39m[32m200[39m [90m105 ms - 12[39m
[35m[HTTP][39m [90m[39m
[35m[HTTP][39m [37m-->[39m [37mPOST[39m [37m/wd/hub/session/8f3e884c-85e3-4864-8303-18031fbc24dd/elements[39m
[35m[HTTP][39m [90m{"using":"xpath","value":"//*[@class = 'android.widget.Button' and @resource-id = '' and (@text = '' or . = '')]"}[39m
[35m[HTTP][39m [37m<-- POST /wd/hub/session/8f3e884c-85e3-4864-8303-18031fbc24dd/elements [39m[32m200[39m [90m121 ms - 12[39m
[35m[HTTP][39m [90m[39m
[35m[HTTP][39m [37m-->[39m [37mPOST[39m [37m/wd/hub/session/8f3e884c-85e3-4864-8303-18031fbc24dd/elements[39m
[35m[HTTP][39m [90m{"using":"xpath","value":"//*[@class = 'android.widget.Button' and @resource-id = '' and (@text = '' or . = '')]"}[39m
[35m[HTTP][39m [37m<-- POST /wd/hub/session/8f3e884c-85e3-4864-8303-18031fbc24dd/elements [39m[32m200[39m [90m84 ms - 12[39m
[35m[HTTP][39m [90m[39m
[35m[HTTP][39m [37m-->[39m [37mPOST[39m [37m/wd/hub/session/8f3e884c-85e3-4864-8303-18031fbc24dd/elements[39m
[35m[HTTP][39m [90m{"using":"xpath","value":"//*[@class = 'android.widget.Button' and @resource-id = '' and (@text = '' or . = '')]"}[39m
[35m[HTTP][39m [37m<-- POST /wd/hub/session/8f3e884c-85e3-4864-8303-18031fbc24dd/elements [39m[32m200[39m [90m88 ms - 12[39m
[35m[HTTP][39m [90m[39m
[35m[HTTP][39m [37m-->[39m [37mPOST[39m [37m/wd/hub/session/8f3e884c-85e3-4864-8303-18031fbc24dd/elements[39m
[35m[HTTP][39m [90m{"using":"xpath","value":"//*[@class = 'android.widget.Button' and @resource-id = '' and (@text = '' or . = '')]"}[39m
[35m[HTTP][39m [37m<-- POST /wd/hub/session/8f3e884c-85e3-4864-8303-18031fbc24dd/elements [39m[32m200[39m [90m119 ms - 12[39m
[35m[HTTP][39m [90m[39m
[35m[HTTP][39m [37m-->[39m [37mPOST[39m [37m/wd/hub/session/8f3e884c-85e3-4864-8303-18031fbc24dd/elements[39m
[35m[HTTP][39m [90m{"using":"xpath","value":"//*[@class = 'android.widget.Button' and @resource-id = '' and (@text = '' or . = '')]"}[39m
[35m[HTTP][39m [37m<-- POST /wd/hub/session/8f3e884c-85e3-4864-8303-18031fbc24dd/elements [39m[32m200[39m [90m106 ms - 12[39m
[35m[HTTP][39m [90m[39m
[35m[HTTP][39m [37m-->[39m [37mPOST[39m [37m/wd/hub/session/8f3e884c-85e3-4864-8303-18031fbc24dd/elements[39m
[35m[HTTP][39m [90m{"using":"xpath","value":"//*[@class = 'android.widget.Button' and @resource-id = '' and (@text = '' or . = '')]"}[39m
[35m[HTTP][39m [37m<-- POST /wd/hub/session/8f3e884c-85e3-4864-8303-18031fbc24dd/elements [39m[32m200[39m [90m73 ms - 12[39m
[35m[HTTP][39m [90m[39m
[35m[HTTP][39m [37m-->[39m [37mPOST[39m [37m/wd/hub/session/8f3e884c-85e3-4864-8303-18031fbc24dd/elements[39m
[35m[HTTP][39m [90m{"using":"xpath","value":"//*[@class = 'android.widget.Button' and @resource-id = '' and (@text = '' or . = '')]"}[39m
[35m[HTTP][39m [37m<-- POST /wd/hub/session/8f3e884c-85e3-4864-8303-18031fbc24dd/elements [39m[32m200[39m [90m61 ms - 12[39m
[35m[HTTP][39m [90m[39m
[35m[HTTP][39m [37m-->[39m [37mPOST[39m [37m/wd/hub/session/8f3e884c-85e3-4864-8303-18031fbc24dd/elements[39m
[35m[HTTP][39m [90m{"using":"xpath","value":"//*[@class = 'android.widget.Button' and @resource-id = '' and (@text = '' or . = '')]"}[39m
[35m[HTTP][39m [37m<-- POST /wd/hub/session/8f3e884c-85e3-4864-8303-18031fbc24dd/elements [39m[32m200[39m [90m95 ms - 12[39m
[35m[HTTP][39m [90m[39m
[35m[HTTP][39m [37m-->[39m [37mPOST[39m [37m/wd/hub/session/8f3e884c-85e3-4864-8303-18031fbc24dd/elements[39m
[35m[HTTP][39m [90m{"using":"xpath","value":"//*[@class = 'android.widget.Button' and @resource-id = '' and (@text = '' or . = '')]"}[39m
[35m[HTTP][39m [37m<-- POST /wd/hub/session/8f3e884c-85e3-4864-8303-18031fbc24dd/elements [39m[32m200[39m [90m127 ms - 12[39m
[35m[HTTP][39m [90m[39m
[35m[HTTP][39m [37m-->[39m [37mPOST[39m [37m/wd/hub/session/8f3e884c-85e3-4864-8303-18031fbc24dd/elements[39m
[35m[HTTP][39m [90m{"using":"xpath","value":"//*[@class = 'android.widget.Button' and @resource-id = '' and (@text = '' or . = '')]"}[39m
[35m[HTTP][39m [37m<-- POST /wd/hub/session/8f3e884c-85e3-4864-8303-18031fbc24dd/elements [39m[32m200[39m [90m55 ms - 12[39m
[35m[HTTP][39m [90m[39m
[35m[HTTP][39m [37m-->[39m [37mPOST[39m [37m/wd/hub/session/8f3e884c-85e3-4864-8303-18031fbc24dd/elements[39m
[35m[HTTP][39m [90m{"using":"xpath","value":"//*[@class = 'android.widget.Button' and @resource-id = '' and (@text = '' or . = '')]"}[39m
[35m[HTTP][39m [37m<-- POST /wd/hub/session/8f3e884c-85e3-4864-8303-18031fbc24dd/elements [39m[32m200[39m [90m54 ms - 12[39m
[35m[HTTP][39m [90m[39m
[35m[HTTP][39m [37m-->[39m [37mPOST[39m [37m/wd/hub/session/8f3e884c-85e3-4864-8303-18031fbc24dd/elements[39m
[35m[HTTP][39m [90m{"using":"xpath","value":"//*[@class = 'android.widget.Button' and @resource-id = '' and (@text = '' or . = '')]"}[39m
[35m[HTTP][39m [37m<-- POST /wd/hub/session/8f3e884c-85e3-4864-8303-18031fbc24dd/elements [39m[32m200[39m [90m110 ms - 12[39m
[35m[HTTP][39m [90m[39m
[35m[HTTP][39m [37m-->[39m [37mPOST[39m [37m/wd/hub/session/8f3e884c-85e3-4864-8303-18031fbc24dd/elements[39m
[35m[HTTP][39m [90m{"using":"xpath","value":"//*[@class = 'android.widget.Button' and @resource-id = '' and (@text = '' or . = '')]"}[39m
[35m[HTTP][39m [37m<-- POST /wd/hub/session/8f3e884c-85e3-4864-8303-18031fbc24dd/elements [39m[32m200[39m [90m78 ms - 12[39m
[35m[HTTP][39m [90m[39m
[35m[HTTP][39m [37m-->[39m [37mPOST[39m [37m/wd/hub/session/8f3e884c-85e3-4864-8303-18031fbc24dd/elements[39m
[35m[HTTP][39m [90m{"using":"xpath","value":"//*[@class = 'android.widget.Button' and @resource-id = '' and (@text = '' or . = '')]"}[39m
[35m[HTTP][39m [37m<-- POST /wd/hub/session/8f3e884c-85e3-4864-8303-18031fbc24dd/elements [39m[32m200[39m [90m52 ms - 12[39m
[35m[HTTP][39m [90m[39m
[35m[HTTP][39m [37m-->[39m [37mPOST[39m [37m/wd/hub/session/8f3e884c-85e3-4864-8303-18031fbc24dd/elements[39m
[35m[HTTP][39m [90m{"using":"xpath","value":"//*[@class = 'android.widget.Button' and @resource-id = '' and (@text = '' or . = '')]"}[39m
[35m[HTTP][39m [37m<-- POST /wd/hub/session/8f3e884c-85e3-4864-8303-18031fbc24dd/elements [39m[32m200[39m [90m94 ms - 12[39m
[35m[HTTP][39m [90m[39m
[35m[HTTP][39m [37m-->[39m [37mPOST[39m [37m/wd/hub/session/8f3e884c-85e3-4864-8303-18031fbc24dd/elements[39m
[35m[HTTP][39m [90m{"using":"xpath","value":"//*[@class = 'android.widget.Button' and @resource-id = '' and (@text = '' or . = '')]"}[39m
[35m[HTTP][39m [37m<-- POST /wd/hub/session/8f3e884c-85e3-4864-8303-18031fbc24dd/elements [39m[32m200[39m [90m114 ms - 12[39m
[35m[HTTP][39m [90m[39m
[35m[HTTP][39m [37m-->[39m [37mPOST[39m [37m/wd/hub/session/8f3e884c-85e3-4864-8303-18031fbc24dd/elements[39m
[35m[HTTP][39m [90m{"using":"xpath","value":"//*[@class = 'android.widget.Button' and @resource-id = '' and (@text = '' or . = '')]"}[39m
[35m[HTTP][39m [37m<-- POST /wd/hub/session/8f3e884c-85e3-4864-8303-18031fbc24dd/elements [39m[32m200[39m [90m54 ms - 12[39m
[35m[HTTP][39m [90m[39m
[35m[HTTP][39m [37m-->[39m [37mPOST[39m [37m/wd/hub/session/8f3e884c-85e3-4864-8303-18031fbc24dd/elements[39m
[35m[HTTP][39m [90m{"using":"xpath","value":"//*[@class = 'android.widget.Button' and @resource-id = '' and (@text = '' or . = '')]"}[39m
[35m[HTTP][39m [37m<-- POST /wd/hub/session/8f3e884c-85e3-4864-8303-18031fbc24dd/elements [39m[32m200[39m [90m98 ms - 12[39m
[35m[HTTP][39m [90m[39m
[35m[HTTP][39m [37m-->[39m [37mPOST[39m [37m/wd/hub/session/8f3e884c-85e3-4864-8303-18031fbc24dd/elements[39m
[35m[HTTP][39m [90m{"using":"xpath","value":"//*[@class = 'android.widget.Button' and @resource-id = '' and (@text = '' or . = '')]"}[39m
[35m[HTTP][39m [37m<-- POST /wd/hub/session/8f3e884c-85e3-4864-8303-18031fbc24dd/elements [39m[32m200[39m [90m57 ms - 12[39m
[35m[HTTP][39m [90m[39m
[35m[HTTP][39m [37m-->[39m [37mPOST[39m [37m/wd/hub/session/8f3e884c-85e3-4864-8303-18031fbc24dd/elements[39m
[35m[HTTP][39m [90m{"using":"xpath","value":"//*[@class = 'android.widget.Button' and @resource-id = '' and (@text = '' or . = '')]"}[39m
[35m[HTTP][39m [37m<-- POST /wd/hub/session/8f3e884c-85e3-4864-8303-18031fbc24dd/elements [39m[32m200[39m [90m107 ms - 12[39m
[35m[HTTP][39m [90m[39m
[35m[HTTP][39m [37m-->[39m [37mPOST[39m [37m/wd/hub/session/8f3e884c-85e3-4864-8303-18031fbc24dd/elements[39m
[35m[HTTP][39m [90m{"using":"xpath","value":"//*[@class = 'android.widget.Button' and @resource-id = '' and (@text = '' or . = '')]"}[39m
[35m[HTTP][39m [37m<-- POST /wd/hub/session/8f3e884c-85e3-4864-8303-18031fbc24dd/elements [39m[32m200[39m [90m53 ms - 12[39m
[35m[HTTP][39m [90m[39m
[35m[HTTP][39m [37m-->[39m [37mPOST[39m [37m/wd/hub/session/8f3e884c-85e3-4864-8303-18031fbc24dd/elements[39m
[35m[HTTP][39m [90m{"using":"xpath","value":"//*[@class = 'android.widget.Button' and @resource-id = '' and (@text = '' or . = '')]"}[39m
[35m[HTTP][39m [37m<-- POST /wd/hub/session/8f3e884c-85e3-4864-8303-18031fbc24dd/elements [39m[32m200[39m [90m109 ms - 12[39m
[35m[HTTP][39m [90m[39m
[35m[HTTP][39m [37m-->[39m [37mPOST[39m [37m/wd/hub/session/8f3e884c-85e3-4864-8303-18031fbc24dd/elements[39m
[35m[HTTP][39m [90m{"using":"xpath","value":"//*[@class = 'android.widget.Button' and @resource-id = '' and (@text = '' or . = '')]"}[39m
[35m[HTTP][39m [37m<-- POST /wd/hub/session/8f3e884c-85e3-4864-8303-18031fbc24dd/elements [39m[32m200[39m [90m87 ms - 12[39m
[35m[HTTP][39m [90m[39m
[35m[HTTP][39m [37m-->[39m [37mPOST[39m [37m/wd/hub/session/8f3e884c-85e3-4864-8303-18031fbc24dd/elements[39m
[35m[HTTP][39m [90m{"using":"xpath","value":"//*[@class = 'android.widget.Button' and @resource-id = '' and (@text = '' or . = '')]"}[39m
[35m[HTTP][39m [37m<-- POST /wd/hub/session/8f3e884c-85e3-4864-8303-18031fbc24dd/elements [39m[32m200[39m [90m54 ms - 12[39m
[35m[HTTP][39m [90m[39m
[35m[HTTP][39m [37m-->[39m [37mPOST[39m [37m/wd/hub/session/8f3e884c-85e3-4864-8303-18031fbc24dd/elements[39m
[35m[HTTP][39m [90m{"using":"xpath","value":"//*[@class = 'android.widget.Button' and @resource-id = '' and (@text = '' or . = '')]"}[39m
[35m[HTTP][39m [37m<-- POST /wd/hub/session/8f3e884c-85e3-4864-8303-18031fbc24dd/elements [39m[32m200[39m [90m101 ms - 12[39m
[35m[HTTP][39m [90m[39m
[35m[HTTP][39m [37m-->[39m [37mPOST[39m [37m/wd/hub/session/8f3e884c-85e3-4864-8303-18031fbc24dd/elements[39m
[35m[HTTP][39m [90m{"using":"xpath","value":"//*[@class = 'android.widget.Button' and @resource-id = '' and (@text = '' or . = '')]"}[39m
[35m[HTTP][39m [37m<-- POST /wd/hub/session/8f3e884c-85e3-4864-8303-18031fbc24dd/elements [39m[32m200[39m [90m60 ms - 12[39m
[35m[HTTP][39m [90m[39m
[35m[HTTP][39m [37m-->[39m [37mPOST[39m [37m/wd/hub/session/8f3e884c-85e3-4864-8303-18031fbc24dd/elements[39m
[35m[HTTP][39m [90m{"using":"xpath","value":"//*[@class = 'android.widget.Button' and @resource-id = '' and (@text = '' or . = '')]"}[39m
[35m[HTTP][39m [37m<-- POST /wd/hub/session/8f3e884c-85e3-4864-8303-18031fbc24dd/elements [39m[32m200[39m [90m56 ms - 12[39m
[35m[HTTP][39m [90m[39m
[35m[HTTP][39m [37m-->[39m [37mPOST[39m [37m/wd/hub/session/8f3e884c-85e3-4864-8303-18031fbc24dd/elements[39m
[35m[HTTP][39m [90m{"using":"xpath","value":"//*[@class = 'android.widget.Button' and @resource-id = '' and (@text = '' or . = '')]"}[39m
[35m[HTTP][39m [37m<-- POST /wd/hub/session/8f3e884c-85e3-4864-8303-18031fbc24dd/elements [39m[32m200[39m [90m91 ms - 12[39m
[35m[HTTP][39m [90m[39m
[35m[HTTP][39m [37m-->[39m [37mPOST[39m [37m/wd/hub/session/8f3e884c-85e3-4864-8303-18031fbc24dd/elements[39m
[35m[HTTP][39m [90m{"using":"xpath","value":"//*[@class = 'android.widget.Button' and @resource-id = '' and (@text = '' or . = '')]"}[39m
[35m[HTTP][39m [37m<-- POST /wd/hub/session/8f3e884c-85e3-4864-8303-18031fbc24dd/elements [39m[32m200[39m [90m116 ms - 12[39m
[35m[HTTP][39m [90m[39m
[35m[HTTP][39m [37m-->[39m [37mPOST[39m [37m/wd/hub/session/8f3e884c-85e3-4864-8303-18031fbc24dd/elements[39m
[35m[HTTP][39m [90m{"using":"xpath","value":"//*[@class = 'android.widget.Button' and @resource-id = '' and (@text = '' or . = '')]"}[39m
[35m[HTTP][39m [37m<-- POST /wd/hub/session/8f3e884c-85e3-4864-8303-18031fbc24dd/elements [39m[32m200[39m [90m118 ms - 12[39m
[35m[HTTP][39m [90m[39m
[35m[HTTP][39m [37m-->[39m [37mPOST[39m [37m/wd/hub/session/8f3e884c-85e3-4864-8303-18031fbc24dd/elements[39m
[35m[HTTP][39m [90m{"using":"xpath","value":"//*[@class = 'android.widget.Button' and @resource-id = '' and (@text = '' or . = '')]"}[39m
[35m[HTTP][39m [37m<-- POST /wd/hub/session/8f3e884c-85e3-4864-8303-18031fbc24dd/elements [39m[32m200[39m [90m64 ms - 12[39m
[35m[HTTP][39m [90m[39m
[35m[HTTP][39m [37m-->[39m [37mPOST[39m [37m/wd/hub/session/8f3e884c-85e3-4864-8303-18031fbc24dd/elements[39m
[35m[HTTP][39m [90m{"using":"xpath","value":"//*[@class = 'android.widget.Button' and @resource-id = '' and (@text = '' or . = '')]"}[39m
[35m[HTTP][39m [37m<-- POST /wd/hub/session/8f3e884c-85e3-4864-8303-18031fbc24dd/elements [39m[32m200[39m [90m110 ms - 12[39m
[35m[HTTP][39m [90m[39m
[35m[HTTP][39m [37m-->[39m [37mPOST[39m [37m/wd/hub/session/8f3e884c-85e3-4864-8303-18031fbc24dd/elements[39m
[35m[HTTP][39m [90m{"using":"xpath","value":"//*[@class = 'android.widget.Button' and @resource-id = '' and (@text = '' or . = '')]"}[39m
[35m[HTTP][39m [37m<-- POST /wd/hub/session/8f3e884c-85e3-4864-8303-18031fbc24dd/elements [39m[32m200[39m [90m113 ms - 12[39m
[35m[HTTP][39m [90m[39m
[35m[HTTP][39m [37m-->[39m [37mPOST[39m [37m/wd/hub/session/8f3e884c-85e3-4864-8303-18031fbc24dd/elements[39m
[35m[HTTP][39m [90m{"using":"xpath","value":"//*[@class = 'android.widget.Button' and @resource-id = '' and (@text = '' or . = '')]"}[39m
[35m[HTTP][39m [37m<-- POST /wd/hub/session/8f3e884c-85e3-4864-8303-18031fbc24dd/elements [39m[32m200[39m [90m54 ms - 12[39m
[35m[HTTP][39m [90m[39m
[35m[HTTP][39m [37m-->[39m [37mPOST[39m [37m/wd/hub/session/8f3e884c-85e3-4864-8303-18031fbc24dd/elements[39m
[35m[HTTP][39m [90m{"using":"xpath","value":"//*[@class = 'android.widget.Button' and @resource-id = '' and (@text = '' or . = '')]"}[39m
[35m[HTTP][39m [37m<-- POST /wd/hub/session/8f3e884c-85e3-4864-8303-18031fbc24dd/elements [39m[32m200[39m [90m110 ms - 12[39m
[35m[HTTP][39m [90m[39m
[35m[HTTP][39m [37m-->[39m [37mPOST[39m [37m/wd/hub/session/8f3e884c-85e3-4864-8303-18031fbc24dd/elements[39m
[35m[HTTP][39m [90m{"using":"xpath","value":"//*[@class = 'android.widget.Button' and @resource-id = '' and (@text = '' or . = '')]"}[39m
[35m[HTTP][39m [37m<-- POST /wd/hub/session/8f3e884c-85e3-4864-8303-18031fbc24dd/elements [39m[32m200[39m [90m52 ms - 12[39m
[35m[HTTP][39m [90m[39m
[35m[HTTP][39m [37m-->[39m [37mPOST[39m [37m/wd/hub/session/8f3e884c-85e3-4864-8303-18031fbc24dd/elements[39m
[35m[HTTP][39m [90m{"using":"xpath","value":"//*[@class = 'android.widget.Button' and @resource-id = '' and (@text = '' or . = '')]"}[39m
[35m[HTTP][39m [37m<-- POST /wd/hub/session/8f3e884c-85e3-4864-8303-18031fbc24dd/elements [39m[32m200[39m [90m117 ms - 12[39m
[35m[HTTP][39m [90m[39m
[35m[HTTP][39m [37m-->[39m [37mPOST[39m [37m/wd/hub/session/8f3e884c-85e3-4864-8303-18031fbc24dd/elements[39m
[35m[HTTP][39m [90m{"using":"xpath","value":"//*[@class = 'android.widget.Button' and @resource-id = '' and (@text = '' or . = '')]"}[39m
[35m[HTTP][39m [37m<-- POST /wd/hub/session/8f3e884c-85e3-4864-8303-18031fbc24dd/elements [39m[32m200[39m [90m94 ms - 12[39m
[35m[HTTP][39m [90m[39m
[35m[HTTP][39m [37m-->[39m [37mPOST[39m [37m/wd/hub/session/8f3e884c-85e3-4864-8303-18031fbc24dd/elements[39m
[35m[HTTP][39m [90m{"using":"xpath","value":"//*[@class = 'android.widget.Button' and @resource-id = '' and (@text = '' or . = '')]"}[39m
[35m[HTTP][39m [37m<-- POST /wd/hub/session/8f3e884c-85e3-4864-8303-18031fbc24dd/elements [39m[32m200[39m [90m94 ms - 12[39m
[35m[HTTP][39m [90m[39m
[35m[HTTP][39m [37m-->[39m [37mPOST[39m [37m/wd/hub/session/8f3e884c-85e3-4864-8303-18031fbc24dd/elements[39m
[35m[HTTP][39m [90m{"using":"xpath","value":"//*[@class = 'android.widget.Button' and @resource-id = '' and (@text = '' or . = '')]"}[39m
[35m[HTTP][39m [37m<-- POST /wd/hub/session/8f3e884c-85e3-4864-8303-18031fbc24dd/elements [39m[32m200[39m [90m74 ms - 12[39m
[35m[HTTP][39m [90m[39m
[35m[HTTP][39m [37m-->[39m [37mPOST[39m [37m/wd/hub/session/8f3e884c-85e3-4864-8303-18031fbc24dd/elements[39m
[35m[HTTP][39m [90m{"using":"xpath","value":"//*[@class = 'android.widget.Button' and @resource-id = '' and (@text = '' or . = '')]"}[39m
[35m[HTTP][39m [37m<-- POST /wd/hub/session/8f3e884c-85e3-4864-8303-18031fbc24dd/elements [39m[32m200[39m [90m111 ms - 12[39m
[35m[HTTP][39m [90m[39m
[35m[HTTP][39m [37m-->[39m [37mPOST[39m [37m/wd/hub/session/8f3e884c-85e3-4864-8303-18031fbc24dd/elements[39m
[35m[HTTP][39m [90m{"using":"xpath","value":"//*[@class = 'android.widget.Button' and @resource-id = '' and (@text = '' or . = '')]"}[39m
[35m[HTTP][39m [37m<-- POST /wd/hub/session/8f3e884c-85e3-4864-8303-18031fbc24dd/elements [39m[32m200[39m [90m112 ms - 12[39m
[35m[HTTP][39m [90m[39m
[35m[HTTP][39m [37m-->[39m [37mPOST[39m [37m/wd/hub/session/8f3e884c-85e3-4864-8303-18031fbc24dd/elements[39m
[35m[HTTP][39m [90m{"using":"xpath","value":"//*[@class = 'android.widget.Button' and @resource-id = '' and (@text = '' or . = '')]"}[39m
[35m[HTTP][39m [37m<-- POST /wd/hub/session/8f3e884c-85e3-4864-8303-18031fbc24dd/elements [39m[32m200[39m [90m53 ms - 12[39m
[35m[HTTP][39m [90m[39m
[35m[HTTP][39m [37m-->[39m [37mPOST[39m [37m/wd/hub/session/8f3e884c-85e3-4864-8303-18031fbc24dd/elements[39m
[35m[HTTP][39m [90m{"using":"xpath","value":"//*[@class = 'android.widget.Button' and @resource-id = '' and (@text = '' or . = '')]"}[39m
[35m[HTTP][39m [37m<-- POST /wd/hub/session/8f3e884c-85e3-4864-8303-18031fbc24dd/elements [39m[32m200[39m [90m111 ms - 12[39m
[35m[HTTP][39m [90m[39m
[35m[HTTP][39m [37m-->[39m [37mPOST[39m [37m/wd/hub/session/8f3e884c-85e3-4864-8303-18031fbc24dd/elements[39m
[35m[HTTP][39m [90m{"using":"xpath","value":"//*[@class = 'android.widget.Button' and @resource-id = '' and (@text = '' or . = '')]"}[39m
[35m[HTTP][39m [37m<-- POST /wd/hub/session/8f3e884c-85e3-4864-8303-18031fbc24dd/elements [39m[32m200[39m [90m52 ms - 12[39m
[35m[HTTP][39m [90m[39m
[35m[HTTP][39m [37m-->[39m [37mPOST[39m [37m/wd/hub/session/8f3e884c-85e3-4864-8303-18031fbc24dd/elements[39m
[35m[HTTP][39m [90m{"using":"xpath","value":"//*[@class = 'android.widget.Button' and @resource-id = '' and (@text = '' or . = '')]"}[39m
[35m[HTTP][39m [37m<-- POST /wd/hub/session/8f3e884c-85e3-4864-8303-18031fbc24dd/elements [39m[32m200[39m [90m104 ms - 12[39m
[35m[HTTP][39m [90m[39m
[35m[HTTP][39m [37m-->[39m [37mPOST[39m [37m/wd/hub/session/8f3e884c-85e3-4864-8303-18031fbc24dd/elements[39m
[35m[HTTP][39m [90m{"using":"xpath","value":"//*[@class = 'android.widget.Button' and @resource-id = '' and (@text = '' or . = '')]"}[39m
[35m[HTTP][39m [37m<-- POST /wd/hub/session/8f3e884c-85e3-4864-8303-18031fbc24dd/elements [39m[32m200[39m [90m97 ms - 12[39m
[35m[HTTP][39m [90m[39m
[35m[HTTP][39m [37m-->[39m [37mPOST[39m [37m/wd/hub/session/8f3e884c-85e3-4864-8303-18031fbc24dd/elements[39m
[35m[HTTP][39m [90m{"using":"xpath","value":"//*[@class = 'android.widget.Button' and @resource-id = '' and (@text = '' or . = '')]"}[39m
[35m[HTTP][39m [37m<-- POST /wd/hub/session/8f3e884c-85e3-4864-8303-18031fbc24dd/elements [39m[32m200[39m [90m62 ms - 12[39m
[35m[HTTP][39m [90m[39m
[35m[HTTP][39m [37m-->[39m [37mPOST[39m [37m/wd/hub/session/8f3e884c-85e3-4864-8303-18031fbc24dd/elements[39m
[35m[HTTP][39m [90m{"using":"xpath","value":"//*[@class = 'android.widget.Button' and @resource-id = '' and (@text = '' or . = '')]"}[39m
[35m[HTTP][39m [37m<-- POST /wd/hub/session/8f3e884c-85e3-4864-8303-18031fbc24dd/elements [39m[32m200[39m [90m110 ms - 12[39m
[35m[HTTP][39m [90m[39m
[35m[HTTP][39m [37m-->[39m [37mPOST[39m [37m/wd/hub/session/8f3e884c-85e3-4864-8303-18031fbc24dd/elements[39m
[35m[HTTP][39m [90m{"using":"xpath","value":"//*[@class = 'android.widget.Button' and @resource-id = '' and (@text = '' or . = '')]"}[39m
[35m[HTTP][39m [37m<-- POST /wd/hub/session/8f3e884c-85e3-4864-8303-18031fbc24dd/elements [39m[32m200[39m [90m104 ms - 12[39m
[35m[HTTP][39m [90m[39m
[35m[HTTP][39m [37m-->[39m [37mPOST[39m [37m/wd/hub/session/8f3e884c-85e3-4864-8303-18031fbc24dd/elements[39m
[35m[HTTP][39m [90m{"using":"xpath","value":"//*[@class = 'android.widget.Button' and @resource-id = '' and (@text = '' or . = '')]"}[39m
[35m[HTTP][39m [37m<-- POST /wd/hub/session/8f3e884c-85e3-4864-8303-18031fbc24dd/elements [39m[32m200[39m [90m113 ms - 12[39m
[35m[HTTP][39m [90m[39m
[35m[HTTP][39m [37m-->[39m [37mPOST[39m [37m/wd/hub/session/8f3e884c-85e3-4864-8303-18031fbc24dd/elements[39m
[35m[HTTP][39m [90m{"using":"xpath","value":"//*[@class = 'android.widget.Button' and @resource-id = '' and (@text = '' or . = '')]"}[39m
[35m[HTTP][39m [37m<-- POST /wd/hub/session/8f3e884c-85e3-4864-8303-18031fbc24dd/elements [39m[32m200[39m [90m114 ms - 12[39m
[35m[HTTP][39m [90m[39m
[35m[HTTP][39m [37m-->[39m [37mPOST[39m [37m/wd/hub/session/8f3e884c-85e3-4864-8303-18031fbc24dd/elements[39m
[35m[HTTP][39m [90m{"using":"xpath","value":"//*[@class = 'android.widget.Button' and @resource-id = '' and (@text = '' or . = '')]"}[39m
[35m[HTTP][39m [37m<-- POST /wd/hub/session/8f3e884c-85e3-4864-8303-18031fbc24dd/elements [39m[32m200[39m [90m55 ms - 12[39m
[35m[HTTP][39m [90m[39m
[35m[HTTP][39m [37m-->[39m [37mPOST[39m [37m/wd/hub/session/8f3e884c-85e3-4864-8303-18031fbc24dd/elements[39m
[35m[HTTP][39m [90m{"using":"xpath","value":"//*[@class = 'android.widget.Button' and @resource-id = '' and (@text = '' or . = '')]"}[39m
[35m[HTTP][39m [37m<-- POST /wd/hub/session/8f3e884c-85e3-4864-8303-18031fbc24dd/elements [39m[32m200[39m [90m123 ms - 12[39m
[35m[HTTP][39m [90m[39m
[35m[HTTP][39m [37m-->[39m [37mPOST[39m [37m/wd/hub/session/8f3e884c-85e3-4864-8303-18031fbc24dd/elements[39m
[35m[HTTP][39m [90m{"using":"xpath","value":"//*[@class = 'android.widget.Button' and @resource-id = '' and (@text = '' or . = '')]"}[39m
[35m[HTTP][39m [37m<-- POST /wd/hub/session/8f3e884c-85e3-4864-8303-18031fbc24dd/elements [39m[32m200[39m [90m95 ms - 12[39m
[35m[HTTP][39m [90m[39m
[35m[HTTP][39m [37m-->[39m [37mPOST[39m [37m/wd/hub/session/8f3e884c-85e3-4864-8303-18031fbc24dd/elements[39m
[35m[HTTP][39m [90m{"using":"xpath","value":"//*[@class = 'android.widget.Button' and @resource-id = '' and (@text = '' or . = '')]"}[39m
[35m[HTTP][39m [37m<-- POST /wd/hub/session/8f3e884c-85e3-4864-8303-18031fbc24dd/elements [39m[32m200[39m [90m109 ms - 12[39m
[35m[HTTP][39m [90m[39m
[35m[HTTP][39m [37m-->[39m [37mPOST[39m [37m/wd/hub/session/8f3e884c-85e3-4864-8303-18031fbc24dd/elements[39m
[35m[HTTP][39m [90m{"using":"xpath","value":"//*[@class = 'android.widget.Button' and @resource-id = '' and (@text = '' or . = '')]"}[39m
[35m[HTTP][39m [37m<-- POST /wd/hub/session/8f3e884c-85e3-4864-8303-18031fbc24dd/elements [39m[32m200[39m [90m63 ms - 12[39m
[35m[HTTP][39m [90m[39m
[35m[HTTP][39m [37m-->[39m [37mPOST[39m [37m/wd/hub/session/8f3e884c-85e3-4864-8303-18031fbc24dd/elements[39m
[35m[HTTP][39m [90m{"using":"xpath","value":"//*[@class = 'android.widget.Button' and @resource-id = '' and (@text = '' or . = '')]"}[39m
[35m[HTTP][39m [37m<-- POST /wd/hub/session/8f3e884c-85e3-4864-8303-18031fbc24dd/elements [39m[32m200[39m [90m106 ms - 12[39m
[35m[HTTP][39m [90m[39m
[35m[HTTP][39m [37m-->[39m [37mPOST[39m [37m/wd/hub/session/8f3e884c-85e3-4864-8303-18031fbc24dd/elements[39m
[35m[HTTP][39m [90m{"using":"xpath","value":"//*[@class = 'android.widget.Button' and @resource-id = '' and (@text = '' or . = '')]"}[39m
[35m[HTTP][39m [37m<-- POST /wd/hub/session/8f3e884c-85e3-4864-8303-18031fbc24dd/elements [39m[32m200[39m [90m100 ms - 12[39m
[35m[HTTP][39m [90m[39m
[35m[HTTP][39m [37m-->[39m [37mPOST[39m [37m/wd/hub/session/8f3e884c-85e3-4864-8303-18031fbc24dd/elements[39m
[35m[HTTP][39m [90m{"using":"xpath","value":"//*[@class = 'android.widget.Button' and @resource-id = '' and (@text = '' or . = '')]"}[39m
[35m[HTTP][39m [37m<-- POST /wd/hub/session/8f3e884c-85e3-4864-8303-18031fbc24dd/elements [39m[32m200[39m [90m53 ms - 12[39m
[35m[HTTP][39m [90m[39m
[35m[HTTP][39m [37m-->[39m [37mPOST[39m [37m/wd/hub/session/8f3e884c-85e3-4864-8303-18031fbc24dd/elements[39m
[35m[HTTP][39m [90m{"using":"xpath","value":"//*[@class = 'android.widget.Button' and @resource-id = '' and (@text = '' or . = '')]"}[39m
[35m[HTTP][39m [37m<-- POST /wd/hub/session/8f3e884c-85e3-4864-8303-18031fbc24dd/elements [39m[32m200[39m [90m53 ms - 12[39m
[35m[HTTP][39m [90m[39m
[35m[HTTP][39m [37m-->[39m [37mPOST[39m [37m/wd/hub/session/8f3e884c-85e3-4864-8303-18031fbc24dd/elements[39m
[35m[HTTP][39m [90m{"using":"xpath","value":"//*[@class = 'android.widget.Button' and @resource-id = '' and (@text = '' or . = '')]"}[39m
[35m[HTTP][39m [37m<-- POST /wd/hub/session/8f3e884c-85e3-4864-8303-18031fbc24dd/elements [39m[32m-[39m [90m- ms - -[39m
[35m[HTTP][39m [90m[39m
[35m[BaseDriver][39m Shutting down because we waited 1800 seconds for a command
[35m[Appium][39m Closing session, cause was 'New Command Timeout of 1800 seconds expired. Try customizing the timeout using the 'newCommandTimeout' desired capability'
[35m[Appium][39m Removing session '8f3e884c-85e3-4864-8303-18031fbc24dd' from our master session list
[35m[UiAutomator2][39m Did not get confirmation UiAutomator2 deleteSession worked; Error was: UnknownError: An unknown server-side error occurred while processing the command. Original error: 'DELETE /' cannot be proxied to UiAutomator2 server because the instrumentation process is not running (probably crashed). Check the server log and/or the logcat output for more details
[35m[UiAutomator2][39m Restoring hidden api policy to the device default configuration
